[2026-02-22T11:01:14.364+0000] {processor.py:161} INFO - Started process (PID=1783) to work on /opt/airflow/dags/python.py
[2026-02-22T11:01:14.367+0000] {processor.py:830} INFO - Processing file /opt/airflow/dags/python.py for tasks to queue
[2026-02-22T11:01:14.370+0000] {logging_mixin.py:188} INFO - [2026-02-22T11:01:14.370+0000] {dagbag.py:545} INFO - Filling up the DagBag from /opt/airflow/dags/python.py
[2026-02-22T11:01:14.382+0000] {logging_mixin.py:188} INFO - [2026-02-22T11:01:14.378+0000] {dagbag.py:355} ERROR - Failed to import: /opt/airflow/dags/python.py
Traceback (most recent call last):
  File "/home/airflow/.local/lib/python3.12/site-packages/airflow/models/dagbag.py", line 351, in parse
    loader.exec_module(new_module)
  File "<frozen importlib._bootstrap_external>", line 991, in exec_module
  File "<frozen importlib._bootstrap_external>", line 1129, in get_code
  File "<frozen importlib._bootstrap_external>", line 1059, in source_to_code
  File "<frozen importlib._bootstrap>", line 488, in _call_with_frames_removed
  File "/opt/airflow/dags/python.py", line 39
    extract_task = PythonOperator(
                                 ^
SyntaxError: '(' was never closed
[2026-02-22T11:01:14.382+0000] {processor.py:842} WARNING - No viable dags retrieved from /opt/airflow/dags/python.py
[2026-02-22T11:01:14.412+0000] {processor.py:183} INFO - Processing /opt/airflow/dags/python.py took 0.060 seconds
[2026-02-22T11:01:44.919+0000] {processor.py:161} INFO - Started process (PID=1842) to work on /opt/airflow/dags/python.py
[2026-02-22T11:01:44.922+0000] {processor.py:830} INFO - Processing file /opt/airflow/dags/python.py for tasks to queue
[2026-02-22T11:01:44.928+0000] {logging_mixin.py:188} INFO - [2026-02-22T11:01:44.927+0000] {dagbag.py:545} INFO - Filling up the DagBag from /opt/airflow/dags/python.py
[2026-02-22T11:01:44.934+0000] {logging_mixin.py:188} INFO - [2026-02-22T11:01:44.933+0000] {dagbag.py:355} ERROR - Failed to import: /opt/airflow/dags/python.py
Traceback (most recent call last):
  File "/home/airflow/.local/lib/python3.12/site-packages/airflow/models/dagbag.py", line 351, in parse
    loader.exec_module(new_module)
  File "<frozen importlib._bootstrap_external>", line 991, in exec_module
  File "<frozen importlib._bootstrap_external>", line 1129, in get_code
  File "<frozen importlib._bootstrap_external>", line 1059, in source_to_code
  File "<frozen importlib._bootstrap>", line 488, in _call_with_frames_removed
  File "/opt/airflow/dags/python.py", line 39
    extract_task = PythonOperator(
                                 ^
SyntaxError: '(' was never closed
[2026-02-22T11:01:44.935+0000] {processor.py:842} WARNING - No viable dags retrieved from /opt/airflow/dags/python.py
[2026-02-22T11:01:44.956+0000] {processor.py:183} INFO - Processing /opt/airflow/dags/python.py took 0.054 seconds
[2026-02-22T11:02:15.451+0000] {processor.py:161} INFO - Started process (PID=1901) to work on /opt/airflow/dags/python.py
[2026-02-22T11:02:15.453+0000] {processor.py:830} INFO - Processing file /opt/airflow/dags/python.py for tasks to queue
[2026-02-22T11:02:15.463+0000] {logging_mixin.py:188} INFO - [2026-02-22T11:02:15.460+0000] {dagbag.py:545} INFO - Filling up the DagBag from /opt/airflow/dags/python.py
[2026-02-22T11:02:15.473+0000] {logging_mixin.py:188} INFO - [2026-02-22T11:02:15.471+0000] {dagbag.py:355} ERROR - Failed to import: /opt/airflow/dags/python.py
Traceback (most recent call last):
  File "/home/airflow/.local/lib/python3.12/site-packages/airflow/models/dagbag.py", line 351, in parse
    loader.exec_module(new_module)
  File "<frozen importlib._bootstrap_external>", line 991, in exec_module
  File "<frozen importlib._bootstrap_external>", line 1129, in get_code
  File "<frozen importlib._bootstrap_external>", line 1059, in source_to_code
  File "<frozen importlib._bootstrap>", line 488, in _call_with_frames_removed
  File "/opt/airflow/dags/python.py", line 39
    extract_task = PythonOperator(
                                 ^
SyntaxError: '(' was never closed
[2026-02-22T11:02:15.473+0000] {processor.py:842} WARNING - No viable dags retrieved from /opt/airflow/dags/python.py
[2026-02-22T11:02:15.512+0000] {processor.py:183} INFO - Processing /opt/airflow/dags/python.py took 0.075 seconds
[2026-02-22T11:02:46.002+0000] {processor.py:161} INFO - Started process (PID=1960) to work on /opt/airflow/dags/python.py
[2026-02-22T11:02:46.005+0000] {processor.py:830} INFO - Processing file /opt/airflow/dags/python.py for tasks to queue
[2026-02-22T11:02:46.009+0000] {logging_mixin.py:188} INFO - [2026-02-22T11:02:46.009+0000] {dagbag.py:545} INFO - Filling up the DagBag from /opt/airflow/dags/python.py
[2026-02-22T11:02:46.019+0000] {logging_mixin.py:188} INFO - [2026-02-22T11:02:46.015+0000] {dagbag.py:355} ERROR - Failed to import: /opt/airflow/dags/python.py
Traceback (most recent call last):
  File "/home/airflow/.local/lib/python3.12/site-packages/airflow/models/dagbag.py", line 351, in parse
    loader.exec_module(new_module)
  File "<frozen importlib._bootstrap_external>", line 991, in exec_module
  File "<frozen importlib._bootstrap_external>", line 1129, in get_code
  File "<frozen importlib._bootstrap_external>", line 1059, in source_to_code
  File "<frozen importlib._bootstrap>", line 488, in _call_with_frames_removed
  File "/opt/airflow/dags/python.py", line 39
    extract_task = PythonOperator(
                                 ^
SyntaxError: '(' was never closed
[2026-02-22T11:02:46.021+0000] {processor.py:842} WARNING - No viable dags retrieved from /opt/airflow/dags/python.py
[2026-02-22T11:02:46.043+0000] {processor.py:183} INFO - Processing /opt/airflow/dags/python.py took 0.055 seconds
[2026-02-22T11:03:16.705+0000] {processor.py:161} INFO - Started process (PID=2019) to work on /opt/airflow/dags/python.py
[2026-02-22T11:03:16.711+0000] {processor.py:830} INFO - Processing file /opt/airflow/dags/python.py for tasks to queue
[2026-02-22T11:03:16.716+0000] {logging_mixin.py:188} INFO - [2026-02-22T11:03:16.715+0000] {dagbag.py:545} INFO - Filling up the DagBag from /opt/airflow/dags/python.py
[2026-02-22T11:03:16.726+0000] {logging_mixin.py:188} INFO - [2026-02-22T11:03:16.723+0000] {dagbag.py:355} ERROR - Failed to import: /opt/airflow/dags/python.py
Traceback (most recent call last):
  File "/home/airflow/.local/lib/python3.12/site-packages/airflow/models/dagbag.py", line 351, in parse
    loader.exec_module(new_module)
  File "<frozen importlib._bootstrap_external>", line 991, in exec_module
  File "<frozen importlib._bootstrap_external>", line 1129, in get_code
  File "<frozen importlib._bootstrap_external>", line 1059, in source_to_code
  File "<frozen importlib._bootstrap>", line 488, in _call_with_frames_removed
  File "/opt/airflow/dags/python.py", line 39
    extract_task = PythonOperator(
                                 ^
SyntaxError: '(' was never closed
[2026-02-22T11:03:16.726+0000] {processor.py:842} WARNING - No viable dags retrieved from /opt/airflow/dags/python.py
[2026-02-22T11:03:16.763+0000] {processor.py:183} INFO - Processing /opt/airflow/dags/python.py took 0.077 seconds
[2026-02-22T11:03:47.695+0000] {processor.py:161} INFO - Started process (PID=2078) to work on /opt/airflow/dags/python.py
[2026-02-22T11:03:47.697+0000] {processor.py:830} INFO - Processing file /opt/airflow/dags/python.py for tasks to queue
[2026-02-22T11:03:47.700+0000] {logging_mixin.py:188} INFO - [2026-02-22T11:03:47.700+0000] {dagbag.py:545} INFO - Filling up the DagBag from /opt/airflow/dags/python.py
[2026-02-22T11:03:47.708+0000] {logging_mixin.py:188} INFO - [2026-02-22T11:03:47.706+0000] {dagbag.py:355} ERROR - Failed to import: /opt/airflow/dags/python.py
Traceback (most recent call last):
  File "/home/airflow/.local/lib/python3.12/site-packages/airflow/models/dagbag.py", line 351, in parse
    loader.exec_module(new_module)
  File "<frozen importlib._bootstrap_external>", line 991, in exec_module
  File "<frozen importlib._bootstrap_external>", line 1129, in get_code
  File "<frozen importlib._bootstrap_external>", line 1059, in source_to_code
  File "<frozen importlib._bootstrap>", line 488, in _call_with_frames_removed
  File "/opt/airflow/dags/python.py", line 39
    extract_task = PythonOperator(
                                 ^
SyntaxError: '(' was never closed
[2026-02-22T11:03:47.709+0000] {processor.py:842} WARNING - No viable dags retrieved from /opt/airflow/dags/python.py
[2026-02-22T11:03:47.753+0000] {processor.py:183} INFO - Processing /opt/airflow/dags/python.py took 0.071 seconds
[2026-02-22T11:04:18.804+0000] {processor.py:161} INFO - Started process (PID=2111) to work on /opt/airflow/dags/python.py
[2026-02-22T11:04:18.835+0000] {processor.py:830} INFO - Processing file /opt/airflow/dags/python.py for tasks to queue
[2026-02-22T11:04:18.878+0000] {logging_mixin.py:188} INFO - [2026-02-22T11:04:18.862+0000] {dagbag.py:545} INFO - Filling up the DagBag from /opt/airflow/dags/python.py
[2026-02-22T11:04:18.924+0000] {logging_mixin.py:188} INFO - [2026-02-22T11:04:18.919+0000] {dagbag.py:355} ERROR - Failed to import: /opt/airflow/dags/python.py
Traceback (most recent call last):
  File "/home/airflow/.local/lib/python3.12/site-packages/airflow/models/dagbag.py", line 351, in parse
    loader.exec_module(new_module)
  File "<frozen importlib._bootstrap_external>", line 991, in exec_module
  File "<frozen importlib._bootstrap_external>", line 1129, in get_code
  File "<frozen importlib._bootstrap_external>", line 1059, in source_to_code
  File "<frozen importlib._bootstrap>", line 488, in _call_with_frames_removed
  File "/opt/airflow/dags/python.py", line 39
    extract_task = PythonOperator(
                                 ^
SyntaxError: '(' was never closed
[2026-02-22T11:04:18.926+0000] {processor.py:842} WARNING - No viable dags retrieved from /opt/airflow/dags/python.py
[2026-02-22T11:04:19.155+0000] {processor.py:183} INFO - Processing /opt/airflow/dags/python.py took 0.642 seconds
[2026-02-22T16:34:19.135+0000] {processor.py:161} INFO - Started process (PID=42) to work on /opt/airflow/dags/python.py
[2026-02-22T16:34:19.141+0000] {processor.py:830} INFO - Processing file /opt/airflow/dags/python.py for tasks to queue
[2026-02-22T16:34:19.148+0000] {logging_mixin.py:188} INFO - [2026-02-22T16:34:19.146+0000] {dagbag.py:545} INFO - Filling up the DagBag from /opt/airflow/dags/python.py
[2026-02-22T16:34:19.201+0000] {logging_mixin.py:188} INFO - [2026-02-22T16:34:19.179+0000] {dagbag.py:355} ERROR - Failed to import: /opt/airflow/dags/python.py
Traceback (most recent call last):
  File "/home/airflow/.local/lib/python3.12/site-packages/airflow/models/dagbag.py", line 351, in parse
    loader.exec_module(new_module)
  File "<frozen importlib._bootstrap_external>", line 991, in exec_module
  File "<frozen importlib._bootstrap_external>", line 1129, in get_code
  File "<frozen importlib._bootstrap_external>", line 1059, in source_to_code
  File "<frozen importlib._bootstrap>", line 488, in _call_with_frames_removed
  File "/opt/airflow/dags/python.py", line 39
    extract_task = PythonOperator(
                                 ^
SyntaxError: '(' was never closed
[2026-02-22T16:34:19.211+0000] {processor.py:842} WARNING - No viable dags retrieved from /opt/airflow/dags/python.py
[2026-02-22T16:34:19.254+0000] {processor.py:183} INFO - Processing /opt/airflow/dags/python.py took 0.129 seconds
[2026-02-22T16:50:44.150+0000] {processor.py:161} INFO - Started process (PID=101) to work on /opt/airflow/dags/python.py
[2026-02-22T16:50:44.156+0000] {processor.py:830} INFO - Processing file /opt/airflow/dags/python.py for tasks to queue
[2026-02-22T16:50:44.162+0000] {logging_mixin.py:188} INFO - [2026-02-22T16:50:44.160+0000] {dagbag.py:545} INFO - Filling up the DagBag from /opt/airflow/dags/python.py
[2026-02-22T16:50:44.183+0000] {logging_mixin.py:188} INFO - [2026-02-22T16:50:44.180+0000] {dagbag.py:355} ERROR - Failed to import: /opt/airflow/dags/python.py
Traceback (most recent call last):
  File "/home/airflow/.local/lib/python3.12/site-packages/airflow/models/dagbag.py", line 351, in parse
    loader.exec_module(new_module)
  File "<frozen importlib._bootstrap_external>", line 991, in exec_module
  File "<frozen importlib._bootstrap_external>", line 1129, in get_code
  File "<frozen importlib._bootstrap_external>", line 1059, in source_to_code
  File "<frozen importlib._bootstrap>", line 488, in _call_with_frames_removed
  File "/opt/airflow/dags/python.py", line 39
    extract_task = PythonOperator(
                                 ^
SyntaxError: '(' was never closed
[2026-02-22T16:50:44.186+0000] {processor.py:842} WARNING - No viable dags retrieved from /opt/airflow/dags/python.py
[2026-02-22T16:50:44.264+0000] {processor.py:183} INFO - Processing /opt/airflow/dags/python.py took 0.135 seconds
[2026-02-22T16:51:14.730+0000] {processor.py:161} INFO - Started process (PID=160) to work on /opt/airflow/dags/python.py
[2026-02-22T16:51:14.730+0000] {processor.py:830} INFO - Processing file /opt/airflow/dags/python.py for tasks to queue
[2026-02-22T16:51:14.733+0000] {logging_mixin.py:188} INFO - [2026-02-22T16:51:14.732+0000] {dagbag.py:545} INFO - Filling up the DagBag from /opt/airflow/dags/python.py
[2026-02-22T16:51:14.744+0000] {logging_mixin.py:188} INFO - [2026-02-22T16:51:14.741+0000] {dagbag.py:355} ERROR - Failed to import: /opt/airflow/dags/python.py
Traceback (most recent call last):
  File "/home/airflow/.local/lib/python3.12/site-packages/airflow/models/dagbag.py", line 351, in parse
    loader.exec_module(new_module)
  File "<frozen importlib._bootstrap_external>", line 991, in exec_module
  File "<frozen importlib._bootstrap_external>", line 1129, in get_code
  File "<frozen importlib._bootstrap_external>", line 1059, in source_to_code
  File "<frozen importlib._bootstrap>", line 488, in _call_with_frames_removed
  File "/opt/airflow/dags/python.py", line 39
    extract_task = PythonOperator(
                                 ^
SyntaxError: '(' was never closed
[2026-02-22T16:51:14.745+0000] {processor.py:842} WARNING - No viable dags retrieved from /opt/airflow/dags/python.py
[2026-02-22T16:51:14.777+0000] {processor.py:183} INFO - Processing /opt/airflow/dags/python.py took 0.055 seconds
[2026-02-22T16:51:45.041+0000] {processor.py:161} INFO - Started process (PID=219) to work on /opt/airflow/dags/python.py
[2026-02-22T16:51:45.042+0000] {processor.py:830} INFO - Processing file /opt/airflow/dags/python.py for tasks to queue
[2026-02-22T16:51:45.046+0000] {logging_mixin.py:188} INFO - [2026-02-22T16:51:45.045+0000] {dagbag.py:545} INFO - Filling up the DagBag from /opt/airflow/dags/python.py
[2026-02-22T16:51:45.056+0000] {logging_mixin.py:188} INFO - [2026-02-22T16:51:45.055+0000] {dagbag.py:355} ERROR - Failed to import: /opt/airflow/dags/python.py
Traceback (most recent call last):
  File "/home/airflow/.local/lib/python3.12/site-packages/airflow/models/dagbag.py", line 351, in parse
    loader.exec_module(new_module)
  File "<frozen importlib._bootstrap_external>", line 991, in exec_module
  File "<frozen importlib._bootstrap_external>", line 1129, in get_code
  File "<frozen importlib._bootstrap_external>", line 1059, in source_to_code
  File "<frozen importlib._bootstrap>", line 488, in _call_with_frames_removed
  File "/opt/airflow/dags/python.py", line 39
    extract_task = PythonOperator(
                                 ^
SyntaxError: '(' was never closed
[2026-02-22T16:51:45.056+0000] {processor.py:842} WARNING - No viable dags retrieved from /opt/airflow/dags/python.py
[2026-02-22T16:51:45.091+0000] {processor.py:183} INFO - Processing /opt/airflow/dags/python.py took 0.060 seconds
[2026-02-22T16:52:15.398+0000] {processor.py:161} INFO - Started process (PID=278) to work on /opt/airflow/dags/python.py
[2026-02-22T16:52:15.400+0000] {processor.py:830} INFO - Processing file /opt/airflow/dags/python.py for tasks to queue
[2026-02-22T16:52:15.408+0000] {logging_mixin.py:188} INFO - [2026-02-22T16:52:15.407+0000] {dagbag.py:545} INFO - Filling up the DagBag from /opt/airflow/dags/python.py
[2026-02-22T16:52:15.415+0000] {logging_mixin.py:188} INFO - [2026-02-22T16:52:15.414+0000] {dagbag.py:355} ERROR - Failed to import: /opt/airflow/dags/python.py
Traceback (most recent call last):
  File "/home/airflow/.local/lib/python3.12/site-packages/airflow/models/dagbag.py", line 351, in parse
    loader.exec_module(new_module)
  File "<frozen importlib._bootstrap_external>", line 991, in exec_module
  File "<frozen importlib._bootstrap_external>", line 1129, in get_code
  File "<frozen importlib._bootstrap_external>", line 1059, in source_to_code
  File "<frozen importlib._bootstrap>", line 488, in _call_with_frames_removed
  File "/opt/airflow/dags/python.py", line 39
    extract_task = PythonOperator(
                                 ^
SyntaxError: '(' was never closed
[2026-02-22T16:52:15.417+0000] {processor.py:842} WARNING - No viable dags retrieved from /opt/airflow/dags/python.py
[2026-02-22T16:52:15.459+0000] {processor.py:183} INFO - Processing /opt/airflow/dags/python.py took 0.072 seconds
[2026-02-22T16:52:45.908+0000] {processor.py:161} INFO - Started process (PID=337) to work on /opt/airflow/dags/python.py
[2026-02-22T16:52:45.910+0000] {processor.py:830} INFO - Processing file /opt/airflow/dags/python.py for tasks to queue
[2026-02-22T16:52:45.916+0000] {logging_mixin.py:188} INFO - [2026-02-22T16:52:45.916+0000] {dagbag.py:545} INFO - Filling up the DagBag from /opt/airflow/dags/python.py
[2026-02-22T16:52:45.929+0000] {logging_mixin.py:188} INFO - [2026-02-22T16:52:45.926+0000] {dagbag.py:355} ERROR - Failed to import: /opt/airflow/dags/python.py
Traceback (most recent call last):
  File "/home/airflow/.local/lib/python3.12/site-packages/airflow/models/dagbag.py", line 351, in parse
    loader.exec_module(new_module)
  File "<frozen importlib._bootstrap_external>", line 991, in exec_module
  File "<frozen importlib._bootstrap_external>", line 1129, in get_code
  File "<frozen importlib._bootstrap_external>", line 1059, in source_to_code
  File "<frozen importlib._bootstrap>", line 488, in _call_with_frames_removed
  File "/opt/airflow/dags/python.py", line 39
    extract_task = PythonOperator(
                                 ^
SyntaxError: '(' was never closed
[2026-02-22T16:52:45.929+0000] {processor.py:842} WARNING - No viable dags retrieved from /opt/airflow/dags/python.py
[2026-02-22T16:52:45.967+0000] {processor.py:183} INFO - Processing /opt/airflow/dags/python.py took 0.072 seconds
[2026-02-22T16:53:16.214+0000] {processor.py:161} INFO - Started process (PID=396) to work on /opt/airflow/dags/python.py
[2026-02-22T16:53:16.217+0000] {processor.py:830} INFO - Processing file /opt/airflow/dags/python.py for tasks to queue
[2026-02-22T16:53:16.223+0000] {logging_mixin.py:188} INFO - [2026-02-22T16:53:16.223+0000] {dagbag.py:545} INFO - Filling up the DagBag from /opt/airflow/dags/python.py
[2026-02-22T16:53:16.235+0000] {logging_mixin.py:188} INFO - [2026-02-22T16:53:16.231+0000] {dagbag.py:355} ERROR - Failed to import: /opt/airflow/dags/python.py
Traceback (most recent call last):
  File "/home/airflow/.local/lib/python3.12/site-packages/airflow/models/dagbag.py", line 351, in parse
    loader.exec_module(new_module)
  File "<frozen importlib._bootstrap_external>", line 991, in exec_module
  File "<frozen importlib._bootstrap_external>", line 1129, in get_code
  File "<frozen importlib._bootstrap_external>", line 1059, in source_to_code
  File "<frozen importlib._bootstrap>", line 488, in _call_with_frames_removed
  File "/opt/airflow/dags/python.py", line 39
    extract_task = PythonOperator(
                                 ^
SyntaxError: '(' was never closed
[2026-02-22T16:53:16.237+0000] {processor.py:842} WARNING - No viable dags retrieved from /opt/airflow/dags/python.py
[2026-02-22T16:53:16.271+0000] {processor.py:183} INFO - Processing /opt/airflow/dags/python.py took 0.070 seconds
[2026-02-22T16:53:46.658+0000] {processor.py:161} INFO - Started process (PID=455) to work on /opt/airflow/dags/python.py
[2026-02-22T16:53:46.660+0000] {processor.py:830} INFO - Processing file /opt/airflow/dags/python.py for tasks to queue
[2026-02-22T16:53:46.666+0000] {logging_mixin.py:188} INFO - [2026-02-22T16:53:46.666+0000] {dagbag.py:545} INFO - Filling up the DagBag from /opt/airflow/dags/python.py
[2026-02-22T16:53:46.678+0000] {logging_mixin.py:188} INFO - [2026-02-22T16:53:46.676+0000] {dagbag.py:355} ERROR - Failed to import: /opt/airflow/dags/python.py
Traceback (most recent call last):
  File "/home/airflow/.local/lib/python3.12/site-packages/airflow/models/dagbag.py", line 351, in parse
    loader.exec_module(new_module)
  File "<frozen importlib._bootstrap_external>", line 991, in exec_module
  File "<frozen importlib._bootstrap_external>", line 1129, in get_code
  File "<frozen importlib._bootstrap_external>", line 1059, in source_to_code
  File "<frozen importlib._bootstrap>", line 488, in _call_with_frames_removed
  File "/opt/airflow/dags/python.py", line 39
    extract_task = PythonOperator(
                                 ^
SyntaxError: '(' was never closed
[2026-02-22T16:53:46.679+0000] {processor.py:842} WARNING - No viable dags retrieved from /opt/airflow/dags/python.py
[2026-02-22T16:53:46.716+0000] {processor.py:183} INFO - Processing /opt/airflow/dags/python.py took 0.074 seconds
[2026-02-22T16:54:16.961+0000] {processor.py:161} INFO - Started process (PID=514) to work on /opt/airflow/dags/python.py
[2026-02-22T16:54:16.966+0000] {processor.py:830} INFO - Processing file /opt/airflow/dags/python.py for tasks to queue
[2026-02-22T16:54:16.970+0000] {logging_mixin.py:188} INFO - [2026-02-22T16:54:16.969+0000] {dagbag.py:545} INFO - Filling up the DagBag from /opt/airflow/dags/python.py
[2026-02-22T16:54:16.977+0000] {logging_mixin.py:188} INFO - [2026-02-22T16:54:16.976+0000] {dagbag.py:355} ERROR - Failed to import: /opt/airflow/dags/python.py
Traceback (most recent call last):
  File "/home/airflow/.local/lib/python3.12/site-packages/airflow/models/dagbag.py", line 351, in parse
    loader.exec_module(new_module)
  File "<frozen importlib._bootstrap_external>", line 991, in exec_module
  File "<frozen importlib._bootstrap_external>", line 1129, in get_code
  File "<frozen importlib._bootstrap_external>", line 1059, in source_to_code
  File "<frozen importlib._bootstrap>", line 488, in _call_with_frames_removed
  File "/opt/airflow/dags/python.py", line 39
    extract_task = PythonOperator(
                                 ^
SyntaxError: '(' was never closed
[2026-02-22T16:54:16.977+0000] {processor.py:842} WARNING - No viable dags retrieved from /opt/airflow/dags/python.py
[2026-02-22T16:54:17.020+0000] {processor.py:183} INFO - Processing /opt/airflow/dags/python.py took 0.074 seconds
[2026-02-22T16:54:47.175+0000] {processor.py:161} INFO - Started process (PID=573) to work on /opt/airflow/dags/python.py
[2026-02-22T16:54:47.178+0000] {processor.py:830} INFO - Processing file /opt/airflow/dags/python.py for tasks to queue
[2026-02-22T16:54:47.184+0000] {logging_mixin.py:188} INFO - [2026-02-22T16:54:47.182+0000] {dagbag.py:545} INFO - Filling up the DagBag from /opt/airflow/dags/python.py
[2026-02-22T16:54:47.195+0000] {logging_mixin.py:188} INFO - [2026-02-22T16:54:47.193+0000] {dagbag.py:355} ERROR - Failed to import: /opt/airflow/dags/python.py
Traceback (most recent call last):
  File "/home/airflow/.local/lib/python3.12/site-packages/airflow/models/dagbag.py", line 351, in parse
    loader.exec_module(new_module)
  File "<frozen importlib._bootstrap_external>", line 991, in exec_module
  File "<frozen importlib._bootstrap_external>", line 1129, in get_code
  File "<frozen importlib._bootstrap_external>", line 1059, in source_to_code
  File "<frozen importlib._bootstrap>", line 488, in _call_with_frames_removed
  File "/opt/airflow/dags/python.py", line 39
    extract_task = PythonOperator(
                                 ^
SyntaxError: '(' was never closed
[2026-02-22T16:54:47.195+0000] {processor.py:842} WARNING - No viable dags retrieved from /opt/airflow/dags/python.py
[2026-02-22T16:54:47.220+0000] {processor.py:183} INFO - Processing /opt/airflow/dags/python.py took 0.058 seconds
[2026-02-22T16:55:17.303+0000] {processor.py:161} INFO - Started process (PID=632) to work on /opt/airflow/dags/python.py
[2026-02-22T16:55:17.305+0000] {processor.py:830} INFO - Processing file /opt/airflow/dags/python.py for tasks to queue
[2026-02-22T16:55:17.310+0000] {logging_mixin.py:188} INFO - [2026-02-22T16:55:17.309+0000] {dagbag.py:545} INFO - Filling up the DagBag from /opt/airflow/dags/python.py
[2026-02-22T16:55:17.321+0000] {logging_mixin.py:188} INFO - [2026-02-22T16:55:17.320+0000] {dagbag.py:355} ERROR - Failed to import: /opt/airflow/dags/python.py
Traceback (most recent call last):
  File "/home/airflow/.local/lib/python3.12/site-packages/airflow/models/dagbag.py", line 351, in parse
    loader.exec_module(new_module)
  File "<frozen importlib._bootstrap_external>", line 991, in exec_module
  File "<frozen importlib._bootstrap_external>", line 1129, in get_code
  File "<frozen importlib._bootstrap_external>", line 1059, in source_to_code
  File "<frozen importlib._bootstrap>", line 488, in _call_with_frames_removed
  File "/opt/airflow/dags/python.py", line 39
    extract_task = PythonOperator(
                                 ^
SyntaxError: '(' was never closed
[2026-02-22T16:55:17.322+0000] {processor.py:842} WARNING - No viable dags retrieved from /opt/airflow/dags/python.py
[2026-02-22T16:55:17.345+0000] {processor.py:183} INFO - Processing /opt/airflow/dags/python.py took 0.056 seconds
[2026-02-22T16:55:47.519+0000] {processor.py:161} INFO - Started process (PID=691) to work on /opt/airflow/dags/python.py
[2026-02-22T16:55:47.523+0000] {processor.py:830} INFO - Processing file /opt/airflow/dags/python.py for tasks to queue
[2026-02-22T16:55:47.528+0000] {logging_mixin.py:188} INFO - [2026-02-22T16:55:47.527+0000] {dagbag.py:545} INFO - Filling up the DagBag from /opt/airflow/dags/python.py
[2026-02-22T16:55:47.537+0000] {logging_mixin.py:188} INFO - [2026-02-22T16:55:47.536+0000] {dagbag.py:355} ERROR - Failed to import: /opt/airflow/dags/python.py
Traceback (most recent call last):
  File "/home/airflow/.local/lib/python3.12/site-packages/airflow/models/dagbag.py", line 351, in parse
    loader.exec_module(new_module)
  File "<frozen importlib._bootstrap_external>", line 991, in exec_module
  File "<frozen importlib._bootstrap_external>", line 1129, in get_code
  File "<frozen importlib._bootstrap_external>", line 1059, in source_to_code
  File "<frozen importlib._bootstrap>", line 488, in _call_with_frames_removed
  File "/opt/airflow/dags/python.py", line 39
    extract_task = PythonOperator(
                                 ^
SyntaxError: '(' was never closed
[2026-02-22T16:55:47.537+0000] {processor.py:842} WARNING - No viable dags retrieved from /opt/airflow/dags/python.py
[2026-02-22T16:55:47.572+0000] {processor.py:183} INFO - Processing /opt/airflow/dags/python.py took 0.062 seconds
[2026-02-22T16:56:17.704+0000] {processor.py:161} INFO - Started process (PID=750) to work on /opt/airflow/dags/python.py
[2026-02-22T16:56:17.706+0000] {processor.py:830} INFO - Processing file /opt/airflow/dags/python.py for tasks to queue
[2026-02-22T16:56:17.709+0000] {logging_mixin.py:188} INFO - [2026-02-22T16:56:17.709+0000] {dagbag.py:545} INFO - Filling up the DagBag from /opt/airflow/dags/python.py
[2026-02-22T16:56:17.726+0000] {logging_mixin.py:188} INFO - [2026-02-22T16:56:17.724+0000] {dagbag.py:355} ERROR - Failed to import: /opt/airflow/dags/python.py
Traceback (most recent call last):
  File "/home/airflow/.local/lib/python3.12/site-packages/airflow/models/dagbag.py", line 351, in parse
    loader.exec_module(new_module)
  File "<frozen importlib._bootstrap_external>", line 991, in exec_module
  File "<frozen importlib._bootstrap_external>", line 1129, in get_code
  File "<frozen importlib._bootstrap_external>", line 1059, in source_to_code
  File "<frozen importlib._bootstrap>", line 488, in _call_with_frames_removed
  File "/opt/airflow/dags/python.py", line 39
    extract_task = PythonOperator(
                                 ^
SyntaxError: '(' was never closed
[2026-02-22T16:56:17.726+0000] {processor.py:842} WARNING - No viable dags retrieved from /opt/airflow/dags/python.py
[2026-02-22T16:56:17.760+0000] {processor.py:183} INFO - Processing /opt/airflow/dags/python.py took 0.066 seconds
[2026-02-22T16:56:47.931+0000] {processor.py:161} INFO - Started process (PID=809) to work on /opt/airflow/dags/python.py
[2026-02-22T16:56:47.933+0000] {processor.py:830} INFO - Processing file /opt/airflow/dags/python.py for tasks to queue
[2026-02-22T16:56:47.941+0000] {logging_mixin.py:188} INFO - [2026-02-22T16:56:47.939+0000] {dagbag.py:545} INFO - Filling up the DagBag from /opt/airflow/dags/python.py
[2026-02-22T16:56:47.945+0000] {logging_mixin.py:188} INFO - [2026-02-22T16:56:47.944+0000] {dagbag.py:355} ERROR - Failed to import: /opt/airflow/dags/python.py
Traceback (most recent call last):
  File "/home/airflow/.local/lib/python3.12/site-packages/airflow/models/dagbag.py", line 351, in parse
    loader.exec_module(new_module)
  File "<frozen importlib._bootstrap_external>", line 991, in exec_module
  File "<frozen importlib._bootstrap_external>", line 1129, in get_code
  File "<frozen importlib._bootstrap_external>", line 1059, in source_to_code
  File "<frozen importlib._bootstrap>", line 488, in _call_with_frames_removed
  File "/opt/airflow/dags/python.py", line 39
    extract_task = PythonOperator(
                                 ^
SyntaxError: '(' was never closed
[2026-02-22T16:56:47.946+0000] {processor.py:842} WARNING - No viable dags retrieved from /opt/airflow/dags/python.py
[2026-02-22T16:56:47.968+0000] {processor.py:183} INFO - Processing /opt/airflow/dags/python.py took 0.045 seconds
[2026-02-22T16:57:18.095+0000] {processor.py:161} INFO - Started process (PID=868) to work on /opt/airflow/dags/python.py
[2026-02-22T16:57:18.097+0000] {processor.py:830} INFO - Processing file /opt/airflow/dags/python.py for tasks to queue
[2026-02-22T16:57:18.099+0000] {logging_mixin.py:188} INFO - [2026-02-22T16:57:18.099+0000] {dagbag.py:545} INFO - Filling up the DagBag from /opt/airflow/dags/python.py
[2026-02-22T16:57:18.114+0000] {logging_mixin.py:188} INFO - [2026-02-22T16:57:18.112+0000] {dagbag.py:355} ERROR - Failed to import: /opt/airflow/dags/python.py
Traceback (most recent call last):
  File "/home/airflow/.local/lib/python3.12/site-packages/airflow/models/dagbag.py", line 351, in parse
    loader.exec_module(new_module)
  File "<frozen importlib._bootstrap_external>", line 991, in exec_module
  File "<frozen importlib._bootstrap_external>", line 1129, in get_code
  File "<frozen importlib._bootstrap_external>", line 1059, in source_to_code
  File "<frozen importlib._bootstrap>", line 488, in _call_with_frames_removed
  File "/opt/airflow/dags/python.py", line 39
    extract_task = PythonOperator(
                                 ^
SyntaxError: '(' was never closed
[2026-02-22T16:57:18.114+0000] {processor.py:842} WARNING - No viable dags retrieved from /opt/airflow/dags/python.py
[2026-02-22T16:57:18.141+0000] {processor.py:183} INFO - Processing /opt/airflow/dags/python.py took 0.058 seconds
[2026-02-22T16:57:48.213+0000] {processor.py:161} INFO - Started process (PID=927) to work on /opt/airflow/dags/python.py
[2026-02-22T16:57:48.216+0000] {processor.py:830} INFO - Processing file /opt/airflow/dags/python.py for tasks to queue
[2026-02-22T16:57:48.224+0000] {logging_mixin.py:188} INFO - [2026-02-22T16:57:48.223+0000] {dagbag.py:545} INFO - Filling up the DagBag from /opt/airflow/dags/python.py
[2026-02-22T16:57:48.232+0000] {logging_mixin.py:188} INFO - [2026-02-22T16:57:48.231+0000] {dagbag.py:355} ERROR - Failed to import: /opt/airflow/dags/python.py
Traceback (most recent call last):
  File "/home/airflow/.local/lib/python3.12/site-packages/airflow/models/dagbag.py", line 351, in parse
    loader.exec_module(new_module)
  File "<frozen importlib._bootstrap_external>", line 991, in exec_module
  File "<frozen importlib._bootstrap_external>", line 1129, in get_code
  File "<frozen importlib._bootstrap_external>", line 1059, in source_to_code
  File "<frozen importlib._bootstrap>", line 488, in _call_with_frames_removed
  File "/opt/airflow/dags/python.py", line 39
    extract_task = PythonOperator(
                                 ^
SyntaxError: '(' was never closed
[2026-02-22T16:57:48.233+0000] {processor.py:842} WARNING - No viable dags retrieved from /opt/airflow/dags/python.py
[2026-02-22T16:57:48.270+0000] {processor.py:183} INFO - Processing /opt/airflow/dags/python.py took 0.066 seconds
[2026-02-22T16:58:18.541+0000] {processor.py:161} INFO - Started process (PID=986) to work on /opt/airflow/dags/python.py
[2026-02-22T16:58:18.544+0000] {processor.py:830} INFO - Processing file /opt/airflow/dags/python.py for tasks to queue
[2026-02-22T16:58:18.548+0000] {logging_mixin.py:188} INFO - [2026-02-22T16:58:18.547+0000] {dagbag.py:545} INFO - Filling up the DagBag from /opt/airflow/dags/python.py
[2026-02-22T16:58:18.559+0000] {logging_mixin.py:188} INFO - [2026-02-22T16:58:18.557+0000] {dagbag.py:355} ERROR - Failed to import: /opt/airflow/dags/python.py
Traceback (most recent call last):
  File "/home/airflow/.local/lib/python3.12/site-packages/airflow/models/dagbag.py", line 351, in parse
    loader.exec_module(new_module)
  File "<frozen importlib._bootstrap_external>", line 991, in exec_module
  File "<frozen importlib._bootstrap_external>", line 1129, in get_code
  File "<frozen importlib._bootstrap_external>", line 1059, in source_to_code
  File "<frozen importlib._bootstrap>", line 488, in _call_with_frames_removed
  File "/opt/airflow/dags/python.py", line 39
    extract_task = PythonOperator(
                                 ^
SyntaxError: '(' was never closed
[2026-02-22T16:58:18.559+0000] {processor.py:842} WARNING - No viable dags retrieved from /opt/airflow/dags/python.py
[2026-02-22T16:58:18.602+0000] {processor.py:183} INFO - Processing /opt/airflow/dags/python.py took 0.077 seconds
[2026-02-22T16:58:49.153+0000] {processor.py:161} INFO - Started process (PID=1045) to work on /opt/airflow/dags/python.py
[2026-02-22T16:58:49.155+0000] {processor.py:830} INFO - Processing file /opt/airflow/dags/python.py for tasks to queue
[2026-02-22T16:58:49.158+0000] {logging_mixin.py:188} INFO - [2026-02-22T16:58:49.158+0000] {dagbag.py:545} INFO - Filling up the DagBag from /opt/airflow/dags/python.py
[2026-02-22T16:58:49.167+0000] {logging_mixin.py:188} INFO - [2026-02-22T16:58:49.166+0000] {dagbag.py:355} ERROR - Failed to import: /opt/airflow/dags/python.py
Traceback (most recent call last):
  File "/home/airflow/.local/lib/python3.12/site-packages/airflow/models/dagbag.py", line 351, in parse
    loader.exec_module(new_module)
  File "<frozen importlib._bootstrap_external>", line 991, in exec_module
  File "<frozen importlib._bootstrap_external>", line 1129, in get_code
  File "<frozen importlib._bootstrap_external>", line 1059, in source_to_code
  File "<frozen importlib._bootstrap>", line 488, in _call_with_frames_removed
  File "/opt/airflow/dags/python.py", line 39
    extract_task = PythonOperator(
                                 ^
SyntaxError: '(' was never closed
[2026-02-22T16:58:49.167+0000] {processor.py:842} WARNING - No viable dags retrieved from /opt/airflow/dags/python.py
[2026-02-22T16:58:49.202+0000] {processor.py:183} INFO - Processing /opt/airflow/dags/python.py took 0.070 seconds
[2026-02-22T16:59:19.568+0000] {processor.py:161} INFO - Started process (PID=1104) to work on /opt/airflow/dags/python.py
[2026-02-22T16:59:19.570+0000] {processor.py:830} INFO - Processing file /opt/airflow/dags/python.py for tasks to queue
[2026-02-22T16:59:19.574+0000] {logging_mixin.py:188} INFO - [2026-02-22T16:59:19.573+0000] {dagbag.py:545} INFO - Filling up the DagBag from /opt/airflow/dags/python.py
[2026-02-22T16:59:19.591+0000] {logging_mixin.py:188} INFO - [2026-02-22T16:59:19.590+0000] {dagbag.py:355} ERROR - Failed to import: /opt/airflow/dags/python.py
Traceback (most recent call last):
  File "/home/airflow/.local/lib/python3.12/site-packages/airflow/models/dagbag.py", line 351, in parse
    loader.exec_module(new_module)
  File "<frozen importlib._bootstrap_external>", line 991, in exec_module
  File "<frozen importlib._bootstrap_external>", line 1129, in get_code
  File "<frozen importlib._bootstrap_external>", line 1059, in source_to_code
  File "<frozen importlib._bootstrap>", line 488, in _call_with_frames_removed
  File "/opt/airflow/dags/python.py", line 39
    extract_task = PythonOperator(
                                 ^
SyntaxError: '(' was never closed
[2026-02-22T16:59:19.592+0000] {processor.py:842} WARNING - No viable dags retrieved from /opt/airflow/dags/python.py
[2026-02-22T16:59:19.628+0000] {processor.py:183} INFO - Processing /opt/airflow/dags/python.py took 0.075 seconds
[2026-02-22T16:59:49.784+0000] {processor.py:161} INFO - Started process (PID=1163) to work on /opt/airflow/dags/python.py
[2026-02-22T16:59:49.786+0000] {processor.py:830} INFO - Processing file /opt/airflow/dags/python.py for tasks to queue
[2026-02-22T16:59:49.792+0000] {logging_mixin.py:188} INFO - [2026-02-22T16:59:49.790+0000] {dagbag.py:545} INFO - Filling up the DagBag from /opt/airflow/dags/python.py
[2026-02-22T16:59:49.802+0000] {logging_mixin.py:188} INFO - [2026-02-22T16:59:49.801+0000] {dagbag.py:355} ERROR - Failed to import: /opt/airflow/dags/python.py
Traceback (most recent call last):
  File "/home/airflow/.local/lib/python3.12/site-packages/airflow/models/dagbag.py", line 351, in parse
    loader.exec_module(new_module)
  File "<frozen importlib._bootstrap_external>", line 991, in exec_module
  File "<frozen importlib._bootstrap_external>", line 1129, in get_code
  File "<frozen importlib._bootstrap_external>", line 1059, in source_to_code
  File "<frozen importlib._bootstrap>", line 488, in _call_with_frames_removed
  File "/opt/airflow/dags/python.py", line 39
    extract_task = PythonOperator(
                                 ^
SyntaxError: '(' was never closed
[2026-02-22T16:59:49.802+0000] {processor.py:842} WARNING - No viable dags retrieved from /opt/airflow/dags/python.py
[2026-02-22T16:59:49.833+0000] {processor.py:183} INFO - Processing /opt/airflow/dags/python.py took 0.061 seconds
[2026-02-22T17:00:20.005+0000] {processor.py:161} INFO - Started process (PID=1222) to work on /opt/airflow/dags/python.py
[2026-02-22T17:00:20.007+0000] {processor.py:830} INFO - Processing file /opt/airflow/dags/python.py for tasks to queue
[2026-02-22T17:00:20.011+0000] {logging_mixin.py:188} INFO - [2026-02-22T17:00:20.011+0000] {dagbag.py:545} INFO - Filling up the DagBag from /opt/airflow/dags/python.py
[2026-02-22T17:00:20.024+0000] {logging_mixin.py:188} INFO - [2026-02-22T17:00:20.023+0000] {dagbag.py:355} ERROR - Failed to import: /opt/airflow/dags/python.py
Traceback (most recent call last):
  File "/home/airflow/.local/lib/python3.12/site-packages/airflow/models/dagbag.py", line 351, in parse
    loader.exec_module(new_module)
  File "<frozen importlib._bootstrap_external>", line 991, in exec_module
  File "<frozen importlib._bootstrap_external>", line 1129, in get_code
  File "<frozen importlib._bootstrap_external>", line 1059, in source_to_code
  File "<frozen importlib._bootstrap>", line 488, in _call_with_frames_removed
  File "/opt/airflow/dags/python.py", line 39
    extract_task = PythonOperator(
                                 ^
SyntaxError: '(' was never closed
[2026-02-22T17:00:20.026+0000] {processor.py:842} WARNING - No viable dags retrieved from /opt/airflow/dags/python.py
[2026-02-22T17:00:20.077+0000] {processor.py:183} INFO - Processing /opt/airflow/dags/python.py took 0.092 seconds
[2026-02-22T17:00:50.644+0000] {processor.py:161} INFO - Started process (PID=1281) to work on /opt/airflow/dags/python.py
[2026-02-22T17:00:50.647+0000] {processor.py:830} INFO - Processing file /opt/airflow/dags/python.py for tasks to queue
[2026-02-22T17:00:50.652+0000] {logging_mixin.py:188} INFO - [2026-02-22T17:00:50.652+0000] {dagbag.py:545} INFO - Filling up the DagBag from /opt/airflow/dags/python.py
[2026-02-22T17:00:50.660+0000] {logging_mixin.py:188} INFO - [2026-02-22T17:00:50.658+0000] {dagbag.py:355} ERROR - Failed to import: /opt/airflow/dags/python.py
Traceback (most recent call last):
  File "/home/airflow/.local/lib/python3.12/site-packages/airflow/models/dagbag.py", line 351, in parse
    loader.exec_module(new_module)
  File "<frozen importlib._bootstrap_external>", line 991, in exec_module
  File "<frozen importlib._bootstrap_external>", line 1129, in get_code
  File "<frozen importlib._bootstrap_external>", line 1059, in source_to_code
  File "<frozen importlib._bootstrap>", line 488, in _call_with_frames_removed
  File "/opt/airflow/dags/python.py", line 39
    extract_task = PythonOperator(
                                 ^
SyntaxError: '(' was never closed
[2026-02-22T17:00:50.663+0000] {processor.py:842} WARNING - No viable dags retrieved from /opt/airflow/dags/python.py
[2026-02-22T17:00:50.690+0000] {processor.py:183} INFO - Processing /opt/airflow/dags/python.py took 0.055 seconds
[2026-02-22T17:01:20.986+0000] {processor.py:161} INFO - Started process (PID=1340) to work on /opt/airflow/dags/python.py
[2026-02-22T17:01:20.991+0000] {processor.py:830} INFO - Processing file /opt/airflow/dags/python.py for tasks to queue
[2026-02-22T17:01:20.995+0000] {logging_mixin.py:188} INFO - [2026-02-22T17:01:20.995+0000] {dagbag.py:545} INFO - Filling up the DagBag from /opt/airflow/dags/python.py
[2026-02-22T17:01:21.006+0000] {logging_mixin.py:188} INFO - [2026-02-22T17:01:21.004+0000] {dagbag.py:355} ERROR - Failed to import: /opt/airflow/dags/python.py
Traceback (most recent call last):
  File "/home/airflow/.local/lib/python3.12/site-packages/airflow/models/dagbag.py", line 351, in parse
    loader.exec_module(new_module)
  File "<frozen importlib._bootstrap_external>", line 991, in exec_module
  File "<frozen importlib._bootstrap_external>", line 1129, in get_code
  File "<frozen importlib._bootstrap_external>", line 1059, in source_to_code
  File "<frozen importlib._bootstrap>", line 488, in _call_with_frames_removed
  File "/opt/airflow/dags/python.py", line 39
    extract_task = PythonOperator(
                                 ^
SyntaxError: '(' was never closed
[2026-02-22T17:01:21.009+0000] {processor.py:842} WARNING - No viable dags retrieved from /opt/airflow/dags/python.py
[2026-02-22T17:01:21.051+0000] {processor.py:183} INFO - Processing /opt/airflow/dags/python.py took 0.075 seconds
[2026-02-22T17:01:51.606+0000] {processor.py:161} INFO - Started process (PID=1399) to work on /opt/airflow/dags/python.py
[2026-02-22T17:01:51.608+0000] {processor.py:830} INFO - Processing file /opt/airflow/dags/python.py for tasks to queue
[2026-02-22T17:01:51.615+0000] {logging_mixin.py:188} INFO - [2026-02-22T17:01:51.614+0000] {dagbag.py:545} INFO - Filling up the DagBag from /opt/airflow/dags/python.py
[2026-02-22T17:01:51.622+0000] {logging_mixin.py:188} INFO - [2026-02-22T17:01:51.621+0000] {dagbag.py:355} ERROR - Failed to import: /opt/airflow/dags/python.py
Traceback (most recent call last):
  File "/home/airflow/.local/lib/python3.12/site-packages/airflow/models/dagbag.py", line 351, in parse
    loader.exec_module(new_module)
  File "<frozen importlib._bootstrap_external>", line 991, in exec_module
  File "<frozen importlib._bootstrap_external>", line 1129, in get_code
  File "<frozen importlib._bootstrap_external>", line 1059, in source_to_code
  File "<frozen importlib._bootstrap>", line 488, in _call_with_frames_removed
  File "/opt/airflow/dags/python.py", line 39
    extract_task = PythonOperator(
                                 ^
SyntaxError: '(' was never closed
[2026-02-22T17:01:51.622+0000] {processor.py:842} WARNING - No viable dags retrieved from /opt/airflow/dags/python.py
[2026-02-22T17:01:51.655+0000] {processor.py:183} INFO - Processing /opt/airflow/dags/python.py took 0.059 seconds
[2026-02-22T17:02:21.944+0000] {processor.py:161} INFO - Started process (PID=1458) to work on /opt/airflow/dags/python.py
[2026-02-22T17:02:21.945+0000] {processor.py:830} INFO - Processing file /opt/airflow/dags/python.py for tasks to queue
[2026-02-22T17:02:21.948+0000] {logging_mixin.py:188} INFO - [2026-02-22T17:02:21.948+0000] {dagbag.py:545} INFO - Filling up the DagBag from /opt/airflow/dags/python.py
[2026-02-22T17:02:21.960+0000] {logging_mixin.py:188} INFO - [2026-02-22T17:02:21.957+0000] {dagbag.py:355} ERROR - Failed to import: /opt/airflow/dags/python.py
Traceback (most recent call last):
  File "/home/airflow/.local/lib/python3.12/site-packages/airflow/models/dagbag.py", line 351, in parse
    loader.exec_module(new_module)
  File "<frozen importlib._bootstrap_external>", line 991, in exec_module
  File "<frozen importlib._bootstrap_external>", line 1129, in get_code
  File "<frozen importlib._bootstrap_external>", line 1059, in source_to_code
  File "<frozen importlib._bootstrap>", line 488, in _call_with_frames_removed
  File "/opt/airflow/dags/python.py", line 39
    extract_task = PythonOperator(
                                 ^
SyntaxError: '(' was never closed
[2026-02-22T17:02:21.963+0000] {processor.py:842} WARNING - No viable dags retrieved from /opt/airflow/dags/python.py
[2026-02-22T17:02:21.988+0000] {processor.py:183} INFO - Processing /opt/airflow/dags/python.py took 0.053 seconds
[2026-02-22T17:02:52.183+0000] {processor.py:161} INFO - Started process (PID=1517) to work on /opt/airflow/dags/python.py
[2026-02-22T17:02:52.186+0000] {processor.py:830} INFO - Processing file /opt/airflow/dags/python.py for tasks to queue
[2026-02-22T17:02:52.188+0000] {logging_mixin.py:188} INFO - [2026-02-22T17:02:52.188+0000] {dagbag.py:545} INFO - Filling up the DagBag from /opt/airflow/dags/python.py
[2026-02-22T17:02:52.198+0000] {logging_mixin.py:188} INFO - [2026-02-22T17:02:52.197+0000] {dagbag.py:355} ERROR - Failed to import: /opt/airflow/dags/python.py
Traceback (most recent call last):
  File "/home/airflow/.local/lib/python3.12/site-packages/airflow/models/dagbag.py", line 351, in parse
    loader.exec_module(new_module)
  File "<frozen importlib._bootstrap_external>", line 991, in exec_module
  File "<frozen importlib._bootstrap_external>", line 1129, in get_code
  File "<frozen importlib._bootstrap_external>", line 1059, in source_to_code
  File "<frozen importlib._bootstrap>", line 488, in _call_with_frames_removed
  File "/opt/airflow/dags/python.py", line 39
    extract_task = PythonOperator(
                                 ^
SyntaxError: '(' was never closed
[2026-02-22T17:02:52.199+0000] {processor.py:842} WARNING - No viable dags retrieved from /opt/airflow/dags/python.py
[2026-02-22T17:02:52.222+0000] {processor.py:183} INFO - Processing /opt/airflow/dags/python.py took 0.044 seconds
[2026-02-22T17:03:22.406+0000] {processor.py:161} INFO - Started process (PID=1576) to work on /opt/airflow/dags/python.py
[2026-02-22T17:03:22.408+0000] {processor.py:830} INFO - Processing file /opt/airflow/dags/python.py for tasks to queue
[2026-02-22T17:03:22.414+0000] {logging_mixin.py:188} INFO - [2026-02-22T17:03:22.414+0000] {dagbag.py:545} INFO - Filling up the DagBag from /opt/airflow/dags/python.py
[2026-02-22T17:03:22.421+0000] {logging_mixin.py:188} INFO - [2026-02-22T17:03:22.419+0000] {dagbag.py:355} ERROR - Failed to import: /opt/airflow/dags/python.py
Traceback (most recent call last):
  File "/home/airflow/.local/lib/python3.12/site-packages/airflow/models/dagbag.py", line 351, in parse
    loader.exec_module(new_module)
  File "<frozen importlib._bootstrap_external>", line 991, in exec_module
  File "<frozen importlib._bootstrap_external>", line 1129, in get_code
  File "<frozen importlib._bootstrap_external>", line 1059, in source_to_code
  File "<frozen importlib._bootstrap>", line 488, in _call_with_frames_removed
  File "/opt/airflow/dags/python.py", line 39
    extract_task = PythonOperator(
                                 ^
SyntaxError: '(' was never closed
[2026-02-22T17:03:22.421+0000] {processor.py:842} WARNING - No viable dags retrieved from /opt/airflow/dags/python.py
[2026-02-22T17:03:22.454+0000] {processor.py:183} INFO - Processing /opt/airflow/dags/python.py took 0.064 seconds
[2026-02-22T17:03:52.551+0000] {processor.py:161} INFO - Started process (PID=1635) to work on /opt/airflow/dags/python.py
[2026-02-22T17:03:52.552+0000] {processor.py:830} INFO - Processing file /opt/airflow/dags/python.py for tasks to queue
[2026-02-22T17:03:52.555+0000] {logging_mixin.py:188} INFO - [2026-02-22T17:03:52.555+0000] {dagbag.py:545} INFO - Filling up the DagBag from /opt/airflow/dags/python.py
[2026-02-22T17:03:52.567+0000] {logging_mixin.py:188} INFO - [2026-02-22T17:03:52.565+0000] {dagbag.py:355} ERROR - Failed to import: /opt/airflow/dags/python.py
Traceback (most recent call last):
  File "/home/airflow/.local/lib/python3.12/site-packages/airflow/models/dagbag.py", line 351, in parse
    loader.exec_module(new_module)
  File "<frozen importlib._bootstrap_external>", line 991, in exec_module
  File "<frozen importlib._bootstrap_external>", line 1129, in get_code
  File "<frozen importlib._bootstrap_external>", line 1059, in source_to_code
  File "<frozen importlib._bootstrap>", line 488, in _call_with_frames_removed
  File "/opt/airflow/dags/python.py", line 39
    extract_task = PythonOperator(
                                 ^
SyntaxError: '(' was never closed
[2026-02-22T17:03:52.567+0000] {processor.py:842} WARNING - No viable dags retrieved from /opt/airflow/dags/python.py
[2026-02-22T17:03:52.601+0000] {processor.py:183} INFO - Processing /opt/airflow/dags/python.py took 0.060 seconds
[2026-02-22T17:04:22.707+0000] {processor.py:161} INFO - Started process (PID=1694) to work on /opt/airflow/dags/python.py
[2026-02-22T17:04:22.710+0000] {processor.py:830} INFO - Processing file /opt/airflow/dags/python.py for tasks to queue
[2026-02-22T17:04:22.715+0000] {logging_mixin.py:188} INFO - [2026-02-22T17:04:22.714+0000] {dagbag.py:545} INFO - Filling up the DagBag from /opt/airflow/dags/python.py
[2026-02-22T17:04:22.727+0000] {logging_mixin.py:188} INFO - [2026-02-22T17:04:22.725+0000] {dagbag.py:355} ERROR - Failed to import: /opt/airflow/dags/python.py
Traceback (most recent call last):
  File "/home/airflow/.local/lib/python3.12/site-packages/airflow/models/dagbag.py", line 351, in parse
    loader.exec_module(new_module)
  File "<frozen importlib._bootstrap_external>", line 991, in exec_module
  File "<frozen importlib._bootstrap_external>", line 1129, in get_code
  File "<frozen importlib._bootstrap_external>", line 1059, in source_to_code
  File "<frozen importlib._bootstrap>", line 488, in _call_with_frames_removed
  File "/opt/airflow/dags/python.py", line 39
    extract_task = PythonOperator(
                                 ^
SyntaxError: '(' was never closed
[2026-02-22T17:04:22.728+0000] {processor.py:842} WARNING - No viable dags retrieved from /opt/airflow/dags/python.py
[2026-02-22T17:04:22.768+0000] {processor.py:183} INFO - Processing /opt/airflow/dags/python.py took 0.072 seconds
[2026-02-22T17:04:53.301+0000] {processor.py:161} INFO - Started process (PID=1753) to work on /opt/airflow/dags/python.py
[2026-02-22T17:04:53.306+0000] {processor.py:830} INFO - Processing file /opt/airflow/dags/python.py for tasks to queue
[2026-02-22T17:04:53.327+0000] {logging_mixin.py:188} INFO - [2026-02-22T17:04:53.326+0000] {dagbag.py:545} INFO - Filling up the DagBag from /opt/airflow/dags/python.py
[2026-02-22T17:04:53.348+0000] {logging_mixin.py:188} INFO - [2026-02-22T17:04:53.347+0000] {dagbag.py:355} ERROR - Failed to import: /opt/airflow/dags/python.py
Traceback (most recent call last):
  File "/home/airflow/.local/lib/python3.12/site-packages/airflow/models/dagbag.py", line 351, in parse
    loader.exec_module(new_module)
  File "<frozen importlib._bootstrap_external>", line 991, in exec_module
  File "<frozen importlib._bootstrap_external>", line 1129, in get_code
  File "<frozen importlib._bootstrap_external>", line 1059, in source_to_code
  File "<frozen importlib._bootstrap>", line 488, in _call_with_frames_removed
  File "/opt/airflow/dags/python.py", line 39
    extract_task = PythonOperator(
                                 ^
SyntaxError: '(' was never closed
[2026-02-22T17:04:53.349+0000] {processor.py:842} WARNING - No viable dags retrieved from /opt/airflow/dags/python.py
[2026-02-22T17:04:53.397+0000] {processor.py:183} INFO - Processing /opt/airflow/dags/python.py took 0.114 seconds
[2026-02-22T17:05:23.802+0000] {processor.py:161} INFO - Started process (PID=1812) to work on /opt/airflow/dags/python.py
[2026-02-22T17:05:23.803+0000] {processor.py:830} INFO - Processing file /opt/airflow/dags/python.py for tasks to queue
[2026-02-22T17:05:23.804+0000] {logging_mixin.py:188} INFO - [2026-02-22T17:05:23.804+0000] {dagbag.py:545} INFO - Filling up the DagBag from /opt/airflow/dags/python.py
[2026-02-22T17:05:23.808+0000] {logging_mixin.py:188} INFO - [2026-02-22T17:05:23.807+0000] {dagbag.py:355} ERROR - Failed to import: /opt/airflow/dags/python.py
Traceback (most recent call last):
  File "/home/airflow/.local/lib/python3.12/site-packages/airflow/models/dagbag.py", line 351, in parse
    loader.exec_module(new_module)
  File "<frozen importlib._bootstrap_external>", line 991, in exec_module
  File "<frozen importlib._bootstrap_external>", line 1129, in get_code
  File "<frozen importlib._bootstrap_external>", line 1059, in source_to_code
  File "<frozen importlib._bootstrap>", line 488, in _call_with_frames_removed
  File "/opt/airflow/dags/python.py", line 39
    extract_task = PythonOperator(
                                 ^
SyntaxError: '(' was never closed
[2026-02-22T17:05:23.809+0000] {processor.py:842} WARNING - No viable dags retrieved from /opt/airflow/dags/python.py
[2026-02-22T17:05:23.828+0000] {processor.py:183} INFO - Processing /opt/airflow/dags/python.py took 0.032 seconds
[2026-02-22T17:05:53.994+0000] {processor.py:161} INFO - Started process (PID=1871) to work on /opt/airflow/dags/python.py
[2026-02-22T17:05:53.997+0000] {processor.py:830} INFO - Processing file /opt/airflow/dags/python.py for tasks to queue
[2026-02-22T17:05:54.003+0000] {logging_mixin.py:188} INFO - [2026-02-22T17:05:54.002+0000] {dagbag.py:545} INFO - Filling up the DagBag from /opt/airflow/dags/python.py
[2026-02-22T17:05:54.056+0000] {logging_mixin.py:188} INFO - [2026-02-22T17:05:54.036+0000] {dagbag.py:355} ERROR - Failed to import: /opt/airflow/dags/python.py
Traceback (most recent call last):
  File "/home/airflow/.local/lib/python3.12/site-packages/airflow/models/dagbag.py", line 351, in parse
    loader.exec_module(new_module)
  File "<frozen importlib._bootstrap_external>", line 991, in exec_module
  File "<frozen importlib._bootstrap_external>", line 1129, in get_code
  File "<frozen importlib._bootstrap_external>", line 1059, in source_to_code
  File "<frozen importlib._bootstrap>", line 488, in _call_with_frames_removed
  File "/opt/airflow/dags/python.py", line 39
    extract_task = PythonOperator(
                                 ^
SyntaxError: '(' was never closed
[2026-02-22T17:05:54.059+0000] {processor.py:842} WARNING - No viable dags retrieved from /opt/airflow/dags/python.py
[2026-02-22T17:05:54.203+0000] {processor.py:183} INFO - Processing /opt/airflow/dags/python.py took 0.290 seconds
[2026-02-22T17:06:24.750+0000] {processor.py:161} INFO - Started process (PID=1930) to work on /opt/airflow/dags/python.py
[2026-02-22T17:06:24.753+0000] {processor.py:830} INFO - Processing file /opt/airflow/dags/python.py for tasks to queue
[2026-02-22T17:06:24.758+0000] {logging_mixin.py:188} INFO - [2026-02-22T17:06:24.757+0000] {dagbag.py:545} INFO - Filling up the DagBag from /opt/airflow/dags/python.py
[2026-02-22T17:06:24.770+0000] {logging_mixin.py:188} INFO - [2026-02-22T17:06:24.767+0000] {dagbag.py:355} ERROR - Failed to import: /opt/airflow/dags/python.py
Traceback (most recent call last):
  File "/home/airflow/.local/lib/python3.12/site-packages/airflow/models/dagbag.py", line 351, in parse
    loader.exec_module(new_module)
  File "<frozen importlib._bootstrap_external>", line 991, in exec_module
  File "<frozen importlib._bootstrap_external>", line 1129, in get_code
  File "<frozen importlib._bootstrap_external>", line 1059, in source_to_code
  File "<frozen importlib._bootstrap>", line 488, in _call_with_frames_removed
  File "/opt/airflow/dags/python.py", line 39
    extract_task = PythonOperator(
                                 ^
SyntaxError: '(' was never closed
[2026-02-22T17:06:24.771+0000] {processor.py:842} WARNING - No viable dags retrieved from /opt/airflow/dags/python.py
[2026-02-22T17:06:24.822+0000] {processor.py:183} INFO - Processing /opt/airflow/dags/python.py took 0.086 seconds
[2026-02-22T17:06:55.459+0000] {processor.py:161} INFO - Started process (PID=1989) to work on /opt/airflow/dags/python.py
[2026-02-22T17:06:55.460+0000] {processor.py:830} INFO - Processing file /opt/airflow/dags/python.py for tasks to queue
[2026-02-22T17:06:55.463+0000] {logging_mixin.py:188} INFO - [2026-02-22T17:06:55.463+0000] {dagbag.py:545} INFO - Filling up the DagBag from /opt/airflow/dags/python.py
[2026-02-22T17:06:55.470+0000] {logging_mixin.py:188} INFO - [2026-02-22T17:06:55.468+0000] {dagbag.py:355} ERROR - Failed to import: /opt/airflow/dags/python.py
Traceback (most recent call last):
  File "/home/airflow/.local/lib/python3.12/site-packages/airflow/models/dagbag.py", line 351, in parse
    loader.exec_module(new_module)
  File "<frozen importlib._bootstrap_external>", line 991, in exec_module
  File "<frozen importlib._bootstrap_external>", line 1129, in get_code
  File "<frozen importlib._bootstrap_external>", line 1059, in source_to_code
  File "<frozen importlib._bootstrap>", line 488, in _call_with_frames_removed
  File "/opt/airflow/dags/python.py", line 39
    extract_task = PythonOperator(
                                 ^
SyntaxError: '(' was never closed
[2026-02-22T17:06:55.473+0000] {processor.py:842} WARNING - No viable dags retrieved from /opt/airflow/dags/python.py
[2026-02-22T17:06:55.505+0000] {processor.py:183} INFO - Processing /opt/airflow/dags/python.py took 0.070 seconds
[2026-02-22T17:07:25.878+0000] {processor.py:161} INFO - Started process (PID=2046) to work on /opt/airflow/dags/python.py
[2026-02-22T17:07:25.880+0000] {processor.py:830} INFO - Processing file /opt/airflow/dags/python.py for tasks to queue
[2026-02-22T17:07:25.887+0000] {logging_mixin.py:188} INFO - [2026-02-22T17:07:25.886+0000] {dagbag.py:545} INFO - Filling up the DagBag from /opt/airflow/dags/python.py
[2026-02-22T17:07:25.898+0000] {logging_mixin.py:188} INFO - [2026-02-22T17:07:25.896+0000] {dagbag.py:355} ERROR - Failed to import: /opt/airflow/dags/python.py
Traceback (most recent call last):
  File "/home/airflow/.local/lib/python3.12/site-packages/airflow/models/dagbag.py", line 351, in parse
    loader.exec_module(new_module)
  File "<frozen importlib._bootstrap_external>", line 991, in exec_module
  File "<frozen importlib._bootstrap_external>", line 1129, in get_code
  File "<frozen importlib._bootstrap_external>", line 1059, in source_to_code
  File "<frozen importlib._bootstrap>", line 488, in _call_with_frames_removed
  File "/opt/airflow/dags/python.py", line 39
    extract_task = PythonOperator(
                                 ^
SyntaxError: '(' was never closed
[2026-02-22T17:07:25.900+0000] {processor.py:842} WARNING - No viable dags retrieved from /opt/airflow/dags/python.py
[2026-02-22T17:07:25.950+0000] {processor.py:183} INFO - Processing /opt/airflow/dags/python.py took 0.087 seconds
[2026-02-22T17:07:56.108+0000] {processor.py:161} INFO - Started process (PID=2105) to work on /opt/airflow/dags/python.py
[2026-02-22T17:07:56.110+0000] {processor.py:830} INFO - Processing file /opt/airflow/dags/python.py for tasks to queue
[2026-02-22T17:07:56.114+0000] {logging_mixin.py:188} INFO - [2026-02-22T17:07:56.114+0000] {dagbag.py:545} INFO - Filling up the DagBag from /opt/airflow/dags/python.py
[2026-02-22T17:07:56.122+0000] {logging_mixin.py:188} INFO - [2026-02-22T17:07:56.120+0000] {dagbag.py:355} ERROR - Failed to import: /opt/airflow/dags/python.py
Traceback (most recent call last):
  File "/home/airflow/.local/lib/python3.12/site-packages/airflow/models/dagbag.py", line 351, in parse
    loader.exec_module(new_module)
  File "<frozen importlib._bootstrap_external>", line 991, in exec_module
  File "<frozen importlib._bootstrap_external>", line 1129, in get_code
  File "<frozen importlib._bootstrap_external>", line 1059, in source_to_code
  File "<frozen importlib._bootstrap>", line 488, in _call_with_frames_removed
  File "/opt/airflow/dags/python.py", line 39
    extract_task = PythonOperator(
                                 ^
SyntaxError: '(' was never closed
[2026-02-22T17:07:56.123+0000] {processor.py:842} WARNING - No viable dags retrieved from /opt/airflow/dags/python.py
[2026-02-22T17:07:56.145+0000] {processor.py:183} INFO - Processing /opt/airflow/dags/python.py took 0.047 seconds
[2026-02-22T17:08:26.987+0000] {processor.py:161} INFO - Started process (PID=2164) to work on /opt/airflow/dags/python.py
[2026-02-22T17:08:26.989+0000] {processor.py:830} INFO - Processing file /opt/airflow/dags/python.py for tasks to queue
[2026-02-22T17:08:26.993+0000] {logging_mixin.py:188} INFO - [2026-02-22T17:08:26.992+0000] {dagbag.py:545} INFO - Filling up the DagBag from /opt/airflow/dags/python.py
[2026-02-22T17:08:27.002+0000] {logging_mixin.py:188} INFO - [2026-02-22T17:08:27.000+0000] {dagbag.py:355} ERROR - Failed to import: /opt/airflow/dags/python.py
Traceback (most recent call last):
  File "/home/airflow/.local/lib/python3.12/site-packages/airflow/models/dagbag.py", line 351, in parse
    loader.exec_module(new_module)
  File "<frozen importlib._bootstrap_external>", line 991, in exec_module
  File "<frozen importlib._bootstrap_external>", line 1129, in get_code
  File "<frozen importlib._bootstrap_external>", line 1059, in source_to_code
  File "<frozen importlib._bootstrap>", line 488, in _call_with_frames_removed
  File "/opt/airflow/dags/python.py", line 39
    extract_task = PythonOperator(
                                 ^
SyntaxError: '(' was never closed
[2026-02-22T17:08:27.002+0000] {processor.py:842} WARNING - No viable dags retrieved from /opt/airflow/dags/python.py
[2026-02-22T17:08:27.037+0000] {processor.py:183} INFO - Processing /opt/airflow/dags/python.py took 0.060 seconds
[2026-02-22T17:08:57.077+0000] {processor.py:161} INFO - Started process (PID=2223) to work on /opt/airflow/dags/python.py
[2026-02-22T17:08:57.079+0000] {processor.py:830} INFO - Processing file /opt/airflow/dags/python.py for tasks to queue
[2026-02-22T17:08:57.082+0000] {logging_mixin.py:188} INFO - [2026-02-22T17:08:57.082+0000] {dagbag.py:545} INFO - Filling up the DagBag from /opt/airflow/dags/python.py
[2026-02-22T17:08:57.087+0000] {logging_mixin.py:188} INFO - [2026-02-22T17:08:57.086+0000] {dagbag.py:355} ERROR - Failed to import: /opt/airflow/dags/python.py
Traceback (most recent call last):
  File "/home/airflow/.local/lib/python3.12/site-packages/airflow/models/dagbag.py", line 351, in parse
    loader.exec_module(new_module)
  File "<frozen importlib._bootstrap_external>", line 991, in exec_module
  File "<frozen importlib._bootstrap_external>", line 1129, in get_code
  File "<frozen importlib._bootstrap_external>", line 1059, in source_to_code
  File "<frozen importlib._bootstrap>", line 488, in _call_with_frames_removed
  File "/opt/airflow/dags/python.py", line 39
    extract_task = PythonOperator(
                                 ^
SyntaxError: '(' was never closed
[2026-02-22T17:08:57.088+0000] {processor.py:842} WARNING - No viable dags retrieved from /opt/airflow/dags/python.py
[2026-02-22T17:08:57.119+0000] {processor.py:183} INFO - Processing /opt/airflow/dags/python.py took 0.051 seconds
[2026-02-22T17:09:28.090+0000] {processor.py:161} INFO - Started process (PID=2282) to work on /opt/airflow/dags/python.py
[2026-02-22T17:09:28.092+0000] {processor.py:830} INFO - Processing file /opt/airflow/dags/python.py for tasks to queue
[2026-02-22T17:09:28.096+0000] {logging_mixin.py:188} INFO - [2026-02-22T17:09:28.095+0000] {dagbag.py:545} INFO - Filling up the DagBag from /opt/airflow/dags/python.py
[2026-02-22T17:09:28.110+0000] {logging_mixin.py:188} INFO - [2026-02-22T17:09:28.108+0000] {dagbag.py:355} ERROR - Failed to import: /opt/airflow/dags/python.py
Traceback (most recent call last):
  File "/home/airflow/.local/lib/python3.12/site-packages/airflow/models/dagbag.py", line 351, in parse
    loader.exec_module(new_module)
  File "<frozen importlib._bootstrap_external>", line 991, in exec_module
  File "<frozen importlib._bootstrap_external>", line 1129, in get_code
  File "<frozen importlib._bootstrap_external>", line 1059, in source_to_code
  File "<frozen importlib._bootstrap>", line 488, in _call_with_frames_removed
  File "/opt/airflow/dags/python.py", line 39
    extract_task = PythonOperator(
                                 ^
SyntaxError: '(' was never closed
[2026-02-22T17:09:28.111+0000] {processor.py:842} WARNING - No viable dags retrieved from /opt/airflow/dags/python.py
[2026-02-22T17:09:28.205+0000] {processor.py:183} INFO - Processing /opt/airflow/dags/python.py took 0.143 seconds
[2026-02-22T17:09:58.924+0000] {processor.py:161} INFO - Started process (PID=2341) to work on /opt/airflow/dags/python.py
[2026-02-22T17:09:58.928+0000] {processor.py:830} INFO - Processing file /opt/airflow/dags/python.py for tasks to queue
[2026-02-22T17:09:58.937+0000] {logging_mixin.py:188} INFO - [2026-02-22T17:09:58.936+0000] {dagbag.py:545} INFO - Filling up the DagBag from /opt/airflow/dags/python.py
[2026-02-22T17:09:58.952+0000] {logging_mixin.py:188} INFO - [2026-02-22T17:09:58.951+0000] {dagbag.py:355} ERROR - Failed to import: /opt/airflow/dags/python.py
Traceback (most recent call last):
  File "/home/airflow/.local/lib/python3.12/site-packages/airflow/models/dagbag.py", line 351, in parse
    loader.exec_module(new_module)
  File "<frozen importlib._bootstrap_external>", line 991, in exec_module
  File "<frozen importlib._bootstrap_external>", line 1129, in get_code
  File "<frozen importlib._bootstrap_external>", line 1059, in source_to_code
  File "<frozen importlib._bootstrap>", line 488, in _call_with_frames_removed
  File "/opt/airflow/dags/python.py", line 39
    extract_task = PythonOperator(
                                 ^
SyntaxError: '(' was never closed
[2026-02-22T17:09:58.953+0000] {processor.py:842} WARNING - No viable dags retrieved from /opt/airflow/dags/python.py
[2026-02-22T17:09:59.009+0000] {processor.py:183} INFO - Processing /opt/airflow/dags/python.py took 0.114 seconds
[2026-02-22T17:10:29.930+0000] {processor.py:161} INFO - Started process (PID=2400) to work on /opt/airflow/dags/python.py
[2026-02-22T17:10:29.934+0000] {processor.py:830} INFO - Processing file /opt/airflow/dags/python.py for tasks to queue
[2026-02-22T17:10:29.941+0000] {logging_mixin.py:188} INFO - [2026-02-22T17:10:29.941+0000] {dagbag.py:545} INFO - Filling up the DagBag from /opt/airflow/dags/python.py
[2026-02-22T17:10:29.959+0000] {logging_mixin.py:188} INFO - [2026-02-22T17:10:29.956+0000] {dagbag.py:355} ERROR - Failed to import: /opt/airflow/dags/python.py
Traceback (most recent call last):
  File "/home/airflow/.local/lib/python3.12/site-packages/airflow/models/dagbag.py", line 351, in parse
    loader.exec_module(new_module)
  File "<frozen importlib._bootstrap_external>", line 991, in exec_module
  File "<frozen importlib._bootstrap_external>", line 1129, in get_code
  File "<frozen importlib._bootstrap_external>", line 1059, in source_to_code
  File "<frozen importlib._bootstrap>", line 488, in _call_with_frames_removed
  File "/opt/airflow/dags/python.py", line 39
    extract_task = PythonOperator(
                                 ^
SyntaxError: '(' was never closed
[2026-02-22T17:10:29.960+0000] {processor.py:842} WARNING - No viable dags retrieved from /opt/airflow/dags/python.py
[2026-02-22T17:10:30.006+0000] {processor.py:183} INFO - Processing /opt/airflow/dags/python.py took 0.109 seconds
