[2026-02-24T07:48:23.658+0000] {processor.py:161} INFO - Started process (PID=94463) to work on /opt/airflow/dags/01_beginner_hello_world.py
[2026-02-24T07:48:23.664+0000] {processor.py:830} INFO - Processing file /opt/airflow/dags/01_beginner_hello_world.py for tasks to queue
[2026-02-24T07:48:23.669+0000] {logging_mixin.py:188} INFO - [2026-02-24T07:48:23.668+0000] {dagbag.py:545} INFO - Filling up the DagBag from /opt/airflow/dags/01_beginner_hello_world.py
[2026-02-24T07:48:23.699+0000] {processor.py:840} INFO - DAG(s) '01_beginner_hello_world' retrieved from /opt/airflow/dags/01_beginner_hello_world.py
[2026-02-24T07:48:24.010+0000] {logging_mixin.py:188} INFO - [2026-02-24T07:48:24.004+0000] {override.py:1829} INFO - Created Permission View: can edit on DAG:01_beginner_hello_world
[2026-02-24T07:48:24.036+0000] {logging_mixin.py:188} INFO - [2026-02-24T07:48:24.036+0000] {override.py:1829} INFO - Created Permission View: can delete on DAG:01_beginner_hello_world
[2026-02-24T07:48:24.061+0000] {logging_mixin.py:188} INFO - [2026-02-24T07:48:24.060+0000] {override.py:1829} INFO - Created Permission View: can read on DAG:01_beginner_hello_world
[2026-02-24T07:48:24.063+0000] {logging_mixin.py:188} INFO - [2026-02-24T07:48:24.063+0000] {dag.py:3096} INFO - Sync 1 DAGs
[2026-02-24T07:48:24.101+0000] {logging_mixin.py:188} INFO - [2026-02-24T07:48:24.100+0000] {dag.py:3118} INFO - Creating ORM DAG for 01_beginner_hello_world
[2026-02-24T07:48:24.128+0000] {logging_mixin.py:188} INFO - [2026-02-24T07:48:24.128+0000] {dag.py:3954} INFO - Setting next_dagrun for 01_beginner_hello_world to 2026-02-23 00:00:00+00:00, run_after=2026-02-24 00:00:00+00:00
[2026-02-24T07:48:24.216+0000] {processor.py:183} INFO - Processing /opt/airflow/dags/01_beginner_hello_world.py took 0.615 seconds
[2026-02-24T07:48:54.650+0000] {processor.py:161} INFO - Started process (PID=94525) to work on /opt/airflow/dags/01_beginner_hello_world.py
[2026-02-24T07:48:54.652+0000] {processor.py:830} INFO - Processing file /opt/airflow/dags/01_beginner_hello_world.py for tasks to queue
[2026-02-24T07:48:54.653+0000] {logging_mixin.py:188} INFO - [2026-02-24T07:48:54.653+0000] {dagbag.py:545} INFO - Filling up the DagBag from /opt/airflow/dags/01_beginner_hello_world.py
[2026-02-24T07:48:54.661+0000] {processor.py:840} INFO - DAG(s) '01_beginner_hello_world' retrieved from /opt/airflow/dags/01_beginner_hello_world.py
[2026-02-24T07:48:54.677+0000] {logging_mixin.py:188} INFO - [2026-02-24T07:48:54.676+0000] {dag.py:3096} INFO - Sync 1 DAGs
[2026-02-24T07:48:54.692+0000] {logging_mixin.py:188} INFO - [2026-02-24T07:48:54.691+0000] {dag.py:3954} INFO - Setting next_dagrun for 01_beginner_hello_world to 2026-02-23 00:00:00+00:00, run_after=2026-02-24 00:00:00+00:00
[2026-02-24T07:48:54.701+0000] {processor.py:183} INFO - Processing /opt/airflow/dags/01_beginner_hello_world.py took 0.059 seconds
[2026-02-24T07:49:25.479+0000] {processor.py:161} INFO - Started process (PID=94587) to work on /opt/airflow/dags/01_beginner_hello_world.py
[2026-02-24T07:49:25.481+0000] {processor.py:830} INFO - Processing file /opt/airflow/dags/01_beginner_hello_world.py for tasks to queue
[2026-02-24T07:49:25.485+0000] {logging_mixin.py:188} INFO - [2026-02-24T07:49:25.484+0000] {dagbag.py:545} INFO - Filling up the DagBag from /opt/airflow/dags/01_beginner_hello_world.py
[2026-02-24T07:49:25.511+0000] {processor.py:840} INFO - DAG(s) '01_beginner_hello_world' retrieved from /opt/airflow/dags/01_beginner_hello_world.py
[2026-02-24T07:49:25.559+0000] {logging_mixin.py:188} INFO - [2026-02-24T07:49:25.559+0000] {dag.py:3096} INFO - Sync 1 DAGs
[2026-02-24T07:49:25.592+0000] {logging_mixin.py:188} INFO - [2026-02-24T07:49:25.592+0000] {dag.py:3954} INFO - Setting next_dagrun for 01_beginner_hello_world to 2026-02-23 00:00:00+00:00, run_after=2026-02-24 00:00:00+00:00
[2026-02-24T07:49:25.612+0000] {processor.py:183} INFO - Processing /opt/airflow/dags/01_beginner_hello_world.py took 0.146 seconds
[2026-02-24T07:49:55.713+0000] {processor.py:161} INFO - Started process (PID=94649) to work on /opt/airflow/dags/01_beginner_hello_world.py
[2026-02-24T07:49:55.716+0000] {processor.py:830} INFO - Processing file /opt/airflow/dags/01_beginner_hello_world.py for tasks to queue
[2026-02-24T07:49:55.722+0000] {logging_mixin.py:188} INFO - [2026-02-24T07:49:55.722+0000] {dagbag.py:545} INFO - Filling up the DagBag from /opt/airflow/dags/01_beginner_hello_world.py
[2026-02-24T07:49:55.742+0000] {processor.py:840} INFO - DAG(s) '01_beginner_hello_world' retrieved from /opt/airflow/dags/01_beginner_hello_world.py
[2026-02-24T07:49:55.785+0000] {logging_mixin.py:188} INFO - [2026-02-24T07:49:55.785+0000] {dag.py:3096} INFO - Sync 1 DAGs
[2026-02-24T07:49:55.816+0000] {logging_mixin.py:188} INFO - [2026-02-24T07:49:55.815+0000] {dag.py:3954} INFO - Setting next_dagrun for 01_beginner_hello_world to 2026-02-23 00:00:00+00:00, run_after=2026-02-24 00:00:00+00:00
[2026-02-24T07:49:55.833+0000] {processor.py:183} INFO - Processing /opt/airflow/dags/01_beginner_hello_world.py took 0.137 seconds
[2026-02-24T07:50:26.104+0000] {processor.py:161} INFO - Started process (PID=94711) to work on /opt/airflow/dags/01_beginner_hello_world.py
[2026-02-24T07:50:26.106+0000] {processor.py:830} INFO - Processing file /opt/airflow/dags/01_beginner_hello_world.py for tasks to queue
[2026-02-24T07:50:26.115+0000] {logging_mixin.py:188} INFO - [2026-02-24T07:50:26.114+0000] {dagbag.py:545} INFO - Filling up the DagBag from /opt/airflow/dags/01_beginner_hello_world.py
[2026-02-24T07:50:26.147+0000] {processor.py:840} INFO - DAG(s) '01_beginner_hello_world' retrieved from /opt/airflow/dags/01_beginner_hello_world.py
[2026-02-24T07:50:26.200+0000] {logging_mixin.py:188} INFO - [2026-02-24T07:50:26.199+0000] {dag.py:3096} INFO - Sync 1 DAGs
[2026-02-24T07:50:26.237+0000] {logging_mixin.py:188} INFO - [2026-02-24T07:50:26.236+0000] {dag.py:3954} INFO - Setting next_dagrun for 01_beginner_hello_world to 2026-02-23 00:00:00+00:00, run_after=2026-02-24 00:00:00+00:00
[2026-02-24T07:50:26.258+0000] {processor.py:183} INFO - Processing /opt/airflow/dags/01_beginner_hello_world.py took 0.172 seconds
[2026-02-24T07:50:56.705+0000] {processor.py:161} INFO - Started process (PID=94773) to work on /opt/airflow/dags/01_beginner_hello_world.py
[2026-02-24T07:50:56.707+0000] {processor.py:830} INFO - Processing file /opt/airflow/dags/01_beginner_hello_world.py for tasks to queue
[2026-02-24T07:50:56.710+0000] {logging_mixin.py:188} INFO - [2026-02-24T07:50:56.710+0000] {dagbag.py:545} INFO - Filling up the DagBag from /opt/airflow/dags/01_beginner_hello_world.py
[2026-02-24T07:50:56.726+0000] {processor.py:840} INFO - DAG(s) '01_beginner_hello_world' retrieved from /opt/airflow/dags/01_beginner_hello_world.py
[2026-02-24T07:50:56.768+0000] {logging_mixin.py:188} INFO - [2026-02-24T07:50:56.767+0000] {dag.py:3096} INFO - Sync 1 DAGs
[2026-02-24T07:50:56.786+0000] {logging_mixin.py:188} INFO - [2026-02-24T07:50:56.785+0000] {dag.py:3954} INFO - Setting next_dagrun for 01_beginner_hello_world to 2026-02-23 00:00:00+00:00, run_after=2026-02-24 00:00:00+00:00
[2026-02-24T07:50:56.798+0000] {processor.py:183} INFO - Processing /opt/airflow/dags/01_beginner_hello_world.py took 0.105 seconds
[2026-02-24T07:51:27.306+0000] {processor.py:161} INFO - Started process (PID=94835) to work on /opt/airflow/dags/01_beginner_hello_world.py
[2026-02-24T07:51:27.308+0000] {processor.py:830} INFO - Processing file /opt/airflow/dags/01_beginner_hello_world.py for tasks to queue
[2026-02-24T07:51:27.317+0000] {logging_mixin.py:188} INFO - [2026-02-24T07:51:27.316+0000] {dagbag.py:545} INFO - Filling up the DagBag from /opt/airflow/dags/01_beginner_hello_world.py
[2026-02-24T07:51:27.346+0000] {processor.py:840} INFO - DAG(s) '01_beginner_hello_world' retrieved from /opt/airflow/dags/01_beginner_hello_world.py
[2026-02-24T07:51:27.391+0000] {logging_mixin.py:188} INFO - [2026-02-24T07:51:27.391+0000] {dag.py:3096} INFO - Sync 1 DAGs
[2026-02-24T07:51:27.423+0000] {logging_mixin.py:188} INFO - [2026-02-24T07:51:27.423+0000] {dag.py:3954} INFO - Setting next_dagrun for 01_beginner_hello_world to 2026-02-23 00:00:00+00:00, run_after=2026-02-24 00:00:00+00:00
[2026-02-24T07:51:27.442+0000] {processor.py:183} INFO - Processing /opt/airflow/dags/01_beginner_hello_world.py took 0.165 seconds
[2026-02-24T07:51:58.255+0000] {processor.py:161} INFO - Started process (PID=94896) to work on /opt/airflow/dags/01_beginner_hello_world.py
[2026-02-24T07:51:58.258+0000] {processor.py:830} INFO - Processing file /opt/airflow/dags/01_beginner_hello_world.py for tasks to queue
[2026-02-24T07:51:58.259+0000] {logging_mixin.py:188} INFO - [2026-02-24T07:51:58.258+0000] {dagbag.py:545} INFO - Filling up the DagBag from /opt/airflow/dags/01_beginner_hello_world.py
[2026-02-24T07:51:58.287+0000] {processor.py:840} INFO - DAG(s) '01_beginner_hello_world' retrieved from /opt/airflow/dags/01_beginner_hello_world.py
[2026-02-24T07:51:58.322+0000] {logging_mixin.py:188} INFO - [2026-02-24T07:51:58.321+0000] {dag.py:3096} INFO - Sync 1 DAGs
[2026-02-24T07:51:58.377+0000] {logging_mixin.py:188} INFO - [2026-02-24T07:51:58.377+0000] {dag.py:3954} INFO - Setting next_dagrun for 01_beginner_hello_world to 2026-02-23 00:00:00+00:00, run_after=2026-02-24 00:00:00+00:00
[2026-02-24T07:51:58.396+0000] {processor.py:183} INFO - Processing /opt/airflow/dags/01_beginner_hello_world.py took 0.160 seconds
[2026-02-24T07:52:28.566+0000] {processor.py:161} INFO - Started process (PID=94957) to work on /opt/airflow/dags/01_beginner_hello_world.py
[2026-02-24T07:52:28.568+0000] {processor.py:830} INFO - Processing file /opt/airflow/dags/01_beginner_hello_world.py for tasks to queue
[2026-02-24T07:52:28.569+0000] {logging_mixin.py:188} INFO - [2026-02-24T07:52:28.569+0000] {dagbag.py:545} INFO - Filling up the DagBag from /opt/airflow/dags/01_beginner_hello_world.py
[2026-02-24T07:52:28.585+0000] {processor.py:840} INFO - DAG(s) '01_beginner_hello_world' retrieved from /opt/airflow/dags/01_beginner_hello_world.py
[2026-02-24T07:52:28.605+0000] {logging_mixin.py:188} INFO - [2026-02-24T07:52:28.605+0000] {dag.py:3096} INFO - Sync 1 DAGs
[2026-02-24T07:52:28.619+0000] {logging_mixin.py:188} INFO - [2026-02-24T07:52:28.618+0000] {dag.py:3954} INFO - Setting next_dagrun for 01_beginner_hello_world to 2026-02-23 00:00:00+00:00, run_after=2026-02-24 00:00:00+00:00
[2026-02-24T07:52:28.628+0000] {processor.py:183} INFO - Processing /opt/airflow/dags/01_beginner_hello_world.py took 0.074 seconds
[2026-02-24T07:52:59.097+0000] {processor.py:161} INFO - Started process (PID=95018) to work on /opt/airflow/dags/01_beginner_hello_world.py
[2026-02-24T07:52:59.102+0000] {processor.py:830} INFO - Processing file /opt/airflow/dags/01_beginner_hello_world.py for tasks to queue
[2026-02-24T07:52:59.106+0000] {logging_mixin.py:188} INFO - [2026-02-24T07:52:59.104+0000] {dagbag.py:545} INFO - Filling up the DagBag from /opt/airflow/dags/01_beginner_hello_world.py
[2026-02-24T07:52:59.121+0000] {processor.py:840} INFO - DAG(s) '01_beginner_hello_world' retrieved from /opt/airflow/dags/01_beginner_hello_world.py
[2026-02-24T07:52:59.143+0000] {logging_mixin.py:188} INFO - [2026-02-24T07:52:59.143+0000] {dag.py:3096} INFO - Sync 1 DAGs
[2026-02-24T07:52:59.160+0000] {logging_mixin.py:188} INFO - [2026-02-24T07:52:59.160+0000] {dag.py:3954} INFO - Setting next_dagrun for 01_beginner_hello_world to 2026-02-23 00:00:00+00:00, run_after=2026-02-24 00:00:00+00:00
[2026-02-24T07:52:59.171+0000] {processor.py:183} INFO - Processing /opt/airflow/dags/01_beginner_hello_world.py took 0.084 seconds
