[2026-02-24T07:48:22.366+0000] {processor.py:161} INFO - Started process (PID=94461) to work on /opt/airflow/dags/03_beginner_parallel_tasks.py
[2026-02-24T07:48:22.376+0000] {processor.py:830} INFO - Processing file /opt/airflow/dags/03_beginner_parallel_tasks.py for tasks to queue
[2026-02-24T07:48:22.393+0000] {logging_mixin.py:188} INFO - [2026-02-24T07:48:22.387+0000] {dagbag.py:545} INFO - Filling up the DagBag from /opt/airflow/dags/03_beginner_parallel_tasks.py
[2026-02-24T07:48:22.534+0000] {processor.py:840} INFO - DAG(s) '03_beginner_parallel_tasks' retrieved from /opt/airflow/dags/03_beginner_parallel_tasks.py
[2026-02-24T07:48:23.230+0000] {logging_mixin.py:188} INFO - [2026-02-24T07:48:23.216+0000] {override.py:1829} INFO - Created Permission View: can edit on DAG:03_beginner_parallel_tasks
[2026-02-24T07:48:23.267+0000] {logging_mixin.py:188} INFO - [2026-02-24T07:48:23.266+0000] {override.py:1829} INFO - Created Permission View: can delete on DAG:03_beginner_parallel_tasks
[2026-02-24T07:48:23.282+0000] {logging_mixin.py:188} INFO - [2026-02-24T07:48:23.281+0000] {override.py:1829} INFO - Created Permission View: can read on DAG:03_beginner_parallel_tasks
[2026-02-24T07:48:23.286+0000] {logging_mixin.py:188} INFO - [2026-02-24T07:48:23.286+0000] {dag.py:3096} INFO - Sync 1 DAGs
[2026-02-24T07:48:23.337+0000] {logging_mixin.py:188} INFO - [2026-02-24T07:48:23.336+0000] {dag.py:3118} INFO - Creating ORM DAG for 03_beginner_parallel_tasks
[2026-02-24T07:48:23.381+0000] {logging_mixin.py:188} INFO - [2026-02-24T07:48:23.381+0000] {dag.py:3954} INFO - Setting next_dagrun for 03_beginner_parallel_tasks to 2026-02-23 00:00:00+00:00, run_after=2026-02-24 00:00:00+00:00
[2026-02-24T07:48:23.484+0000] {processor.py:183} INFO - Processing /opt/airflow/dags/03_beginner_parallel_tasks.py took 1.167 seconds
[2026-02-24T07:48:53.631+0000] {processor.py:161} INFO - Started process (PID=94523) to work on /opt/airflow/dags/03_beginner_parallel_tasks.py
[2026-02-24T07:48:53.633+0000] {processor.py:830} INFO - Processing file /opt/airflow/dags/03_beginner_parallel_tasks.py for tasks to queue
[2026-02-24T07:48:53.642+0000] {logging_mixin.py:188} INFO - [2026-02-24T07:48:53.639+0000] {dagbag.py:545} INFO - Filling up the DagBag from /opt/airflow/dags/03_beginner_parallel_tasks.py
[2026-02-24T07:48:53.678+0000] {processor.py:840} INFO - DAG(s) '03_beginner_parallel_tasks' retrieved from /opt/airflow/dags/03_beginner_parallel_tasks.py
[2026-02-24T07:48:53.710+0000] {logging_mixin.py:188} INFO - [2026-02-24T07:48:53.710+0000] {dag.py:3096} INFO - Sync 1 DAGs
[2026-02-24T07:48:53.730+0000] {logging_mixin.py:188} INFO - [2026-02-24T07:48:53.730+0000] {dag.py:3954} INFO - Setting next_dagrun for 03_beginner_parallel_tasks to 2026-02-23 00:00:00+00:00, run_after=2026-02-24 00:00:00+00:00
[2026-02-24T07:48:53.749+0000] {processor.py:183} INFO - Processing /opt/airflow/dags/03_beginner_parallel_tasks.py took 0.137 seconds
[2026-02-24T07:49:05.568+0000] {processor.py:161} INFO - Started process (PID=94538) to work on /opt/airflow/dags/03_beginner_parallel_tasks.py
[2026-02-24T07:49:05.570+0000] {processor.py:830} INFO - Processing file /opt/airflow/dags/03_beginner_parallel_tasks.py for tasks to queue
[2026-02-24T07:49:05.573+0000] {logging_mixin.py:188} INFO - [2026-02-24T07:49:05.572+0000] {dagbag.py:545} INFO - Filling up the DagBag from /opt/airflow/dags/03_beginner_parallel_tasks.py
[2026-02-24T07:49:05.583+0000] {processor.py:840} INFO - DAG(s) '03_beginner_parallel_tasks' retrieved from /opt/airflow/dags/03_beginner_parallel_tasks.py
[2026-02-24T07:49:05.605+0000] {logging_mixin.py:188} INFO - [2026-02-24T07:49:05.605+0000] {dag.py:3096} INFO - Sync 1 DAGs
[2026-02-24T07:49:05.631+0000] {logging_mixin.py:188} INFO - [2026-02-24T07:49:05.631+0000] {dag.py:3954} INFO - Setting next_dagrun for 03_beginner_parallel_tasks to 2026-02-23 00:00:00+00:00, run_after=2026-02-24 00:00:00+00:00
[2026-02-24T07:49:05.649+0000] {processor.py:183} INFO - Processing /opt/airflow/dags/03_beginner_parallel_tasks.py took 0.087 seconds
[2026-02-24T07:49:35.959+0000] {processor.py:161} INFO - Started process (PID=94598) to work on /opt/airflow/dags/03_beginner_parallel_tasks.py
[2026-02-24T07:49:35.961+0000] {processor.py:830} INFO - Processing file /opt/airflow/dags/03_beginner_parallel_tasks.py for tasks to queue
[2026-02-24T07:49:35.963+0000] {logging_mixin.py:188} INFO - [2026-02-24T07:49:35.962+0000] {dagbag.py:545} INFO - Filling up the DagBag from /opt/airflow/dags/03_beginner_parallel_tasks.py
[2026-02-24T07:49:35.972+0000] {processor.py:840} INFO - DAG(s) '03_beginner_parallel_tasks' retrieved from /opt/airflow/dags/03_beginner_parallel_tasks.py
[2026-02-24T07:49:35.992+0000] {logging_mixin.py:188} INFO - [2026-02-24T07:49:35.991+0000] {dag.py:3096} INFO - Sync 1 DAGs
[2026-02-24T07:49:36.010+0000] {logging_mixin.py:188} INFO - [2026-02-24T07:49:36.010+0000] {dag.py:3954} INFO - Setting next_dagrun for 03_beginner_parallel_tasks to 2026-02-23 00:00:00+00:00, run_after=2026-02-24 00:00:00+00:00
[2026-02-24T07:49:36.026+0000] {processor.py:183} INFO - Processing /opt/airflow/dags/03_beginner_parallel_tasks.py took 0.074 seconds
[2026-02-24T07:50:06.282+0000] {processor.py:161} INFO - Started process (PID=94660) to work on /opt/airflow/dags/03_beginner_parallel_tasks.py
[2026-02-24T07:50:06.285+0000] {processor.py:830} INFO - Processing file /opt/airflow/dags/03_beginner_parallel_tasks.py for tasks to queue
[2026-02-24T07:50:06.287+0000] {logging_mixin.py:188} INFO - [2026-02-24T07:50:06.286+0000] {dagbag.py:545} INFO - Filling up the DagBag from /opt/airflow/dags/03_beginner_parallel_tasks.py
[2026-02-24T07:50:06.301+0000] {processor.py:840} INFO - DAG(s) '03_beginner_parallel_tasks' retrieved from /opt/airflow/dags/03_beginner_parallel_tasks.py
[2026-02-24T07:50:06.331+0000] {logging_mixin.py:188} INFO - [2026-02-24T07:50:06.331+0000] {dag.py:3096} INFO - Sync 1 DAGs
[2026-02-24T07:50:06.367+0000] {logging_mixin.py:188} INFO - [2026-02-24T07:50:06.367+0000] {dag.py:3954} INFO - Setting next_dagrun for 03_beginner_parallel_tasks to 2026-02-23 00:00:00+00:00, run_after=2026-02-24 00:00:00+00:00
[2026-02-24T07:50:06.415+0000] {processor.py:183} INFO - Processing /opt/airflow/dags/03_beginner_parallel_tasks.py took 0.157 seconds
[2026-02-24T07:50:36.678+0000] {processor.py:161} INFO - Started process (PID=94722) to work on /opt/airflow/dags/03_beginner_parallel_tasks.py
[2026-02-24T07:50:36.680+0000] {processor.py:830} INFO - Processing file /opt/airflow/dags/03_beginner_parallel_tasks.py for tasks to queue
[2026-02-24T07:50:36.686+0000] {logging_mixin.py:188} INFO - [2026-02-24T07:50:36.685+0000] {dagbag.py:545} INFO - Filling up the DagBag from /opt/airflow/dags/03_beginner_parallel_tasks.py
[2026-02-24T07:50:36.707+0000] {processor.py:840} INFO - DAG(s) '03_beginner_parallel_tasks' retrieved from /opt/airflow/dags/03_beginner_parallel_tasks.py
[2026-02-24T07:50:36.733+0000] {logging_mixin.py:188} INFO - [2026-02-24T07:50:36.733+0000] {dag.py:3096} INFO - Sync 1 DAGs
[2026-02-24T07:50:36.759+0000] {logging_mixin.py:188} INFO - [2026-02-24T07:50:36.757+0000] {dag.py:3954} INFO - Setting next_dagrun for 03_beginner_parallel_tasks to 2026-02-23 00:00:00+00:00, run_after=2026-02-24 00:00:00+00:00
[2026-02-24T07:50:36.802+0000] {processor.py:183} INFO - Processing /opt/airflow/dags/03_beginner_parallel_tasks.py took 0.131 seconds
[2026-02-24T07:51:07.383+0000] {processor.py:161} INFO - Started process (PID=94784) to work on /opt/airflow/dags/03_beginner_parallel_tasks.py
[2026-02-24T07:51:07.389+0000] {processor.py:830} INFO - Processing file /opt/airflow/dags/03_beginner_parallel_tasks.py for tasks to queue
[2026-02-24T07:51:07.400+0000] {logging_mixin.py:188} INFO - [2026-02-24T07:51:07.400+0000] {dagbag.py:545} INFO - Filling up the DagBag from /opt/airflow/dags/03_beginner_parallel_tasks.py
[2026-02-24T07:51:07.420+0000] {processor.py:840} INFO - DAG(s) '03_beginner_parallel_tasks' retrieved from /opt/airflow/dags/03_beginner_parallel_tasks.py
[2026-02-24T07:51:07.515+0000] {logging_mixin.py:188} INFO - [2026-02-24T07:51:07.513+0000] {dag.py:3096} INFO - Sync 1 DAGs
[2026-02-24T07:51:07.564+0000] {logging_mixin.py:188} INFO - [2026-02-24T07:51:07.564+0000] {dag.py:3954} INFO - Setting next_dagrun for 03_beginner_parallel_tasks to 2026-02-23 00:00:00+00:00, run_after=2026-02-24 00:00:00+00:00
[2026-02-24T07:51:07.588+0000] {processor.py:183} INFO - Processing /opt/airflow/dags/03_beginner_parallel_tasks.py took 0.224 seconds
[2026-02-24T07:51:37.907+0000] {processor.py:161} INFO - Started process (PID=94845) to work on /opt/airflow/dags/03_beginner_parallel_tasks.py
[2026-02-24T07:51:37.908+0000] {processor.py:830} INFO - Processing file /opt/airflow/dags/03_beginner_parallel_tasks.py for tasks to queue
[2026-02-24T07:51:37.909+0000] {logging_mixin.py:188} INFO - [2026-02-24T07:51:37.909+0000] {dagbag.py:545} INFO - Filling up the DagBag from /opt/airflow/dags/03_beginner_parallel_tasks.py
[2026-02-24T07:51:37.922+0000] {processor.py:840} INFO - DAG(s) '03_beginner_parallel_tasks' retrieved from /opt/airflow/dags/03_beginner_parallel_tasks.py
[2026-02-24T07:51:37.948+0000] {logging_mixin.py:188} INFO - [2026-02-24T07:51:37.947+0000] {dag.py:3096} INFO - Sync 1 DAGs
[2026-02-24T07:51:37.967+0000] {logging_mixin.py:188} INFO - [2026-02-24T07:51:37.967+0000] {dag.py:3954} INFO - Setting next_dagrun for 03_beginner_parallel_tasks to 2026-02-23 00:00:00+00:00, run_after=2026-02-24 00:00:00+00:00
[2026-02-24T07:51:37.980+0000] {processor.py:183} INFO - Processing /opt/airflow/dags/03_beginner_parallel_tasks.py took 0.081 seconds
[2026-02-24T07:52:08.088+0000] {processor.py:161} INFO - Started process (PID=94906) to work on /opt/airflow/dags/03_beginner_parallel_tasks.py
[2026-02-24T07:52:08.090+0000] {processor.py:830} INFO - Processing file /opt/airflow/dags/03_beginner_parallel_tasks.py for tasks to queue
[2026-02-24T07:52:08.090+0000] {logging_mixin.py:188} INFO - [2026-02-24T07:52:08.090+0000] {dagbag.py:545} INFO - Filling up the DagBag from /opt/airflow/dags/03_beginner_parallel_tasks.py
[2026-02-24T07:52:08.114+0000] {processor.py:840} INFO - DAG(s) '03_beginner_parallel_tasks' retrieved from /opt/airflow/dags/03_beginner_parallel_tasks.py
[2026-02-24T07:52:08.142+0000] {logging_mixin.py:188} INFO - [2026-02-24T07:52:08.142+0000] {dag.py:3096} INFO - Sync 1 DAGs
[2026-02-24T07:52:08.165+0000] {logging_mixin.py:188} INFO - [2026-02-24T07:52:08.165+0000] {dag.py:3954} INFO - Setting next_dagrun for 03_beginner_parallel_tasks to 2026-02-23 00:00:00+00:00, run_after=2026-02-24 00:00:00+00:00
[2026-02-24T07:52:08.187+0000] {processor.py:183} INFO - Processing /opt/airflow/dags/03_beginner_parallel_tasks.py took 0.105 seconds
[2026-02-24T07:52:38.216+0000] {processor.py:161} INFO - Started process (PID=94967) to work on /opt/airflow/dags/03_beginner_parallel_tasks.py
[2026-02-24T07:52:38.217+0000] {processor.py:830} INFO - Processing file /opt/airflow/dags/03_beginner_parallel_tasks.py for tasks to queue
[2026-02-24T07:52:38.217+0000] {logging_mixin.py:188} INFO - [2026-02-24T07:52:38.217+0000] {dagbag.py:545} INFO - Filling up the DagBag from /opt/airflow/dags/03_beginner_parallel_tasks.py
[2026-02-24T07:52:38.222+0000] {processor.py:840} INFO - DAG(s) '03_beginner_parallel_tasks' retrieved from /opt/airflow/dags/03_beginner_parallel_tasks.py
[2026-02-24T07:52:38.231+0000] {logging_mixin.py:188} INFO - [2026-02-24T07:52:38.231+0000] {dag.py:3096} INFO - Sync 1 DAGs
[2026-02-24T07:52:38.240+0000] {logging_mixin.py:188} INFO - [2026-02-24T07:52:38.240+0000] {dag.py:3954} INFO - Setting next_dagrun for 03_beginner_parallel_tasks to 2026-02-23 00:00:00+00:00, run_after=2026-02-24 00:00:00+00:00
[2026-02-24T07:52:38.248+0000] {processor.py:183} INFO - Processing /opt/airflow/dags/03_beginner_parallel_tasks.py took 0.035 seconds
