[2026-02-22T10:46:14.937+0000] {processor.py:161} INFO - Started process (PID=68) to work on /home/airflow/.local/lib/python3.12/site-packages/airflow/example_dags/example_xcom.py
[2026-02-22T10:46:14.939+0000] {processor.py:830} INFO - Processing file /home/airflow/.local/lib/python3.12/site-packages/airflow/example_dags/example_xcom.py for tasks to queue
[2026-02-22T10:46:14.943+0000] {logging_mixin.py:188} INFO - [2026-02-22T10:46:14.942+0000] {dagbag.py:545} INFO - Filling up the DagBag from /home/airflow/.local/lib/python3.12/site-packages/airflow/example_dags/example_xcom.py
[2026-02-22T10:46:14.960+0000] {processor.py:840} INFO - DAG(s) 'example_xcom' retrieved from /home/airflow/.local/lib/python3.12/site-packages/airflow/example_dags/example_xcom.py
[2026-02-22T10:46:15.001+0000] {logging_mixin.py:188} INFO - [2026-02-22T10:46:15.000+0000] {dag.py:3096} INFO - Sync 1 DAGs
[2026-02-22T10:46:15.056+0000] {logging_mixin.py:188} INFO - [2026-02-22T10:46:15.056+0000] {dag.py:3954} INFO - Setting next_dagrun for example_xcom to 2021-01-01 00:00:00+00:00, run_after=2021-01-01 00:00:00+00:00
[2026-02-22T10:46:15.090+0000] {processor.py:183} INFO - Processing /home/airflow/.local/lib/python3.12/site-packages/airflow/example_dags/example_xcom.py took 0.160 seconds
[2026-02-22T10:46:46.041+0000] {processor.py:161} INFO - Started process (PID=126) to work on /home/airflow/.local/lib/python3.12/site-packages/airflow/example_dags/example_xcom.py
[2026-02-22T10:46:46.042+0000] {processor.py:830} INFO - Processing file /home/airflow/.local/lib/python3.12/site-packages/airflow/example_dags/example_xcom.py for tasks to queue
[2026-02-22T10:46:46.044+0000] {logging_mixin.py:188} INFO - [2026-02-22T10:46:46.044+0000] {dagbag.py:545} INFO - Filling up the DagBag from /home/airflow/.local/lib/python3.12/site-packages/airflow/example_dags/example_xcom.py
[2026-02-22T10:46:46.052+0000] {processor.py:840} INFO - DAG(s) 'example_xcom' retrieved from /home/airflow/.local/lib/python3.12/site-packages/airflow/example_dags/example_xcom.py
[2026-02-22T10:46:46.131+0000] {logging_mixin.py:188} INFO - [2026-02-22T10:46:46.131+0000] {dag.py:3096} INFO - Sync 1 DAGs
[2026-02-22T10:46:46.150+0000] {logging_mixin.py:188} INFO - [2026-02-22T10:46:46.150+0000] {dag.py:3954} INFO - Setting next_dagrun for example_xcom to 2021-01-01 00:00:00+00:00, run_after=2021-01-01 00:00:00+00:00
[2026-02-22T10:46:46.173+0000] {processor.py:183} INFO - Processing /home/airflow/.local/lib/python3.12/site-packages/airflow/example_dags/example_xcom.py took 0.136 seconds
[2026-02-22T10:47:17.107+0000] {processor.py:161} INFO - Started process (PID=184) to work on /home/airflow/.local/lib/python3.12/site-packages/airflow/example_dags/example_xcom.py
[2026-02-22T10:47:17.107+0000] {processor.py:830} INFO - Processing file /home/airflow/.local/lib/python3.12/site-packages/airflow/example_dags/example_xcom.py for tasks to queue
[2026-02-22T10:47:17.109+0000] {logging_mixin.py:188} INFO - [2026-02-22T10:47:17.108+0000] {dagbag.py:545} INFO - Filling up the DagBag from /home/airflow/.local/lib/python3.12/site-packages/airflow/example_dags/example_xcom.py
[2026-02-22T10:47:17.113+0000] {processor.py:840} INFO - DAG(s) 'example_xcom' retrieved from /home/airflow/.local/lib/python3.12/site-packages/airflow/example_dags/example_xcom.py
[2026-02-22T10:47:17.127+0000] {logging_mixin.py:188} INFO - [2026-02-22T10:47:17.127+0000] {dag.py:3096} INFO - Sync 1 DAGs
[2026-02-22T10:47:17.138+0000] {logging_mixin.py:188} INFO - [2026-02-22T10:47:17.138+0000] {dag.py:3954} INFO - Setting next_dagrun for example_xcom to 2021-01-01 00:00:00+00:00, run_after=2021-01-01 00:00:00+00:00
[2026-02-22T10:47:17.150+0000] {processor.py:183} INFO - Processing /home/airflow/.local/lib/python3.12/site-packages/airflow/example_dags/example_xcom.py took 0.046 seconds
[2026-02-22T10:47:47.331+0000] {processor.py:161} INFO - Started process (PID=242) to work on /home/airflow/.local/lib/python3.12/site-packages/airflow/example_dags/example_xcom.py
[2026-02-22T10:47:47.332+0000] {processor.py:830} INFO - Processing file /home/airflow/.local/lib/python3.12/site-packages/airflow/example_dags/example_xcom.py for tasks to queue
[2026-02-22T10:47:47.334+0000] {logging_mixin.py:188} INFO - [2026-02-22T10:47:47.334+0000] {dagbag.py:545} INFO - Filling up the DagBag from /home/airflow/.local/lib/python3.12/site-packages/airflow/example_dags/example_xcom.py
[2026-02-22T10:47:47.341+0000] {processor.py:840} INFO - DAG(s) 'example_xcom' retrieved from /home/airflow/.local/lib/python3.12/site-packages/airflow/example_dags/example_xcom.py
[2026-02-22T10:47:47.355+0000] {logging_mixin.py:188} INFO - [2026-02-22T10:47:47.355+0000] {dag.py:3096} INFO - Sync 1 DAGs
[2026-02-22T10:47:47.370+0000] {logging_mixin.py:188} INFO - [2026-02-22T10:47:47.370+0000] {dag.py:3954} INFO - Setting next_dagrun for example_xcom to 2021-01-01 00:00:00+00:00, run_after=2021-01-01 00:00:00+00:00
[2026-02-22T10:47:47.386+0000] {processor.py:183} INFO - Processing /home/airflow/.local/lib/python3.12/site-packages/airflow/example_dags/example_xcom.py took 0.060 seconds
[2026-02-22T10:48:17.451+0000] {processor.py:161} INFO - Started process (PID=300) to work on /home/airflow/.local/lib/python3.12/site-packages/airflow/example_dags/example_xcom.py
[2026-02-22T10:48:17.451+0000] {processor.py:830} INFO - Processing file /home/airflow/.local/lib/python3.12/site-packages/airflow/example_dags/example_xcom.py for tasks to queue
[2026-02-22T10:48:17.452+0000] {logging_mixin.py:188} INFO - [2026-02-22T10:48:17.452+0000] {dagbag.py:545} INFO - Filling up the DagBag from /home/airflow/.local/lib/python3.12/site-packages/airflow/example_dags/example_xcom.py
[2026-02-22T10:48:17.457+0000] {processor.py:840} INFO - DAG(s) 'example_xcom' retrieved from /home/airflow/.local/lib/python3.12/site-packages/airflow/example_dags/example_xcom.py
[2026-02-22T10:48:17.468+0000] {logging_mixin.py:188} INFO - [2026-02-22T10:48:17.468+0000] {dag.py:3096} INFO - Sync 1 DAGs
[2026-02-22T10:48:17.483+0000] {logging_mixin.py:188} INFO - [2026-02-22T10:48:17.482+0000] {dag.py:3954} INFO - Setting next_dagrun for example_xcom to 2021-01-01 00:00:00+00:00, run_after=2021-01-01 00:00:00+00:00
[2026-02-22T10:48:17.497+0000] {processor.py:183} INFO - Processing /home/airflow/.local/lib/python3.12/site-packages/airflow/example_dags/example_xcom.py took 0.049 seconds
[2026-02-22T10:48:47.752+0000] {processor.py:161} INFO - Started process (PID=358) to work on /home/airflow/.local/lib/python3.12/site-packages/airflow/example_dags/example_xcom.py
[2026-02-22T10:48:47.753+0000] {processor.py:830} INFO - Processing file /home/airflow/.local/lib/python3.12/site-packages/airflow/example_dags/example_xcom.py for tasks to queue
[2026-02-22T10:48:47.754+0000] {logging_mixin.py:188} INFO - [2026-02-22T10:48:47.754+0000] {dagbag.py:545} INFO - Filling up the DagBag from /home/airflow/.local/lib/python3.12/site-packages/airflow/example_dags/example_xcom.py
[2026-02-22T10:48:47.761+0000] {processor.py:840} INFO - DAG(s) 'example_xcom' retrieved from /home/airflow/.local/lib/python3.12/site-packages/airflow/example_dags/example_xcom.py
[2026-02-22T10:48:47.773+0000] {logging_mixin.py:188} INFO - [2026-02-22T10:48:47.773+0000] {dag.py:3096} INFO - Sync 1 DAGs
[2026-02-22T10:48:47.784+0000] {logging_mixin.py:188} INFO - [2026-02-22T10:48:47.784+0000] {dag.py:3954} INFO - Setting next_dagrun for example_xcom to 2021-01-01 00:00:00+00:00, run_after=2021-01-01 00:00:00+00:00
[2026-02-22T10:48:47.799+0000] {processor.py:183} INFO - Processing /home/airflow/.local/lib/python3.12/site-packages/airflow/example_dags/example_xcom.py took 0.050 seconds
[2026-02-22T10:49:18.125+0000] {processor.py:161} INFO - Started process (PID=417) to work on /home/airflow/.local/lib/python3.12/site-packages/airflow/example_dags/example_xcom.py
[2026-02-22T10:49:18.126+0000] {processor.py:830} INFO - Processing file /home/airflow/.local/lib/python3.12/site-packages/airflow/example_dags/example_xcom.py for tasks to queue
[2026-02-22T10:49:18.127+0000] {logging_mixin.py:188} INFO - [2026-02-22T10:49:18.127+0000] {dagbag.py:545} INFO - Filling up the DagBag from /home/airflow/.local/lib/python3.12/site-packages/airflow/example_dags/example_xcom.py
[2026-02-22T10:49:18.135+0000] {processor.py:840} INFO - DAG(s) 'example_xcom' retrieved from /home/airflow/.local/lib/python3.12/site-packages/airflow/example_dags/example_xcom.py
[2026-02-22T10:49:18.148+0000] {logging_mixin.py:188} INFO - [2026-02-22T10:49:18.148+0000] {dag.py:3096} INFO - Sync 1 DAGs
[2026-02-22T10:49:18.162+0000] {logging_mixin.py:188} INFO - [2026-02-22T10:49:18.161+0000] {dag.py:3954} INFO - Setting next_dagrun for example_xcom to 2021-01-01 00:00:00+00:00, run_after=2021-01-01 00:00:00+00:00
[2026-02-22T10:49:18.170+0000] {processor.py:183} INFO - Processing /home/airflow/.local/lib/python3.12/site-packages/airflow/example_dags/example_xcom.py took 0.048 seconds
[2026-02-22T10:49:48.833+0000] {processor.py:161} INFO - Started process (PID=475) to work on /home/airflow/.local/lib/python3.12/site-packages/airflow/example_dags/example_xcom.py
[2026-02-22T10:49:48.834+0000] {processor.py:830} INFO - Processing file /home/airflow/.local/lib/python3.12/site-packages/airflow/example_dags/example_xcom.py for tasks to queue
[2026-02-22T10:49:48.835+0000] {logging_mixin.py:188} INFO - [2026-02-22T10:49:48.834+0000] {dagbag.py:545} INFO - Filling up the DagBag from /home/airflow/.local/lib/python3.12/site-packages/airflow/example_dags/example_xcom.py
[2026-02-22T10:49:48.839+0000] {processor.py:840} INFO - DAG(s) 'example_xcom' retrieved from /home/airflow/.local/lib/python3.12/site-packages/airflow/example_dags/example_xcom.py
[2026-02-22T10:49:48.853+0000] {logging_mixin.py:188} INFO - [2026-02-22T10:49:48.853+0000] {dag.py:3096} INFO - Sync 1 DAGs
[2026-02-22T10:49:48.867+0000] {logging_mixin.py:188} INFO - [2026-02-22T10:49:48.867+0000] {dag.py:3954} INFO - Setting next_dagrun for example_xcom to 2021-01-01 00:00:00+00:00, run_after=2021-01-01 00:00:00+00:00
[2026-02-22T10:49:48.879+0000] {processor.py:183} INFO - Processing /home/airflow/.local/lib/python3.12/site-packages/airflow/example_dags/example_xcom.py took 0.049 seconds
[2026-02-22T10:50:19.290+0000] {processor.py:161} INFO - Started process (PID=533) to work on /home/airflow/.local/lib/python3.12/site-packages/airflow/example_dags/example_xcom.py
[2026-02-22T10:50:19.293+0000] {processor.py:830} INFO - Processing file /home/airflow/.local/lib/python3.12/site-packages/airflow/example_dags/example_xcom.py for tasks to queue
[2026-02-22T10:50:19.294+0000] {logging_mixin.py:188} INFO - [2026-02-22T10:50:19.293+0000] {dagbag.py:545} INFO - Filling up the DagBag from /home/airflow/.local/lib/python3.12/site-packages/airflow/example_dags/example_xcom.py
[2026-02-22T10:50:19.298+0000] {processor.py:840} INFO - DAG(s) 'example_xcom' retrieved from /home/airflow/.local/lib/python3.12/site-packages/airflow/example_dags/example_xcom.py
[2026-02-22T10:50:19.312+0000] {logging_mixin.py:188} INFO - [2026-02-22T10:50:19.312+0000] {dag.py:3096} INFO - Sync 1 DAGs
[2026-02-22T10:50:19.324+0000] {logging_mixin.py:188} INFO - [2026-02-22T10:50:19.324+0000] {dag.py:3954} INFO - Setting next_dagrun for example_xcom to 2021-01-01 00:00:00+00:00, run_after=2021-01-01 00:00:00+00:00
[2026-02-22T10:50:19.336+0000] {processor.py:183} INFO - Processing /home/airflow/.local/lib/python3.12/site-packages/airflow/example_dags/example_xcom.py took 0.049 seconds
[2026-02-22T10:50:49.600+0000] {processor.py:161} INFO - Started process (PID=591) to work on /home/airflow/.local/lib/python3.12/site-packages/airflow/example_dags/example_xcom.py
[2026-02-22T10:50:49.601+0000] {processor.py:830} INFO - Processing file /home/airflow/.local/lib/python3.12/site-packages/airflow/example_dags/example_xcom.py for tasks to queue
[2026-02-22T10:50:49.602+0000] {logging_mixin.py:188} INFO - [2026-02-22T10:50:49.601+0000] {dagbag.py:545} INFO - Filling up the DagBag from /home/airflow/.local/lib/python3.12/site-packages/airflow/example_dags/example_xcom.py
[2026-02-22T10:50:49.606+0000] {processor.py:840} INFO - DAG(s) 'example_xcom' retrieved from /home/airflow/.local/lib/python3.12/site-packages/airflow/example_dags/example_xcom.py
[2026-02-22T10:50:49.619+0000] {logging_mixin.py:188} INFO - [2026-02-22T10:50:49.619+0000] {dag.py:3096} INFO - Sync 1 DAGs
[2026-02-22T10:50:49.633+0000] {logging_mixin.py:188} INFO - [2026-02-22T10:50:49.632+0000] {dag.py:3954} INFO - Setting next_dagrun for example_xcom to 2021-01-01 00:00:00+00:00, run_after=2021-01-01 00:00:00+00:00
[2026-02-22T10:50:49.648+0000] {processor.py:183} INFO - Processing /home/airflow/.local/lib/python3.12/site-packages/airflow/example_dags/example_xcom.py took 0.051 seconds
[2026-02-22T10:51:20.032+0000] {processor.py:161} INFO - Started process (PID=649) to work on /home/airflow/.local/lib/python3.12/site-packages/airflow/example_dags/example_xcom.py
[2026-02-22T10:51:20.033+0000] {processor.py:830} INFO - Processing file /home/airflow/.local/lib/python3.12/site-packages/airflow/example_dags/example_xcom.py for tasks to queue
[2026-02-22T10:51:20.035+0000] {logging_mixin.py:188} INFO - [2026-02-22T10:51:20.034+0000] {dagbag.py:545} INFO - Filling up the DagBag from /home/airflow/.local/lib/python3.12/site-packages/airflow/example_dags/example_xcom.py
[2026-02-22T10:51:20.039+0000] {processor.py:840} INFO - DAG(s) 'example_xcom' retrieved from /home/airflow/.local/lib/python3.12/site-packages/airflow/example_dags/example_xcom.py
[2026-02-22T10:51:20.053+0000] {logging_mixin.py:188} INFO - [2026-02-22T10:51:20.053+0000] {dag.py:3096} INFO - Sync 1 DAGs
[2026-02-22T10:51:20.066+0000] {logging_mixin.py:188} INFO - [2026-02-22T10:51:20.066+0000] {dag.py:3954} INFO - Setting next_dagrun for example_xcom to 2021-01-01 00:00:00+00:00, run_after=2021-01-01 00:00:00+00:00
[2026-02-22T10:51:20.079+0000] {processor.py:183} INFO - Processing /home/airflow/.local/lib/python3.12/site-packages/airflow/example_dags/example_xcom.py took 0.050 seconds
[2026-02-22T10:51:50.938+0000] {processor.py:161} INFO - Started process (PID=707) to work on /home/airflow/.local/lib/python3.12/site-packages/airflow/example_dags/example_xcom.py
[2026-02-22T10:51:50.940+0000] {processor.py:830} INFO - Processing file /home/airflow/.local/lib/python3.12/site-packages/airflow/example_dags/example_xcom.py for tasks to queue
[2026-02-22T10:51:50.945+0000] {logging_mixin.py:188} INFO - [2026-02-22T10:51:50.944+0000] {dagbag.py:545} INFO - Filling up the DagBag from /home/airflow/.local/lib/python3.12/site-packages/airflow/example_dags/example_xcom.py
[2026-02-22T10:51:50.955+0000] {processor.py:840} INFO - DAG(s) 'example_xcom' retrieved from /home/airflow/.local/lib/python3.12/site-packages/airflow/example_dags/example_xcom.py
[2026-02-22T10:51:50.977+0000] {logging_mixin.py:188} INFO - [2026-02-22T10:51:50.976+0000] {dag.py:3096} INFO - Sync 1 DAGs
[2026-02-22T10:51:50.999+0000] {logging_mixin.py:188} INFO - [2026-02-22T10:51:50.999+0000] {dag.py:3954} INFO - Setting next_dagrun for example_xcom to 2021-01-01 00:00:00+00:00, run_after=2021-01-01 00:00:00+00:00
[2026-02-22T10:51:51.018+0000] {processor.py:183} INFO - Processing /home/airflow/.local/lib/python3.12/site-packages/airflow/example_dags/example_xcom.py took 0.092 seconds
[2026-02-22T10:52:21.750+0000] {processor.py:161} INFO - Started process (PID=765) to work on /home/airflow/.local/lib/python3.12/site-packages/airflow/example_dags/example_xcom.py
[2026-02-22T10:52:21.751+0000] {processor.py:830} INFO - Processing file /home/airflow/.local/lib/python3.12/site-packages/airflow/example_dags/example_xcom.py for tasks to queue
[2026-02-22T10:52:21.752+0000] {logging_mixin.py:188} INFO - [2026-02-22T10:52:21.752+0000] {dagbag.py:545} INFO - Filling up the DagBag from /home/airflow/.local/lib/python3.12/site-packages/airflow/example_dags/example_xcom.py
[2026-02-22T10:52:21.756+0000] {processor.py:840} INFO - DAG(s) 'example_xcom' retrieved from /home/airflow/.local/lib/python3.12/site-packages/airflow/example_dags/example_xcom.py
[2026-02-22T10:52:21.768+0000] {logging_mixin.py:188} INFO - [2026-02-22T10:52:21.767+0000] {dag.py:3096} INFO - Sync 1 DAGs
[2026-02-22T10:52:21.779+0000] {logging_mixin.py:188} INFO - [2026-02-22T10:52:21.779+0000] {dag.py:3954} INFO - Setting next_dagrun for example_xcom to 2021-01-01 00:00:00+00:00, run_after=2021-01-01 00:00:00+00:00
[2026-02-22T10:52:21.789+0000] {processor.py:183} INFO - Processing /home/airflow/.local/lib/python3.12/site-packages/airflow/example_dags/example_xcom.py took 0.042 seconds
[2026-02-22T10:52:52.162+0000] {processor.py:161} INFO - Started process (PID=823) to work on /home/airflow/.local/lib/python3.12/site-packages/airflow/example_dags/example_xcom.py
[2026-02-22T10:52:52.163+0000] {processor.py:830} INFO - Processing file /home/airflow/.local/lib/python3.12/site-packages/airflow/example_dags/example_xcom.py for tasks to queue
[2026-02-22T10:52:52.164+0000] {logging_mixin.py:188} INFO - [2026-02-22T10:52:52.164+0000] {dagbag.py:545} INFO - Filling up the DagBag from /home/airflow/.local/lib/python3.12/site-packages/airflow/example_dags/example_xcom.py
[2026-02-22T10:52:52.170+0000] {processor.py:840} INFO - DAG(s) 'example_xcom' retrieved from /home/airflow/.local/lib/python3.12/site-packages/airflow/example_dags/example_xcom.py
[2026-02-22T10:52:52.184+0000] {logging_mixin.py:188} INFO - [2026-02-22T10:52:52.184+0000] {dag.py:3096} INFO - Sync 1 DAGs
[2026-02-22T10:52:52.198+0000] {logging_mixin.py:188} INFO - [2026-02-22T10:52:52.198+0000] {dag.py:3954} INFO - Setting next_dagrun for example_xcom to 2021-01-01 00:00:00+00:00, run_after=2021-01-01 00:00:00+00:00
[2026-02-22T10:52:52.208+0000] {processor.py:183} INFO - Processing /home/airflow/.local/lib/python3.12/site-packages/airflow/example_dags/example_xcom.py took 0.051 seconds
[2026-02-22T10:53:22.677+0000] {processor.py:161} INFO - Started process (PID=881) to work on /home/airflow/.local/lib/python3.12/site-packages/airflow/example_dags/example_xcom.py
[2026-02-22T10:53:22.709+0000] {processor.py:830} INFO - Processing file /home/airflow/.local/lib/python3.12/site-packages/airflow/example_dags/example_xcom.py for tasks to queue
[2026-02-22T10:53:22.723+0000] {logging_mixin.py:188} INFO - [2026-02-22T10:53:22.722+0000] {dagbag.py:545} INFO - Filling up the DagBag from /home/airflow/.local/lib/python3.12/site-packages/airflow/example_dags/example_xcom.py
[2026-02-22T10:53:22.761+0000] {processor.py:840} INFO - DAG(s) 'example_xcom' retrieved from /home/airflow/.local/lib/python3.12/site-packages/airflow/example_dags/example_xcom.py
[2026-02-22T10:53:22.887+0000] {logging_mixin.py:188} INFO - [2026-02-22T10:53:22.886+0000] {dag.py:3096} INFO - Sync 1 DAGs
[2026-02-22T10:53:22.931+0000] {logging_mixin.py:188} INFO - [2026-02-22T10:53:22.930+0000] {dag.py:3954} INFO - Setting next_dagrun for example_xcom to 2021-01-01 00:00:00+00:00, run_after=2021-01-01 00:00:00+00:00
[2026-02-22T10:53:22.961+0000] {processor.py:183} INFO - Processing /home/airflow/.local/lib/python3.12/site-packages/airflow/example_dags/example_xcom.py took 0.300 seconds
[2026-02-22T10:53:52.986+0000] {processor.py:161} INFO - Started process (PID=939) to work on /home/airflow/.local/lib/python3.12/site-packages/airflow/example_dags/example_xcom.py
[2026-02-22T10:53:52.987+0000] {processor.py:830} INFO - Processing file /home/airflow/.local/lib/python3.12/site-packages/airflow/example_dags/example_xcom.py for tasks to queue
[2026-02-22T10:53:52.988+0000] {logging_mixin.py:188} INFO - [2026-02-22T10:53:52.988+0000] {dagbag.py:545} INFO - Filling up the DagBag from /home/airflow/.local/lib/python3.12/site-packages/airflow/example_dags/example_xcom.py
[2026-02-22T10:53:52.997+0000] {processor.py:840} INFO - DAG(s) 'example_xcom' retrieved from /home/airflow/.local/lib/python3.12/site-packages/airflow/example_dags/example_xcom.py
[2026-02-22T10:53:53.011+0000] {logging_mixin.py:188} INFO - [2026-02-22T10:53:53.011+0000] {dag.py:3096} INFO - Sync 1 DAGs
[2026-02-22T10:53:53.023+0000] {logging_mixin.py:188} INFO - [2026-02-22T10:53:53.023+0000] {dag.py:3954} INFO - Setting next_dagrun for example_xcom to 2021-01-01 00:00:00+00:00, run_after=2021-01-01 00:00:00+00:00
[2026-02-22T10:53:53.040+0000] {processor.py:183} INFO - Processing /home/airflow/.local/lib/python3.12/site-packages/airflow/example_dags/example_xcom.py took 0.059 seconds
[2026-02-22T10:54:23.236+0000] {processor.py:161} INFO - Started process (PID=997) to work on /home/airflow/.local/lib/python3.12/site-packages/airflow/example_dags/example_xcom.py
[2026-02-22T10:54:23.237+0000] {processor.py:830} INFO - Processing file /home/airflow/.local/lib/python3.12/site-packages/airflow/example_dags/example_xcom.py for tasks to queue
[2026-02-22T10:54:23.238+0000] {logging_mixin.py:188} INFO - [2026-02-22T10:54:23.238+0000] {dagbag.py:545} INFO - Filling up the DagBag from /home/airflow/.local/lib/python3.12/site-packages/airflow/example_dags/example_xcom.py
[2026-02-22T10:54:23.243+0000] {processor.py:840} INFO - DAG(s) 'example_xcom' retrieved from /home/airflow/.local/lib/python3.12/site-packages/airflow/example_dags/example_xcom.py
[2026-02-22T10:54:23.254+0000] {logging_mixin.py:188} INFO - [2026-02-22T10:54:23.253+0000] {dag.py:3096} INFO - Sync 1 DAGs
[2026-02-22T10:54:23.264+0000] {logging_mixin.py:188} INFO - [2026-02-22T10:54:23.264+0000] {dag.py:3954} INFO - Setting next_dagrun for example_xcom to 2021-01-01 00:00:00+00:00, run_after=2021-01-01 00:00:00+00:00
[2026-02-22T10:54:23.273+0000] {processor.py:183} INFO - Processing /home/airflow/.local/lib/python3.12/site-packages/airflow/example_dags/example_xcom.py took 0.040 seconds
[2026-02-22T10:54:53.586+0000] {processor.py:161} INFO - Started process (PID=1055) to work on /home/airflow/.local/lib/python3.12/site-packages/airflow/example_dags/example_xcom.py
[2026-02-22T10:54:53.587+0000] {processor.py:830} INFO - Processing file /home/airflow/.local/lib/python3.12/site-packages/airflow/example_dags/example_xcom.py for tasks to queue
[2026-02-22T10:54:53.588+0000] {logging_mixin.py:188} INFO - [2026-02-22T10:54:53.588+0000] {dagbag.py:545} INFO - Filling up the DagBag from /home/airflow/.local/lib/python3.12/site-packages/airflow/example_dags/example_xcom.py
[2026-02-22T10:54:53.592+0000] {processor.py:840} INFO - DAG(s) 'example_xcom' retrieved from /home/airflow/.local/lib/python3.12/site-packages/airflow/example_dags/example_xcom.py
[2026-02-22T10:54:53.606+0000] {logging_mixin.py:188} INFO - [2026-02-22T10:54:53.606+0000] {dag.py:3096} INFO - Sync 1 DAGs
[2026-02-22T10:54:53.616+0000] {logging_mixin.py:188} INFO - [2026-02-22T10:54:53.616+0000] {dag.py:3954} INFO - Setting next_dagrun for example_xcom to 2021-01-01 00:00:00+00:00, run_after=2021-01-01 00:00:00+00:00
[2026-02-22T10:54:53.624+0000] {processor.py:183} INFO - Processing /home/airflow/.local/lib/python3.12/site-packages/airflow/example_dags/example_xcom.py took 0.041 seconds
[2026-02-22T10:55:23.992+0000] {processor.py:161} INFO - Started process (PID=1113) to work on /home/airflow/.local/lib/python3.12/site-packages/airflow/example_dags/example_xcom.py
[2026-02-22T10:55:23.993+0000] {processor.py:830} INFO - Processing file /home/airflow/.local/lib/python3.12/site-packages/airflow/example_dags/example_xcom.py for tasks to queue
[2026-02-22T10:55:23.994+0000] {logging_mixin.py:188} INFO - [2026-02-22T10:55:23.994+0000] {dagbag.py:545} INFO - Filling up the DagBag from /home/airflow/.local/lib/python3.12/site-packages/airflow/example_dags/example_xcom.py
[2026-02-22T10:55:23.998+0000] {processor.py:840} INFO - DAG(s) 'example_xcom' retrieved from /home/airflow/.local/lib/python3.12/site-packages/airflow/example_dags/example_xcom.py
[2026-02-22T10:55:24.011+0000] {logging_mixin.py:188} INFO - [2026-02-22T10:55:24.011+0000] {dag.py:3096} INFO - Sync 1 DAGs
[2026-02-22T10:55:24.021+0000] {logging_mixin.py:188} INFO - [2026-02-22T10:55:24.021+0000] {dag.py:3954} INFO - Setting next_dagrun for example_xcom to 2021-01-01 00:00:00+00:00, run_after=2021-01-01 00:00:00+00:00
[2026-02-22T10:55:24.029+0000] {processor.py:183} INFO - Processing /home/airflow/.local/lib/python3.12/site-packages/airflow/example_dags/example_xcom.py took 0.041 seconds
[2026-02-22T10:55:54.364+0000] {processor.py:161} INFO - Started process (PID=1171) to work on /home/airflow/.local/lib/python3.12/site-packages/airflow/example_dags/example_xcom.py
[2026-02-22T10:55:54.365+0000] {processor.py:830} INFO - Processing file /home/airflow/.local/lib/python3.12/site-packages/airflow/example_dags/example_xcom.py for tasks to queue
[2026-02-22T10:55:54.367+0000] {logging_mixin.py:188} INFO - [2026-02-22T10:55:54.366+0000] {dagbag.py:545} INFO - Filling up the DagBag from /home/airflow/.local/lib/python3.12/site-packages/airflow/example_dags/example_xcom.py
[2026-02-22T10:55:54.373+0000] {processor.py:840} INFO - DAG(s) 'example_xcom' retrieved from /home/airflow/.local/lib/python3.12/site-packages/airflow/example_dags/example_xcom.py
[2026-02-22T10:55:54.389+0000] {logging_mixin.py:188} INFO - [2026-02-22T10:55:54.389+0000] {dag.py:3096} INFO - Sync 1 DAGs
[2026-02-22T10:55:54.412+0000] {logging_mixin.py:188} INFO - [2026-02-22T10:55:54.412+0000] {dag.py:3954} INFO - Setting next_dagrun for example_xcom to 2021-01-01 00:00:00+00:00, run_after=2021-01-01 00:00:00+00:00
[2026-02-22T10:55:54.440+0000] {processor.py:183} INFO - Processing /home/airflow/.local/lib/python3.12/site-packages/airflow/example_dags/example_xcom.py took 0.081 seconds
[2026-02-22T10:56:24.931+0000] {processor.py:161} INFO - Started process (PID=1229) to work on /home/airflow/.local/lib/python3.12/site-packages/airflow/example_dags/example_xcom.py
[2026-02-22T10:56:24.932+0000] {processor.py:830} INFO - Processing file /home/airflow/.local/lib/python3.12/site-packages/airflow/example_dags/example_xcom.py for tasks to queue
[2026-02-22T10:56:24.934+0000] {logging_mixin.py:188} INFO - [2026-02-22T10:56:24.933+0000] {dagbag.py:545} INFO - Filling up the DagBag from /home/airflow/.local/lib/python3.12/site-packages/airflow/example_dags/example_xcom.py
[2026-02-22T10:56:24.939+0000] {processor.py:840} INFO - DAG(s) 'example_xcom' retrieved from /home/airflow/.local/lib/python3.12/site-packages/airflow/example_dags/example_xcom.py
[2026-02-22T10:56:24.955+0000] {logging_mixin.py:188} INFO - [2026-02-22T10:56:24.955+0000] {dag.py:3096} INFO - Sync 1 DAGs
[2026-02-22T10:56:24.970+0000] {logging_mixin.py:188} INFO - [2026-02-22T10:56:24.970+0000] {dag.py:3954} INFO - Setting next_dagrun for example_xcom to 2021-01-01 00:00:00+00:00, run_after=2021-01-01 00:00:00+00:00
[2026-02-22T10:56:24.985+0000] {processor.py:183} INFO - Processing /home/airflow/.local/lib/python3.12/site-packages/airflow/example_dags/example_xcom.py took 0.059 seconds
[2026-02-22T10:56:55.573+0000] {processor.py:161} INFO - Started process (PID=1286) to work on /home/airflow/.local/lib/python3.12/site-packages/airflow/example_dags/example_xcom.py
[2026-02-22T10:56:55.574+0000] {processor.py:830} INFO - Processing file /home/airflow/.local/lib/python3.12/site-packages/airflow/example_dags/example_xcom.py for tasks to queue
[2026-02-22T10:56:55.576+0000] {logging_mixin.py:188} INFO - [2026-02-22T10:56:55.575+0000] {dagbag.py:545} INFO - Filling up the DagBag from /home/airflow/.local/lib/python3.12/site-packages/airflow/example_dags/example_xcom.py
[2026-02-22T10:56:55.583+0000] {processor.py:840} INFO - DAG(s) 'example_xcom' retrieved from /home/airflow/.local/lib/python3.12/site-packages/airflow/example_dags/example_xcom.py
[2026-02-22T10:56:55.599+0000] {logging_mixin.py:188} INFO - [2026-02-22T10:56:55.599+0000] {dag.py:3096} INFO - Sync 1 DAGs
[2026-02-22T10:56:55.614+0000] {logging_mixin.py:188} INFO - [2026-02-22T10:56:55.614+0000] {dag.py:3954} INFO - Setting next_dagrun for example_xcom to 2021-01-01 00:00:00+00:00, run_after=2021-01-01 00:00:00+00:00
[2026-02-22T10:56:55.639+0000] {processor.py:183} INFO - Processing /home/airflow/.local/lib/python3.12/site-packages/airflow/example_dags/example_xcom.py took 0.069 seconds
[2026-02-22T10:57:25.855+0000] {processor.py:161} INFO - Started process (PID=1344) to work on /home/airflow/.local/lib/python3.12/site-packages/airflow/example_dags/example_xcom.py
[2026-02-22T10:57:25.856+0000] {processor.py:830} INFO - Processing file /home/airflow/.local/lib/python3.12/site-packages/airflow/example_dags/example_xcom.py for tasks to queue
[2026-02-22T10:57:25.858+0000] {logging_mixin.py:188} INFO - [2026-02-22T10:57:25.857+0000] {dagbag.py:545} INFO - Filling up the DagBag from /home/airflow/.local/lib/python3.12/site-packages/airflow/example_dags/example_xcom.py
[2026-02-22T10:57:25.864+0000] {processor.py:840} INFO - DAG(s) 'example_xcom' retrieved from /home/airflow/.local/lib/python3.12/site-packages/airflow/example_dags/example_xcom.py
[2026-02-22T10:57:25.878+0000] {logging_mixin.py:188} INFO - [2026-02-22T10:57:25.878+0000] {dag.py:3096} INFO - Sync 1 DAGs
[2026-02-22T10:57:25.892+0000] {logging_mixin.py:188} INFO - [2026-02-22T10:57:25.892+0000] {dag.py:3954} INFO - Setting next_dagrun for example_xcom to 2021-01-01 00:00:00+00:00, run_after=2021-01-01 00:00:00+00:00
[2026-02-22T10:57:25.904+0000] {processor.py:183} INFO - Processing /home/airflow/.local/lib/python3.12/site-packages/airflow/example_dags/example_xcom.py took 0.053 seconds
[2026-02-22T10:57:56.622+0000] {processor.py:161} INFO - Started process (PID=1402) to work on /home/airflow/.local/lib/python3.12/site-packages/airflow/example_dags/example_xcom.py
[2026-02-22T10:57:56.623+0000] {processor.py:830} INFO - Processing file /home/airflow/.local/lib/python3.12/site-packages/airflow/example_dags/example_xcom.py for tasks to queue
[2026-02-22T10:57:56.625+0000] {logging_mixin.py:188} INFO - [2026-02-22T10:57:56.624+0000] {dagbag.py:545} INFO - Filling up the DagBag from /home/airflow/.local/lib/python3.12/site-packages/airflow/example_dags/example_xcom.py
[2026-02-22T10:57:56.631+0000] {processor.py:840} INFO - DAG(s) 'example_xcom' retrieved from /home/airflow/.local/lib/python3.12/site-packages/airflow/example_dags/example_xcom.py
[2026-02-22T10:57:56.643+0000] {logging_mixin.py:188} INFO - [2026-02-22T10:57:56.642+0000] {dag.py:3096} INFO - Sync 1 DAGs
[2026-02-22T10:57:56.655+0000] {logging_mixin.py:188} INFO - [2026-02-22T10:57:56.655+0000] {dag.py:3954} INFO - Setting next_dagrun for example_xcom to 2021-01-01 00:00:00+00:00, run_after=2021-01-01 00:00:00+00:00
[2026-02-22T10:57:56.669+0000] {processor.py:183} INFO - Processing /home/airflow/.local/lib/python3.12/site-packages/airflow/example_dags/example_xcom.py took 0.050 seconds
[2026-02-22T10:58:26.705+0000] {processor.py:161} INFO - Started process (PID=1460) to work on /home/airflow/.local/lib/python3.12/site-packages/airflow/example_dags/example_xcom.py
[2026-02-22T10:58:26.706+0000] {processor.py:830} INFO - Processing file /home/airflow/.local/lib/python3.12/site-packages/airflow/example_dags/example_xcom.py for tasks to queue
[2026-02-22T10:58:26.707+0000] {logging_mixin.py:188} INFO - [2026-02-22T10:58:26.707+0000] {dagbag.py:545} INFO - Filling up the DagBag from /home/airflow/.local/lib/python3.12/site-packages/airflow/example_dags/example_xcom.py
[2026-02-22T10:58:26.713+0000] {processor.py:840} INFO - DAG(s) 'example_xcom' retrieved from /home/airflow/.local/lib/python3.12/site-packages/airflow/example_dags/example_xcom.py
[2026-02-22T10:58:26.727+0000] {logging_mixin.py:188} INFO - [2026-02-22T10:58:26.726+0000] {dag.py:3096} INFO - Sync 1 DAGs
[2026-02-22T10:58:26.745+0000] {logging_mixin.py:188} INFO - [2026-02-22T10:58:26.744+0000] {dag.py:3954} INFO - Setting next_dagrun for example_xcom to 2021-01-01 00:00:00+00:00, run_after=2021-01-01 00:00:00+00:00
[2026-02-22T10:58:26.760+0000] {processor.py:183} INFO - Processing /home/airflow/.local/lib/python3.12/site-packages/airflow/example_dags/example_xcom.py took 0.060 seconds
[2026-02-22T10:58:57.182+0000] {processor.py:161} INFO - Started process (PID=1518) to work on /home/airflow/.local/lib/python3.12/site-packages/airflow/example_dags/example_xcom.py
[2026-02-22T10:58:57.183+0000] {processor.py:830} INFO - Processing file /home/airflow/.local/lib/python3.12/site-packages/airflow/example_dags/example_xcom.py for tasks to queue
[2026-02-22T10:58:57.185+0000] {logging_mixin.py:188} INFO - [2026-02-22T10:58:57.185+0000] {dagbag.py:545} INFO - Filling up the DagBag from /home/airflow/.local/lib/python3.12/site-packages/airflow/example_dags/example_xcom.py
[2026-02-22T10:58:57.190+0000] {processor.py:840} INFO - DAG(s) 'example_xcom' retrieved from /home/airflow/.local/lib/python3.12/site-packages/airflow/example_dags/example_xcom.py
[2026-02-22T10:58:57.208+0000] {logging_mixin.py:188} INFO - [2026-02-22T10:58:57.208+0000] {dag.py:3096} INFO - Sync 1 DAGs
[2026-02-22T10:58:57.224+0000] {logging_mixin.py:188} INFO - [2026-02-22T10:58:57.224+0000] {dag.py:3954} INFO - Setting next_dagrun for example_xcom to 2021-01-01 00:00:00+00:00, run_after=2021-01-01 00:00:00+00:00
[2026-02-22T10:58:57.243+0000] {processor.py:183} INFO - Processing /home/airflow/.local/lib/python3.12/site-packages/airflow/example_dags/example_xcom.py took 0.067 seconds
[2026-02-22T10:59:27.400+0000] {processor.py:161} INFO - Started process (PID=1576) to work on /home/airflow/.local/lib/python3.12/site-packages/airflow/example_dags/example_xcom.py
[2026-02-22T10:59:27.401+0000] {processor.py:830} INFO - Processing file /home/airflow/.local/lib/python3.12/site-packages/airflow/example_dags/example_xcom.py for tasks to queue
[2026-02-22T10:59:27.402+0000] {logging_mixin.py:188} INFO - [2026-02-22T10:59:27.402+0000] {dagbag.py:545} INFO - Filling up the DagBag from /home/airflow/.local/lib/python3.12/site-packages/airflow/example_dags/example_xcom.py
[2026-02-22T10:59:27.407+0000] {processor.py:840} INFO - DAG(s) 'example_xcom' retrieved from /home/airflow/.local/lib/python3.12/site-packages/airflow/example_dags/example_xcom.py
[2026-02-22T10:59:27.420+0000] {logging_mixin.py:188} INFO - [2026-02-22T10:59:27.420+0000] {dag.py:3096} INFO - Sync 1 DAGs
[2026-02-22T10:59:27.432+0000] {logging_mixin.py:188} INFO - [2026-02-22T10:59:27.432+0000] {dag.py:3954} INFO - Setting next_dagrun for example_xcom to 2021-01-01 00:00:00+00:00, run_after=2021-01-01 00:00:00+00:00
[2026-02-22T10:59:27.443+0000] {processor.py:183} INFO - Processing /home/airflow/.local/lib/python3.12/site-packages/airflow/example_dags/example_xcom.py took 0.048 seconds
[2026-02-22T10:59:58.054+0000] {processor.py:161} INFO - Started process (PID=1634) to work on /home/airflow/.local/lib/python3.12/site-packages/airflow/example_dags/example_xcom.py
[2026-02-22T10:59:58.057+0000] {processor.py:830} INFO - Processing file /home/airflow/.local/lib/python3.12/site-packages/airflow/example_dags/example_xcom.py for tasks to queue
[2026-02-22T10:59:58.059+0000] {logging_mixin.py:188} INFO - [2026-02-22T10:59:58.059+0000] {dagbag.py:545} INFO - Filling up the DagBag from /home/airflow/.local/lib/python3.12/site-packages/airflow/example_dags/example_xcom.py
[2026-02-22T10:59:58.066+0000] {processor.py:840} INFO - DAG(s) 'example_xcom' retrieved from /home/airflow/.local/lib/python3.12/site-packages/airflow/example_dags/example_xcom.py
[2026-02-22T10:59:58.083+0000] {logging_mixin.py:188} INFO - [2026-02-22T10:59:58.082+0000] {dag.py:3096} INFO - Sync 1 DAGs
[2026-02-22T10:59:58.102+0000] {logging_mixin.py:188} INFO - [2026-02-22T10:59:58.101+0000] {dag.py:3954} INFO - Setting next_dagrun for example_xcom to 2021-01-01 00:00:00+00:00, run_after=2021-01-01 00:00:00+00:00
[2026-02-22T10:59:58.126+0000] {processor.py:183} INFO - Processing /home/airflow/.local/lib/python3.12/site-packages/airflow/example_dags/example_xcom.py took 0.078 seconds
[2026-02-22T11:00:28.168+0000] {processor.py:161} INFO - Started process (PID=1692) to work on /home/airflow/.local/lib/python3.12/site-packages/airflow/example_dags/example_xcom.py
[2026-02-22T11:00:28.169+0000] {processor.py:830} INFO - Processing file /home/airflow/.local/lib/python3.12/site-packages/airflow/example_dags/example_xcom.py for tasks to queue
[2026-02-22T11:00:28.171+0000] {logging_mixin.py:188} INFO - [2026-02-22T11:00:28.170+0000] {dagbag.py:545} INFO - Filling up the DagBag from /home/airflow/.local/lib/python3.12/site-packages/airflow/example_dags/example_xcom.py
[2026-02-22T11:00:28.175+0000] {processor.py:840} INFO - DAG(s) 'example_xcom' retrieved from /home/airflow/.local/lib/python3.12/site-packages/airflow/example_dags/example_xcom.py
[2026-02-22T11:00:28.186+0000] {logging_mixin.py:188} INFO - [2026-02-22T11:00:28.186+0000] {dag.py:3096} INFO - Sync 1 DAGs
[2026-02-22T11:00:28.200+0000] {logging_mixin.py:188} INFO - [2026-02-22T11:00:28.200+0000] {dag.py:3954} INFO - Setting next_dagrun for example_xcom to 2021-01-01 00:00:00+00:00, run_after=2021-01-01 00:00:00+00:00
[2026-02-22T11:00:28.216+0000] {processor.py:183} INFO - Processing /home/airflow/.local/lib/python3.12/site-packages/airflow/example_dags/example_xcom.py took 0.052 seconds
[2026-02-22T11:00:58.728+0000] {processor.py:161} INFO - Started process (PID=1750) to work on /home/airflow/.local/lib/python3.12/site-packages/airflow/example_dags/example_xcom.py
[2026-02-22T11:00:58.729+0000] {processor.py:830} INFO - Processing file /home/airflow/.local/lib/python3.12/site-packages/airflow/example_dags/example_xcom.py for tasks to queue
[2026-02-22T11:00:58.731+0000] {logging_mixin.py:188} INFO - [2026-02-22T11:00:58.731+0000] {dagbag.py:545} INFO - Filling up the DagBag from /home/airflow/.local/lib/python3.12/site-packages/airflow/example_dags/example_xcom.py
[2026-02-22T11:00:58.738+0000] {processor.py:840} INFO - DAG(s) 'example_xcom' retrieved from /home/airflow/.local/lib/python3.12/site-packages/airflow/example_dags/example_xcom.py
[2026-02-22T11:00:58.754+0000] {logging_mixin.py:188} INFO - [2026-02-22T11:00:58.754+0000] {dag.py:3096} INFO - Sync 1 DAGs
[2026-02-22T11:00:58.773+0000] {logging_mixin.py:188} INFO - [2026-02-22T11:00:58.773+0000] {dag.py:3954} INFO - Setting next_dagrun for example_xcom to 2021-01-01 00:00:00+00:00, run_after=2021-01-01 00:00:00+00:00
[2026-02-22T11:00:58.794+0000] {processor.py:183} INFO - Processing /home/airflow/.local/lib/python3.12/site-packages/airflow/example_dags/example_xcom.py took 0.070 seconds
[2026-02-22T11:01:29.073+0000] {processor.py:161} INFO - Started process (PID=1809) to work on /home/airflow/.local/lib/python3.12/site-packages/airflow/example_dags/example_xcom.py
[2026-02-22T11:01:29.074+0000] {processor.py:830} INFO - Processing file /home/airflow/.local/lib/python3.12/site-packages/airflow/example_dags/example_xcom.py for tasks to queue
[2026-02-22T11:01:29.077+0000] {logging_mixin.py:188} INFO - [2026-02-22T11:01:29.077+0000] {dagbag.py:545} INFO - Filling up the DagBag from /home/airflow/.local/lib/python3.12/site-packages/airflow/example_dags/example_xcom.py
[2026-02-22T11:01:29.089+0000] {processor.py:840} INFO - DAG(s) 'example_xcom' retrieved from /home/airflow/.local/lib/python3.12/site-packages/airflow/example_dags/example_xcom.py
[2026-02-22T11:01:29.106+0000] {logging_mixin.py:188} INFO - [2026-02-22T11:01:29.106+0000] {dag.py:3096} INFO - Sync 1 DAGs
[2026-02-22T11:01:29.120+0000] {logging_mixin.py:188} INFO - [2026-02-22T11:01:29.120+0000] {dag.py:3954} INFO - Setting next_dagrun for example_xcom to 2021-01-01 00:00:00+00:00, run_after=2021-01-01 00:00:00+00:00
[2026-02-22T11:01:29.136+0000] {processor.py:183} INFO - Processing /home/airflow/.local/lib/python3.12/site-packages/airflow/example_dags/example_xcom.py took 0.067 seconds
[2026-02-22T11:01:59.233+0000] {processor.py:161} INFO - Started process (PID=1868) to work on /home/airflow/.local/lib/python3.12/site-packages/airflow/example_dags/example_xcom.py
[2026-02-22T11:01:59.234+0000] {processor.py:830} INFO - Processing file /home/airflow/.local/lib/python3.12/site-packages/airflow/example_dags/example_xcom.py for tasks to queue
[2026-02-22T11:01:59.236+0000] {logging_mixin.py:188} INFO - [2026-02-22T11:01:59.236+0000] {dagbag.py:545} INFO - Filling up the DagBag from /home/airflow/.local/lib/python3.12/site-packages/airflow/example_dags/example_xcom.py
[2026-02-22T11:01:59.243+0000] {processor.py:840} INFO - DAG(s) 'example_xcom' retrieved from /home/airflow/.local/lib/python3.12/site-packages/airflow/example_dags/example_xcom.py
[2026-02-22T11:01:59.254+0000] {logging_mixin.py:188} INFO - [2026-02-22T11:01:59.253+0000] {dag.py:3096} INFO - Sync 1 DAGs
[2026-02-22T11:01:59.265+0000] {logging_mixin.py:188} INFO - [2026-02-22T11:01:59.265+0000] {dag.py:3954} INFO - Setting next_dagrun for example_xcom to 2021-01-01 00:00:00+00:00, run_after=2021-01-01 00:00:00+00:00
[2026-02-22T11:01:59.274+0000] {processor.py:183} INFO - Processing /home/airflow/.local/lib/python3.12/site-packages/airflow/example_dags/example_xcom.py took 0.044 seconds
[2026-02-22T11:02:30.203+0000] {processor.py:161} INFO - Started process (PID=1927) to work on /home/airflow/.local/lib/python3.12/site-packages/airflow/example_dags/example_xcom.py
[2026-02-22T11:02:30.205+0000] {processor.py:830} INFO - Processing file /home/airflow/.local/lib/python3.12/site-packages/airflow/example_dags/example_xcom.py for tasks to queue
[2026-02-22T11:02:30.209+0000] {logging_mixin.py:188} INFO - [2026-02-22T11:02:30.208+0000] {dagbag.py:545} INFO - Filling up the DagBag from /home/airflow/.local/lib/python3.12/site-packages/airflow/example_dags/example_xcom.py
[2026-02-22T11:02:30.332+0000] {processor.py:840} INFO - DAG(s) 'example_xcom' retrieved from /home/airflow/.local/lib/python3.12/site-packages/airflow/example_dags/example_xcom.py
[2026-02-22T11:02:30.343+0000] {logging_mixin.py:188} INFO - [2026-02-22T11:02:30.343+0000] {dag.py:3096} INFO - Sync 1 DAGs
[2026-02-22T11:02:30.363+0000] {logging_mixin.py:188} INFO - [2026-02-22T11:02:30.363+0000] {dag.py:3954} INFO - Setting next_dagrun for example_xcom to 2021-01-01 00:00:00+00:00, run_after=2021-01-01 00:00:00+00:00
[2026-02-22T11:02:30.379+0000] {processor.py:183} INFO - Processing /home/airflow/.local/lib/python3.12/site-packages/airflow/example_dags/example_xcom.py took 0.186 seconds
[2026-02-22T11:03:01.178+0000] {processor.py:161} INFO - Started process (PID=1986) to work on /home/airflow/.local/lib/python3.12/site-packages/airflow/example_dags/example_xcom.py
[2026-02-22T11:03:01.179+0000] {processor.py:830} INFO - Processing file /home/airflow/.local/lib/python3.12/site-packages/airflow/example_dags/example_xcom.py for tasks to queue
[2026-02-22T11:03:01.181+0000] {logging_mixin.py:188} INFO - [2026-02-22T11:03:01.180+0000] {dagbag.py:545} INFO - Filling up the DagBag from /home/airflow/.local/lib/python3.12/site-packages/airflow/example_dags/example_xcom.py
[2026-02-22T11:03:01.185+0000] {processor.py:840} INFO - DAG(s) 'example_xcom' retrieved from /home/airflow/.local/lib/python3.12/site-packages/airflow/example_dags/example_xcom.py
[2026-02-22T11:03:01.198+0000] {logging_mixin.py:188} INFO - [2026-02-22T11:03:01.197+0000] {dag.py:3096} INFO - Sync 1 DAGs
[2026-02-22T11:03:01.208+0000] {logging_mixin.py:188} INFO - [2026-02-22T11:03:01.208+0000] {dag.py:3954} INFO - Setting next_dagrun for example_xcom to 2021-01-01 00:00:00+00:00, run_after=2021-01-01 00:00:00+00:00
[2026-02-22T11:03:01.221+0000] {processor.py:183} INFO - Processing /home/airflow/.local/lib/python3.12/site-packages/airflow/example_dags/example_xcom.py took 0.047 seconds
[2026-02-22T11:03:31.493+0000] {processor.py:161} INFO - Started process (PID=2045) to work on /home/airflow/.local/lib/python3.12/site-packages/airflow/example_dags/example_xcom.py
[2026-02-22T11:03:31.496+0000] {processor.py:830} INFO - Processing file /home/airflow/.local/lib/python3.12/site-packages/airflow/example_dags/example_xcom.py for tasks to queue
[2026-02-22T11:03:31.497+0000] {logging_mixin.py:188} INFO - [2026-02-22T11:03:31.497+0000] {dagbag.py:545} INFO - Filling up the DagBag from /home/airflow/.local/lib/python3.12/site-packages/airflow/example_dags/example_xcom.py
[2026-02-22T11:03:31.517+0000] {processor.py:840} INFO - DAG(s) 'example_xcom' retrieved from /home/airflow/.local/lib/python3.12/site-packages/airflow/example_dags/example_xcom.py
[2026-02-22T11:03:31.563+0000] {logging_mixin.py:188} INFO - [2026-02-22T11:03:31.562+0000] {dag.py:3096} INFO - Sync 1 DAGs
[2026-02-22T11:03:31.613+0000] {logging_mixin.py:188} INFO - [2026-02-22T11:03:31.612+0000] {dag.py:3954} INFO - Setting next_dagrun for example_xcom to 2021-01-01 00:00:00+00:00, run_after=2021-01-01 00:00:00+00:00
[2026-02-22T11:03:31.661+0000] {processor.py:183} INFO - Processing /home/airflow/.local/lib/python3.12/site-packages/airflow/example_dags/example_xcom.py took 0.176 seconds
[2026-02-22T11:04:12.613+0000] {processor.py:161} INFO - Started process (PID=2104) to work on /home/airflow/.local/lib/python3.12/site-packages/airflow/example_dags/example_xcom.py
[2026-02-22T11:04:12.643+0000] {processor.py:830} INFO - Processing file /home/airflow/.local/lib/python3.12/site-packages/airflow/example_dags/example_xcom.py for tasks to queue
[2026-02-22T11:04:12.699+0000] {logging_mixin.py:188} INFO - [2026-02-22T11:04:12.683+0000] {dagbag.py:545} INFO - Filling up the DagBag from /home/airflow/.local/lib/python3.12/site-packages/airflow/example_dags/example_xcom.py
[2026-02-22T11:04:12.927+0000] {processor.py:840} INFO - DAG(s) 'example_xcom' retrieved from /home/airflow/.local/lib/python3.12/site-packages/airflow/example_dags/example_xcom.py
[2026-02-22T11:04:13.563+0000] {logging_mixin.py:188} INFO - [2026-02-22T11:04:13.562+0000] {dag.py:3096} INFO - Sync 1 DAGs
[2026-02-22T11:04:13.856+0000] {logging_mixin.py:188} INFO - [2026-02-22T11:04:13.852+0000] {dag.py:3954} INFO - Setting next_dagrun for example_xcom to 2021-01-01 00:00:00+00:00, run_after=2021-01-01 00:00:00+00:00
[2026-02-22T11:04:14.061+0000] {processor.py:183} INFO - Processing /home/airflow/.local/lib/python3.12/site-packages/airflow/example_dags/example_xcom.py took 1.490 seconds
[2026-02-22T16:34:23.824+0000] {processor.py:161} INFO - Started process (PID=67) to work on /home/airflow/.local/lib/python3.12/site-packages/airflow/example_dags/example_xcom.py
[2026-02-22T16:34:23.838+0000] {processor.py:830} INFO - Processing file /home/airflow/.local/lib/python3.12/site-packages/airflow/example_dags/example_xcom.py for tasks to queue
[2026-02-22T16:34:23.851+0000] {logging_mixin.py:188} INFO - [2026-02-22T16:34:23.847+0000] {dagbag.py:545} INFO - Filling up the DagBag from /home/airflow/.local/lib/python3.12/site-packages/airflow/example_dags/example_xcom.py
[2026-02-22T16:34:23.896+0000] {processor.py:840} INFO - DAG(s) 'example_xcom' retrieved from /home/airflow/.local/lib/python3.12/site-packages/airflow/example_dags/example_xcom.py
[2026-02-22T16:34:24.114+0000] {logging_mixin.py:188} INFO - [2026-02-22T16:34:24.114+0000] {dag.py:3096} INFO - Sync 1 DAGs
[2026-02-22T16:34:24.170+0000] {logging_mixin.py:188} INFO - [2026-02-22T16:34:24.170+0000] {dag.py:3954} INFO - Setting next_dagrun for example_xcom to 2021-01-01 00:00:00+00:00, run_after=2021-01-01 00:00:00+00:00
[2026-02-22T16:34:24.285+0000] {processor.py:183} INFO - Processing /home/airflow/.local/lib/python3.12/site-packages/airflow/example_dags/example_xcom.py took 0.500 seconds
[2026-02-22T16:50:46.413+0000] {processor.py:161} INFO - Started process (PID=120) to work on /home/airflow/.local/lib/python3.12/site-packages/airflow/example_dags/example_xcom.py
[2026-02-22T16:50:46.414+0000] {processor.py:830} INFO - Processing file /home/airflow/.local/lib/python3.12/site-packages/airflow/example_dags/example_xcom.py for tasks to queue
[2026-02-22T16:50:46.415+0000] {logging_mixin.py:188} INFO - [2026-02-22T16:50:46.415+0000] {dagbag.py:545} INFO - Filling up the DagBag from /home/airflow/.local/lib/python3.12/site-packages/airflow/example_dags/example_xcom.py
[2026-02-22T16:50:46.425+0000] {processor.py:840} INFO - DAG(s) 'example_xcom' retrieved from /home/airflow/.local/lib/python3.12/site-packages/airflow/example_dags/example_xcom.py
[2026-02-22T16:50:46.443+0000] {logging_mixin.py:188} INFO - [2026-02-22T16:50:46.443+0000] {dag.py:3096} INFO - Sync 1 DAGs
[2026-02-22T16:50:46.461+0000] {logging_mixin.py:188} INFO - [2026-02-22T16:50:46.461+0000] {dag.py:3954} INFO - Setting next_dagrun for example_xcom to 2021-01-01 00:00:00+00:00, run_after=2021-01-01 00:00:00+00:00
[2026-02-22T16:50:46.481+0000] {processor.py:183} INFO - Processing /home/airflow/.local/lib/python3.12/site-packages/airflow/example_dags/example_xcom.py took 0.071 seconds
[2026-02-22T16:51:16.675+0000] {processor.py:161} INFO - Started process (PID=179) to work on /home/airflow/.local/lib/python3.12/site-packages/airflow/example_dags/example_xcom.py
[2026-02-22T16:51:16.677+0000] {processor.py:830} INFO - Processing file /home/airflow/.local/lib/python3.12/site-packages/airflow/example_dags/example_xcom.py for tasks to queue
[2026-02-22T16:51:16.679+0000] {logging_mixin.py:188} INFO - [2026-02-22T16:51:16.679+0000] {dagbag.py:545} INFO - Filling up the DagBag from /home/airflow/.local/lib/python3.12/site-packages/airflow/example_dags/example_xcom.py
[2026-02-22T16:51:16.685+0000] {processor.py:840} INFO - DAG(s) 'example_xcom' retrieved from /home/airflow/.local/lib/python3.12/site-packages/airflow/example_dags/example_xcom.py
[2026-02-22T16:51:16.698+0000] {logging_mixin.py:188} INFO - [2026-02-22T16:51:16.698+0000] {dag.py:3096} INFO - Sync 1 DAGs
[2026-02-22T16:51:16.709+0000] {logging_mixin.py:188} INFO - [2026-02-22T16:51:16.709+0000] {dag.py:3954} INFO - Setting next_dagrun for example_xcom to 2021-01-01 00:00:00+00:00, run_after=2021-01-01 00:00:00+00:00
[2026-02-22T16:51:16.730+0000] {processor.py:183} INFO - Processing /home/airflow/.local/lib/python3.12/site-packages/airflow/example_dags/example_xcom.py took 0.058 seconds
[2026-02-22T16:51:46.944+0000] {processor.py:161} INFO - Started process (PID=238) to work on /home/airflow/.local/lib/python3.12/site-packages/airflow/example_dags/example_xcom.py
[2026-02-22T16:51:46.945+0000] {processor.py:830} INFO - Processing file /home/airflow/.local/lib/python3.12/site-packages/airflow/example_dags/example_xcom.py for tasks to queue
[2026-02-22T16:51:46.946+0000] {logging_mixin.py:188} INFO - [2026-02-22T16:51:46.946+0000] {dagbag.py:545} INFO - Filling up the DagBag from /home/airflow/.local/lib/python3.12/site-packages/airflow/example_dags/example_xcom.py
[2026-02-22T16:51:46.952+0000] {processor.py:840} INFO - DAG(s) 'example_xcom' retrieved from /home/airflow/.local/lib/python3.12/site-packages/airflow/example_dags/example_xcom.py
[2026-02-22T16:51:46.965+0000] {logging_mixin.py:188} INFO - [2026-02-22T16:51:46.965+0000] {dag.py:3096} INFO - Sync 1 DAGs
[2026-02-22T16:51:46.980+0000] {logging_mixin.py:188} INFO - [2026-02-22T16:51:46.980+0000] {dag.py:3954} INFO - Setting next_dagrun for example_xcom to 2021-01-01 00:00:00+00:00, run_after=2021-01-01 00:00:00+00:00
[2026-02-22T16:51:46.995+0000] {processor.py:183} INFO - Processing /home/airflow/.local/lib/python3.12/site-packages/airflow/example_dags/example_xcom.py took 0.055 seconds
[2026-02-22T16:52:17.272+0000] {processor.py:161} INFO - Started process (PID=297) to work on /home/airflow/.local/lib/python3.12/site-packages/airflow/example_dags/example_xcom.py
[2026-02-22T16:52:17.274+0000] {processor.py:830} INFO - Processing file /home/airflow/.local/lib/python3.12/site-packages/airflow/example_dags/example_xcom.py for tasks to queue
[2026-02-22T16:52:17.275+0000] {logging_mixin.py:188} INFO - [2026-02-22T16:52:17.275+0000] {dagbag.py:545} INFO - Filling up the DagBag from /home/airflow/.local/lib/python3.12/site-packages/airflow/example_dags/example_xcom.py
[2026-02-22T16:52:17.286+0000] {processor.py:840} INFO - DAG(s) 'example_xcom' retrieved from /home/airflow/.local/lib/python3.12/site-packages/airflow/example_dags/example_xcom.py
[2026-02-22T16:52:17.307+0000] {logging_mixin.py:188} INFO - [2026-02-22T16:52:17.307+0000] {dag.py:3096} INFO - Sync 1 DAGs
[2026-02-22T16:52:17.325+0000] {logging_mixin.py:188} INFO - [2026-02-22T16:52:17.325+0000] {dag.py:3954} INFO - Setting next_dagrun for example_xcom to 2021-01-01 00:00:00+00:00, run_after=2021-01-01 00:00:00+00:00
[2026-02-22T16:52:17.339+0000] {processor.py:183} INFO - Processing /home/airflow/.local/lib/python3.12/site-packages/airflow/example_dags/example_xcom.py took 0.070 seconds
[2026-02-22T16:52:47.673+0000] {processor.py:161} INFO - Started process (PID=356) to work on /home/airflow/.local/lib/python3.12/site-packages/airflow/example_dags/example_xcom.py
[2026-02-22T16:52:47.675+0000] {processor.py:830} INFO - Processing file /home/airflow/.local/lib/python3.12/site-packages/airflow/example_dags/example_xcom.py for tasks to queue
[2026-02-22T16:52:47.676+0000] {logging_mixin.py:188} INFO - [2026-02-22T16:52:47.676+0000] {dagbag.py:545} INFO - Filling up the DagBag from /home/airflow/.local/lib/python3.12/site-packages/airflow/example_dags/example_xcom.py
[2026-02-22T16:52:47.680+0000] {processor.py:840} INFO - DAG(s) 'example_xcom' retrieved from /home/airflow/.local/lib/python3.12/site-packages/airflow/example_dags/example_xcom.py
[2026-02-22T16:52:47.695+0000] {logging_mixin.py:188} INFO - [2026-02-22T16:52:47.695+0000] {dag.py:3096} INFO - Sync 1 DAGs
[2026-02-22T16:52:47.707+0000] {logging_mixin.py:188} INFO - [2026-02-22T16:52:47.707+0000] {dag.py:3954} INFO - Setting next_dagrun for example_xcom to 2021-01-01 00:00:00+00:00, run_after=2021-01-01 00:00:00+00:00
[2026-02-22T16:52:47.724+0000] {processor.py:183} INFO - Processing /home/airflow/.local/lib/python3.12/site-packages/airflow/example_dags/example_xcom.py took 0.053 seconds
[2026-02-22T16:53:17.949+0000] {processor.py:161} INFO - Started process (PID=415) to work on /home/airflow/.local/lib/python3.12/site-packages/airflow/example_dags/example_xcom.py
[2026-02-22T16:53:17.951+0000] {processor.py:830} INFO - Processing file /home/airflow/.local/lib/python3.12/site-packages/airflow/example_dags/example_xcom.py for tasks to queue
[2026-02-22T16:53:17.952+0000] {logging_mixin.py:188} INFO - [2026-02-22T16:53:17.952+0000] {dagbag.py:545} INFO - Filling up the DagBag from /home/airflow/.local/lib/python3.12/site-packages/airflow/example_dags/example_xcom.py
[2026-02-22T16:53:17.957+0000] {processor.py:840} INFO - DAG(s) 'example_xcom' retrieved from /home/airflow/.local/lib/python3.12/site-packages/airflow/example_dags/example_xcom.py
[2026-02-22T16:53:17.973+0000] {logging_mixin.py:188} INFO - [2026-02-22T16:53:17.973+0000] {dag.py:3096} INFO - Sync 1 DAGs
[2026-02-22T16:53:17.984+0000] {logging_mixin.py:188} INFO - [2026-02-22T16:53:17.984+0000] {dag.py:3954} INFO - Setting next_dagrun for example_xcom to 2021-01-01 00:00:00+00:00, run_after=2021-01-01 00:00:00+00:00
[2026-02-22T16:53:17.998+0000] {processor.py:183} INFO - Processing /home/airflow/.local/lib/python3.12/site-packages/airflow/example_dags/example_xcom.py took 0.052 seconds
[2026-02-22T16:53:48.506+0000] {processor.py:161} INFO - Started process (PID=474) to work on /home/airflow/.local/lib/python3.12/site-packages/airflow/example_dags/example_xcom.py
[2026-02-22T16:53:48.507+0000] {processor.py:830} INFO - Processing file /home/airflow/.local/lib/python3.12/site-packages/airflow/example_dags/example_xcom.py for tasks to queue
[2026-02-22T16:53:48.508+0000] {logging_mixin.py:188} INFO - [2026-02-22T16:53:48.508+0000] {dagbag.py:545} INFO - Filling up the DagBag from /home/airflow/.local/lib/python3.12/site-packages/airflow/example_dags/example_xcom.py
[2026-02-22T16:53:48.513+0000] {processor.py:840} INFO - DAG(s) 'example_xcom' retrieved from /home/airflow/.local/lib/python3.12/site-packages/airflow/example_dags/example_xcom.py
[2026-02-22T16:53:48.535+0000] {logging_mixin.py:188} INFO - [2026-02-22T16:53:48.535+0000] {dag.py:3096} INFO - Sync 1 DAGs
[2026-02-22T16:53:48.548+0000] {logging_mixin.py:188} INFO - [2026-02-22T16:53:48.548+0000] {dag.py:3954} INFO - Setting next_dagrun for example_xcom to 2021-01-01 00:00:00+00:00, run_after=2021-01-01 00:00:00+00:00
[2026-02-22T16:53:48.564+0000] {processor.py:183} INFO - Processing /home/airflow/.local/lib/python3.12/site-packages/airflow/example_dags/example_xcom.py took 0.062 seconds
[2026-02-22T16:54:18.726+0000] {processor.py:161} INFO - Started process (PID=533) to work on /home/airflow/.local/lib/python3.12/site-packages/airflow/example_dags/example_xcom.py
[2026-02-22T16:54:18.728+0000] {processor.py:830} INFO - Processing file /home/airflow/.local/lib/python3.12/site-packages/airflow/example_dags/example_xcom.py for tasks to queue
[2026-02-22T16:54:18.729+0000] {logging_mixin.py:188} INFO - [2026-02-22T16:54:18.729+0000] {dagbag.py:545} INFO - Filling up the DagBag from /home/airflow/.local/lib/python3.12/site-packages/airflow/example_dags/example_xcom.py
[2026-02-22T16:54:18.734+0000] {processor.py:840} INFO - DAG(s) 'example_xcom' retrieved from /home/airflow/.local/lib/python3.12/site-packages/airflow/example_dags/example_xcom.py
[2026-02-22T16:54:18.746+0000] {logging_mixin.py:188} INFO - [2026-02-22T16:54:18.745+0000] {dag.py:3096} INFO - Sync 1 DAGs
[2026-02-22T16:54:18.758+0000] {logging_mixin.py:188} INFO - [2026-02-22T16:54:18.758+0000] {dag.py:3954} INFO - Setting next_dagrun for example_xcom to 2021-01-01 00:00:00+00:00, run_after=2021-01-01 00:00:00+00:00
[2026-02-22T16:54:18.772+0000] {processor.py:183} INFO - Processing /home/airflow/.local/lib/python3.12/site-packages/airflow/example_dags/example_xcom.py took 0.049 seconds
[2026-02-22T16:54:48.950+0000] {processor.py:161} INFO - Started process (PID=592) to work on /home/airflow/.local/lib/python3.12/site-packages/airflow/example_dags/example_xcom.py
[2026-02-22T16:54:48.951+0000] {processor.py:830} INFO - Processing file /home/airflow/.local/lib/python3.12/site-packages/airflow/example_dags/example_xcom.py for tasks to queue
[2026-02-22T16:54:48.953+0000] {logging_mixin.py:188} INFO - [2026-02-22T16:54:48.952+0000] {dagbag.py:545} INFO - Filling up the DagBag from /home/airflow/.local/lib/python3.12/site-packages/airflow/example_dags/example_xcom.py
[2026-02-22T16:54:48.959+0000] {processor.py:840} INFO - DAG(s) 'example_xcom' retrieved from /home/airflow/.local/lib/python3.12/site-packages/airflow/example_dags/example_xcom.py
[2026-02-22T16:54:48.973+0000] {logging_mixin.py:188} INFO - [2026-02-22T16:54:48.973+0000] {dag.py:3096} INFO - Sync 1 DAGs
[2026-02-22T16:54:48.986+0000] {logging_mixin.py:188} INFO - [2026-02-22T16:54:48.986+0000] {dag.py:3954} INFO - Setting next_dagrun for example_xcom to 2021-01-01 00:00:00+00:00, run_after=2021-01-01 00:00:00+00:00
[2026-02-22T16:54:49.008+0000] {processor.py:183} INFO - Processing /home/airflow/.local/lib/python3.12/site-packages/airflow/example_dags/example_xcom.py took 0.061 seconds
[2026-02-22T16:55:19.103+0000] {processor.py:161} INFO - Started process (PID=651) to work on /home/airflow/.local/lib/python3.12/site-packages/airflow/example_dags/example_xcom.py
[2026-02-22T16:55:19.103+0000] {processor.py:830} INFO - Processing file /home/airflow/.local/lib/python3.12/site-packages/airflow/example_dags/example_xcom.py for tasks to queue
[2026-02-22T16:55:19.104+0000] {logging_mixin.py:188} INFO - [2026-02-22T16:55:19.104+0000] {dagbag.py:545} INFO - Filling up the DagBag from /home/airflow/.local/lib/python3.12/site-packages/airflow/example_dags/example_xcom.py
[2026-02-22T16:55:19.108+0000] {processor.py:840} INFO - DAG(s) 'example_xcom' retrieved from /home/airflow/.local/lib/python3.12/site-packages/airflow/example_dags/example_xcom.py
[2026-02-22T16:55:19.119+0000] {logging_mixin.py:188} INFO - [2026-02-22T16:55:19.119+0000] {dag.py:3096} INFO - Sync 1 DAGs
[2026-02-22T16:55:19.132+0000] {logging_mixin.py:188} INFO - [2026-02-22T16:55:19.132+0000] {dag.py:3954} INFO - Setting next_dagrun for example_xcom to 2021-01-01 00:00:00+00:00, run_after=2021-01-01 00:00:00+00:00
[2026-02-22T16:55:19.149+0000] {processor.py:183} INFO - Processing /home/airflow/.local/lib/python3.12/site-packages/airflow/example_dags/example_xcom.py took 0.049 seconds
[2026-02-22T16:55:49.236+0000] {processor.py:161} INFO - Started process (PID=710) to work on /home/airflow/.local/lib/python3.12/site-packages/airflow/example_dags/example_xcom.py
[2026-02-22T16:55:49.237+0000] {processor.py:830} INFO - Processing file /home/airflow/.local/lib/python3.12/site-packages/airflow/example_dags/example_xcom.py for tasks to queue
[2026-02-22T16:55:49.238+0000] {logging_mixin.py:188} INFO - [2026-02-22T16:55:49.238+0000] {dagbag.py:545} INFO - Filling up the DagBag from /home/airflow/.local/lib/python3.12/site-packages/airflow/example_dags/example_xcom.py
[2026-02-22T16:55:49.242+0000] {processor.py:840} INFO - DAG(s) 'example_xcom' retrieved from /home/airflow/.local/lib/python3.12/site-packages/airflow/example_dags/example_xcom.py
[2026-02-22T16:55:49.255+0000] {logging_mixin.py:188} INFO - [2026-02-22T16:55:49.255+0000] {dag.py:3096} INFO - Sync 1 DAGs
[2026-02-22T16:55:49.270+0000] {logging_mixin.py:188} INFO - [2026-02-22T16:55:49.270+0000] {dag.py:3954} INFO - Setting next_dagrun for example_xcom to 2021-01-01 00:00:00+00:00, run_after=2021-01-01 00:00:00+00:00
[2026-02-22T16:55:49.286+0000] {processor.py:183} INFO - Processing /home/airflow/.local/lib/python3.12/site-packages/airflow/example_dags/example_xcom.py took 0.053 seconds
[2026-02-22T16:56:19.466+0000] {processor.py:161} INFO - Started process (PID=769) to work on /home/airflow/.local/lib/python3.12/site-packages/airflow/example_dags/example_xcom.py
[2026-02-22T16:56:19.467+0000] {processor.py:830} INFO - Processing file /home/airflow/.local/lib/python3.12/site-packages/airflow/example_dags/example_xcom.py for tasks to queue
[2026-02-22T16:56:19.468+0000] {logging_mixin.py:188} INFO - [2026-02-22T16:56:19.468+0000] {dagbag.py:545} INFO - Filling up the DagBag from /home/airflow/.local/lib/python3.12/site-packages/airflow/example_dags/example_xcom.py
[2026-02-22T16:56:19.473+0000] {processor.py:840} INFO - DAG(s) 'example_xcom' retrieved from /home/airflow/.local/lib/python3.12/site-packages/airflow/example_dags/example_xcom.py
[2026-02-22T16:56:19.487+0000] {logging_mixin.py:188} INFO - [2026-02-22T16:56:19.486+0000] {dag.py:3096} INFO - Sync 1 DAGs
[2026-02-22T16:56:19.498+0000] {logging_mixin.py:188} INFO - [2026-02-22T16:56:19.498+0000] {dag.py:3954} INFO - Setting next_dagrun for example_xcom to 2021-01-01 00:00:00+00:00, run_after=2021-01-01 00:00:00+00:00
[2026-02-22T16:56:19.512+0000] {processor.py:183} INFO - Processing /home/airflow/.local/lib/python3.12/site-packages/airflow/example_dags/example_xcom.py took 0.050 seconds
[2026-02-22T16:56:49.661+0000] {processor.py:161} INFO - Started process (PID=828) to work on /home/airflow/.local/lib/python3.12/site-packages/airflow/example_dags/example_xcom.py
[2026-02-22T16:56:49.662+0000] {processor.py:830} INFO - Processing file /home/airflow/.local/lib/python3.12/site-packages/airflow/example_dags/example_xcom.py for tasks to queue
[2026-02-22T16:56:49.663+0000] {logging_mixin.py:188} INFO - [2026-02-22T16:56:49.663+0000] {dagbag.py:545} INFO - Filling up the DagBag from /home/airflow/.local/lib/python3.12/site-packages/airflow/example_dags/example_xcom.py
[2026-02-22T16:56:49.667+0000] {processor.py:840} INFO - DAG(s) 'example_xcom' retrieved from /home/airflow/.local/lib/python3.12/site-packages/airflow/example_dags/example_xcom.py
[2026-02-22T16:56:49.679+0000] {logging_mixin.py:188} INFO - [2026-02-22T16:56:49.678+0000] {dag.py:3096} INFO - Sync 1 DAGs
[2026-02-22T16:56:49.689+0000] {logging_mixin.py:188} INFO - [2026-02-22T16:56:49.689+0000] {dag.py:3954} INFO - Setting next_dagrun for example_xcom to 2021-01-01 00:00:00+00:00, run_after=2021-01-01 00:00:00+00:00
[2026-02-22T16:56:49.703+0000] {processor.py:183} INFO - Processing /home/airflow/.local/lib/python3.12/site-packages/airflow/example_dags/example_xcom.py took 0.045 seconds
[2026-02-22T16:57:19.817+0000] {processor.py:161} INFO - Started process (PID=887) to work on /home/airflow/.local/lib/python3.12/site-packages/airflow/example_dags/example_xcom.py
[2026-02-22T16:57:19.820+0000] {processor.py:830} INFO - Processing file /home/airflow/.local/lib/python3.12/site-packages/airflow/example_dags/example_xcom.py for tasks to queue
[2026-02-22T16:57:19.821+0000] {logging_mixin.py:188} INFO - [2026-02-22T16:57:19.821+0000] {dagbag.py:545} INFO - Filling up the DagBag from /home/airflow/.local/lib/python3.12/site-packages/airflow/example_dags/example_xcom.py
[2026-02-22T16:57:19.826+0000] {processor.py:840} INFO - DAG(s) 'example_xcom' retrieved from /home/airflow/.local/lib/python3.12/site-packages/airflow/example_dags/example_xcom.py
[2026-02-22T16:57:19.838+0000] {logging_mixin.py:188} INFO - [2026-02-22T16:57:19.838+0000] {dag.py:3096} INFO - Sync 1 DAGs
[2026-02-22T16:57:19.850+0000] {logging_mixin.py:188} INFO - [2026-02-22T16:57:19.850+0000] {dag.py:3954} INFO - Setting next_dagrun for example_xcom to 2021-01-01 00:00:00+00:00, run_after=2021-01-01 00:00:00+00:00
[2026-02-22T16:57:19.867+0000] {processor.py:183} INFO - Processing /home/airflow/.local/lib/python3.12/site-packages/airflow/example_dags/example_xcom.py took 0.053 seconds
[2026-02-22T16:57:50.064+0000] {processor.py:161} INFO - Started process (PID=946) to work on /home/airflow/.local/lib/python3.12/site-packages/airflow/example_dags/example_xcom.py
[2026-02-22T16:57:50.065+0000] {processor.py:830} INFO - Processing file /home/airflow/.local/lib/python3.12/site-packages/airflow/example_dags/example_xcom.py for tasks to queue
[2026-02-22T16:57:50.067+0000] {logging_mixin.py:188} INFO - [2026-02-22T16:57:50.067+0000] {dagbag.py:545} INFO - Filling up the DagBag from /home/airflow/.local/lib/python3.12/site-packages/airflow/example_dags/example_xcom.py
[2026-02-22T16:57:50.075+0000] {processor.py:840} INFO - DAG(s) 'example_xcom' retrieved from /home/airflow/.local/lib/python3.12/site-packages/airflow/example_dags/example_xcom.py
[2026-02-22T16:57:50.093+0000] {logging_mixin.py:188} INFO - [2026-02-22T16:57:50.092+0000] {dag.py:3096} INFO - Sync 1 DAGs
[2026-02-22T16:57:50.112+0000] {logging_mixin.py:188} INFO - [2026-02-22T16:57:50.112+0000] {dag.py:3954} INFO - Setting next_dagrun for example_xcom to 2021-01-01 00:00:00+00:00, run_after=2021-01-01 00:00:00+00:00
[2026-02-22T16:57:50.125+0000] {processor.py:183} INFO - Processing /home/airflow/.local/lib/python3.12/site-packages/airflow/example_dags/example_xcom.py took 0.067 seconds
[2026-02-22T16:58:20.289+0000] {processor.py:161} INFO - Started process (PID=1004) to work on /home/airflow/.local/lib/python3.12/site-packages/airflow/example_dags/example_xcom.py
[2026-02-22T16:58:20.290+0000] {processor.py:830} INFO - Processing file /home/airflow/.local/lib/python3.12/site-packages/airflow/example_dags/example_xcom.py for tasks to queue
[2026-02-22T16:58:20.291+0000] {logging_mixin.py:188} INFO - [2026-02-22T16:58:20.291+0000] {dagbag.py:545} INFO - Filling up the DagBag from /home/airflow/.local/lib/python3.12/site-packages/airflow/example_dags/example_xcom.py
[2026-02-22T16:58:20.295+0000] {processor.py:840} INFO - DAG(s) 'example_xcom' retrieved from /home/airflow/.local/lib/python3.12/site-packages/airflow/example_dags/example_xcom.py
[2026-02-22T16:58:20.307+0000] {logging_mixin.py:188} INFO - [2026-02-22T16:58:20.307+0000] {dag.py:3096} INFO - Sync 1 DAGs
[2026-02-22T16:58:20.322+0000] {logging_mixin.py:188} INFO - [2026-02-22T16:58:20.321+0000] {dag.py:3954} INFO - Setting next_dagrun for example_xcom to 2021-01-01 00:00:00+00:00, run_after=2021-01-01 00:00:00+00:00
[2026-02-22T16:58:20.339+0000] {processor.py:183} INFO - Processing /home/airflow/.local/lib/python3.12/site-packages/airflow/example_dags/example_xcom.py took 0.054 seconds
[2026-02-22T16:58:50.815+0000] {processor.py:161} INFO - Started process (PID=1063) to work on /home/airflow/.local/lib/python3.12/site-packages/airflow/example_dags/example_xcom.py
[2026-02-22T16:58:50.816+0000] {processor.py:830} INFO - Processing file /home/airflow/.local/lib/python3.12/site-packages/airflow/example_dags/example_xcom.py for tasks to queue
[2026-02-22T16:58:50.818+0000] {logging_mixin.py:188} INFO - [2026-02-22T16:58:50.818+0000] {dagbag.py:545} INFO - Filling up the DagBag from /home/airflow/.local/lib/python3.12/site-packages/airflow/example_dags/example_xcom.py
[2026-02-22T16:58:50.823+0000] {processor.py:840} INFO - DAG(s) 'example_xcom' retrieved from /home/airflow/.local/lib/python3.12/site-packages/airflow/example_dags/example_xcom.py
[2026-02-22T16:58:50.840+0000] {logging_mixin.py:188} INFO - [2026-02-22T16:58:50.840+0000] {dag.py:3096} INFO - Sync 1 DAGs
[2026-02-22T16:58:50.852+0000] {logging_mixin.py:188} INFO - [2026-02-22T16:58:50.852+0000] {dag.py:3954} INFO - Setting next_dagrun for example_xcom to 2021-01-01 00:00:00+00:00, run_after=2021-01-01 00:00:00+00:00
[2026-02-22T16:58:50.867+0000] {processor.py:183} INFO - Processing /home/airflow/.local/lib/python3.12/site-packages/airflow/example_dags/example_xcom.py took 0.055 seconds
[2026-02-22T16:59:21.267+0000] {processor.py:161} INFO - Started process (PID=1122) to work on /home/airflow/.local/lib/python3.12/site-packages/airflow/example_dags/example_xcom.py
[2026-02-22T16:59:21.268+0000] {processor.py:830} INFO - Processing file /home/airflow/.local/lib/python3.12/site-packages/airflow/example_dags/example_xcom.py for tasks to queue
[2026-02-22T16:59:21.271+0000] {logging_mixin.py:188} INFO - [2026-02-22T16:59:21.270+0000] {dagbag.py:545} INFO - Filling up the DagBag from /home/airflow/.local/lib/python3.12/site-packages/airflow/example_dags/example_xcom.py
[2026-02-22T16:59:21.276+0000] {processor.py:840} INFO - DAG(s) 'example_xcom' retrieved from /home/airflow/.local/lib/python3.12/site-packages/airflow/example_dags/example_xcom.py
[2026-02-22T16:59:21.291+0000] {logging_mixin.py:188} INFO - [2026-02-22T16:59:21.291+0000] {dag.py:3096} INFO - Sync 1 DAGs
[2026-02-22T16:59:21.305+0000] {logging_mixin.py:188} INFO - [2026-02-22T16:59:21.305+0000] {dag.py:3954} INFO - Setting next_dagrun for example_xcom to 2021-01-01 00:00:00+00:00, run_after=2021-01-01 00:00:00+00:00
[2026-02-22T16:59:21.316+0000] {processor.py:183} INFO - Processing /home/airflow/.local/lib/python3.12/site-packages/airflow/example_dags/example_xcom.py took 0.053 seconds
[2026-02-22T16:59:51.473+0000] {processor.py:161} INFO - Started process (PID=1181) to work on /home/airflow/.local/lib/python3.12/site-packages/airflow/example_dags/example_xcom.py
[2026-02-22T16:59:51.474+0000] {processor.py:830} INFO - Processing file /home/airflow/.local/lib/python3.12/site-packages/airflow/example_dags/example_xcom.py for tasks to queue
[2026-02-22T16:59:51.475+0000] {logging_mixin.py:188} INFO - [2026-02-22T16:59:51.475+0000] {dagbag.py:545} INFO - Filling up the DagBag from /home/airflow/.local/lib/python3.12/site-packages/airflow/example_dags/example_xcom.py
[2026-02-22T16:59:51.479+0000] {processor.py:840} INFO - DAG(s) 'example_xcom' retrieved from /home/airflow/.local/lib/python3.12/site-packages/airflow/example_dags/example_xcom.py
[2026-02-22T16:59:51.494+0000] {logging_mixin.py:188} INFO - [2026-02-22T16:59:51.494+0000] {dag.py:3096} INFO - Sync 1 DAGs
[2026-02-22T16:59:51.509+0000] {logging_mixin.py:188} INFO - [2026-02-22T16:59:51.509+0000] {dag.py:3954} INFO - Setting next_dagrun for example_xcom to 2021-01-01 00:00:00+00:00, run_after=2021-01-01 00:00:00+00:00
[2026-02-22T16:59:51.523+0000] {processor.py:183} INFO - Processing /home/airflow/.local/lib/python3.12/site-packages/airflow/example_dags/example_xcom.py took 0.054 seconds
[2026-02-22T17:00:21.739+0000] {processor.py:161} INFO - Started process (PID=1240) to work on /home/airflow/.local/lib/python3.12/site-packages/airflow/example_dags/example_xcom.py
[2026-02-22T17:00:21.743+0000] {processor.py:830} INFO - Processing file /home/airflow/.local/lib/python3.12/site-packages/airflow/example_dags/example_xcom.py for tasks to queue
[2026-02-22T17:00:21.746+0000] {logging_mixin.py:188} INFO - [2026-02-22T17:00:21.746+0000] {dagbag.py:545} INFO - Filling up the DagBag from /home/airflow/.local/lib/python3.12/site-packages/airflow/example_dags/example_xcom.py
[2026-02-22T17:00:21.752+0000] {processor.py:840} INFO - DAG(s) 'example_xcom' retrieved from /home/airflow/.local/lib/python3.12/site-packages/airflow/example_dags/example_xcom.py
[2026-02-22T17:00:21.766+0000] {logging_mixin.py:188} INFO - [2026-02-22T17:00:21.766+0000] {dag.py:3096} INFO - Sync 1 DAGs
[2026-02-22T17:00:21.776+0000] {logging_mixin.py:188} INFO - [2026-02-22T17:00:21.776+0000] {dag.py:3954} INFO - Setting next_dagrun for example_xcom to 2021-01-01 00:00:00+00:00, run_after=2021-01-01 00:00:00+00:00
[2026-02-22T17:00:21.789+0000] {processor.py:183} INFO - Processing /home/airflow/.local/lib/python3.12/site-packages/airflow/example_dags/example_xcom.py took 0.053 seconds
[2026-02-22T17:00:52.309+0000] {processor.py:161} INFO - Started process (PID=1299) to work on /home/airflow/.local/lib/python3.12/site-packages/airflow/example_dags/example_xcom.py
[2026-02-22T17:00:52.310+0000] {processor.py:830} INFO - Processing file /home/airflow/.local/lib/python3.12/site-packages/airflow/example_dags/example_xcom.py for tasks to queue
[2026-02-22T17:00:52.312+0000] {logging_mixin.py:188} INFO - [2026-02-22T17:00:52.312+0000] {dagbag.py:545} INFO - Filling up the DagBag from /home/airflow/.local/lib/python3.12/site-packages/airflow/example_dags/example_xcom.py
[2026-02-22T17:00:52.317+0000] {processor.py:840} INFO - DAG(s) 'example_xcom' retrieved from /home/airflow/.local/lib/python3.12/site-packages/airflow/example_dags/example_xcom.py
[2026-02-22T17:00:52.336+0000] {logging_mixin.py:188} INFO - [2026-02-22T17:00:52.336+0000] {dag.py:3096} INFO - Sync 1 DAGs
[2026-02-22T17:00:52.351+0000] {logging_mixin.py:188} INFO - [2026-02-22T17:00:52.351+0000] {dag.py:3954} INFO - Setting next_dagrun for example_xcom to 2021-01-01 00:00:00+00:00, run_after=2021-01-01 00:00:00+00:00
[2026-02-22T17:00:52.369+0000] {processor.py:183} INFO - Processing /home/airflow/.local/lib/python3.12/site-packages/airflow/example_dags/example_xcom.py took 0.063 seconds
[2026-02-22T17:01:22.668+0000] {processor.py:161} INFO - Started process (PID=1358) to work on /home/airflow/.local/lib/python3.12/site-packages/airflow/example_dags/example_xcom.py
[2026-02-22T17:01:22.668+0000] {processor.py:830} INFO - Processing file /home/airflow/.local/lib/python3.12/site-packages/airflow/example_dags/example_xcom.py for tasks to queue
[2026-02-22T17:01:22.669+0000] {logging_mixin.py:188} INFO - [2026-02-22T17:01:22.669+0000] {dagbag.py:545} INFO - Filling up the DagBag from /home/airflow/.local/lib/python3.12/site-packages/airflow/example_dags/example_xcom.py
[2026-02-22T17:01:22.673+0000] {processor.py:840} INFO - DAG(s) 'example_xcom' retrieved from /home/airflow/.local/lib/python3.12/site-packages/airflow/example_dags/example_xcom.py
[2026-02-22T17:01:22.683+0000] {logging_mixin.py:188} INFO - [2026-02-22T17:01:22.683+0000] {dag.py:3096} INFO - Sync 1 DAGs
[2026-02-22T17:01:22.695+0000] {logging_mixin.py:188} INFO - [2026-02-22T17:01:22.695+0000] {dag.py:3954} INFO - Setting next_dagrun for example_xcom to 2021-01-01 00:00:00+00:00, run_after=2021-01-01 00:00:00+00:00
[2026-02-22T17:01:22.708+0000] {processor.py:183} INFO - Processing /home/airflow/.local/lib/python3.12/site-packages/airflow/example_dags/example_xcom.py took 0.045 seconds
[2026-02-22T17:01:53.314+0000] {processor.py:161} INFO - Started process (PID=1417) to work on /home/airflow/.local/lib/python3.12/site-packages/airflow/example_dags/example_xcom.py
[2026-02-22T17:01:53.315+0000] {processor.py:830} INFO - Processing file /home/airflow/.local/lib/python3.12/site-packages/airflow/example_dags/example_xcom.py for tasks to queue
[2026-02-22T17:01:53.317+0000] {logging_mixin.py:188} INFO - [2026-02-22T17:01:53.317+0000] {dagbag.py:545} INFO - Filling up the DagBag from /home/airflow/.local/lib/python3.12/site-packages/airflow/example_dags/example_xcom.py
[2026-02-22T17:01:53.323+0000] {processor.py:840} INFO - DAG(s) 'example_xcom' retrieved from /home/airflow/.local/lib/python3.12/site-packages/airflow/example_dags/example_xcom.py
[2026-02-22T17:01:53.340+0000] {logging_mixin.py:188} INFO - [2026-02-22T17:01:53.340+0000] {dag.py:3096} INFO - Sync 1 DAGs
[2026-02-22T17:01:53.355+0000] {logging_mixin.py:188} INFO - [2026-02-22T17:01:53.355+0000] {dag.py:3954} INFO - Setting next_dagrun for example_xcom to 2021-01-01 00:00:00+00:00, run_after=2021-01-01 00:00:00+00:00
[2026-02-22T17:01:53.366+0000] {processor.py:183} INFO - Processing /home/airflow/.local/lib/python3.12/site-packages/airflow/example_dags/example_xcom.py took 0.056 seconds
[2026-02-22T17:02:23.579+0000] {processor.py:161} INFO - Started process (PID=1476) to work on /home/airflow/.local/lib/python3.12/site-packages/airflow/example_dags/example_xcom.py
[2026-02-22T17:02:23.580+0000] {processor.py:830} INFO - Processing file /home/airflow/.local/lib/python3.12/site-packages/airflow/example_dags/example_xcom.py for tasks to queue
[2026-02-22T17:02:23.582+0000] {logging_mixin.py:188} INFO - [2026-02-22T17:02:23.582+0000] {dagbag.py:545} INFO - Filling up the DagBag from /home/airflow/.local/lib/python3.12/site-packages/airflow/example_dags/example_xcom.py
[2026-02-22T17:02:23.586+0000] {processor.py:840} INFO - DAG(s) 'example_xcom' retrieved from /home/airflow/.local/lib/python3.12/site-packages/airflow/example_dags/example_xcom.py
[2026-02-22T17:02:23.596+0000] {logging_mixin.py:188} INFO - [2026-02-22T17:02:23.596+0000] {dag.py:3096} INFO - Sync 1 DAGs
[2026-02-22T17:02:23.609+0000] {logging_mixin.py:188} INFO - [2026-02-22T17:02:23.609+0000] {dag.py:3954} INFO - Setting next_dagrun for example_xcom to 2021-01-01 00:00:00+00:00, run_after=2021-01-01 00:00:00+00:00
[2026-02-22T17:02:23.623+0000] {processor.py:183} INFO - Processing /home/airflow/.local/lib/python3.12/site-packages/airflow/example_dags/example_xcom.py took 0.047 seconds
[2026-02-22T17:02:53.856+0000] {processor.py:161} INFO - Started process (PID=1535) to work on /home/airflow/.local/lib/python3.12/site-packages/airflow/example_dags/example_xcom.py
[2026-02-22T17:02:53.857+0000] {processor.py:830} INFO - Processing file /home/airflow/.local/lib/python3.12/site-packages/airflow/example_dags/example_xcom.py for tasks to queue
[2026-02-22T17:02:53.859+0000] {logging_mixin.py:188} INFO - [2026-02-22T17:02:53.858+0000] {dagbag.py:545} INFO - Filling up the DagBag from /home/airflow/.local/lib/python3.12/site-packages/airflow/example_dags/example_xcom.py
[2026-02-22T17:02:53.863+0000] {processor.py:840} INFO - DAG(s) 'example_xcom' retrieved from /home/airflow/.local/lib/python3.12/site-packages/airflow/example_dags/example_xcom.py
[2026-02-22T17:02:53.882+0000] {logging_mixin.py:188} INFO - [2026-02-22T17:02:53.882+0000] {dag.py:3096} INFO - Sync 1 DAGs
[2026-02-22T17:02:53.893+0000] {logging_mixin.py:188} INFO - [2026-02-22T17:02:53.893+0000] {dag.py:3954} INFO - Setting next_dagrun for example_xcom to 2021-01-01 00:00:00+00:00, run_after=2021-01-01 00:00:00+00:00
[2026-02-22T17:02:53.908+0000] {processor.py:183} INFO - Processing /home/airflow/.local/lib/python3.12/site-packages/airflow/example_dags/example_xcom.py took 0.056 seconds
[2026-02-22T17:03:24.213+0000] {processor.py:161} INFO - Started process (PID=1594) to work on /home/airflow/.local/lib/python3.12/site-packages/airflow/example_dags/example_xcom.py
[2026-02-22T17:03:24.215+0000] {processor.py:830} INFO - Processing file /home/airflow/.local/lib/python3.12/site-packages/airflow/example_dags/example_xcom.py for tasks to queue
[2026-02-22T17:03:24.216+0000] {logging_mixin.py:188} INFO - [2026-02-22T17:03:24.216+0000] {dagbag.py:545} INFO - Filling up the DagBag from /home/airflow/.local/lib/python3.12/site-packages/airflow/example_dags/example_xcom.py
[2026-02-22T17:03:24.221+0000] {processor.py:840} INFO - DAG(s) 'example_xcom' retrieved from /home/airflow/.local/lib/python3.12/site-packages/airflow/example_dags/example_xcom.py
[2026-02-22T17:03:24.234+0000] {logging_mixin.py:188} INFO - [2026-02-22T17:03:24.234+0000] {dag.py:3096} INFO - Sync 1 DAGs
[2026-02-22T17:03:24.253+0000] {logging_mixin.py:188} INFO - [2026-02-22T17:03:24.253+0000] {dag.py:3954} INFO - Setting next_dagrun for example_xcom to 2021-01-01 00:00:00+00:00, run_after=2021-01-01 00:00:00+00:00
[2026-02-22T17:03:24.267+0000] {processor.py:183} INFO - Processing /home/airflow/.local/lib/python3.12/site-packages/airflow/example_dags/example_xcom.py took 0.058 seconds
[2026-02-22T17:03:55.285+0000] {processor.py:161} INFO - Started process (PID=1653) to work on /home/airflow/.local/lib/python3.12/site-packages/airflow/example_dags/example_xcom.py
[2026-02-22T17:03:55.287+0000] {processor.py:830} INFO - Processing file /home/airflow/.local/lib/python3.12/site-packages/airflow/example_dags/example_xcom.py for tasks to queue
[2026-02-22T17:03:55.289+0000] {logging_mixin.py:188} INFO - [2026-02-22T17:03:55.288+0000] {dagbag.py:545} INFO - Filling up the DagBag from /home/airflow/.local/lib/python3.12/site-packages/airflow/example_dags/example_xcom.py
[2026-02-22T17:03:55.294+0000] {processor.py:840} INFO - DAG(s) 'example_xcom' retrieved from /home/airflow/.local/lib/python3.12/site-packages/airflow/example_dags/example_xcom.py
[2026-02-22T17:03:55.309+0000] {logging_mixin.py:188} INFO - [2026-02-22T17:03:55.309+0000] {dag.py:3096} INFO - Sync 1 DAGs
[2026-02-22T17:03:55.322+0000] {logging_mixin.py:188} INFO - [2026-02-22T17:03:55.322+0000] {dag.py:3954} INFO - Setting next_dagrun for example_xcom to 2021-01-01 00:00:00+00:00, run_after=2021-01-01 00:00:00+00:00
[2026-02-22T17:03:55.342+0000] {processor.py:183} INFO - Processing /home/airflow/.local/lib/python3.12/site-packages/airflow/example_dags/example_xcom.py took 0.064 seconds
[2026-02-22T17:04:25.359+0000] {processor.py:161} INFO - Started process (PID=1711) to work on /home/airflow/.local/lib/python3.12/site-packages/airflow/example_dags/example_xcom.py
[2026-02-22T17:04:25.360+0000] {processor.py:830} INFO - Processing file /home/airflow/.local/lib/python3.12/site-packages/airflow/example_dags/example_xcom.py for tasks to queue
[2026-02-22T17:04:25.361+0000] {logging_mixin.py:188} INFO - [2026-02-22T17:04:25.361+0000] {dagbag.py:545} INFO - Filling up the DagBag from /home/airflow/.local/lib/python3.12/site-packages/airflow/example_dags/example_xcom.py
[2026-02-22T17:04:25.366+0000] {processor.py:840} INFO - DAG(s) 'example_xcom' retrieved from /home/airflow/.local/lib/python3.12/site-packages/airflow/example_dags/example_xcom.py
[2026-02-22T17:04:25.376+0000] {logging_mixin.py:188} INFO - [2026-02-22T17:04:25.375+0000] {dag.py:3096} INFO - Sync 1 DAGs
[2026-02-22T17:04:25.384+0000] {logging_mixin.py:188} INFO - [2026-02-22T17:04:25.384+0000] {dag.py:3954} INFO - Setting next_dagrun for example_xcom to 2021-01-01 00:00:00+00:00, run_after=2021-01-01 00:00:00+00:00
[2026-02-22T17:04:25.392+0000] {processor.py:183} INFO - Processing /home/airflow/.local/lib/python3.12/site-packages/airflow/example_dags/example_xcom.py took 0.036 seconds
[2026-02-22T17:04:56.048+0000] {processor.py:161} INFO - Started process (PID=1771) to work on /home/airflow/.local/lib/python3.12/site-packages/airflow/example_dags/example_xcom.py
[2026-02-22T17:04:56.049+0000] {processor.py:830} INFO - Processing file /home/airflow/.local/lib/python3.12/site-packages/airflow/example_dags/example_xcom.py for tasks to queue
[2026-02-22T17:04:56.053+0000] {logging_mixin.py:188} INFO - [2026-02-22T17:04:56.053+0000] {dagbag.py:545} INFO - Filling up the DagBag from /home/airflow/.local/lib/python3.12/site-packages/airflow/example_dags/example_xcom.py
[2026-02-22T17:04:56.060+0000] {processor.py:840} INFO - DAG(s) 'example_xcom' retrieved from /home/airflow/.local/lib/python3.12/site-packages/airflow/example_dags/example_xcom.py
[2026-02-22T17:04:56.078+0000] {logging_mixin.py:188} INFO - [2026-02-22T17:04:56.078+0000] {dag.py:3096} INFO - Sync 1 DAGs
[2026-02-22T17:04:56.092+0000] {logging_mixin.py:188} INFO - [2026-02-22T17:04:56.092+0000] {dag.py:3954} INFO - Setting next_dagrun for example_xcom to 2021-01-01 00:00:00+00:00, run_after=2021-01-01 00:00:00+00:00
[2026-02-22T17:04:56.103+0000] {processor.py:183} INFO - Processing /home/airflow/.local/lib/python3.12/site-packages/airflow/example_dags/example_xcom.py took 0.059 seconds
[2026-02-22T17:05:26.545+0000] {processor.py:161} INFO - Started process (PID=1830) to work on /home/airflow/.local/lib/python3.12/site-packages/airflow/example_dags/example_xcom.py
[2026-02-22T17:05:26.545+0000] {processor.py:830} INFO - Processing file /home/airflow/.local/lib/python3.12/site-packages/airflow/example_dags/example_xcom.py for tasks to queue
[2026-02-22T17:05:26.547+0000] {logging_mixin.py:188} INFO - [2026-02-22T17:05:26.547+0000] {dagbag.py:545} INFO - Filling up the DagBag from /home/airflow/.local/lib/python3.12/site-packages/airflow/example_dags/example_xcom.py
[2026-02-22T17:05:26.551+0000] {processor.py:840} INFO - DAG(s) 'example_xcom' retrieved from /home/airflow/.local/lib/python3.12/site-packages/airflow/example_dags/example_xcom.py
[2026-02-22T17:05:26.566+0000] {logging_mixin.py:188} INFO - [2026-02-22T17:05:26.566+0000] {dag.py:3096} INFO - Sync 1 DAGs
[2026-02-22T17:05:26.584+0000] {logging_mixin.py:188} INFO - [2026-02-22T17:05:26.584+0000] {dag.py:3954} INFO - Setting next_dagrun for example_xcom to 2021-01-01 00:00:00+00:00, run_after=2021-01-01 00:00:00+00:00
[2026-02-22T17:05:26.605+0000] {processor.py:183} INFO - Processing /home/airflow/.local/lib/python3.12/site-packages/airflow/example_dags/example_xcom.py took 0.064 seconds
[2026-02-22T17:05:57.399+0000] {processor.py:161} INFO - Started process (PID=1889) to work on /home/airflow/.local/lib/python3.12/site-packages/airflow/example_dags/example_xcom.py
[2026-02-22T17:05:57.401+0000] {processor.py:830} INFO - Processing file /home/airflow/.local/lib/python3.12/site-packages/airflow/example_dags/example_xcom.py for tasks to queue
[2026-02-22T17:05:57.404+0000] {logging_mixin.py:188} INFO - [2026-02-22T17:05:57.403+0000] {dagbag.py:545} INFO - Filling up the DagBag from /home/airflow/.local/lib/python3.12/site-packages/airflow/example_dags/example_xcom.py
[2026-02-22T17:05:57.415+0000] {processor.py:840} INFO - DAG(s) 'example_xcom' retrieved from /home/airflow/.local/lib/python3.12/site-packages/airflow/example_dags/example_xcom.py
[2026-02-22T17:05:57.448+0000] {logging_mixin.py:188} INFO - [2026-02-22T17:05:57.448+0000] {dag.py:3096} INFO - Sync 1 DAGs
[2026-02-22T17:05:57.478+0000] {logging_mixin.py:188} INFO - [2026-02-22T17:05:57.478+0000] {dag.py:3954} INFO - Setting next_dagrun for example_xcom to 2021-01-01 00:00:00+00:00, run_after=2021-01-01 00:00:00+00:00
[2026-02-22T17:05:57.520+0000] {processor.py:183} INFO - Processing /home/airflow/.local/lib/python3.12/site-packages/airflow/example_dags/example_xcom.py took 0.127 seconds
[2026-02-22T17:06:27.681+0000] {processor.py:161} INFO - Started process (PID=1948) to work on /home/airflow/.local/lib/python3.12/site-packages/airflow/example_dags/example_xcom.py
[2026-02-22T17:06:27.684+0000] {processor.py:830} INFO - Processing file /home/airflow/.local/lib/python3.12/site-packages/airflow/example_dags/example_xcom.py for tasks to queue
[2026-02-22T17:06:27.687+0000] {logging_mixin.py:188} INFO - [2026-02-22T17:06:27.687+0000] {dagbag.py:545} INFO - Filling up the DagBag from /home/airflow/.local/lib/python3.12/site-packages/airflow/example_dags/example_xcom.py
[2026-02-22T17:06:27.697+0000] {processor.py:840} INFO - DAG(s) 'example_xcom' retrieved from /home/airflow/.local/lib/python3.12/site-packages/airflow/example_dags/example_xcom.py
[2026-02-22T17:06:27.727+0000] {logging_mixin.py:188} INFO - [2026-02-22T17:06:27.726+0000] {dag.py:3096} INFO - Sync 1 DAGs
[2026-02-22T17:06:27.750+0000] {logging_mixin.py:188} INFO - [2026-02-22T17:06:27.750+0000] {dag.py:3954} INFO - Setting next_dagrun for example_xcom to 2021-01-01 00:00:00+00:00, run_after=2021-01-01 00:00:00+00:00
[2026-02-22T17:06:27.780+0000] {processor.py:183} INFO - Processing /home/airflow/.local/lib/python3.12/site-packages/airflow/example_dags/example_xcom.py took 0.107 seconds
[2026-02-22T17:06:58.686+0000] {processor.py:161} INFO - Started process (PID=2007) to work on /home/airflow/.local/lib/python3.12/site-packages/airflow/example_dags/example_xcom.py
[2026-02-22T17:06:58.689+0000] {processor.py:830} INFO - Processing file /home/airflow/.local/lib/python3.12/site-packages/airflow/example_dags/example_xcom.py for tasks to queue
[2026-02-22T17:06:58.693+0000] {logging_mixin.py:188} INFO - [2026-02-22T17:06:58.692+0000] {dagbag.py:545} INFO - Filling up the DagBag from /home/airflow/.local/lib/python3.12/site-packages/airflow/example_dags/example_xcom.py
[2026-02-22T17:06:58.706+0000] {processor.py:840} INFO - DAG(s) 'example_xcom' retrieved from /home/airflow/.local/lib/python3.12/site-packages/airflow/example_dags/example_xcom.py
[2026-02-22T17:06:58.744+0000] {logging_mixin.py:188} INFO - [2026-02-22T17:06:58.744+0000] {dag.py:3096} INFO - Sync 1 DAGs
[2026-02-22T17:06:58.785+0000] {logging_mixin.py:188} INFO - [2026-02-22T17:06:58.785+0000] {dag.py:3954} INFO - Setting next_dagrun for example_xcom to 2021-01-01 00:00:00+00:00, run_after=2021-01-01 00:00:00+00:00
[2026-02-22T17:06:58.820+0000] {processor.py:183} INFO - Processing /home/airflow/.local/lib/python3.12/site-packages/airflow/example_dags/example_xcom.py took 0.147 seconds
[2026-02-22T17:07:29.587+0000] {processor.py:161} INFO - Started process (PID=2066) to work on /home/airflow/.local/lib/python3.12/site-packages/airflow/example_dags/example_xcom.py
[2026-02-22T17:07:29.589+0000] {processor.py:830} INFO - Processing file /home/airflow/.local/lib/python3.12/site-packages/airflow/example_dags/example_xcom.py for tasks to queue
[2026-02-22T17:07:29.591+0000] {logging_mixin.py:188} INFO - [2026-02-22T17:07:29.591+0000] {dagbag.py:545} INFO - Filling up the DagBag from /home/airflow/.local/lib/python3.12/site-packages/airflow/example_dags/example_xcom.py
[2026-02-22T17:07:29.598+0000] {processor.py:840} INFO - DAG(s) 'example_xcom' retrieved from /home/airflow/.local/lib/python3.12/site-packages/airflow/example_dags/example_xcom.py
[2026-02-22T17:07:29.624+0000] {logging_mixin.py:188} INFO - [2026-02-22T17:07:29.624+0000] {dag.py:3096} INFO - Sync 1 DAGs
[2026-02-22T17:07:29.647+0000] {logging_mixin.py:188} INFO - [2026-02-22T17:07:29.647+0000] {dag.py:3954} INFO - Setting next_dagrun for example_xcom to 2021-01-01 00:00:00+00:00, run_after=2021-01-01 00:00:00+00:00
[2026-02-22T17:07:29.672+0000] {processor.py:183} INFO - Processing /home/airflow/.local/lib/python3.12/site-packages/airflow/example_dags/example_xcom.py took 0.091 seconds
[2026-02-22T17:08:00.049+0000] {processor.py:161} INFO - Started process (PID=2125) to work on /home/airflow/.local/lib/python3.12/site-packages/airflow/example_dags/example_xcom.py
[2026-02-22T17:08:00.050+0000] {processor.py:830} INFO - Processing file /home/airflow/.local/lib/python3.12/site-packages/airflow/example_dags/example_xcom.py for tasks to queue
[2026-02-22T17:08:00.053+0000] {logging_mixin.py:188} INFO - [2026-02-22T17:08:00.052+0000] {dagbag.py:545} INFO - Filling up the DagBag from /home/airflow/.local/lib/python3.12/site-packages/airflow/example_dags/example_xcom.py
[2026-02-22T17:08:00.063+0000] {processor.py:840} INFO - DAG(s) 'example_xcom' retrieved from /home/airflow/.local/lib/python3.12/site-packages/airflow/example_dags/example_xcom.py
[2026-02-22T17:08:00.089+0000] {logging_mixin.py:188} INFO - [2026-02-22T17:08:00.089+0000] {dag.py:3096} INFO - Sync 1 DAGs
[2026-02-22T17:08:00.113+0000] {logging_mixin.py:188} INFO - [2026-02-22T17:08:00.113+0000] {dag.py:3954} INFO - Setting next_dagrun for example_xcom to 2021-01-01 00:00:00+00:00, run_after=2021-01-01 00:00:00+00:00
[2026-02-22T17:08:00.133+0000] {processor.py:183} INFO - Processing /home/airflow/.local/lib/python3.12/site-packages/airflow/example_dags/example_xcom.py took 0.089 seconds
[2026-02-22T17:08:30.209+0000] {processor.py:161} INFO - Started process (PID=2184) to work on /home/airflow/.local/lib/python3.12/site-packages/airflow/example_dags/example_xcom.py
[2026-02-22T17:08:30.210+0000] {processor.py:830} INFO - Processing file /home/airflow/.local/lib/python3.12/site-packages/airflow/example_dags/example_xcom.py for tasks to queue
[2026-02-22T17:08:30.211+0000] {logging_mixin.py:188} INFO - [2026-02-22T17:08:30.211+0000] {dagbag.py:545} INFO - Filling up the DagBag from /home/airflow/.local/lib/python3.12/site-packages/airflow/example_dags/example_xcom.py
[2026-02-22T17:08:30.218+0000] {processor.py:840} INFO - DAG(s) 'example_xcom' retrieved from /home/airflow/.local/lib/python3.12/site-packages/airflow/example_dags/example_xcom.py
[2026-02-22T17:08:30.237+0000] {logging_mixin.py:188} INFO - [2026-02-22T17:08:30.237+0000] {dag.py:3096} INFO - Sync 1 DAGs
[2026-02-22T17:08:30.256+0000] {logging_mixin.py:188} INFO - [2026-02-22T17:08:30.256+0000] {dag.py:3954} INFO - Setting next_dagrun for example_xcom to 2021-01-01 00:00:00+00:00, run_after=2021-01-01 00:00:00+00:00
[2026-02-22T17:08:30.280+0000] {processor.py:183} INFO - Processing /home/airflow/.local/lib/python3.12/site-packages/airflow/example_dags/example_xcom.py took 0.078 seconds
[2026-02-22T17:09:00.361+0000] {processor.py:161} INFO - Started process (PID=2243) to work on /home/airflow/.local/lib/python3.12/site-packages/airflow/example_dags/example_xcom.py
[2026-02-22T17:09:00.363+0000] {processor.py:830} INFO - Processing file /home/airflow/.local/lib/python3.12/site-packages/airflow/example_dags/example_xcom.py for tasks to queue
[2026-02-22T17:09:00.364+0000] {logging_mixin.py:188} INFO - [2026-02-22T17:09:00.364+0000] {dagbag.py:545} INFO - Filling up the DagBag from /home/airflow/.local/lib/python3.12/site-packages/airflow/example_dags/example_xcom.py
[2026-02-22T17:09:00.376+0000] {processor.py:840} INFO - DAG(s) 'example_xcom' retrieved from /home/airflow/.local/lib/python3.12/site-packages/airflow/example_dags/example_xcom.py
[2026-02-22T17:09:00.399+0000] {logging_mixin.py:188} INFO - [2026-02-22T17:09:00.399+0000] {dag.py:3096} INFO - Sync 1 DAGs
[2026-02-22T17:09:00.419+0000] {logging_mixin.py:188} INFO - [2026-02-22T17:09:00.419+0000] {dag.py:3954} INFO - Setting next_dagrun for example_xcom to 2021-01-01 00:00:00+00:00, run_after=2021-01-01 00:00:00+00:00
[2026-02-22T17:09:00.441+0000] {processor.py:183} INFO - Processing /home/airflow/.local/lib/python3.12/site-packages/airflow/example_dags/example_xcom.py took 0.086 seconds
[2026-02-22T17:09:38.738+0000] {processor.py:161} INFO - Started process (PID=2307) to work on /home/airflow/.local/lib/python3.12/site-packages/airflow/example_dags/example_xcom.py
[2026-02-22T17:09:38.751+0000] {processor.py:830} INFO - Processing file /home/airflow/.local/lib/python3.12/site-packages/airflow/example_dags/example_xcom.py for tasks to queue
[2026-02-22T17:09:38.768+0000] {logging_mixin.py:188} INFO - [2026-02-22T17:09:38.768+0000] {dagbag.py:545} INFO - Filling up the DagBag from /home/airflow/.local/lib/python3.12/site-packages/airflow/example_dags/example_xcom.py
[2026-02-22T17:09:38.778+0000] {processor.py:840} INFO - DAG(s) 'example_xcom' retrieved from /home/airflow/.local/lib/python3.12/site-packages/airflow/example_dags/example_xcom.py
[2026-02-22T17:09:38.832+0000] {logging_mixin.py:188} INFO - [2026-02-22T17:09:38.832+0000] {dag.py:3096} INFO - Sync 1 DAGs
[2026-02-22T17:09:38.890+0000] {logging_mixin.py:188} INFO - [2026-02-22T17:09:38.889+0000] {dag.py:3954} INFO - Setting next_dagrun for example_xcom to 2021-01-01 00:00:00+00:00, run_after=2021-01-01 00:00:00+00:00
[2026-02-22T17:09:38.945+0000] {processor.py:183} INFO - Processing /home/airflow/.local/lib/python3.12/site-packages/airflow/example_dags/example_xcom.py took 0.213 seconds
[2026-02-22T17:10:09.153+0000] {processor.py:161} INFO - Started process (PID=2360) to work on /home/airflow/.local/lib/python3.12/site-packages/airflow/example_dags/example_xcom.py
[2026-02-22T17:10:09.155+0000] {processor.py:830} INFO - Processing file /home/airflow/.local/lib/python3.12/site-packages/airflow/example_dags/example_xcom.py for tasks to queue
[2026-02-22T17:10:09.156+0000] {logging_mixin.py:188} INFO - [2026-02-22T17:10:09.156+0000] {dagbag.py:545} INFO - Filling up the DagBag from /home/airflow/.local/lib/python3.12/site-packages/airflow/example_dags/example_xcom.py
[2026-02-22T17:10:09.159+0000] {processor.py:840} INFO - DAG(s) 'example_xcom' retrieved from /home/airflow/.local/lib/python3.12/site-packages/airflow/example_dags/example_xcom.py
[2026-02-22T17:10:09.169+0000] {logging_mixin.py:188} INFO - [2026-02-22T17:10:09.169+0000] {dag.py:3096} INFO - Sync 1 DAGs
[2026-02-22T17:10:09.180+0000] {logging_mixin.py:188} INFO - [2026-02-22T17:10:09.180+0000] {dag.py:3954} INFO - Setting next_dagrun for example_xcom to 2021-01-01 00:00:00+00:00, run_after=2021-01-01 00:00:00+00:00
[2026-02-22T17:10:09.191+0000] {processor.py:183} INFO - Processing /home/airflow/.local/lib/python3.12/site-packages/airflow/example_dags/example_xcom.py took 0.041 seconds
[2026-02-22T17:10:39.985+0000] {processor.py:161} INFO - Started process (PID=2425) to work on /home/airflow/.local/lib/python3.12/site-packages/airflow/example_dags/example_xcom.py
[2026-02-22T17:10:39.987+0000] {processor.py:830} INFO - Processing file /home/airflow/.local/lib/python3.12/site-packages/airflow/example_dags/example_xcom.py for tasks to queue
[2026-02-22T17:10:39.988+0000] {logging_mixin.py:188} INFO - [2026-02-22T17:10:39.988+0000] {dagbag.py:545} INFO - Filling up the DagBag from /home/airflow/.local/lib/python3.12/site-packages/airflow/example_dags/example_xcom.py
[2026-02-22T17:10:39.995+0000] {processor.py:840} INFO - DAG(s) 'example_xcom' retrieved from /home/airflow/.local/lib/python3.12/site-packages/airflow/example_dags/example_xcom.py
[2026-02-22T17:10:40.015+0000] {logging_mixin.py:188} INFO - [2026-02-22T17:10:40.015+0000] {dag.py:3096} INFO - Sync 1 DAGs
[2026-02-22T17:10:40.029+0000] {logging_mixin.py:188} INFO - [2026-02-22T17:10:40.028+0000] {dag.py:3954} INFO - Setting next_dagrun for example_xcom to 2021-01-01 00:00:00+00:00, run_after=2021-01-01 00:00:00+00:00
[2026-02-22T17:10:40.047+0000] {processor.py:183} INFO - Processing /home/airflow/.local/lib/python3.12/site-packages/airflow/example_dags/example_xcom.py took 0.066 seconds
