[2026-02-22T10:46:13.029+0000] {processor.py:161} INFO - Started process (PID=45) to work on /home/airflow/.local/lib/python3.12/site-packages/airflow/example_dags/example_sensors.py
[2026-02-22T10:46:13.030+0000] {processor.py:830} INFO - Processing file /home/airflow/.local/lib/python3.12/site-packages/airflow/example_dags/example_sensors.py for tasks to queue
[2026-02-22T10:46:13.036+0000] {logging_mixin.py:188} INFO - [2026-02-22T10:46:13.036+0000] {dagbag.py:545} INFO - Filling up the DagBag from /home/airflow/.local/lib/python3.12/site-packages/airflow/example_dags/example_sensors.py
[2026-02-22T10:46:13.061+0000] {processor.py:840} INFO - DAG(s) 'example_sensors' retrieved from /home/airflow/.local/lib/python3.12/site-packages/airflow/example_dags/example_sensors.py
[2026-02-22T10:46:13.123+0000] {logging_mixin.py:188} INFO - [2026-02-22T10:46:13.122+0000] {dag.py:3096} INFO - Sync 1 DAGs
[2026-02-22T10:46:13.141+0000] {logging_mixin.py:188} INFO - [2026-02-22T10:46:13.140+0000] {dag.py:3954} INFO - Setting next_dagrun for example_sensors to None, run_after=None
[2026-02-22T10:46:13.161+0000] {processor.py:183} INFO - Processing /home/airflow/.local/lib/python3.12/site-packages/airflow/example_dags/example_sensors.py took 0.145 seconds
[2026-02-22T10:46:43.662+0000] {processor.py:161} INFO - Started process (PID=103) to work on /home/airflow/.local/lib/python3.12/site-packages/airflow/example_dags/example_sensors.py
[2026-02-22T10:46:43.663+0000] {processor.py:830} INFO - Processing file /home/airflow/.local/lib/python3.12/site-packages/airflow/example_dags/example_sensors.py for tasks to queue
[2026-02-22T10:46:43.671+0000] {logging_mixin.py:188} INFO - [2026-02-22T10:46:43.671+0000] {dagbag.py:545} INFO - Filling up the DagBag from /home/airflow/.local/lib/python3.12/site-packages/airflow/example_dags/example_sensors.py
[2026-02-22T10:46:43.685+0000] {processor.py:840} INFO - DAG(s) 'example_sensors' retrieved from /home/airflow/.local/lib/python3.12/site-packages/airflow/example_dags/example_sensors.py
[2026-02-22T10:46:43.901+0000] {logging_mixin.py:188} INFO - [2026-02-22T10:46:43.901+0000] {dag.py:3096} INFO - Sync 1 DAGs
[2026-02-22T10:46:43.909+0000] {logging_mixin.py:188} INFO - [2026-02-22T10:46:43.909+0000] {dag.py:3954} INFO - Setting next_dagrun for example_sensors to None, run_after=None
[2026-02-22T10:46:43.924+0000] {processor.py:183} INFO - Processing /home/airflow/.local/lib/python3.12/site-packages/airflow/example_dags/example_sensors.py took 0.278 seconds
[2026-02-22T10:47:14.259+0000] {processor.py:161} INFO - Started process (PID=161) to work on /home/airflow/.local/lib/python3.12/site-packages/airflow/example_dags/example_sensors.py
[2026-02-22T10:47:14.260+0000] {processor.py:830} INFO - Processing file /home/airflow/.local/lib/python3.12/site-packages/airflow/example_dags/example_sensors.py for tasks to queue
[2026-02-22T10:47:14.262+0000] {logging_mixin.py:188} INFO - [2026-02-22T10:47:14.262+0000] {dagbag.py:545} INFO - Filling up the DagBag from /home/airflow/.local/lib/python3.12/site-packages/airflow/example_dags/example_sensors.py
[2026-02-22T10:47:14.273+0000] {processor.py:840} INFO - DAG(s) 'example_sensors' retrieved from /home/airflow/.local/lib/python3.12/site-packages/airflow/example_dags/example_sensors.py
[2026-02-22T10:47:14.299+0000] {logging_mixin.py:188} INFO - [2026-02-22T10:47:14.299+0000] {dag.py:3096} INFO - Sync 1 DAGs
[2026-02-22T10:47:14.315+0000] {logging_mixin.py:188} INFO - [2026-02-22T10:47:14.315+0000] {dag.py:3954} INFO - Setting next_dagrun for example_sensors to None, run_after=None
[2026-02-22T10:47:14.335+0000] {processor.py:183} INFO - Processing /home/airflow/.local/lib/python3.12/site-packages/airflow/example_dags/example_sensors.py took 0.086 seconds
[2026-02-22T10:47:44.492+0000] {processor.py:161} INFO - Started process (PID=225) to work on /home/airflow/.local/lib/python3.12/site-packages/airflow/example_dags/example_sensors.py
[2026-02-22T10:47:44.493+0000] {processor.py:830} INFO - Processing file /home/airflow/.local/lib/python3.12/site-packages/airflow/example_dags/example_sensors.py for tasks to queue
[2026-02-22T10:47:44.496+0000] {logging_mixin.py:188} INFO - [2026-02-22T10:47:44.496+0000] {dagbag.py:545} INFO - Filling up the DagBag from /home/airflow/.local/lib/python3.12/site-packages/airflow/example_dags/example_sensors.py
[2026-02-22T10:47:44.512+0000] {processor.py:840} INFO - DAG(s) 'example_sensors' retrieved from /home/airflow/.local/lib/python3.12/site-packages/airflow/example_dags/example_sensors.py
[2026-02-22T10:47:44.543+0000] {logging_mixin.py:188} INFO - [2026-02-22T10:47:44.542+0000] {dag.py:3096} INFO - Sync 1 DAGs
[2026-02-22T10:47:44.554+0000] {logging_mixin.py:188} INFO - [2026-02-22T10:47:44.554+0000] {dag.py:3954} INFO - Setting next_dagrun for example_sensors to None, run_after=None
[2026-02-22T10:47:44.573+0000] {processor.py:183} INFO - Processing /home/airflow/.local/lib/python3.12/site-packages/airflow/example_dags/example_sensors.py took 0.090 seconds
[2026-02-22T10:48:14.650+0000] {processor.py:161} INFO - Started process (PID=283) to work on /home/airflow/.local/lib/python3.12/site-packages/airflow/example_dags/example_sensors.py
[2026-02-22T10:48:14.651+0000] {processor.py:830} INFO - Processing file /home/airflow/.local/lib/python3.12/site-packages/airflow/example_dags/example_sensors.py for tasks to queue
[2026-02-22T10:48:14.653+0000] {logging_mixin.py:188} INFO - [2026-02-22T10:48:14.653+0000] {dagbag.py:545} INFO - Filling up the DagBag from /home/airflow/.local/lib/python3.12/site-packages/airflow/example_dags/example_sensors.py
[2026-02-22T10:48:14.664+0000] {processor.py:840} INFO - DAG(s) 'example_sensors' retrieved from /home/airflow/.local/lib/python3.12/site-packages/airflow/example_dags/example_sensors.py
[2026-02-22T10:48:14.696+0000] {logging_mixin.py:188} INFO - [2026-02-22T10:48:14.696+0000] {dag.py:3096} INFO - Sync 1 DAGs
[2026-02-22T10:48:14.706+0000] {logging_mixin.py:188} INFO - [2026-02-22T10:48:14.706+0000] {dag.py:3954} INFO - Setting next_dagrun for example_sensors to None, run_after=None
[2026-02-22T10:48:14.722+0000] {processor.py:183} INFO - Processing /home/airflow/.local/lib/python3.12/site-packages/airflow/example_dags/example_sensors.py took 0.085 seconds
[2026-02-22T10:48:44.898+0000] {processor.py:161} INFO - Started process (PID=341) to work on /home/airflow/.local/lib/python3.12/site-packages/airflow/example_dags/example_sensors.py
[2026-02-22T10:48:44.900+0000] {processor.py:830} INFO - Processing file /home/airflow/.local/lib/python3.12/site-packages/airflow/example_dags/example_sensors.py for tasks to queue
[2026-02-22T10:48:44.903+0000] {logging_mixin.py:188} INFO - [2026-02-22T10:48:44.903+0000] {dagbag.py:545} INFO - Filling up the DagBag from /home/airflow/.local/lib/python3.12/site-packages/airflow/example_dags/example_sensors.py
[2026-02-22T10:48:44.923+0000] {processor.py:840} INFO - DAG(s) 'example_sensors' retrieved from /home/airflow/.local/lib/python3.12/site-packages/airflow/example_dags/example_sensors.py
[2026-02-22T10:48:44.957+0000] {logging_mixin.py:188} INFO - [2026-02-22T10:48:44.957+0000] {dag.py:3096} INFO - Sync 1 DAGs
[2026-02-22T10:48:44.970+0000] {logging_mixin.py:188} INFO - [2026-02-22T10:48:44.970+0000] {dag.py:3954} INFO - Setting next_dagrun for example_sensors to None, run_after=None
[2026-02-22T10:48:44.987+0000] {processor.py:183} INFO - Processing /home/airflow/.local/lib/python3.12/site-packages/airflow/example_dags/example_sensors.py took 0.102 seconds
[2026-02-22T10:49:15.289+0000] {processor.py:161} INFO - Started process (PID=400) to work on /home/airflow/.local/lib/python3.12/site-packages/airflow/example_dags/example_sensors.py
[2026-02-22T10:49:15.290+0000] {processor.py:830} INFO - Processing file /home/airflow/.local/lib/python3.12/site-packages/airflow/example_dags/example_sensors.py for tasks to queue
[2026-02-22T10:49:15.294+0000] {logging_mixin.py:188} INFO - [2026-02-22T10:49:15.293+0000] {dagbag.py:545} INFO - Filling up the DagBag from /home/airflow/.local/lib/python3.12/site-packages/airflow/example_dags/example_sensors.py
[2026-02-22T10:49:15.305+0000] {processor.py:840} INFO - DAG(s) 'example_sensors' retrieved from /home/airflow/.local/lib/python3.12/site-packages/airflow/example_dags/example_sensors.py
[2026-02-22T10:49:15.349+0000] {logging_mixin.py:188} INFO - [2026-02-22T10:49:15.349+0000] {dag.py:3096} INFO - Sync 1 DAGs
[2026-02-22T10:49:15.374+0000] {logging_mixin.py:188} INFO - [2026-02-22T10:49:15.374+0000] {dag.py:3954} INFO - Setting next_dagrun for example_sensors to None, run_after=None
[2026-02-22T10:49:15.395+0000] {processor.py:183} INFO - Processing /home/airflow/.local/lib/python3.12/site-packages/airflow/example_dags/example_sensors.py took 0.114 seconds
[2026-02-22T10:49:45.959+0000] {processor.py:161} INFO - Started process (PID=458) to work on /home/airflow/.local/lib/python3.12/site-packages/airflow/example_dags/example_sensors.py
[2026-02-22T10:49:45.962+0000] {processor.py:830} INFO - Processing file /home/airflow/.local/lib/python3.12/site-packages/airflow/example_dags/example_sensors.py for tasks to queue
[2026-02-22T10:49:45.969+0000] {logging_mixin.py:188} INFO - [2026-02-22T10:49:45.969+0000] {dagbag.py:545} INFO - Filling up the DagBag from /home/airflow/.local/lib/python3.12/site-packages/airflow/example_dags/example_sensors.py
[2026-02-22T10:49:45.984+0000] {processor.py:840} INFO - DAG(s) 'example_sensors' retrieved from /home/airflow/.local/lib/python3.12/site-packages/airflow/example_dags/example_sensors.py
[2026-02-22T10:49:46.032+0000] {logging_mixin.py:188} INFO - [2026-02-22T10:49:46.031+0000] {dag.py:3096} INFO - Sync 1 DAGs
[2026-02-22T10:49:46.044+0000] {logging_mixin.py:188} INFO - [2026-02-22T10:49:46.044+0000] {dag.py:3954} INFO - Setting next_dagrun for example_sensors to None, run_after=None
[2026-02-22T10:49:46.071+0000] {processor.py:183} INFO - Processing /home/airflow/.local/lib/python3.12/site-packages/airflow/example_dags/example_sensors.py took 0.120 seconds
[2026-02-22T10:50:16.503+0000] {processor.py:161} INFO - Started process (PID=516) to work on /home/airflow/.local/lib/python3.12/site-packages/airflow/example_dags/example_sensors.py
[2026-02-22T10:50:16.506+0000] {processor.py:830} INFO - Processing file /home/airflow/.local/lib/python3.12/site-packages/airflow/example_dags/example_sensors.py for tasks to queue
[2026-02-22T10:50:16.508+0000] {logging_mixin.py:188} INFO - [2026-02-22T10:50:16.508+0000] {dagbag.py:545} INFO - Filling up the DagBag from /home/airflow/.local/lib/python3.12/site-packages/airflow/example_dags/example_sensors.py
[2026-02-22T10:50:16.527+0000] {processor.py:840} INFO - DAG(s) 'example_sensors' retrieved from /home/airflow/.local/lib/python3.12/site-packages/airflow/example_dags/example_sensors.py
[2026-02-22T10:50:16.563+0000] {logging_mixin.py:188} INFO - [2026-02-22T10:50:16.563+0000] {dag.py:3096} INFO - Sync 1 DAGs
[2026-02-22T10:50:16.579+0000] {logging_mixin.py:188} INFO - [2026-02-22T10:50:16.578+0000] {dag.py:3954} INFO - Setting next_dagrun for example_sensors to None, run_after=None
[2026-02-22T10:50:16.602+0000] {processor.py:183} INFO - Processing /home/airflow/.local/lib/python3.12/site-packages/airflow/example_dags/example_sensors.py took 0.111 seconds
[2026-02-22T10:50:46.880+0000] {processor.py:161} INFO - Started process (PID=574) to work on /home/airflow/.local/lib/python3.12/site-packages/airflow/example_dags/example_sensors.py
[2026-02-22T10:50:46.882+0000] {processor.py:830} INFO - Processing file /home/airflow/.local/lib/python3.12/site-packages/airflow/example_dags/example_sensors.py for tasks to queue
[2026-02-22T10:50:46.884+0000] {logging_mixin.py:188} INFO - [2026-02-22T10:50:46.884+0000] {dagbag.py:545} INFO - Filling up the DagBag from /home/airflow/.local/lib/python3.12/site-packages/airflow/example_dags/example_sensors.py
[2026-02-22T10:50:46.897+0000] {processor.py:840} INFO - DAG(s) 'example_sensors' retrieved from /home/airflow/.local/lib/python3.12/site-packages/airflow/example_dags/example_sensors.py
[2026-02-22T10:50:46.928+0000] {logging_mixin.py:188} INFO - [2026-02-22T10:50:46.928+0000] {dag.py:3096} INFO - Sync 1 DAGs
[2026-02-22T10:50:46.944+0000] {logging_mixin.py:188} INFO - [2026-02-22T10:50:46.944+0000] {dag.py:3954} INFO - Setting next_dagrun for example_sensors to None, run_after=None
[2026-02-22T10:50:46.967+0000] {processor.py:183} INFO - Processing /home/airflow/.local/lib/python3.12/site-packages/airflow/example_dags/example_sensors.py took 0.093 seconds
[2026-02-22T10:51:17.267+0000] {processor.py:161} INFO - Started process (PID=632) to work on /home/airflow/.local/lib/python3.12/site-packages/airflow/example_dags/example_sensors.py
[2026-02-22T10:51:17.269+0000] {processor.py:830} INFO - Processing file /home/airflow/.local/lib/python3.12/site-packages/airflow/example_dags/example_sensors.py for tasks to queue
[2026-02-22T10:51:17.273+0000] {logging_mixin.py:188} INFO - [2026-02-22T10:51:17.272+0000] {dagbag.py:545} INFO - Filling up the DagBag from /home/airflow/.local/lib/python3.12/site-packages/airflow/example_dags/example_sensors.py
[2026-02-22T10:51:17.283+0000] {processor.py:840} INFO - DAG(s) 'example_sensors' retrieved from /home/airflow/.local/lib/python3.12/site-packages/airflow/example_dags/example_sensors.py
[2026-02-22T10:51:17.313+0000] {logging_mixin.py:188} INFO - [2026-02-22T10:51:17.313+0000] {dag.py:3096} INFO - Sync 1 DAGs
[2026-02-22T10:51:17.333+0000] {logging_mixin.py:188} INFO - [2026-02-22T10:51:17.333+0000] {dag.py:3954} INFO - Setting next_dagrun for example_sensors to None, run_after=None
[2026-02-22T10:51:17.354+0000] {processor.py:183} INFO - Processing /home/airflow/.local/lib/python3.12/site-packages/airflow/example_dags/example_sensors.py took 0.097 seconds
[2026-02-22T10:51:47.871+0000] {processor.py:161} INFO - Started process (PID=690) to work on /home/airflow/.local/lib/python3.12/site-packages/airflow/example_dags/example_sensors.py
[2026-02-22T10:51:47.873+0000] {processor.py:830} INFO - Processing file /home/airflow/.local/lib/python3.12/site-packages/airflow/example_dags/example_sensors.py for tasks to queue
[2026-02-22T10:51:47.875+0000] {logging_mixin.py:188} INFO - [2026-02-22T10:51:47.875+0000] {dagbag.py:545} INFO - Filling up the DagBag from /home/airflow/.local/lib/python3.12/site-packages/airflow/example_dags/example_sensors.py
[2026-02-22T10:51:47.889+0000] {processor.py:840} INFO - DAG(s) 'example_sensors' retrieved from /home/airflow/.local/lib/python3.12/site-packages/airflow/example_dags/example_sensors.py
[2026-02-22T10:51:47.916+0000] {logging_mixin.py:188} INFO - [2026-02-22T10:51:47.916+0000] {dag.py:3096} INFO - Sync 1 DAGs
[2026-02-22T10:51:47.927+0000] {logging_mixin.py:188} INFO - [2026-02-22T10:51:47.927+0000] {dag.py:3954} INFO - Setting next_dagrun for example_sensors to None, run_after=None
[2026-02-22T10:51:47.943+0000] {processor.py:183} INFO - Processing /home/airflow/.local/lib/python3.12/site-packages/airflow/example_dags/example_sensors.py took 0.080 seconds
[2026-02-22T10:52:18.556+0000] {processor.py:161} INFO - Started process (PID=748) to work on /home/airflow/.local/lib/python3.12/site-packages/airflow/example_dags/example_sensors.py
[2026-02-22T10:52:18.558+0000] {processor.py:830} INFO - Processing file /home/airflow/.local/lib/python3.12/site-packages/airflow/example_dags/example_sensors.py for tasks to queue
[2026-02-22T10:52:18.560+0000] {logging_mixin.py:188} INFO - [2026-02-22T10:52:18.560+0000] {dagbag.py:545} INFO - Filling up the DagBag from /home/airflow/.local/lib/python3.12/site-packages/airflow/example_dags/example_sensors.py
[2026-02-22T10:52:18.571+0000] {processor.py:840} INFO - DAG(s) 'example_sensors' retrieved from /home/airflow/.local/lib/python3.12/site-packages/airflow/example_dags/example_sensors.py
[2026-02-22T10:52:18.599+0000] {logging_mixin.py:188} INFO - [2026-02-22T10:52:18.599+0000] {dag.py:3096} INFO - Sync 1 DAGs
[2026-02-22T10:52:18.613+0000] {logging_mixin.py:188} INFO - [2026-02-22T10:52:18.612+0000] {dag.py:3954} INFO - Setting next_dagrun for example_sensors to None, run_after=None
[2026-02-22T10:52:18.630+0000] {processor.py:183} INFO - Processing /home/airflow/.local/lib/python3.12/site-packages/airflow/example_dags/example_sensors.py took 0.086 seconds
[2026-02-22T10:52:49.171+0000] {processor.py:161} INFO - Started process (PID=806) to work on /home/airflow/.local/lib/python3.12/site-packages/airflow/example_dags/example_sensors.py
[2026-02-22T10:52:49.173+0000] {processor.py:830} INFO - Processing file /home/airflow/.local/lib/python3.12/site-packages/airflow/example_dags/example_sensors.py for tasks to queue
[2026-02-22T10:52:49.176+0000] {logging_mixin.py:188} INFO - [2026-02-22T10:52:49.175+0000] {dagbag.py:545} INFO - Filling up the DagBag from /home/airflow/.local/lib/python3.12/site-packages/airflow/example_dags/example_sensors.py
[2026-02-22T10:52:49.190+0000] {processor.py:840} INFO - DAG(s) 'example_sensors' retrieved from /home/airflow/.local/lib/python3.12/site-packages/airflow/example_dags/example_sensors.py
[2026-02-22T10:52:49.232+0000] {logging_mixin.py:188} INFO - [2026-02-22T10:52:49.232+0000] {dag.py:3096} INFO - Sync 1 DAGs
[2026-02-22T10:52:49.244+0000] {logging_mixin.py:188} INFO - [2026-02-22T10:52:49.244+0000] {dag.py:3954} INFO - Setting next_dagrun for example_sensors to None, run_after=None
[2026-02-22T10:52:49.262+0000] {processor.py:183} INFO - Processing /home/airflow/.local/lib/python3.12/site-packages/airflow/example_dags/example_sensors.py took 0.104 seconds
[2026-02-22T10:53:19.430+0000] {processor.py:161} INFO - Started process (PID=864) to work on /home/airflow/.local/lib/python3.12/site-packages/airflow/example_dags/example_sensors.py
[2026-02-22T10:53:19.431+0000] {processor.py:830} INFO - Processing file /home/airflow/.local/lib/python3.12/site-packages/airflow/example_dags/example_sensors.py for tasks to queue
[2026-02-22T10:53:19.433+0000] {logging_mixin.py:188} INFO - [2026-02-22T10:53:19.433+0000] {dagbag.py:545} INFO - Filling up the DagBag from /home/airflow/.local/lib/python3.12/site-packages/airflow/example_dags/example_sensors.py
[2026-02-22T10:53:19.443+0000] {processor.py:840} INFO - DAG(s) 'example_sensors' retrieved from /home/airflow/.local/lib/python3.12/site-packages/airflow/example_dags/example_sensors.py
[2026-02-22T10:53:19.492+0000] {logging_mixin.py:188} INFO - [2026-02-22T10:53:19.492+0000] {dag.py:3096} INFO - Sync 1 DAGs
[2026-02-22T10:53:19.514+0000] {logging_mixin.py:188} INFO - [2026-02-22T10:53:19.513+0000] {dag.py:3954} INFO - Setting next_dagrun for example_sensors to None, run_after=None
[2026-02-22T10:53:19.535+0000] {processor.py:183} INFO - Processing /home/airflow/.local/lib/python3.12/site-packages/airflow/example_dags/example_sensors.py took 0.110 seconds
[2026-02-22T10:53:49.687+0000] {processor.py:161} INFO - Started process (PID=922) to work on /home/airflow/.local/lib/python3.12/site-packages/airflow/example_dags/example_sensors.py
[2026-02-22T10:53:49.689+0000] {processor.py:830} INFO - Processing file /home/airflow/.local/lib/python3.12/site-packages/airflow/example_dags/example_sensors.py for tasks to queue
[2026-02-22T10:53:49.693+0000] {logging_mixin.py:188} INFO - [2026-02-22T10:53:49.692+0000] {dagbag.py:545} INFO - Filling up the DagBag from /home/airflow/.local/lib/python3.12/site-packages/airflow/example_dags/example_sensors.py
[2026-02-22T10:53:49.725+0000] {processor.py:840} INFO - DAG(s) 'example_sensors' retrieved from /home/airflow/.local/lib/python3.12/site-packages/airflow/example_dags/example_sensors.py
[2026-02-22T10:53:49.811+0000] {logging_mixin.py:188} INFO - [2026-02-22T10:53:49.811+0000] {dag.py:3096} INFO - Sync 1 DAGs
[2026-02-22T10:53:49.852+0000] {logging_mixin.py:188} INFO - [2026-02-22T10:53:49.852+0000] {dag.py:3954} INFO - Setting next_dagrun for example_sensors to None, run_after=None
[2026-02-22T10:53:49.902+0000] {processor.py:183} INFO - Processing /home/airflow/.local/lib/python3.12/site-packages/airflow/example_dags/example_sensors.py took 0.229 seconds
[2026-02-22T10:54:20.481+0000] {processor.py:161} INFO - Started process (PID=980) to work on /home/airflow/.local/lib/python3.12/site-packages/airflow/example_dags/example_sensors.py
[2026-02-22T10:54:20.482+0000] {processor.py:830} INFO - Processing file /home/airflow/.local/lib/python3.12/site-packages/airflow/example_dags/example_sensors.py for tasks to queue
[2026-02-22T10:54:20.485+0000] {logging_mixin.py:188} INFO - [2026-02-22T10:54:20.484+0000] {dagbag.py:545} INFO - Filling up the DagBag from /home/airflow/.local/lib/python3.12/site-packages/airflow/example_dags/example_sensors.py
[2026-02-22T10:54:20.498+0000] {processor.py:840} INFO - DAG(s) 'example_sensors' retrieved from /home/airflow/.local/lib/python3.12/site-packages/airflow/example_dags/example_sensors.py
[2026-02-22T10:54:20.524+0000] {logging_mixin.py:188} INFO - [2026-02-22T10:54:20.524+0000] {dag.py:3096} INFO - Sync 1 DAGs
[2026-02-22T10:54:20.534+0000] {logging_mixin.py:188} INFO - [2026-02-22T10:54:20.534+0000] {dag.py:3954} INFO - Setting next_dagrun for example_sensors to None, run_after=None
[2026-02-22T10:54:20.551+0000] {processor.py:183} INFO - Processing /home/airflow/.local/lib/python3.12/site-packages/airflow/example_dags/example_sensors.py took 0.076 seconds
[2026-02-22T10:54:50.849+0000] {processor.py:161} INFO - Started process (PID=1038) to work on /home/airflow/.local/lib/python3.12/site-packages/airflow/example_dags/example_sensors.py
[2026-02-22T10:54:50.851+0000] {processor.py:830} INFO - Processing file /home/airflow/.local/lib/python3.12/site-packages/airflow/example_dags/example_sensors.py for tasks to queue
[2026-02-22T10:54:50.854+0000] {logging_mixin.py:188} INFO - [2026-02-22T10:54:50.854+0000] {dagbag.py:545} INFO - Filling up the DagBag from /home/airflow/.local/lib/python3.12/site-packages/airflow/example_dags/example_sensors.py
[2026-02-22T10:54:50.878+0000] {processor.py:840} INFO - DAG(s) 'example_sensors' retrieved from /home/airflow/.local/lib/python3.12/site-packages/airflow/example_dags/example_sensors.py
[2026-02-22T10:54:50.895+0000] {logging_mixin.py:188} INFO - [2026-02-22T10:54:50.894+0000] {dag.py:3096} INFO - Sync 1 DAGs
[2026-02-22T10:54:50.905+0000] {logging_mixin.py:188} INFO - [2026-02-22T10:54:50.905+0000] {dag.py:3954} INFO - Setting next_dagrun for example_sensors to None, run_after=None
[2026-02-22T10:54:50.915+0000] {processor.py:183} INFO - Processing /home/airflow/.local/lib/python3.12/site-packages/airflow/example_dags/example_sensors.py took 0.073 seconds
[2026-02-22T10:55:21.234+0000] {processor.py:161} INFO - Started process (PID=1096) to work on /home/airflow/.local/lib/python3.12/site-packages/airflow/example_dags/example_sensors.py
[2026-02-22T10:55:21.235+0000] {processor.py:830} INFO - Processing file /home/airflow/.local/lib/python3.12/site-packages/airflow/example_dags/example_sensors.py for tasks to queue
[2026-02-22T10:55:21.239+0000] {logging_mixin.py:188} INFO - [2026-02-22T10:55:21.238+0000] {dagbag.py:545} INFO - Filling up the DagBag from /home/airflow/.local/lib/python3.12/site-packages/airflow/example_dags/example_sensors.py
[2026-02-22T10:55:21.254+0000] {processor.py:840} INFO - DAG(s) 'example_sensors' retrieved from /home/airflow/.local/lib/python3.12/site-packages/airflow/example_dags/example_sensors.py
[2026-02-22T10:55:21.274+0000] {logging_mixin.py:188} INFO - [2026-02-22T10:55:21.274+0000] {dag.py:3096} INFO - Sync 1 DAGs
[2026-02-22T10:55:21.285+0000] {logging_mixin.py:188} INFO - [2026-02-22T10:55:21.285+0000] {dag.py:3954} INFO - Setting next_dagrun for example_sensors to None, run_after=None
[2026-02-22T10:55:21.297+0000] {processor.py:183} INFO - Processing /home/airflow/.local/lib/python3.12/site-packages/airflow/example_dags/example_sensors.py took 0.070 seconds
[2026-02-22T10:55:51.607+0000] {processor.py:161} INFO - Started process (PID=1154) to work on /home/airflow/.local/lib/python3.12/site-packages/airflow/example_dags/example_sensors.py
[2026-02-22T10:55:51.608+0000] {processor.py:830} INFO - Processing file /home/airflow/.local/lib/python3.12/site-packages/airflow/example_dags/example_sensors.py for tasks to queue
[2026-02-22T10:55:51.615+0000] {logging_mixin.py:188} INFO - [2026-02-22T10:55:51.613+0000] {dagbag.py:545} INFO - Filling up the DagBag from /home/airflow/.local/lib/python3.12/site-packages/airflow/example_dags/example_sensors.py
[2026-02-22T10:55:51.644+0000] {processor.py:840} INFO - DAG(s) 'example_sensors' retrieved from /home/airflow/.local/lib/python3.12/site-packages/airflow/example_dags/example_sensors.py
[2026-02-22T10:55:51.669+0000] {logging_mixin.py:188} INFO - [2026-02-22T10:55:51.669+0000] {dag.py:3096} INFO - Sync 1 DAGs
[2026-02-22T10:55:51.677+0000] {logging_mixin.py:188} INFO - [2026-02-22T10:55:51.677+0000] {dag.py:3954} INFO - Setting next_dagrun for example_sensors to None, run_after=None
[2026-02-22T10:55:51.689+0000] {processor.py:183} INFO - Processing /home/airflow/.local/lib/python3.12/site-packages/airflow/example_dags/example_sensors.py took 0.088 seconds
[2026-02-22T10:56:22.276+0000] {processor.py:161} INFO - Started process (PID=1212) to work on /home/airflow/.local/lib/python3.12/site-packages/airflow/example_dags/example_sensors.py
[2026-02-22T10:56:22.279+0000] {processor.py:830} INFO - Processing file /home/airflow/.local/lib/python3.12/site-packages/airflow/example_dags/example_sensors.py for tasks to queue
[2026-02-22T10:56:22.283+0000] {logging_mixin.py:188} INFO - [2026-02-22T10:56:22.283+0000] {dagbag.py:545} INFO - Filling up the DagBag from /home/airflow/.local/lib/python3.12/site-packages/airflow/example_dags/example_sensors.py
[2026-02-22T10:56:22.304+0000] {processor.py:840} INFO - DAG(s) 'example_sensors' retrieved from /home/airflow/.local/lib/python3.12/site-packages/airflow/example_dags/example_sensors.py
[2026-02-22T10:56:22.384+0000] {logging_mixin.py:188} INFO - [2026-02-22T10:56:22.384+0000] {dag.py:3096} INFO - Sync 1 DAGs
[2026-02-22T10:56:22.424+0000] {logging_mixin.py:188} INFO - [2026-02-22T10:56:22.424+0000] {dag.py:3954} INFO - Setting next_dagrun for example_sensors to None, run_after=None
[2026-02-22T10:56:22.469+0000] {processor.py:183} INFO - Processing /home/airflow/.local/lib/python3.12/site-packages/airflow/example_dags/example_sensors.py took 0.207 seconds
[2026-02-22T10:56:52.767+0000] {processor.py:161} INFO - Started process (PID=1270) to work on /home/airflow/.local/lib/python3.12/site-packages/airflow/example_dags/example_sensors.py
[2026-02-22T10:56:52.769+0000] {processor.py:830} INFO - Processing file /home/airflow/.local/lib/python3.12/site-packages/airflow/example_dags/example_sensors.py for tasks to queue
[2026-02-22T10:56:52.773+0000] {logging_mixin.py:188} INFO - [2026-02-22T10:56:52.772+0000] {dagbag.py:545} INFO - Filling up the DagBag from /home/airflow/.local/lib/python3.12/site-packages/airflow/example_dags/example_sensors.py
[2026-02-22T10:56:52.795+0000] {processor.py:840} INFO - DAG(s) 'example_sensors' retrieved from /home/airflow/.local/lib/python3.12/site-packages/airflow/example_dags/example_sensors.py
[2026-02-22T10:56:52.840+0000] {logging_mixin.py:188} INFO - [2026-02-22T10:56:52.840+0000] {dag.py:3096} INFO - Sync 1 DAGs
[2026-02-22T10:56:52.855+0000] {logging_mixin.py:188} INFO - [2026-02-22T10:56:52.855+0000] {dag.py:3954} INFO - Setting next_dagrun for example_sensors to None, run_after=None
[2026-02-22T10:56:52.872+0000] {processor.py:183} INFO - Processing /home/airflow/.local/lib/python3.12/site-packages/airflow/example_dags/example_sensors.py took 0.117 seconds
[2026-02-22T10:57:23.164+0000] {processor.py:161} INFO - Started process (PID=1328) to work on /home/airflow/.local/lib/python3.12/site-packages/airflow/example_dags/example_sensors.py
[2026-02-22T10:57:23.167+0000] {processor.py:830} INFO - Processing file /home/airflow/.local/lib/python3.12/site-packages/airflow/example_dags/example_sensors.py for tasks to queue
[2026-02-22T10:57:23.172+0000] {logging_mixin.py:188} INFO - [2026-02-22T10:57:23.172+0000] {dagbag.py:545} INFO - Filling up the DagBag from /home/airflow/.local/lib/python3.12/site-packages/airflow/example_dags/example_sensors.py
[2026-02-22T10:57:23.191+0000] {processor.py:840} INFO - DAG(s) 'example_sensors' retrieved from /home/airflow/.local/lib/python3.12/site-packages/airflow/example_dags/example_sensors.py
[2026-02-22T10:57:23.220+0000] {logging_mixin.py:188} INFO - [2026-02-22T10:57:23.220+0000] {dag.py:3096} INFO - Sync 1 DAGs
[2026-02-22T10:57:23.231+0000] {logging_mixin.py:188} INFO - [2026-02-22T10:57:23.231+0000] {dag.py:3954} INFO - Setting next_dagrun for example_sensors to None, run_after=None
[2026-02-22T10:57:23.250+0000] {processor.py:183} INFO - Processing /home/airflow/.local/lib/python3.12/site-packages/airflow/example_dags/example_sensors.py took 0.093 seconds
[2026-02-22T10:57:53.465+0000] {processor.py:161} INFO - Started process (PID=1386) to work on /home/airflow/.local/lib/python3.12/site-packages/airflow/example_dags/example_sensors.py
[2026-02-22T10:57:53.467+0000] {processor.py:830} INFO - Processing file /home/airflow/.local/lib/python3.12/site-packages/airflow/example_dags/example_sensors.py for tasks to queue
[2026-02-22T10:57:53.468+0000] {logging_mixin.py:188} INFO - [2026-02-22T10:57:53.468+0000] {dagbag.py:545} INFO - Filling up the DagBag from /home/airflow/.local/lib/python3.12/site-packages/airflow/example_dags/example_sensors.py
[2026-02-22T10:57:53.479+0000] {processor.py:840} INFO - DAG(s) 'example_sensors' retrieved from /home/airflow/.local/lib/python3.12/site-packages/airflow/example_dags/example_sensors.py
[2026-02-22T10:57:53.519+0000] {logging_mixin.py:188} INFO - [2026-02-22T10:57:53.519+0000] {dag.py:3096} INFO - Sync 1 DAGs
[2026-02-22T10:57:53.529+0000] {logging_mixin.py:188} INFO - [2026-02-22T10:57:53.529+0000] {dag.py:3954} INFO - Setting next_dagrun for example_sensors to None, run_after=None
[2026-02-22T10:57:53.562+0000] {processor.py:183} INFO - Processing /home/airflow/.local/lib/python3.12/site-packages/airflow/example_dags/example_sensors.py took 0.106 seconds
[2026-02-22T10:58:23.824+0000] {processor.py:161} INFO - Started process (PID=1444) to work on /home/airflow/.local/lib/python3.12/site-packages/airflow/example_dags/example_sensors.py
[2026-02-22T10:58:23.828+0000] {processor.py:830} INFO - Processing file /home/airflow/.local/lib/python3.12/site-packages/airflow/example_dags/example_sensors.py for tasks to queue
[2026-02-22T10:58:23.831+0000] {logging_mixin.py:188} INFO - [2026-02-22T10:58:23.830+0000] {dagbag.py:545} INFO - Filling up the DagBag from /home/airflow/.local/lib/python3.12/site-packages/airflow/example_dags/example_sensors.py
[2026-02-22T10:58:23.843+0000] {processor.py:840} INFO - DAG(s) 'example_sensors' retrieved from /home/airflow/.local/lib/python3.12/site-packages/airflow/example_dags/example_sensors.py
[2026-02-22T10:58:23.871+0000] {logging_mixin.py:188} INFO - [2026-02-22T10:58:23.871+0000] {dag.py:3096} INFO - Sync 1 DAGs
[2026-02-22T10:58:23.886+0000] {logging_mixin.py:188} INFO - [2026-02-22T10:58:23.886+0000] {dag.py:3954} INFO - Setting next_dagrun for example_sensors to None, run_after=None
[2026-02-22T10:58:23.903+0000] {processor.py:183} INFO - Processing /home/airflow/.local/lib/python3.12/site-packages/airflow/example_dags/example_sensors.py took 0.090 seconds
[2026-02-22T10:58:54.294+0000] {processor.py:161} INFO - Started process (PID=1502) to work on /home/airflow/.local/lib/python3.12/site-packages/airflow/example_dags/example_sensors.py
[2026-02-22T10:58:54.297+0000] {processor.py:830} INFO - Processing file /home/airflow/.local/lib/python3.12/site-packages/airflow/example_dags/example_sensors.py for tasks to queue
[2026-02-22T10:58:54.299+0000] {logging_mixin.py:188} INFO - [2026-02-22T10:58:54.299+0000] {dagbag.py:545} INFO - Filling up the DagBag from /home/airflow/.local/lib/python3.12/site-packages/airflow/example_dags/example_sensors.py
[2026-02-22T10:58:54.317+0000] {processor.py:840} INFO - DAG(s) 'example_sensors' retrieved from /home/airflow/.local/lib/python3.12/site-packages/airflow/example_dags/example_sensors.py
[2026-02-22T10:58:54.353+0000] {logging_mixin.py:188} INFO - [2026-02-22T10:58:54.353+0000] {dag.py:3096} INFO - Sync 1 DAGs
[2026-02-22T10:58:54.366+0000] {logging_mixin.py:188} INFO - [2026-02-22T10:58:54.366+0000] {dag.py:3954} INFO - Setting next_dagrun for example_sensors to None, run_after=None
[2026-02-22T10:58:54.380+0000] {processor.py:183} INFO - Processing /home/airflow/.local/lib/python3.12/site-packages/airflow/example_dags/example_sensors.py took 0.098 seconds
[2026-02-22T10:59:24.565+0000] {processor.py:161} INFO - Started process (PID=1560) to work on /home/airflow/.local/lib/python3.12/site-packages/airflow/example_dags/example_sensors.py
[2026-02-22T10:59:24.566+0000] {processor.py:830} INFO - Processing file /home/airflow/.local/lib/python3.12/site-packages/airflow/example_dags/example_sensors.py for tasks to queue
[2026-02-22T10:59:24.571+0000] {logging_mixin.py:188} INFO - [2026-02-22T10:59:24.570+0000] {dagbag.py:545} INFO - Filling up the DagBag from /home/airflow/.local/lib/python3.12/site-packages/airflow/example_dags/example_sensors.py
[2026-02-22T10:59:24.585+0000] {processor.py:840} INFO - DAG(s) 'example_sensors' retrieved from /home/airflow/.local/lib/python3.12/site-packages/airflow/example_dags/example_sensors.py
[2026-02-22T10:59:24.627+0000] {logging_mixin.py:188} INFO - [2026-02-22T10:59:24.627+0000] {dag.py:3096} INFO - Sync 1 DAGs
[2026-02-22T10:59:24.639+0000] {logging_mixin.py:188} INFO - [2026-02-22T10:59:24.639+0000] {dag.py:3954} INFO - Setting next_dagrun for example_sensors to None, run_after=None
[2026-02-22T10:59:24.659+0000] {processor.py:183} INFO - Processing /home/airflow/.local/lib/python3.12/site-packages/airflow/example_dags/example_sensors.py took 0.104 seconds
[2026-02-22T10:59:55.069+0000] {processor.py:161} INFO - Started process (PID=1618) to work on /home/airflow/.local/lib/python3.12/site-packages/airflow/example_dags/example_sensors.py
[2026-02-22T10:59:55.072+0000] {processor.py:830} INFO - Processing file /home/airflow/.local/lib/python3.12/site-packages/airflow/example_dags/example_sensors.py for tasks to queue
[2026-02-22T10:59:55.076+0000] {logging_mixin.py:188} INFO - [2026-02-22T10:59:55.076+0000] {dagbag.py:545} INFO - Filling up the DagBag from /home/airflow/.local/lib/python3.12/site-packages/airflow/example_dags/example_sensors.py
[2026-02-22T10:59:55.095+0000] {processor.py:840} INFO - DAG(s) 'example_sensors' retrieved from /home/airflow/.local/lib/python3.12/site-packages/airflow/example_dags/example_sensors.py
[2026-02-22T10:59:55.136+0000] {logging_mixin.py:188} INFO - [2026-02-22T10:59:55.135+0000] {dag.py:3096} INFO - Sync 1 DAGs
[2026-02-22T10:59:55.149+0000] {logging_mixin.py:188} INFO - [2026-02-22T10:59:55.148+0000] {dag.py:3954} INFO - Setting next_dagrun for example_sensors to None, run_after=None
[2026-02-22T10:59:55.173+0000] {processor.py:183} INFO - Processing /home/airflow/.local/lib/python3.12/site-packages/airflow/example_dags/example_sensors.py took 0.117 seconds
[2026-02-22T11:00:25.414+0000] {processor.py:161} INFO - Started process (PID=1676) to work on /home/airflow/.local/lib/python3.12/site-packages/airflow/example_dags/example_sensors.py
[2026-02-22T11:00:25.417+0000] {processor.py:830} INFO - Processing file /home/airflow/.local/lib/python3.12/site-packages/airflow/example_dags/example_sensors.py for tasks to queue
[2026-02-22T11:00:25.419+0000] {logging_mixin.py:188} INFO - [2026-02-22T11:00:25.419+0000] {dagbag.py:545} INFO - Filling up the DagBag from /home/airflow/.local/lib/python3.12/site-packages/airflow/example_dags/example_sensors.py
[2026-02-22T11:00:25.440+0000] {processor.py:840} INFO - DAG(s) 'example_sensors' retrieved from /home/airflow/.local/lib/python3.12/site-packages/airflow/example_dags/example_sensors.py
[2026-02-22T11:00:25.494+0000] {logging_mixin.py:188} INFO - [2026-02-22T11:00:25.493+0000] {dag.py:3096} INFO - Sync 1 DAGs
[2026-02-22T11:00:25.509+0000] {logging_mixin.py:188} INFO - [2026-02-22T11:00:25.508+0000] {dag.py:3954} INFO - Setting next_dagrun for example_sensors to None, run_after=None
[2026-02-22T11:00:25.535+0000] {processor.py:183} INFO - Processing /home/airflow/.local/lib/python3.12/site-packages/airflow/example_dags/example_sensors.py took 0.130 seconds
[2026-02-22T11:00:55.888+0000] {processor.py:161} INFO - Started process (PID=1734) to work on /home/airflow/.local/lib/python3.12/site-packages/airflow/example_dags/example_sensors.py
[2026-02-22T11:00:55.889+0000] {processor.py:830} INFO - Processing file /home/airflow/.local/lib/python3.12/site-packages/airflow/example_dags/example_sensors.py for tasks to queue
[2026-02-22T11:00:55.893+0000] {logging_mixin.py:188} INFO - [2026-02-22T11:00:55.892+0000] {dagbag.py:545} INFO - Filling up the DagBag from /home/airflow/.local/lib/python3.12/site-packages/airflow/example_dags/example_sensors.py
[2026-02-22T11:00:55.910+0000] {processor.py:840} INFO - DAG(s) 'example_sensors' retrieved from /home/airflow/.local/lib/python3.12/site-packages/airflow/example_dags/example_sensors.py
[2026-02-22T11:00:55.951+0000] {logging_mixin.py:188} INFO - [2026-02-22T11:00:55.951+0000] {dag.py:3096} INFO - Sync 1 DAGs
[2026-02-22T11:00:55.967+0000] {logging_mixin.py:188} INFO - [2026-02-22T11:00:55.967+0000] {dag.py:3954} INFO - Setting next_dagrun for example_sensors to None, run_after=None
[2026-02-22T11:00:55.990+0000] {processor.py:183} INFO - Processing /home/airflow/.local/lib/python3.12/site-packages/airflow/example_dags/example_sensors.py took 0.115 seconds
[2026-02-22T11:01:26.185+0000] {processor.py:161} INFO - Started process (PID=1793) to work on /home/airflow/.local/lib/python3.12/site-packages/airflow/example_dags/example_sensors.py
[2026-02-22T11:01:26.187+0000] {processor.py:830} INFO - Processing file /home/airflow/.local/lib/python3.12/site-packages/airflow/example_dags/example_sensors.py for tasks to queue
[2026-02-22T11:01:26.189+0000] {logging_mixin.py:188} INFO - [2026-02-22T11:01:26.189+0000] {dagbag.py:545} INFO - Filling up the DagBag from /home/airflow/.local/lib/python3.12/site-packages/airflow/example_dags/example_sensors.py
[2026-02-22T11:01:26.205+0000] {processor.py:840} INFO - DAG(s) 'example_sensors' retrieved from /home/airflow/.local/lib/python3.12/site-packages/airflow/example_dags/example_sensors.py
[2026-02-22T11:01:26.241+0000] {logging_mixin.py:188} INFO - [2026-02-22T11:01:26.240+0000] {dag.py:3096} INFO - Sync 1 DAGs
[2026-02-22T11:01:26.254+0000] {logging_mixin.py:188} INFO - [2026-02-22T11:01:26.254+0000] {dag.py:3954} INFO - Setting next_dagrun for example_sensors to None, run_after=None
[2026-02-22T11:01:26.272+0000] {processor.py:183} INFO - Processing /home/airflow/.local/lib/python3.12/site-packages/airflow/example_dags/example_sensors.py took 0.098 seconds
[2026-02-22T11:01:56.607+0000] {processor.py:161} INFO - Started process (PID=1852) to work on /home/airflow/.local/lib/python3.12/site-packages/airflow/example_dags/example_sensors.py
[2026-02-22T11:01:56.610+0000] {processor.py:830} INFO - Processing file /home/airflow/.local/lib/python3.12/site-packages/airflow/example_dags/example_sensors.py for tasks to queue
[2026-02-22T11:01:56.612+0000] {logging_mixin.py:188} INFO - [2026-02-22T11:01:56.612+0000] {dagbag.py:545} INFO - Filling up the DagBag from /home/airflow/.local/lib/python3.12/site-packages/airflow/example_dags/example_sensors.py
[2026-02-22T11:01:56.623+0000] {processor.py:840} INFO - DAG(s) 'example_sensors' retrieved from /home/airflow/.local/lib/python3.12/site-packages/airflow/example_dags/example_sensors.py
[2026-02-22T11:01:56.650+0000] {logging_mixin.py:188} INFO - [2026-02-22T11:01:56.650+0000] {dag.py:3096} INFO - Sync 1 DAGs
[2026-02-22T11:01:56.661+0000] {logging_mixin.py:188} INFO - [2026-02-22T11:01:56.660+0000] {dag.py:3954} INFO - Setting next_dagrun for example_sensors to None, run_after=None
[2026-02-22T11:01:56.676+0000] {processor.py:183} INFO - Processing /home/airflow/.local/lib/python3.12/site-packages/airflow/example_dags/example_sensors.py took 0.079 seconds
[2026-02-22T11:02:27.052+0000] {processor.py:161} INFO - Started process (PID=1911) to work on /home/airflow/.local/lib/python3.12/site-packages/airflow/example_dags/example_sensors.py
[2026-02-22T11:02:27.054+0000] {processor.py:830} INFO - Processing file /home/airflow/.local/lib/python3.12/site-packages/airflow/example_dags/example_sensors.py for tasks to queue
[2026-02-22T11:02:27.056+0000] {logging_mixin.py:188} INFO - [2026-02-22T11:02:27.056+0000] {dagbag.py:545} INFO - Filling up the DagBag from /home/airflow/.local/lib/python3.12/site-packages/airflow/example_dags/example_sensors.py
[2026-02-22T11:02:27.065+0000] {processor.py:840} INFO - DAG(s) 'example_sensors' retrieved from /home/airflow/.local/lib/python3.12/site-packages/airflow/example_dags/example_sensors.py
[2026-02-22T11:02:27.215+0000] {logging_mixin.py:188} INFO - [2026-02-22T11:02:27.215+0000] {dag.py:3096} INFO - Sync 1 DAGs
[2026-02-22T11:02:27.221+0000] {logging_mixin.py:188} INFO - [2026-02-22T11:02:27.221+0000] {dag.py:3954} INFO - Setting next_dagrun for example_sensors to None, run_after=None
[2026-02-22T11:02:27.229+0000] {processor.py:183} INFO - Processing /home/airflow/.local/lib/python3.12/site-packages/airflow/example_dags/example_sensors.py took 0.185 seconds
[2026-02-22T11:02:57.457+0000] {processor.py:161} INFO - Started process (PID=1970) to work on /home/airflow/.local/lib/python3.12/site-packages/airflow/example_dags/example_sensors.py
[2026-02-22T11:02:57.460+0000] {processor.py:830} INFO - Processing file /home/airflow/.local/lib/python3.12/site-packages/airflow/example_dags/example_sensors.py for tasks to queue
[2026-02-22T11:02:57.463+0000] {logging_mixin.py:188} INFO - [2026-02-22T11:02:57.462+0000] {dagbag.py:545} INFO - Filling up the DagBag from /home/airflow/.local/lib/python3.12/site-packages/airflow/example_dags/example_sensors.py
[2026-02-22T11:02:57.473+0000] {processor.py:840} INFO - DAG(s) 'example_sensors' retrieved from /home/airflow/.local/lib/python3.12/site-packages/airflow/example_dags/example_sensors.py
[2026-02-22T11:02:57.499+0000] {logging_mixin.py:188} INFO - [2026-02-22T11:02:57.499+0000] {dag.py:3096} INFO - Sync 1 DAGs
[2026-02-22T11:02:57.512+0000] {logging_mixin.py:188} INFO - [2026-02-22T11:02:57.512+0000] {dag.py:3954} INFO - Setting next_dagrun for example_sensors to None, run_after=None
[2026-02-22T11:02:57.530+0000] {processor.py:183} INFO - Processing /home/airflow/.local/lib/python3.12/site-packages/airflow/example_dags/example_sensors.py took 0.083 seconds
[2026-02-22T11:03:27.726+0000] {processor.py:161} INFO - Started process (PID=2029) to work on /home/airflow/.local/lib/python3.12/site-packages/airflow/example_dags/example_sensors.py
[2026-02-22T11:03:27.730+0000] {processor.py:830} INFO - Processing file /home/airflow/.local/lib/python3.12/site-packages/airflow/example_dags/example_sensors.py for tasks to queue
[2026-02-22T11:03:27.733+0000] {logging_mixin.py:188} INFO - [2026-02-22T11:03:27.733+0000] {dagbag.py:545} INFO - Filling up the DagBag from /home/airflow/.local/lib/python3.12/site-packages/airflow/example_dags/example_sensors.py
[2026-02-22T11:03:27.758+0000] {processor.py:840} INFO - DAG(s) 'example_sensors' retrieved from /home/airflow/.local/lib/python3.12/site-packages/airflow/example_dags/example_sensors.py
[2026-02-22T11:03:27.835+0000] {logging_mixin.py:188} INFO - [2026-02-22T11:03:27.835+0000] {dag.py:3096} INFO - Sync 1 DAGs
[2026-02-22T11:03:27.869+0000] {logging_mixin.py:188} INFO - [2026-02-22T11:03:27.869+0000] {dag.py:3954} INFO - Setting next_dagrun for example_sensors to None, run_after=None
[2026-02-22T11:03:28.193+0000] {processor.py:183} INFO - Processing /home/airflow/.local/lib/python3.12/site-packages/airflow/example_dags/example_sensors.py took 0.509 seconds
[2026-02-22T11:03:59.897+0000] {processor.py:161} INFO - Started process (PID=2088) to work on /home/airflow/.local/lib/python3.12/site-packages/airflow/example_dags/example_sensors.py
[2026-02-22T11:03:59.904+0000] {processor.py:830} INFO - Processing file /home/airflow/.local/lib/python3.12/site-packages/airflow/example_dags/example_sensors.py for tasks to queue
[2026-02-22T11:03:59.916+0000] {logging_mixin.py:188} INFO - [2026-02-22T11:03:59.914+0000] {dagbag.py:545} INFO - Filling up the DagBag from /home/airflow/.local/lib/python3.12/site-packages/airflow/example_dags/example_sensors.py
[2026-02-22T11:04:00.149+0000] {processor.py:840} INFO - DAG(s) 'example_sensors' retrieved from /home/airflow/.local/lib/python3.12/site-packages/airflow/example_dags/example_sensors.py
[2026-02-22T11:04:00.472+0000] {logging_mixin.py:188} INFO - [2026-02-22T11:04:00.471+0000] {dag.py:3096} INFO - Sync 1 DAGs
[2026-02-22T11:04:00.591+0000] {logging_mixin.py:188} INFO - [2026-02-22T11:04:00.590+0000] {dag.py:3954} INFO - Setting next_dagrun for example_sensors to None, run_after=None
[2026-02-22T11:04:00.677+0000] {processor.py:183} INFO - Processing /home/airflow/.local/lib/python3.12/site-packages/airflow/example_dags/example_sensors.py took 0.819 seconds
[2026-02-22T16:34:19.303+0000] {processor.py:161} INFO - Started process (PID=44) to work on /home/airflow/.local/lib/python3.12/site-packages/airflow/example_dags/example_sensors.py
[2026-02-22T16:34:19.307+0000] {processor.py:830} INFO - Processing file /home/airflow/.local/lib/python3.12/site-packages/airflow/example_dags/example_sensors.py for tasks to queue
[2026-02-22T16:34:19.310+0000] {logging_mixin.py:188} INFO - [2026-02-22T16:34:19.310+0000] {dagbag.py:545} INFO - Filling up the DagBag from /home/airflow/.local/lib/python3.12/site-packages/airflow/example_dags/example_sensors.py
[2026-02-22T16:34:19.337+0000] {processor.py:840} INFO - DAG(s) 'example_sensors' retrieved from /home/airflow/.local/lib/python3.12/site-packages/airflow/example_dags/example_sensors.py
[2026-02-22T16:34:19.417+0000] {logging_mixin.py:188} INFO - [2026-02-22T16:34:19.416+0000] {dag.py:3096} INFO - Sync 1 DAGs
[2026-02-22T16:34:19.437+0000] {logging_mixin.py:188} INFO - [2026-02-22T16:34:19.437+0000] {dag.py:3954} INFO - Setting next_dagrun for example_sensors to None, run_after=None
[2026-02-22T16:34:19.471+0000] {processor.py:183} INFO - Processing /home/airflow/.local/lib/python3.12/site-packages/airflow/example_dags/example_sensors.py took 0.177 seconds
[2026-02-22T16:50:44.327+0000] {processor.py:161} INFO - Started process (PID=103) to work on /home/airflow/.local/lib/python3.12/site-packages/airflow/example_dags/example_sensors.py
[2026-02-22T16:50:44.333+0000] {processor.py:830} INFO - Processing file /home/airflow/.local/lib/python3.12/site-packages/airflow/example_dags/example_sensors.py for tasks to queue
[2026-02-22T16:50:44.340+0000] {logging_mixin.py:188} INFO - [2026-02-22T16:50:44.339+0000] {dagbag.py:545} INFO - Filling up the DagBag from /home/airflow/.local/lib/python3.12/site-packages/airflow/example_dags/example_sensors.py
[2026-02-22T16:50:44.354+0000] {processor.py:840} INFO - DAG(s) 'example_sensors' retrieved from /home/airflow/.local/lib/python3.12/site-packages/airflow/example_dags/example_sensors.py
[2026-02-22T16:50:44.403+0000] {logging_mixin.py:188} INFO - [2026-02-22T16:50:44.403+0000] {dag.py:3096} INFO - Sync 1 DAGs
[2026-02-22T16:50:44.434+0000] {logging_mixin.py:188} INFO - [2026-02-22T16:50:44.434+0000] {dag.py:3954} INFO - Setting next_dagrun for example_sensors to None, run_after=None
[2026-02-22T16:50:44.474+0000] {processor.py:183} INFO - Processing /home/airflow/.local/lib/python3.12/site-packages/airflow/example_dags/example_sensors.py took 0.156 seconds
[2026-02-22T16:51:14.796+0000] {processor.py:161} INFO - Started process (PID=162) to work on /home/airflow/.local/lib/python3.12/site-packages/airflow/example_dags/example_sensors.py
[2026-02-22T16:51:14.799+0000] {processor.py:830} INFO - Processing file /home/airflow/.local/lib/python3.12/site-packages/airflow/example_dags/example_sensors.py for tasks to queue
[2026-02-22T16:51:14.800+0000] {logging_mixin.py:188} INFO - [2026-02-22T16:51:14.800+0000] {dagbag.py:545} INFO - Filling up the DagBag from /home/airflow/.local/lib/python3.12/site-packages/airflow/example_dags/example_sensors.py
[2026-02-22T16:51:14.811+0000] {processor.py:840} INFO - DAG(s) 'example_sensors' retrieved from /home/airflow/.local/lib/python3.12/site-packages/airflow/example_dags/example_sensors.py
[2026-02-22T16:51:14.830+0000] {logging_mixin.py:188} INFO - [2026-02-22T16:51:14.830+0000] {dag.py:3096} INFO - Sync 1 DAGs
[2026-02-22T16:51:14.852+0000] {logging_mixin.py:188} INFO - [2026-02-22T16:51:14.851+0000] {dag.py:3954} INFO - Setting next_dagrun for example_sensors to None, run_after=None
[2026-02-22T16:51:14.892+0000] {processor.py:183} INFO - Processing /home/airflow/.local/lib/python3.12/site-packages/airflow/example_dags/example_sensors.py took 0.100 seconds
[2026-02-22T16:51:45.115+0000] {processor.py:161} INFO - Started process (PID=221) to work on /home/airflow/.local/lib/python3.12/site-packages/airflow/example_dags/example_sensors.py
[2026-02-22T16:51:45.117+0000] {processor.py:830} INFO - Processing file /home/airflow/.local/lib/python3.12/site-packages/airflow/example_dags/example_sensors.py for tasks to queue
[2026-02-22T16:51:45.118+0000] {logging_mixin.py:188} INFO - [2026-02-22T16:51:45.118+0000] {dagbag.py:545} INFO - Filling up the DagBag from /home/airflow/.local/lib/python3.12/site-packages/airflow/example_dags/example_sensors.py
[2026-02-22T16:51:45.125+0000] {processor.py:840} INFO - DAG(s) 'example_sensors' retrieved from /home/airflow/.local/lib/python3.12/site-packages/airflow/example_dags/example_sensors.py
[2026-02-22T16:51:45.148+0000] {logging_mixin.py:188} INFO - [2026-02-22T16:51:45.148+0000] {dag.py:3096} INFO - Sync 1 DAGs
[2026-02-22T16:51:45.157+0000] {logging_mixin.py:188} INFO - [2026-02-22T16:51:45.157+0000] {dag.py:3954} INFO - Setting next_dagrun for example_sensors to None, run_after=None
[2026-02-22T16:51:45.176+0000] {processor.py:183} INFO - Processing /home/airflow/.local/lib/python3.12/site-packages/airflow/example_dags/example_sensors.py took 0.066 seconds
[2026-02-22T16:52:15.489+0000] {processor.py:161} INFO - Started process (PID=280) to work on /home/airflow/.local/lib/python3.12/site-packages/airflow/example_dags/example_sensors.py
[2026-02-22T16:52:15.490+0000] {processor.py:830} INFO - Processing file /home/airflow/.local/lib/python3.12/site-packages/airflow/example_dags/example_sensors.py for tasks to queue
[2026-02-22T16:52:15.492+0000] {logging_mixin.py:188} INFO - [2026-02-22T16:52:15.492+0000] {dagbag.py:545} INFO - Filling up the DagBag from /home/airflow/.local/lib/python3.12/site-packages/airflow/example_dags/example_sensors.py
[2026-02-22T16:52:15.499+0000] {processor.py:840} INFO - DAG(s) 'example_sensors' retrieved from /home/airflow/.local/lib/python3.12/site-packages/airflow/example_dags/example_sensors.py
[2026-02-22T16:52:15.521+0000] {logging_mixin.py:188} INFO - [2026-02-22T16:52:15.520+0000] {dag.py:3096} INFO - Sync 1 DAGs
[2026-02-22T16:52:15.531+0000] {logging_mixin.py:188} INFO - [2026-02-22T16:52:15.531+0000] {dag.py:3954} INFO - Setting next_dagrun for example_sensors to None, run_after=None
[2026-02-22T16:52:15.545+0000] {processor.py:183} INFO - Processing /home/airflow/.local/lib/python3.12/site-packages/airflow/example_dags/example_sensors.py took 0.066 seconds
[2026-02-22T16:52:45.991+0000] {processor.py:161} INFO - Started process (PID=339) to work on /home/airflow/.local/lib/python3.12/site-packages/airflow/example_dags/example_sensors.py
[2026-02-22T16:52:45.992+0000] {processor.py:830} INFO - Processing file /home/airflow/.local/lib/python3.12/site-packages/airflow/example_dags/example_sensors.py for tasks to queue
[2026-02-22T16:52:45.993+0000] {logging_mixin.py:188} INFO - [2026-02-22T16:52:45.993+0000] {dagbag.py:545} INFO - Filling up the DagBag from /home/airflow/.local/lib/python3.12/site-packages/airflow/example_dags/example_sensors.py
[2026-02-22T16:52:45.999+0000] {processor.py:840} INFO - DAG(s) 'example_sensors' retrieved from /home/airflow/.local/lib/python3.12/site-packages/airflow/example_dags/example_sensors.py
[2026-02-22T16:52:46.013+0000] {logging_mixin.py:188} INFO - [2026-02-22T16:52:46.013+0000] {dag.py:3096} INFO - Sync 1 DAGs
[2026-02-22T16:52:46.026+0000] {logging_mixin.py:188} INFO - [2026-02-22T16:52:46.026+0000] {dag.py:3954} INFO - Setting next_dagrun for example_sensors to None, run_after=None
[2026-02-22T16:52:46.046+0000] {processor.py:183} INFO - Processing /home/airflow/.local/lib/python3.12/site-packages/airflow/example_dags/example_sensors.py took 0.064 seconds
[2026-02-22T16:53:16.300+0000] {processor.py:161} INFO - Started process (PID=398) to work on /home/airflow/.local/lib/python3.12/site-packages/airflow/example_dags/example_sensors.py
[2026-02-22T16:53:16.301+0000] {processor.py:830} INFO - Processing file /home/airflow/.local/lib/python3.12/site-packages/airflow/example_dags/example_sensors.py for tasks to queue
[2026-02-22T16:53:16.302+0000] {logging_mixin.py:188} INFO - [2026-02-22T16:53:16.302+0000] {dagbag.py:545} INFO - Filling up the DagBag from /home/airflow/.local/lib/python3.12/site-packages/airflow/example_dags/example_sensors.py
[2026-02-22T16:53:16.308+0000] {processor.py:840} INFO - DAG(s) 'example_sensors' retrieved from /home/airflow/.local/lib/python3.12/site-packages/airflow/example_dags/example_sensors.py
[2026-02-22T16:53:16.328+0000] {logging_mixin.py:188} INFO - [2026-02-22T16:53:16.328+0000] {dag.py:3096} INFO - Sync 1 DAGs
[2026-02-22T16:53:16.337+0000] {logging_mixin.py:188} INFO - [2026-02-22T16:53:16.337+0000] {dag.py:3954} INFO - Setting next_dagrun for example_sensors to None, run_after=None
[2026-02-22T16:53:16.357+0000] {processor.py:183} INFO - Processing /home/airflow/.local/lib/python3.12/site-packages/airflow/example_dags/example_sensors.py took 0.063 seconds
[2026-02-22T16:53:46.751+0000] {processor.py:161} INFO - Started process (PID=457) to work on /home/airflow/.local/lib/python3.12/site-packages/airflow/example_dags/example_sensors.py
[2026-02-22T16:53:46.753+0000] {processor.py:830} INFO - Processing file /home/airflow/.local/lib/python3.12/site-packages/airflow/example_dags/example_sensors.py for tasks to queue
[2026-02-22T16:53:46.756+0000] {logging_mixin.py:188} INFO - [2026-02-22T16:53:46.755+0000] {dagbag.py:545} INFO - Filling up the DagBag from /home/airflow/.local/lib/python3.12/site-packages/airflow/example_dags/example_sensors.py
[2026-02-22T16:53:46.768+0000] {processor.py:840} INFO - DAG(s) 'example_sensors' retrieved from /home/airflow/.local/lib/python3.12/site-packages/airflow/example_dags/example_sensors.py
[2026-02-22T16:53:46.796+0000] {logging_mixin.py:188} INFO - [2026-02-22T16:53:46.795+0000] {dag.py:3096} INFO - Sync 1 DAGs
[2026-02-22T16:53:46.805+0000] {logging_mixin.py:188} INFO - [2026-02-22T16:53:46.805+0000] {dag.py:3954} INFO - Setting next_dagrun for example_sensors to None, run_after=None
[2026-02-22T16:53:46.827+0000] {processor.py:183} INFO - Processing /home/airflow/.local/lib/python3.12/site-packages/airflow/example_dags/example_sensors.py took 0.083 seconds
[2026-02-22T16:54:17.047+0000] {processor.py:161} INFO - Started process (PID=516) to work on /home/airflow/.local/lib/python3.12/site-packages/airflow/example_dags/example_sensors.py
[2026-02-22T16:54:17.048+0000] {processor.py:830} INFO - Processing file /home/airflow/.local/lib/python3.12/site-packages/airflow/example_dags/example_sensors.py for tasks to queue
[2026-02-22T16:54:17.051+0000] {logging_mixin.py:188} INFO - [2026-02-22T16:54:17.050+0000] {dagbag.py:545} INFO - Filling up the DagBag from /home/airflow/.local/lib/python3.12/site-packages/airflow/example_dags/example_sensors.py
[2026-02-22T16:54:17.063+0000] {processor.py:840} INFO - DAG(s) 'example_sensors' retrieved from /home/airflow/.local/lib/python3.12/site-packages/airflow/example_dags/example_sensors.py
[2026-02-22T16:54:17.087+0000] {logging_mixin.py:188} INFO - [2026-02-22T16:54:17.087+0000] {dag.py:3096} INFO - Sync 1 DAGs
[2026-02-22T16:54:17.095+0000] {logging_mixin.py:188} INFO - [2026-02-22T16:54:17.095+0000] {dag.py:3954} INFO - Setting next_dagrun for example_sensors to None, run_after=None
[2026-02-22T16:54:17.112+0000] {processor.py:183} INFO - Processing /home/airflow/.local/lib/python3.12/site-packages/airflow/example_dags/example_sensors.py took 0.071 seconds
[2026-02-22T16:54:47.247+0000] {processor.py:161} INFO - Started process (PID=575) to work on /home/airflow/.local/lib/python3.12/site-packages/airflow/example_dags/example_sensors.py
[2026-02-22T16:54:47.248+0000] {processor.py:830} INFO - Processing file /home/airflow/.local/lib/python3.12/site-packages/airflow/example_dags/example_sensors.py for tasks to queue
[2026-02-22T16:54:47.250+0000] {logging_mixin.py:188} INFO - [2026-02-22T16:54:47.249+0000] {dagbag.py:545} INFO - Filling up the DagBag from /home/airflow/.local/lib/python3.12/site-packages/airflow/example_dags/example_sensors.py
[2026-02-22T16:54:47.257+0000] {processor.py:840} INFO - DAG(s) 'example_sensors' retrieved from /home/airflow/.local/lib/python3.12/site-packages/airflow/example_dags/example_sensors.py
[2026-02-22T16:54:47.276+0000] {logging_mixin.py:188} INFO - [2026-02-22T16:54:47.276+0000] {dag.py:3096} INFO - Sync 1 DAGs
[2026-02-22T16:54:47.286+0000] {logging_mixin.py:188} INFO - [2026-02-22T16:54:47.286+0000] {dag.py:3954} INFO - Setting next_dagrun for example_sensors to None, run_after=None
[2026-02-22T16:54:47.302+0000] {processor.py:183} INFO - Processing /home/airflow/.local/lib/python3.12/site-packages/airflow/example_dags/example_sensors.py took 0.063 seconds
[2026-02-22T16:55:17.368+0000] {processor.py:161} INFO - Started process (PID=634) to work on /home/airflow/.local/lib/python3.12/site-packages/airflow/example_dags/example_sensors.py
[2026-02-22T16:55:17.369+0000] {processor.py:830} INFO - Processing file /home/airflow/.local/lib/python3.12/site-packages/airflow/example_dags/example_sensors.py for tasks to queue
[2026-02-22T16:55:17.370+0000] {logging_mixin.py:188} INFO - [2026-02-22T16:55:17.370+0000] {dagbag.py:545} INFO - Filling up the DagBag from /home/airflow/.local/lib/python3.12/site-packages/airflow/example_dags/example_sensors.py
[2026-02-22T16:55:17.375+0000] {processor.py:840} INFO - DAG(s) 'example_sensors' retrieved from /home/airflow/.local/lib/python3.12/site-packages/airflow/example_dags/example_sensors.py
[2026-02-22T16:55:17.391+0000] {logging_mixin.py:188} INFO - [2026-02-22T16:55:17.391+0000] {dag.py:3096} INFO - Sync 1 DAGs
[2026-02-22T16:55:17.399+0000] {logging_mixin.py:188} INFO - [2026-02-22T16:55:17.399+0000] {dag.py:3954} INFO - Setting next_dagrun for example_sensors to None, run_after=None
[2026-02-22T16:55:17.413+0000] {processor.py:183} INFO - Processing /home/airflow/.local/lib/python3.12/site-packages/airflow/example_dags/example_sensors.py took 0.050 seconds
[2026-02-22T16:55:47.599+0000] {processor.py:161} INFO - Started process (PID=693) to work on /home/airflow/.local/lib/python3.12/site-packages/airflow/example_dags/example_sensors.py
[2026-02-22T16:55:47.601+0000] {processor.py:830} INFO - Processing file /home/airflow/.local/lib/python3.12/site-packages/airflow/example_dags/example_sensors.py for tasks to queue
[2026-02-22T16:55:47.602+0000] {logging_mixin.py:188} INFO - [2026-02-22T16:55:47.602+0000] {dagbag.py:545} INFO - Filling up the DagBag from /home/airflow/.local/lib/python3.12/site-packages/airflow/example_dags/example_sensors.py
[2026-02-22T16:55:47.608+0000] {processor.py:840} INFO - DAG(s) 'example_sensors' retrieved from /home/airflow/.local/lib/python3.12/site-packages/airflow/example_dags/example_sensors.py
[2026-02-22T16:55:47.629+0000] {logging_mixin.py:188} INFO - [2026-02-22T16:55:47.629+0000] {dag.py:3096} INFO - Sync 1 DAGs
[2026-02-22T16:55:47.640+0000] {logging_mixin.py:188} INFO - [2026-02-22T16:55:47.640+0000] {dag.py:3954} INFO - Setting next_dagrun for example_sensors to None, run_after=None
[2026-02-22T16:55:47.664+0000] {processor.py:183} INFO - Processing /home/airflow/.local/lib/python3.12/site-packages/airflow/example_dags/example_sensors.py took 0.071 seconds
[2026-02-22T16:56:17.785+0000] {processor.py:161} INFO - Started process (PID=752) to work on /home/airflow/.local/lib/python3.12/site-packages/airflow/example_dags/example_sensors.py
[2026-02-22T16:56:17.786+0000] {processor.py:830} INFO - Processing file /home/airflow/.local/lib/python3.12/site-packages/airflow/example_dags/example_sensors.py for tasks to queue
[2026-02-22T16:56:17.787+0000] {logging_mixin.py:188} INFO - [2026-02-22T16:56:17.787+0000] {dagbag.py:545} INFO - Filling up the DagBag from /home/airflow/.local/lib/python3.12/site-packages/airflow/example_dags/example_sensors.py
[2026-02-22T16:56:17.792+0000] {processor.py:840} INFO - DAG(s) 'example_sensors' retrieved from /home/airflow/.local/lib/python3.12/site-packages/airflow/example_dags/example_sensors.py
[2026-02-22T16:56:17.810+0000] {logging_mixin.py:188} INFO - [2026-02-22T16:56:17.809+0000] {dag.py:3096} INFO - Sync 1 DAGs
[2026-02-22T16:56:17.816+0000] {logging_mixin.py:188} INFO - [2026-02-22T16:56:17.816+0000] {dag.py:3954} INFO - Setting next_dagrun for example_sensors to None, run_after=None
[2026-02-22T16:56:17.829+0000] {processor.py:183} INFO - Processing /home/airflow/.local/lib/python3.12/site-packages/airflow/example_dags/example_sensors.py took 0.052 seconds
[2026-02-22T16:56:47.991+0000] {processor.py:161} INFO - Started process (PID=811) to work on /home/airflow/.local/lib/python3.12/site-packages/airflow/example_dags/example_sensors.py
[2026-02-22T16:56:47.992+0000] {processor.py:830} INFO - Processing file /home/airflow/.local/lib/python3.12/site-packages/airflow/example_dags/example_sensors.py for tasks to queue
[2026-02-22T16:56:47.995+0000] {logging_mixin.py:188} INFO - [2026-02-22T16:56:47.995+0000] {dagbag.py:545} INFO - Filling up the DagBag from /home/airflow/.local/lib/python3.12/site-packages/airflow/example_dags/example_sensors.py
[2026-02-22T16:56:48.003+0000] {processor.py:840} INFO - DAG(s) 'example_sensors' retrieved from /home/airflow/.local/lib/python3.12/site-packages/airflow/example_dags/example_sensors.py
[2026-02-22T16:56:48.017+0000] {logging_mixin.py:188} INFO - [2026-02-22T16:56:48.017+0000] {dag.py:3096} INFO - Sync 1 DAGs
[2026-02-22T16:56:48.029+0000] {logging_mixin.py:188} INFO - [2026-02-22T16:56:48.029+0000] {dag.py:3954} INFO - Setting next_dagrun for example_sensors to None, run_after=None
[2026-02-22T16:56:48.039+0000] {processor.py:183} INFO - Processing /home/airflow/.local/lib/python3.12/site-packages/airflow/example_dags/example_sensors.py took 0.053 seconds
[2026-02-22T16:57:18.157+0000] {processor.py:161} INFO - Started process (PID=870) to work on /home/airflow/.local/lib/python3.12/site-packages/airflow/example_dags/example_sensors.py
[2026-02-22T16:57:18.157+0000] {processor.py:830} INFO - Processing file /home/airflow/.local/lib/python3.12/site-packages/airflow/example_dags/example_sensors.py for tasks to queue
[2026-02-22T16:57:18.159+0000] {logging_mixin.py:188} INFO - [2026-02-22T16:57:18.159+0000] {dagbag.py:545} INFO - Filling up the DagBag from /home/airflow/.local/lib/python3.12/site-packages/airflow/example_dags/example_sensors.py
[2026-02-22T16:57:18.168+0000] {processor.py:840} INFO - DAG(s) 'example_sensors' retrieved from /home/airflow/.local/lib/python3.12/site-packages/airflow/example_dags/example_sensors.py
[2026-02-22T16:57:18.182+0000] {logging_mixin.py:188} INFO - [2026-02-22T16:57:18.182+0000] {dag.py:3096} INFO - Sync 1 DAGs
[2026-02-22T16:57:18.193+0000] {logging_mixin.py:188} INFO - [2026-02-22T16:57:18.192+0000] {dag.py:3954} INFO - Setting next_dagrun for example_sensors to None, run_after=None
[2026-02-22T16:57:18.211+0000] {processor.py:183} INFO - Processing /home/airflow/.local/lib/python3.12/site-packages/airflow/example_dags/example_sensors.py took 0.057 seconds
[2026-02-22T16:57:48.296+0000] {processor.py:161} INFO - Started process (PID=929) to work on /home/airflow/.local/lib/python3.12/site-packages/airflow/example_dags/example_sensors.py
[2026-02-22T16:57:48.298+0000] {processor.py:830} INFO - Processing file /home/airflow/.local/lib/python3.12/site-packages/airflow/example_dags/example_sensors.py for tasks to queue
[2026-02-22T16:57:48.301+0000] {logging_mixin.py:188} INFO - [2026-02-22T16:57:48.301+0000] {dagbag.py:545} INFO - Filling up the DagBag from /home/airflow/.local/lib/python3.12/site-packages/airflow/example_dags/example_sensors.py
[2026-02-22T16:57:48.309+0000] {processor.py:840} INFO - DAG(s) 'example_sensors' retrieved from /home/airflow/.local/lib/python3.12/site-packages/airflow/example_dags/example_sensors.py
[2026-02-22T16:57:48.327+0000] {logging_mixin.py:188} INFO - [2026-02-22T16:57:48.327+0000] {dag.py:3096} INFO - Sync 1 DAGs
[2026-02-22T16:57:48.337+0000] {logging_mixin.py:188} INFO - [2026-02-22T16:57:48.337+0000] {dag.py:3954} INFO - Setting next_dagrun for example_sensors to None, run_after=None
[2026-02-22T16:57:48.356+0000] {processor.py:183} INFO - Processing /home/airflow/.local/lib/python3.12/site-packages/airflow/example_dags/example_sensors.py took 0.068 seconds
[2026-02-22T16:58:18.670+0000] {processor.py:161} INFO - Started process (PID=988) to work on /home/airflow/.local/lib/python3.12/site-packages/airflow/example_dags/example_sensors.py
[2026-02-22T16:58:18.674+0000] {processor.py:830} INFO - Processing file /home/airflow/.local/lib/python3.12/site-packages/airflow/example_dags/example_sensors.py for tasks to queue
[2026-02-22T16:58:18.676+0000] {logging_mixin.py:188} INFO - [2026-02-22T16:58:18.676+0000] {dagbag.py:545} INFO - Filling up the DagBag from /home/airflow/.local/lib/python3.12/site-packages/airflow/example_dags/example_sensors.py
[2026-02-22T16:58:18.688+0000] {processor.py:840} INFO - DAG(s) 'example_sensors' retrieved from /home/airflow/.local/lib/python3.12/site-packages/airflow/example_dags/example_sensors.py
[2026-02-22T16:58:18.720+0000] {logging_mixin.py:188} INFO - [2026-02-22T16:58:18.720+0000] {dag.py:3096} INFO - Sync 1 DAGs
[2026-02-22T16:58:18.730+0000] {logging_mixin.py:188} INFO - [2026-02-22T16:58:18.730+0000] {dag.py:3954} INFO - Setting next_dagrun for example_sensors to None, run_after=None
[2026-02-22T16:58:18.746+0000] {processor.py:183} INFO - Processing /home/airflow/.local/lib/python3.12/site-packages/airflow/example_dags/example_sensors.py took 0.103 seconds
[2026-02-22T16:58:49.227+0000] {processor.py:161} INFO - Started process (PID=1047) to work on /home/airflow/.local/lib/python3.12/site-packages/airflow/example_dags/example_sensors.py
[2026-02-22T16:58:49.229+0000] {processor.py:830} INFO - Processing file /home/airflow/.local/lib/python3.12/site-packages/airflow/example_dags/example_sensors.py for tasks to queue
[2026-02-22T16:58:49.232+0000] {logging_mixin.py:188} INFO - [2026-02-22T16:58:49.231+0000] {dagbag.py:545} INFO - Filling up the DagBag from /home/airflow/.local/lib/python3.12/site-packages/airflow/example_dags/example_sensors.py
[2026-02-22T16:58:49.239+0000] {processor.py:840} INFO - DAG(s) 'example_sensors' retrieved from /home/airflow/.local/lib/python3.12/site-packages/airflow/example_dags/example_sensors.py
[2026-02-22T16:58:49.259+0000] {logging_mixin.py:188} INFO - [2026-02-22T16:58:49.259+0000] {dag.py:3096} INFO - Sync 1 DAGs
[2026-02-22T16:58:49.269+0000] {logging_mixin.py:188} INFO - [2026-02-22T16:58:49.269+0000] {dag.py:3954} INFO - Setting next_dagrun for example_sensors to None, run_after=None
[2026-02-22T16:58:49.286+0000] {processor.py:183} INFO - Processing /home/airflow/.local/lib/python3.12/site-packages/airflow/example_dags/example_sensors.py took 0.066 seconds
[2026-02-22T16:59:19.651+0000] {processor.py:161} INFO - Started process (PID=1106) to work on /home/airflow/.local/lib/python3.12/site-packages/airflow/example_dags/example_sensors.py
[2026-02-22T16:59:19.653+0000] {processor.py:830} INFO - Processing file /home/airflow/.local/lib/python3.12/site-packages/airflow/example_dags/example_sensors.py for tasks to queue
[2026-02-22T16:59:19.654+0000] {logging_mixin.py:188} INFO - [2026-02-22T16:59:19.654+0000] {dagbag.py:545} INFO - Filling up the DagBag from /home/airflow/.local/lib/python3.12/site-packages/airflow/example_dags/example_sensors.py
[2026-02-22T16:59:19.663+0000] {processor.py:840} INFO - DAG(s) 'example_sensors' retrieved from /home/airflow/.local/lib/python3.12/site-packages/airflow/example_dags/example_sensors.py
[2026-02-22T16:59:19.683+0000] {logging_mixin.py:188} INFO - [2026-02-22T16:59:19.682+0000] {dag.py:3096} INFO - Sync 1 DAGs
[2026-02-22T16:59:19.698+0000] {logging_mixin.py:188} INFO - [2026-02-22T16:59:19.697+0000] {dag.py:3954} INFO - Setting next_dagrun for example_sensors to None, run_after=None
[2026-02-22T16:59:19.711+0000] {processor.py:183} INFO - Processing /home/airflow/.local/lib/python3.12/site-packages/airflow/example_dags/example_sensors.py took 0.065 seconds
[2026-02-22T16:59:49.871+0000] {processor.py:161} INFO - Started process (PID=1165) to work on /home/airflow/.local/lib/python3.12/site-packages/airflow/example_dags/example_sensors.py
[2026-02-22T16:59:49.873+0000] {processor.py:830} INFO - Processing file /home/airflow/.local/lib/python3.12/site-packages/airflow/example_dags/example_sensors.py for tasks to queue
[2026-02-22T16:59:49.874+0000] {logging_mixin.py:188} INFO - [2026-02-22T16:59:49.874+0000] {dagbag.py:545} INFO - Filling up the DagBag from /home/airflow/.local/lib/python3.12/site-packages/airflow/example_dags/example_sensors.py
[2026-02-22T16:59:49.881+0000] {processor.py:840} INFO - DAG(s) 'example_sensors' retrieved from /home/airflow/.local/lib/python3.12/site-packages/airflow/example_dags/example_sensors.py
[2026-02-22T16:59:49.909+0000] {logging_mixin.py:188} INFO - [2026-02-22T16:59:49.909+0000] {dag.py:3096} INFO - Sync 1 DAGs
[2026-02-22T16:59:49.922+0000] {logging_mixin.py:188} INFO - [2026-02-22T16:59:49.921+0000] {dag.py:3954} INFO - Setting next_dagrun for example_sensors to None, run_after=None
[2026-02-22T16:59:49.943+0000] {processor.py:183} INFO - Processing /home/airflow/.local/lib/python3.12/site-packages/airflow/example_dags/example_sensors.py took 0.086 seconds
[2026-02-22T17:00:20.113+0000] {processor.py:161} INFO - Started process (PID=1224) to work on /home/airflow/.local/lib/python3.12/site-packages/airflow/example_dags/example_sensors.py
[2026-02-22T17:00:20.114+0000] {processor.py:830} INFO - Processing file /home/airflow/.local/lib/python3.12/site-packages/airflow/example_dags/example_sensors.py for tasks to queue
[2026-02-22T17:00:20.117+0000] {logging_mixin.py:188} INFO - [2026-02-22T17:00:20.117+0000] {dagbag.py:545} INFO - Filling up the DagBag from /home/airflow/.local/lib/python3.12/site-packages/airflow/example_dags/example_sensors.py
[2026-02-22T17:00:20.133+0000] {processor.py:840} INFO - DAG(s) 'example_sensors' retrieved from /home/airflow/.local/lib/python3.12/site-packages/airflow/example_dags/example_sensors.py
[2026-02-22T17:00:20.153+0000] {logging_mixin.py:188} INFO - [2026-02-22T17:00:20.153+0000] {dag.py:3096} INFO - Sync 1 DAGs
[2026-02-22T17:00:20.162+0000] {logging_mixin.py:188} INFO - [2026-02-22T17:00:20.162+0000] {dag.py:3954} INFO - Setting next_dagrun for example_sensors to None, run_after=None
[2026-02-22T17:00:20.177+0000] {processor.py:183} INFO - Processing /home/airflow/.local/lib/python3.12/site-packages/airflow/example_dags/example_sensors.py took 0.074 seconds
[2026-02-22T17:00:50.717+0000] {processor.py:161} INFO - Started process (PID=1283) to work on /home/airflow/.local/lib/python3.12/site-packages/airflow/example_dags/example_sensors.py
[2026-02-22T17:00:50.717+0000] {processor.py:830} INFO - Processing file /home/airflow/.local/lib/python3.12/site-packages/airflow/example_dags/example_sensors.py for tasks to queue
[2026-02-22T17:00:50.720+0000] {logging_mixin.py:188} INFO - [2026-02-22T17:00:50.720+0000] {dagbag.py:545} INFO - Filling up the DagBag from /home/airflow/.local/lib/python3.12/site-packages/airflow/example_dags/example_sensors.py
[2026-02-22T17:00:50.725+0000] {processor.py:840} INFO - DAG(s) 'example_sensors' retrieved from /home/airflow/.local/lib/python3.12/site-packages/airflow/example_dags/example_sensors.py
[2026-02-22T17:00:50.748+0000] {logging_mixin.py:188} INFO - [2026-02-22T17:00:50.748+0000] {dag.py:3096} INFO - Sync 1 DAGs
[2026-02-22T17:00:50.759+0000] {logging_mixin.py:188} INFO - [2026-02-22T17:00:50.759+0000] {dag.py:3954} INFO - Setting next_dagrun for example_sensors to None, run_after=None
[2026-02-22T17:00:50.771+0000] {processor.py:183} INFO - Processing /home/airflow/.local/lib/python3.12/site-packages/airflow/example_dags/example_sensors.py took 0.058 seconds
[2026-02-22T17:01:21.084+0000] {processor.py:161} INFO - Started process (PID=1342) to work on /home/airflow/.local/lib/python3.12/site-packages/airflow/example_dags/example_sensors.py
[2026-02-22T17:01:21.085+0000] {processor.py:830} INFO - Processing file /home/airflow/.local/lib/python3.12/site-packages/airflow/example_dags/example_sensors.py for tasks to queue
[2026-02-22T17:01:21.087+0000] {logging_mixin.py:188} INFO - [2026-02-22T17:01:21.087+0000] {dagbag.py:545} INFO - Filling up the DagBag from /home/airflow/.local/lib/python3.12/site-packages/airflow/example_dags/example_sensors.py
[2026-02-22T17:01:21.093+0000] {processor.py:840} INFO - DAG(s) 'example_sensors' retrieved from /home/airflow/.local/lib/python3.12/site-packages/airflow/example_dags/example_sensors.py
[2026-02-22T17:01:21.107+0000] {logging_mixin.py:188} INFO - [2026-02-22T17:01:21.107+0000] {dag.py:3096} INFO - Sync 1 DAGs
[2026-02-22T17:01:21.118+0000] {logging_mixin.py:188} INFO - [2026-02-22T17:01:21.118+0000] {dag.py:3954} INFO - Setting next_dagrun for example_sensors to None, run_after=None
[2026-02-22T17:01:21.134+0000] {processor.py:183} INFO - Processing /home/airflow/.local/lib/python3.12/site-packages/airflow/example_dags/example_sensors.py took 0.062 seconds
[2026-02-22T17:01:51.679+0000] {processor.py:161} INFO - Started process (PID=1401) to work on /home/airflow/.local/lib/python3.12/site-packages/airflow/example_dags/example_sensors.py
[2026-02-22T17:01:51.681+0000] {processor.py:830} INFO - Processing file /home/airflow/.local/lib/python3.12/site-packages/airflow/example_dags/example_sensors.py for tasks to queue
[2026-02-22T17:01:51.684+0000] {logging_mixin.py:188} INFO - [2026-02-22T17:01:51.684+0000] {dagbag.py:545} INFO - Filling up the DagBag from /home/airflow/.local/lib/python3.12/site-packages/airflow/example_dags/example_sensors.py
[2026-02-22T17:01:51.692+0000] {processor.py:840} INFO - DAG(s) 'example_sensors' retrieved from /home/airflow/.local/lib/python3.12/site-packages/airflow/example_dags/example_sensors.py
[2026-02-22T17:01:51.712+0000] {logging_mixin.py:188} INFO - [2026-02-22T17:01:51.712+0000] {dag.py:3096} INFO - Sync 1 DAGs
[2026-02-22T17:01:51.720+0000] {logging_mixin.py:188} INFO - [2026-02-22T17:01:51.720+0000] {dag.py:3954} INFO - Setting next_dagrun for example_sensors to None, run_after=None
[2026-02-22T17:01:51.732+0000] {processor.py:183} INFO - Processing /home/airflow/.local/lib/python3.12/site-packages/airflow/example_dags/example_sensors.py took 0.060 seconds
[2026-02-22T17:02:22.007+0000] {processor.py:161} INFO - Started process (PID=1460) to work on /home/airflow/.local/lib/python3.12/site-packages/airflow/example_dags/example_sensors.py
[2026-02-22T17:02:22.008+0000] {processor.py:830} INFO - Processing file /home/airflow/.local/lib/python3.12/site-packages/airflow/example_dags/example_sensors.py for tasks to queue
[2026-02-22T17:02:22.011+0000] {logging_mixin.py:188} INFO - [2026-02-22T17:02:22.010+0000] {dagbag.py:545} INFO - Filling up the DagBag from /home/airflow/.local/lib/python3.12/site-packages/airflow/example_dags/example_sensors.py
[2026-02-22T17:02:22.016+0000] {processor.py:840} INFO - DAG(s) 'example_sensors' retrieved from /home/airflow/.local/lib/python3.12/site-packages/airflow/example_dags/example_sensors.py
[2026-02-22T17:02:22.037+0000] {logging_mixin.py:188} INFO - [2026-02-22T17:02:22.037+0000] {dag.py:3096} INFO - Sync 1 DAGs
[2026-02-22T17:02:22.049+0000] {logging_mixin.py:188} INFO - [2026-02-22T17:02:22.049+0000] {dag.py:3954} INFO - Setting next_dagrun for example_sensors to None, run_after=None
[2026-02-22T17:02:22.066+0000] {processor.py:183} INFO - Processing /home/airflow/.local/lib/python3.12/site-packages/airflow/example_dags/example_sensors.py took 0.063 seconds
[2026-02-22T17:02:52.246+0000] {processor.py:161} INFO - Started process (PID=1519) to work on /home/airflow/.local/lib/python3.12/site-packages/airflow/example_dags/example_sensors.py
[2026-02-22T17:02:52.247+0000] {processor.py:830} INFO - Processing file /home/airflow/.local/lib/python3.12/site-packages/airflow/example_dags/example_sensors.py for tasks to queue
[2026-02-22T17:02:52.248+0000] {logging_mixin.py:188} INFO - [2026-02-22T17:02:52.248+0000] {dagbag.py:545} INFO - Filling up the DagBag from /home/airflow/.local/lib/python3.12/site-packages/airflow/example_dags/example_sensors.py
[2026-02-22T17:02:52.253+0000] {processor.py:840} INFO - DAG(s) 'example_sensors' retrieved from /home/airflow/.local/lib/python3.12/site-packages/airflow/example_dags/example_sensors.py
[2026-02-22T17:02:52.270+0000] {logging_mixin.py:188} INFO - [2026-02-22T17:02:52.270+0000] {dag.py:3096} INFO - Sync 1 DAGs
[2026-02-22T17:02:52.281+0000] {logging_mixin.py:188} INFO - [2026-02-22T17:02:52.281+0000] {dag.py:3954} INFO - Setting next_dagrun for example_sensors to None, run_after=None
[2026-02-22T17:02:52.299+0000] {processor.py:183} INFO - Processing /home/airflow/.local/lib/python3.12/site-packages/airflow/example_dags/example_sensors.py took 0.057 seconds
[2026-02-22T17:03:22.471+0000] {processor.py:161} INFO - Started process (PID=1578) to work on /home/airflow/.local/lib/python3.12/site-packages/airflow/example_dags/example_sensors.py
[2026-02-22T17:03:22.473+0000] {processor.py:830} INFO - Processing file /home/airflow/.local/lib/python3.12/site-packages/airflow/example_dags/example_sensors.py for tasks to queue
[2026-02-22T17:03:22.475+0000] {logging_mixin.py:188} INFO - [2026-02-22T17:03:22.475+0000] {dagbag.py:545} INFO - Filling up the DagBag from /home/airflow/.local/lib/python3.12/site-packages/airflow/example_dags/example_sensors.py
[2026-02-22T17:03:22.485+0000] {processor.py:840} INFO - DAG(s) 'example_sensors' retrieved from /home/airflow/.local/lib/python3.12/site-packages/airflow/example_dags/example_sensors.py
[2026-02-22T17:03:22.506+0000] {logging_mixin.py:188} INFO - [2026-02-22T17:03:22.506+0000] {dag.py:3096} INFO - Sync 1 DAGs
[2026-02-22T17:03:22.515+0000] {logging_mixin.py:188} INFO - [2026-02-22T17:03:22.515+0000] {dag.py:3954} INFO - Setting next_dagrun for example_sensors to None, run_after=None
[2026-02-22T17:03:22.528+0000] {processor.py:183} INFO - Processing /home/airflow/.local/lib/python3.12/site-packages/airflow/example_dags/example_sensors.py took 0.060 seconds
[2026-02-22T17:03:52.631+0000] {processor.py:161} INFO - Started process (PID=1637) to work on /home/airflow/.local/lib/python3.12/site-packages/airflow/example_dags/example_sensors.py
[2026-02-22T17:03:52.632+0000] {processor.py:830} INFO - Processing file /home/airflow/.local/lib/python3.12/site-packages/airflow/example_dags/example_sensors.py for tasks to queue
[2026-02-22T17:03:52.633+0000] {logging_mixin.py:188} INFO - [2026-02-22T17:03:52.633+0000] {dagbag.py:545} INFO - Filling up the DagBag from /home/airflow/.local/lib/python3.12/site-packages/airflow/example_dags/example_sensors.py
[2026-02-22T17:03:52.640+0000] {processor.py:840} INFO - DAG(s) 'example_sensors' retrieved from /home/airflow/.local/lib/python3.12/site-packages/airflow/example_dags/example_sensors.py
[2026-02-22T17:03:52.657+0000] {logging_mixin.py:188} INFO - [2026-02-22T17:03:52.657+0000] {dag.py:3096} INFO - Sync 1 DAGs
[2026-02-22T17:03:52.670+0000] {logging_mixin.py:188} INFO - [2026-02-22T17:03:52.670+0000] {dag.py:3954} INFO - Setting next_dagrun for example_sensors to None, run_after=None
[2026-02-22T17:03:52.688+0000] {processor.py:183} INFO - Processing /home/airflow/.local/lib/python3.12/site-packages/airflow/example_dags/example_sensors.py took 0.063 seconds
[2026-02-22T17:04:22.788+0000] {processor.py:161} INFO - Started process (PID=1696) to work on /home/airflow/.local/lib/python3.12/site-packages/airflow/example_dags/example_sensors.py
[2026-02-22T17:04:22.790+0000] {processor.py:830} INFO - Processing file /home/airflow/.local/lib/python3.12/site-packages/airflow/example_dags/example_sensors.py for tasks to queue
[2026-02-22T17:04:22.791+0000] {logging_mixin.py:188} INFO - [2026-02-22T17:04:22.791+0000] {dagbag.py:545} INFO - Filling up the DagBag from /home/airflow/.local/lib/python3.12/site-packages/airflow/example_dags/example_sensors.py
[2026-02-22T17:04:22.799+0000] {processor.py:840} INFO - DAG(s) 'example_sensors' retrieved from /home/airflow/.local/lib/python3.12/site-packages/airflow/example_dags/example_sensors.py
[2026-02-22T17:04:22.816+0000] {logging_mixin.py:188} INFO - [2026-02-22T17:04:22.816+0000] {dag.py:3096} INFO - Sync 1 DAGs
[2026-02-22T17:04:22.826+0000] {logging_mixin.py:188} INFO - [2026-02-22T17:04:22.826+0000] {dag.py:3954} INFO - Setting next_dagrun for example_sensors to None, run_after=None
[2026-02-22T17:04:22.846+0000] {processor.py:183} INFO - Processing /home/airflow/.local/lib/python3.12/site-packages/airflow/example_dags/example_sensors.py took 0.063 seconds
[2026-02-22T17:04:53.434+0000] {processor.py:161} INFO - Started process (PID=1755) to work on /home/airflow/.local/lib/python3.12/site-packages/airflow/example_dags/example_sensors.py
[2026-02-22T17:04:53.435+0000] {processor.py:830} INFO - Processing file /home/airflow/.local/lib/python3.12/site-packages/airflow/example_dags/example_sensors.py for tasks to queue
[2026-02-22T17:04:53.438+0000] {logging_mixin.py:188} INFO - [2026-02-22T17:04:53.438+0000] {dagbag.py:545} INFO - Filling up the DagBag from /home/airflow/.local/lib/python3.12/site-packages/airflow/example_dags/example_sensors.py
[2026-02-22T17:04:53.448+0000] {processor.py:840} INFO - DAG(s) 'example_sensors' retrieved from /home/airflow/.local/lib/python3.12/site-packages/airflow/example_dags/example_sensors.py
[2026-02-22T17:04:53.476+0000] {logging_mixin.py:188} INFO - [2026-02-22T17:04:53.476+0000] {dag.py:3096} INFO - Sync 1 DAGs
[2026-02-22T17:04:53.486+0000] {logging_mixin.py:188} INFO - [2026-02-22T17:04:53.485+0000] {dag.py:3954} INFO - Setting next_dagrun for example_sensors to None, run_after=None
[2026-02-22T17:04:53.504+0000] {processor.py:183} INFO - Processing /home/airflow/.local/lib/python3.12/site-packages/airflow/example_dags/example_sensors.py took 0.074 seconds
[2026-02-22T17:05:23.849+0000] {processor.py:161} INFO - Started process (PID=1814) to work on /home/airflow/.local/lib/python3.12/site-packages/airflow/example_dags/example_sensors.py
[2026-02-22T17:05:23.851+0000] {processor.py:830} INFO - Processing file /home/airflow/.local/lib/python3.12/site-packages/airflow/example_dags/example_sensors.py for tasks to queue
[2026-02-22T17:05:23.852+0000] {logging_mixin.py:188} INFO - [2026-02-22T17:05:23.852+0000] {dagbag.py:545} INFO - Filling up the DagBag from /home/airflow/.local/lib/python3.12/site-packages/airflow/example_dags/example_sensors.py
[2026-02-22T17:05:23.857+0000] {processor.py:840} INFO - DAG(s) 'example_sensors' retrieved from /home/airflow/.local/lib/python3.12/site-packages/airflow/example_dags/example_sensors.py
[2026-02-22T17:05:23.875+0000] {logging_mixin.py:188} INFO - [2026-02-22T17:05:23.874+0000] {dag.py:3096} INFO - Sync 1 DAGs
[2026-02-22T17:05:23.886+0000] {logging_mixin.py:188} INFO - [2026-02-22T17:05:23.885+0000] {dag.py:3954} INFO - Setting next_dagrun for example_sensors to None, run_after=None
[2026-02-22T17:05:23.900+0000] {processor.py:183} INFO - Processing /home/airflow/.local/lib/python3.12/site-packages/airflow/example_dags/example_sensors.py took 0.057 seconds
[2026-02-22T17:05:54.315+0000] {processor.py:161} INFO - Started process (PID=1873) to work on /home/airflow/.local/lib/python3.12/site-packages/airflow/example_dags/example_sensors.py
[2026-02-22T17:05:54.338+0000] {processor.py:830} INFO - Processing file /home/airflow/.local/lib/python3.12/site-packages/airflow/example_dags/example_sensors.py for tasks to queue
[2026-02-22T17:05:54.350+0000] {logging_mixin.py:188} INFO - [2026-02-22T17:05:54.350+0000] {dagbag.py:545} INFO - Filling up the DagBag from /home/airflow/.local/lib/python3.12/site-packages/airflow/example_dags/example_sensors.py
[2026-02-22T17:05:54.373+0000] {processor.py:840} INFO - DAG(s) 'example_sensors' retrieved from /home/airflow/.local/lib/python3.12/site-packages/airflow/example_dags/example_sensors.py
[2026-02-22T17:05:54.431+0000] {logging_mixin.py:188} INFO - [2026-02-22T17:05:54.431+0000] {dag.py:3096} INFO - Sync 1 DAGs
[2026-02-22T17:05:54.466+0000] {logging_mixin.py:188} INFO - [2026-02-22T17:05:54.466+0000] {dag.py:3954} INFO - Setting next_dagrun for example_sensors to None, run_after=None
[2026-02-22T17:05:54.517+0000] {processor.py:183} INFO - Processing /home/airflow/.local/lib/python3.12/site-packages/airflow/example_dags/example_sensors.py took 0.222 seconds
[2026-02-22T17:06:24.875+0000] {processor.py:161} INFO - Started process (PID=1932) to work on /home/airflow/.local/lib/python3.12/site-packages/airflow/example_dags/example_sensors.py
[2026-02-22T17:06:24.880+0000] {processor.py:830} INFO - Processing file /home/airflow/.local/lib/python3.12/site-packages/airflow/example_dags/example_sensors.py for tasks to queue
[2026-02-22T17:06:24.885+0000] {logging_mixin.py:188} INFO - [2026-02-22T17:06:24.884+0000] {dagbag.py:545} INFO - Filling up the DagBag from /home/airflow/.local/lib/python3.12/site-packages/airflow/example_dags/example_sensors.py
[2026-02-22T17:06:24.901+0000] {processor.py:840} INFO - DAG(s) 'example_sensors' retrieved from /home/airflow/.local/lib/python3.12/site-packages/airflow/example_dags/example_sensors.py
[2026-02-22T17:06:24.956+0000] {logging_mixin.py:188} INFO - [2026-02-22T17:06:24.955+0000] {dag.py:3096} INFO - Sync 1 DAGs
[2026-02-22T17:06:24.990+0000] {logging_mixin.py:188} INFO - [2026-02-22T17:06:24.989+0000] {dag.py:3954} INFO - Setting next_dagrun for example_sensors to None, run_after=None
[2026-02-22T17:06:25.033+0000] {processor.py:183} INFO - Processing /home/airflow/.local/lib/python3.12/site-packages/airflow/example_dags/example_sensors.py took 0.173 seconds
[2026-02-22T17:06:55.533+0000] {processor.py:161} INFO - Started process (PID=1991) to work on /home/airflow/.local/lib/python3.12/site-packages/airflow/example_dags/example_sensors.py
[2026-02-22T17:06:55.535+0000] {processor.py:830} INFO - Processing file /home/airflow/.local/lib/python3.12/site-packages/airflow/example_dags/example_sensors.py for tasks to queue
[2026-02-22T17:06:55.538+0000] {logging_mixin.py:188} INFO - [2026-02-22T17:06:55.536+0000] {dagbag.py:545} INFO - Filling up the DagBag from /home/airflow/.local/lib/python3.12/site-packages/airflow/example_dags/example_sensors.py
[2026-02-22T17:06:55.547+0000] {processor.py:840} INFO - DAG(s) 'example_sensors' retrieved from /home/airflow/.local/lib/python3.12/site-packages/airflow/example_dags/example_sensors.py
[2026-02-22T17:06:55.584+0000] {logging_mixin.py:188} INFO - [2026-02-22T17:06:55.583+0000] {dag.py:3096} INFO - Sync 1 DAGs
[2026-02-22T17:06:55.599+0000] {logging_mixin.py:188} INFO - [2026-02-22T17:06:55.599+0000] {dag.py:3954} INFO - Setting next_dagrun for example_sensors to None, run_after=None
[2026-02-22T17:06:55.625+0000] {processor.py:183} INFO - Processing /home/airflow/.local/lib/python3.12/site-packages/airflow/example_dags/example_sensors.py took 0.098 seconds
[2026-02-22T17:07:25.995+0000] {processor.py:161} INFO - Started process (PID=2048) to work on /home/airflow/.local/lib/python3.12/site-packages/airflow/example_dags/example_sensors.py
[2026-02-22T17:07:25.997+0000] {processor.py:830} INFO - Processing file /home/airflow/.local/lib/python3.12/site-packages/airflow/example_dags/example_sensors.py for tasks to queue
[2026-02-22T17:07:26.001+0000] {logging_mixin.py:188} INFO - [2026-02-22T17:07:26.000+0000] {dagbag.py:545} INFO - Filling up the DagBag from /home/airflow/.local/lib/python3.12/site-packages/airflow/example_dags/example_sensors.py
[2026-02-22T17:07:26.019+0000] {processor.py:840} INFO - DAG(s) 'example_sensors' retrieved from /home/airflow/.local/lib/python3.12/site-packages/airflow/example_dags/example_sensors.py
[2026-02-22T17:07:26.059+0000] {logging_mixin.py:188} INFO - [2026-02-22T17:07:26.059+0000] {dag.py:3096} INFO - Sync 1 DAGs
[2026-02-22T17:07:26.082+0000] {logging_mixin.py:188} INFO - [2026-02-22T17:07:26.082+0000] {dag.py:3954} INFO - Setting next_dagrun for example_sensors to None, run_after=None
[2026-02-22T17:07:26.105+0000] {processor.py:183} INFO - Processing /home/airflow/.local/lib/python3.12/site-packages/airflow/example_dags/example_sensors.py took 0.116 seconds
[2026-02-22T17:07:56.173+0000] {processor.py:161} INFO - Started process (PID=2106) to work on /home/airflow/.local/lib/python3.12/site-packages/airflow/example_dags/example_sensors.py
[2026-02-22T17:07:56.177+0000] {processor.py:830} INFO - Processing file /home/airflow/.local/lib/python3.12/site-packages/airflow/example_dags/example_sensors.py for tasks to queue
[2026-02-22T17:07:56.179+0000] {logging_mixin.py:188} INFO - [2026-02-22T17:07:56.178+0000] {dagbag.py:545} INFO - Filling up the DagBag from /home/airflow/.local/lib/python3.12/site-packages/airflow/example_dags/example_sensors.py
[2026-02-22T17:07:56.188+0000] {processor.py:840} INFO - DAG(s) 'example_sensors' retrieved from /home/airflow/.local/lib/python3.12/site-packages/airflow/example_dags/example_sensors.py
[2026-02-22T17:07:56.212+0000] {logging_mixin.py:188} INFO - [2026-02-22T17:07:56.212+0000] {dag.py:3096} INFO - Sync 1 DAGs
[2026-02-22T17:07:56.224+0000] {logging_mixin.py:188} INFO - [2026-02-22T17:07:56.224+0000] {dag.py:3954} INFO - Setting next_dagrun for example_sensors to None, run_after=None
[2026-02-22T17:07:56.240+0000] {processor.py:183} INFO - Processing /home/airflow/.local/lib/python3.12/site-packages/airflow/example_dags/example_sensors.py took 0.079 seconds
[2026-02-22T17:08:27.062+0000] {processor.py:161} INFO - Started process (PID=2166) to work on /home/airflow/.local/lib/python3.12/site-packages/airflow/example_dags/example_sensors.py
[2026-02-22T17:08:27.063+0000] {processor.py:830} INFO - Processing file /home/airflow/.local/lib/python3.12/site-packages/airflow/example_dags/example_sensors.py for tasks to queue
[2026-02-22T17:08:27.064+0000] {logging_mixin.py:188} INFO - [2026-02-22T17:08:27.064+0000] {dagbag.py:545} INFO - Filling up the DagBag from /home/airflow/.local/lib/python3.12/site-packages/airflow/example_dags/example_sensors.py
[2026-02-22T17:08:27.070+0000] {processor.py:840} INFO - DAG(s) 'example_sensors' retrieved from /home/airflow/.local/lib/python3.12/site-packages/airflow/example_dags/example_sensors.py
[2026-02-22T17:08:27.098+0000] {logging_mixin.py:188} INFO - [2026-02-22T17:08:27.097+0000] {dag.py:3096} INFO - Sync 1 DAGs
[2026-02-22T17:08:27.108+0000] {logging_mixin.py:188} INFO - [2026-02-22T17:08:27.108+0000] {dag.py:3954} INFO - Setting next_dagrun for example_sensors to None, run_after=None
[2026-02-22T17:08:27.126+0000] {processor.py:183} INFO - Processing /home/airflow/.local/lib/python3.12/site-packages/airflow/example_dags/example_sensors.py took 0.070 seconds
[2026-02-22T17:08:57.214+0000] {processor.py:161} INFO - Started process (PID=2225) to work on /home/airflow/.local/lib/python3.12/site-packages/airflow/example_dags/example_sensors.py
[2026-02-22T17:08:57.216+0000] {processor.py:830} INFO - Processing file /home/airflow/.local/lib/python3.12/site-packages/airflow/example_dags/example_sensors.py for tasks to queue
[2026-02-22T17:08:57.217+0000] {logging_mixin.py:188} INFO - [2026-02-22T17:08:57.217+0000] {dagbag.py:545} INFO - Filling up the DagBag from /home/airflow/.local/lib/python3.12/site-packages/airflow/example_dags/example_sensors.py
[2026-02-22T17:08:57.226+0000] {processor.py:840} INFO - DAG(s) 'example_sensors' retrieved from /home/airflow/.local/lib/python3.12/site-packages/airflow/example_dags/example_sensors.py
[2026-02-22T17:08:57.249+0000] {logging_mixin.py:188} INFO - [2026-02-22T17:08:57.249+0000] {dag.py:3096} INFO - Sync 1 DAGs
[2026-02-22T17:08:57.265+0000] {logging_mixin.py:188} INFO - [2026-02-22T17:08:57.265+0000] {dag.py:3954} INFO - Setting next_dagrun for example_sensors to None, run_after=None
[2026-02-22T17:08:57.293+0000] {processor.py:183} INFO - Processing /home/airflow/.local/lib/python3.12/site-packages/airflow/example_dags/example_sensors.py took 0.085 seconds
[2026-02-22T17:09:28.262+0000] {processor.py:161} INFO - Started process (PID=2284) to work on /home/airflow/.local/lib/python3.12/site-packages/airflow/example_dags/example_sensors.py
[2026-02-22T17:09:28.264+0000] {processor.py:830} INFO - Processing file /home/airflow/.local/lib/python3.12/site-packages/airflow/example_dags/example_sensors.py for tasks to queue
[2026-02-22T17:09:28.268+0000] {logging_mixin.py:188} INFO - [2026-02-22T17:09:28.268+0000] {dagbag.py:545} INFO - Filling up the DagBag from /home/airflow/.local/lib/python3.12/site-packages/airflow/example_dags/example_sensors.py
[2026-02-22T17:09:28.284+0000] {processor.py:840} INFO - DAG(s) 'example_sensors' retrieved from /home/airflow/.local/lib/python3.12/site-packages/airflow/example_dags/example_sensors.py
[2026-02-22T17:09:28.321+0000] {logging_mixin.py:188} INFO - [2026-02-22T17:09:28.321+0000] {dag.py:3096} INFO - Sync 1 DAGs
[2026-02-22T17:09:28.338+0000] {logging_mixin.py:188} INFO - [2026-02-22T17:09:28.338+0000] {dag.py:3954} INFO - Setting next_dagrun for example_sensors to None, run_after=None
[2026-02-22T17:09:28.377+0000] {processor.py:183} INFO - Processing /home/airflow/.local/lib/python3.12/site-packages/airflow/example_dags/example_sensors.py took 0.126 seconds
[2026-02-22T17:09:59.061+0000] {processor.py:161} INFO - Started process (PID=2343) to work on /home/airflow/.local/lib/python3.12/site-packages/airflow/example_dags/example_sensors.py
[2026-02-22T17:09:59.062+0000] {processor.py:830} INFO - Processing file /home/airflow/.local/lib/python3.12/site-packages/airflow/example_dags/example_sensors.py for tasks to queue
[2026-02-22T17:09:59.065+0000] {logging_mixin.py:188} INFO - [2026-02-22T17:09:59.065+0000] {dagbag.py:545} INFO - Filling up the DagBag from /home/airflow/.local/lib/python3.12/site-packages/airflow/example_dags/example_sensors.py
[2026-02-22T17:09:59.079+0000] {processor.py:840} INFO - DAG(s) 'example_sensors' retrieved from /home/airflow/.local/lib/python3.12/site-packages/airflow/example_dags/example_sensors.py
[2026-02-22T17:09:59.108+0000] {logging_mixin.py:188} INFO - [2026-02-22T17:09:59.107+0000] {dag.py:3096} INFO - Sync 1 DAGs
[2026-02-22T17:09:59.130+0000] {logging_mixin.py:188} INFO - [2026-02-22T17:09:59.130+0000] {dag.py:3954} INFO - Setting next_dagrun for example_sensors to None, run_after=None
[2026-02-22T17:09:59.162+0000] {processor.py:183} INFO - Processing /home/airflow/.local/lib/python3.12/site-packages/airflow/example_dags/example_sensors.py took 0.114 seconds
[2026-02-22T17:10:30.031+0000] {processor.py:161} INFO - Started process (PID=2402) to work on /home/airflow/.local/lib/python3.12/site-packages/airflow/example_dags/example_sensors.py
[2026-02-22T17:10:30.033+0000] {processor.py:830} INFO - Processing file /home/airflow/.local/lib/python3.12/site-packages/airflow/example_dags/example_sensors.py for tasks to queue
[2026-02-22T17:10:30.034+0000] {logging_mixin.py:188} INFO - [2026-02-22T17:10:30.034+0000] {dagbag.py:545} INFO - Filling up the DagBag from /home/airflow/.local/lib/python3.12/site-packages/airflow/example_dags/example_sensors.py
[2026-02-22T17:10:30.044+0000] {processor.py:840} INFO - DAG(s) 'example_sensors' retrieved from /home/airflow/.local/lib/python3.12/site-packages/airflow/example_dags/example_sensors.py
[2026-02-22T17:10:30.061+0000] {logging_mixin.py:188} INFO - [2026-02-22T17:10:30.061+0000] {dag.py:3096} INFO - Sync 1 DAGs
[2026-02-22T17:10:30.072+0000] {logging_mixin.py:188} INFO - [2026-02-22T17:10:30.072+0000] {dag.py:3954} INFO - Setting next_dagrun for example_sensors to None, run_after=None
[2026-02-22T17:10:30.091+0000] {processor.py:183} INFO - Processing /home/airflow/.local/lib/python3.12/site-packages/airflow/example_dags/example_sensors.py took 0.067 seconds
