[2026-02-22T10:46:16.773+0000] {processor.py:161} INFO - Started process (PID=86) to work on /home/airflow/.local/lib/python3.12/site-packages/airflow/example_dags/example_complex.py
[2026-02-22T10:46:16.774+0000] {processor.py:830} INFO - Processing file /home/airflow/.local/lib/python3.12/site-packages/airflow/example_dags/example_complex.py for tasks to queue
[2026-02-22T10:46:16.775+0000] {logging_mixin.py:188} INFO - [2026-02-22T10:46:16.775+0000] {dagbag.py:545} INFO - Filling up the DagBag from /home/airflow/.local/lib/python3.12/site-packages/airflow/example_dags/example_complex.py
[2026-02-22T10:46:16.789+0000] {processor.py:840} INFO - DAG(s) 'example_complex' retrieved from /home/airflow/.local/lib/python3.12/site-packages/airflow/example_dags/example_complex.py
[2026-02-22T10:46:16.806+0000] {logging_mixin.py:188} INFO - [2026-02-22T10:46:16.805+0000] {dag.py:3096} INFO - Sync 1 DAGs
[2026-02-22T10:46:16.816+0000] {logging_mixin.py:188} INFO - [2026-02-22T10:46:16.816+0000] {dag.py:3954} INFO - Setting next_dagrun for example_complex to None, run_after=None
[2026-02-22T10:46:16.836+0000] {processor.py:183} INFO - Processing /home/airflow/.local/lib/python3.12/site-packages/airflow/example_dags/example_complex.py took 0.066 seconds
[2026-02-22T10:46:47.406+0000] {processor.py:161} INFO - Started process (PID=144) to work on /home/airflow/.local/lib/python3.12/site-packages/airflow/example_dags/example_complex.py
[2026-02-22T10:46:47.407+0000] {processor.py:830} INFO - Processing file /home/airflow/.local/lib/python3.12/site-packages/airflow/example_dags/example_complex.py for tasks to queue
[2026-02-22T10:46:47.408+0000] {logging_mixin.py:188} INFO - [2026-02-22T10:46:47.408+0000] {dagbag.py:545} INFO - Filling up the DagBag from /home/airflow/.local/lib/python3.12/site-packages/airflow/example_dags/example_complex.py
[2026-02-22T10:46:47.416+0000] {processor.py:840} INFO - DAG(s) 'example_complex' retrieved from /home/airflow/.local/lib/python3.12/site-packages/airflow/example_dags/example_complex.py
[2026-02-22T10:46:47.497+0000] {logging_mixin.py:188} INFO - [2026-02-22T10:46:47.497+0000] {dag.py:3096} INFO - Sync 1 DAGs
[2026-02-22T10:46:47.515+0000] {logging_mixin.py:188} INFO - [2026-02-22T10:46:47.515+0000] {dag.py:3954} INFO - Setting next_dagrun for example_complex to None, run_after=None
[2026-02-22T10:46:47.526+0000] {processor.py:183} INFO - Processing /home/airflow/.local/lib/python3.12/site-packages/airflow/example_dags/example_complex.py took 0.126 seconds
[2026-02-22T10:47:17.702+0000] {processor.py:161} INFO - Started process (PID=202) to work on /home/airflow/.local/lib/python3.12/site-packages/airflow/example_dags/example_complex.py
[2026-02-22T10:47:17.706+0000] {processor.py:830} INFO - Processing file /home/airflow/.local/lib/python3.12/site-packages/airflow/example_dags/example_complex.py for tasks to queue
[2026-02-22T10:47:17.706+0000] {logging_mixin.py:188} INFO - [2026-02-22T10:47:17.706+0000] {dagbag.py:545} INFO - Filling up the DagBag from /home/airflow/.local/lib/python3.12/site-packages/airflow/example_dags/example_complex.py
[2026-02-22T10:47:17.712+0000] {processor.py:840} INFO - DAG(s) 'example_complex' retrieved from /home/airflow/.local/lib/python3.12/site-packages/airflow/example_dags/example_complex.py
[2026-02-22T10:47:17.733+0000] {logging_mixin.py:188} INFO - [2026-02-22T10:47:17.733+0000] {dag.py:3096} INFO - Sync 1 DAGs
[2026-02-22T10:47:17.745+0000] {logging_mixin.py:188} INFO - [2026-02-22T10:47:17.744+0000] {dag.py:3954} INFO - Setting next_dagrun for example_complex to None, run_after=None
[2026-02-22T10:47:17.759+0000] {processor.py:183} INFO - Processing /home/airflow/.local/lib/python3.12/site-packages/airflow/example_dags/example_complex.py took 0.062 seconds
[2026-02-22T10:47:47.943+0000] {processor.py:161} INFO - Started process (PID=260) to work on /home/airflow/.local/lib/python3.12/site-packages/airflow/example_dags/example_complex.py
[2026-02-22T10:47:47.944+0000] {processor.py:830} INFO - Processing file /home/airflow/.local/lib/python3.12/site-packages/airflow/example_dags/example_complex.py for tasks to queue
[2026-02-22T10:47:47.946+0000] {logging_mixin.py:188} INFO - [2026-02-22T10:47:47.945+0000] {dagbag.py:545} INFO - Filling up the DagBag from /home/airflow/.local/lib/python3.12/site-packages/airflow/example_dags/example_complex.py
[2026-02-22T10:47:47.951+0000] {processor.py:840} INFO - DAG(s) 'example_complex' retrieved from /home/airflow/.local/lib/python3.12/site-packages/airflow/example_dags/example_complex.py
[2026-02-22T10:47:47.973+0000] {logging_mixin.py:188} INFO - [2026-02-22T10:47:47.973+0000] {dag.py:3096} INFO - Sync 1 DAGs
[2026-02-22T10:47:47.981+0000] {logging_mixin.py:188} INFO - [2026-02-22T10:47:47.981+0000] {dag.py:3954} INFO - Setting next_dagrun for example_complex to None, run_after=None
[2026-02-22T10:47:47.994+0000] {processor.py:183} INFO - Processing /home/airflow/.local/lib/python3.12/site-packages/airflow/example_dags/example_complex.py took 0.055 seconds
[2026-02-22T10:48:18.019+0000] {processor.py:161} INFO - Started process (PID=318) to work on /home/airflow/.local/lib/python3.12/site-packages/airflow/example_dags/example_complex.py
[2026-02-22T10:48:18.020+0000] {processor.py:830} INFO - Processing file /home/airflow/.local/lib/python3.12/site-packages/airflow/example_dags/example_complex.py for tasks to queue
[2026-02-22T10:48:18.021+0000] {logging_mixin.py:188} INFO - [2026-02-22T10:48:18.021+0000] {dagbag.py:545} INFO - Filling up the DagBag from /home/airflow/.local/lib/python3.12/site-packages/airflow/example_dags/example_complex.py
[2026-02-22T10:48:18.027+0000] {processor.py:840} INFO - DAG(s) 'example_complex' retrieved from /home/airflow/.local/lib/python3.12/site-packages/airflow/example_dags/example_complex.py
[2026-02-22T10:48:18.054+0000] {logging_mixin.py:188} INFO - [2026-02-22T10:48:18.054+0000] {dag.py:3096} INFO - Sync 1 DAGs
[2026-02-22T10:48:18.063+0000] {logging_mixin.py:188} INFO - [2026-02-22T10:48:18.063+0000] {dag.py:3954} INFO - Setting next_dagrun for example_complex to None, run_after=None
[2026-02-22T10:48:18.079+0000] {processor.py:183} INFO - Processing /home/airflow/.local/lib/python3.12/site-packages/airflow/example_dags/example_complex.py took 0.063 seconds
[2026-02-22T10:48:48.362+0000] {processor.py:161} INFO - Started process (PID=376) to work on /home/airflow/.local/lib/python3.12/site-packages/airflow/example_dags/example_complex.py
[2026-02-22T10:48:48.363+0000] {processor.py:830} INFO - Processing file /home/airflow/.local/lib/python3.12/site-packages/airflow/example_dags/example_complex.py for tasks to queue
[2026-02-22T10:48:48.364+0000] {logging_mixin.py:188} INFO - [2026-02-22T10:48:48.364+0000] {dagbag.py:545} INFO - Filling up the DagBag from /home/airflow/.local/lib/python3.12/site-packages/airflow/example_dags/example_complex.py
[2026-02-22T10:48:48.369+0000] {processor.py:840} INFO - DAG(s) 'example_complex' retrieved from /home/airflow/.local/lib/python3.12/site-packages/airflow/example_dags/example_complex.py
[2026-02-22T10:48:48.383+0000] {logging_mixin.py:188} INFO - [2026-02-22T10:48:48.383+0000] {dag.py:3096} INFO - Sync 1 DAGs
[2026-02-22T10:48:48.389+0000] {logging_mixin.py:188} INFO - [2026-02-22T10:48:48.389+0000] {dag.py:3954} INFO - Setting next_dagrun for example_complex to None, run_after=None
[2026-02-22T10:48:48.397+0000] {processor.py:183} INFO - Processing /home/airflow/.local/lib/python3.12/site-packages/airflow/example_dags/example_complex.py took 0.038 seconds
[2026-02-22T10:49:18.681+0000] {processor.py:161} INFO - Started process (PID=435) to work on /home/airflow/.local/lib/python3.12/site-packages/airflow/example_dags/example_complex.py
[2026-02-22T10:49:18.682+0000] {processor.py:830} INFO - Processing file /home/airflow/.local/lib/python3.12/site-packages/airflow/example_dags/example_complex.py for tasks to queue
[2026-02-22T10:49:18.683+0000] {logging_mixin.py:188} INFO - [2026-02-22T10:49:18.682+0000] {dagbag.py:545} INFO - Filling up the DagBag from /home/airflow/.local/lib/python3.12/site-packages/airflow/example_dags/example_complex.py
[2026-02-22T10:49:18.688+0000] {processor.py:840} INFO - DAG(s) 'example_complex' retrieved from /home/airflow/.local/lib/python3.12/site-packages/airflow/example_dags/example_complex.py
[2026-02-22T10:49:18.704+0000] {logging_mixin.py:188} INFO - [2026-02-22T10:49:18.703+0000] {dag.py:3096} INFO - Sync 1 DAGs
[2026-02-22T10:49:18.711+0000] {logging_mixin.py:188} INFO - [2026-02-22T10:49:18.711+0000] {dag.py:3954} INFO - Setting next_dagrun for example_complex to None, run_after=None
[2026-02-22T10:49:18.723+0000] {processor.py:183} INFO - Processing /home/airflow/.local/lib/python3.12/site-packages/airflow/example_dags/example_complex.py took 0.045 seconds
[2026-02-22T10:49:49.397+0000] {processor.py:161} INFO - Started process (PID=493) to work on /home/airflow/.local/lib/python3.12/site-packages/airflow/example_dags/example_complex.py
[2026-02-22T10:49:49.398+0000] {processor.py:830} INFO - Processing file /home/airflow/.local/lib/python3.12/site-packages/airflow/example_dags/example_complex.py for tasks to queue
[2026-02-22T10:49:49.399+0000] {logging_mixin.py:188} INFO - [2026-02-22T10:49:49.399+0000] {dagbag.py:545} INFO - Filling up the DagBag from /home/airflow/.local/lib/python3.12/site-packages/airflow/example_dags/example_complex.py
[2026-02-22T10:49:49.405+0000] {processor.py:840} INFO - DAG(s) 'example_complex' retrieved from /home/airflow/.local/lib/python3.12/site-packages/airflow/example_dags/example_complex.py
[2026-02-22T10:49:49.424+0000] {logging_mixin.py:188} INFO - [2026-02-22T10:49:49.424+0000] {dag.py:3096} INFO - Sync 1 DAGs
[2026-02-22T10:49:49.432+0000] {logging_mixin.py:188} INFO - [2026-02-22T10:49:49.432+0000] {dag.py:3954} INFO - Setting next_dagrun for example_complex to None, run_after=None
[2026-02-22T10:49:49.441+0000] {processor.py:183} INFO - Processing /home/airflow/.local/lib/python3.12/site-packages/airflow/example_dags/example_complex.py took 0.047 seconds
[2026-02-22T10:50:19.821+0000] {processor.py:161} INFO - Started process (PID=551) to work on /home/airflow/.local/lib/python3.12/site-packages/airflow/example_dags/example_complex.py
[2026-02-22T10:50:19.822+0000] {processor.py:830} INFO - Processing file /home/airflow/.local/lib/python3.12/site-packages/airflow/example_dags/example_complex.py for tasks to queue
[2026-02-22T10:50:19.823+0000] {logging_mixin.py:188} INFO - [2026-02-22T10:50:19.823+0000] {dagbag.py:545} INFO - Filling up the DagBag from /home/airflow/.local/lib/python3.12/site-packages/airflow/example_dags/example_complex.py
[2026-02-22T10:50:19.828+0000] {processor.py:840} INFO - DAG(s) 'example_complex' retrieved from /home/airflow/.local/lib/python3.12/site-packages/airflow/example_dags/example_complex.py
[2026-02-22T10:50:19.851+0000] {logging_mixin.py:188} INFO - [2026-02-22T10:50:19.850+0000] {dag.py:3096} INFO - Sync 1 DAGs
[2026-02-22T10:50:19.857+0000] {logging_mixin.py:188} INFO - [2026-02-22T10:50:19.857+0000] {dag.py:3954} INFO - Setting next_dagrun for example_complex to None, run_after=None
[2026-02-22T10:50:19.870+0000] {processor.py:183} INFO - Processing /home/airflow/.local/lib/python3.12/site-packages/airflow/example_dags/example_complex.py took 0.052 seconds
[2026-02-22T10:50:50.164+0000] {processor.py:161} INFO - Started process (PID=609) to work on /home/airflow/.local/lib/python3.12/site-packages/airflow/example_dags/example_complex.py
[2026-02-22T10:50:50.165+0000] {processor.py:830} INFO - Processing file /home/airflow/.local/lib/python3.12/site-packages/airflow/example_dags/example_complex.py for tasks to queue
[2026-02-22T10:50:50.166+0000] {logging_mixin.py:188} INFO - [2026-02-22T10:50:50.165+0000] {dagbag.py:545} INFO - Filling up the DagBag from /home/airflow/.local/lib/python3.12/site-packages/airflow/example_dags/example_complex.py
[2026-02-22T10:50:50.171+0000] {processor.py:840} INFO - DAG(s) 'example_complex' retrieved from /home/airflow/.local/lib/python3.12/site-packages/airflow/example_dags/example_complex.py
[2026-02-22T10:50:50.190+0000] {logging_mixin.py:188} INFO - [2026-02-22T10:50:50.190+0000] {dag.py:3096} INFO - Sync 1 DAGs
[2026-02-22T10:50:50.197+0000] {logging_mixin.py:188} INFO - [2026-02-22T10:50:50.197+0000] {dag.py:3954} INFO - Setting next_dagrun for example_complex to None, run_after=None
[2026-02-22T10:50:50.211+0000] {processor.py:183} INFO - Processing /home/airflow/.local/lib/python3.12/site-packages/airflow/example_dags/example_complex.py took 0.051 seconds
[2026-02-22T10:51:20.627+0000] {processor.py:161} INFO - Started process (PID=667) to work on /home/airflow/.local/lib/python3.12/site-packages/airflow/example_dags/example_complex.py
[2026-02-22T10:51:20.628+0000] {processor.py:830} INFO - Processing file /home/airflow/.local/lib/python3.12/site-packages/airflow/example_dags/example_complex.py for tasks to queue
[2026-02-22T10:51:20.629+0000] {logging_mixin.py:188} INFO - [2026-02-22T10:51:20.629+0000] {dagbag.py:545} INFO - Filling up the DagBag from /home/airflow/.local/lib/python3.12/site-packages/airflow/example_dags/example_complex.py
[2026-02-22T10:51:20.634+0000] {processor.py:840} INFO - DAG(s) 'example_complex' retrieved from /home/airflow/.local/lib/python3.12/site-packages/airflow/example_dags/example_complex.py
[2026-02-22T10:51:20.652+0000] {logging_mixin.py:188} INFO - [2026-02-22T10:51:20.652+0000] {dag.py:3096} INFO - Sync 1 DAGs
[2026-02-22T10:51:20.658+0000] {logging_mixin.py:188} INFO - [2026-02-22T10:51:20.658+0000] {dag.py:3954} INFO - Setting next_dagrun for example_complex to None, run_after=None
[2026-02-22T10:51:20.667+0000] {processor.py:183} INFO - Processing /home/airflow/.local/lib/python3.12/site-packages/airflow/example_dags/example_complex.py took 0.042 seconds
[2026-02-22T10:51:51.863+0000] {processor.py:161} INFO - Started process (PID=725) to work on /home/airflow/.local/lib/python3.12/site-packages/airflow/example_dags/example_complex.py
[2026-02-22T10:51:51.864+0000] {processor.py:830} INFO - Processing file /home/airflow/.local/lib/python3.12/site-packages/airflow/example_dags/example_complex.py for tasks to queue
[2026-02-22T10:51:51.866+0000] {logging_mixin.py:188} INFO - [2026-02-22T10:51:51.866+0000] {dagbag.py:545} INFO - Filling up the DagBag from /home/airflow/.local/lib/python3.12/site-packages/airflow/example_dags/example_complex.py
[2026-02-22T10:51:51.880+0000] {processor.py:840} INFO - DAG(s) 'example_complex' retrieved from /home/airflow/.local/lib/python3.12/site-packages/airflow/example_dags/example_complex.py
[2026-02-22T10:51:51.919+0000] {logging_mixin.py:188} INFO - [2026-02-22T10:51:51.919+0000] {dag.py:3096} INFO - Sync 1 DAGs
[2026-02-22T10:51:51.932+0000] {logging_mixin.py:188} INFO - [2026-02-22T10:51:51.931+0000] {dag.py:3954} INFO - Setting next_dagrun for example_complex to None, run_after=None
[2026-02-22T10:51:51.964+0000] {processor.py:183} INFO - Processing /home/airflow/.local/lib/python3.12/site-packages/airflow/example_dags/example_complex.py took 0.110 seconds
[2026-02-22T10:52:22.354+0000] {processor.py:161} INFO - Started process (PID=783) to work on /home/airflow/.local/lib/python3.12/site-packages/airflow/example_dags/example_complex.py
[2026-02-22T10:52:22.355+0000] {processor.py:830} INFO - Processing file /home/airflow/.local/lib/python3.12/site-packages/airflow/example_dags/example_complex.py for tasks to queue
[2026-02-22T10:52:22.356+0000] {logging_mixin.py:188} INFO - [2026-02-22T10:52:22.356+0000] {dagbag.py:545} INFO - Filling up the DagBag from /home/airflow/.local/lib/python3.12/site-packages/airflow/example_dags/example_complex.py
[2026-02-22T10:52:22.363+0000] {processor.py:840} INFO - DAG(s) 'example_complex' retrieved from /home/airflow/.local/lib/python3.12/site-packages/airflow/example_dags/example_complex.py
[2026-02-22T10:52:22.379+0000] {logging_mixin.py:188} INFO - [2026-02-22T10:52:22.378+0000] {dag.py:3096} INFO - Sync 1 DAGs
[2026-02-22T10:52:22.384+0000] {logging_mixin.py:188} INFO - [2026-02-22T10:52:22.384+0000] {dag.py:3954} INFO - Setting next_dagrun for example_complex to None, run_after=None
[2026-02-22T10:52:22.394+0000] {processor.py:183} INFO - Processing /home/airflow/.local/lib/python3.12/site-packages/airflow/example_dags/example_complex.py took 0.045 seconds
[2026-02-22T10:52:52.741+0000] {processor.py:161} INFO - Started process (PID=841) to work on /home/airflow/.local/lib/python3.12/site-packages/airflow/example_dags/example_complex.py
[2026-02-22T10:52:52.741+0000] {processor.py:830} INFO - Processing file /home/airflow/.local/lib/python3.12/site-packages/airflow/example_dags/example_complex.py for tasks to queue
[2026-02-22T10:52:52.742+0000] {logging_mixin.py:188} INFO - [2026-02-22T10:52:52.742+0000] {dagbag.py:545} INFO - Filling up the DagBag from /home/airflow/.local/lib/python3.12/site-packages/airflow/example_dags/example_complex.py
[2026-02-22T10:52:52.747+0000] {processor.py:840} INFO - DAG(s) 'example_complex' retrieved from /home/airflow/.local/lib/python3.12/site-packages/airflow/example_dags/example_complex.py
[2026-02-22T10:52:52.762+0000] {logging_mixin.py:188} INFO - [2026-02-22T10:52:52.762+0000] {dag.py:3096} INFO - Sync 1 DAGs
[2026-02-22T10:52:52.768+0000] {logging_mixin.py:188} INFO - [2026-02-22T10:52:52.767+0000] {dag.py:3954} INFO - Setting next_dagrun for example_complex to None, run_after=None
[2026-02-22T10:52:52.776+0000] {processor.py:183} INFO - Processing /home/airflow/.local/lib/python3.12/site-packages/airflow/example_dags/example_complex.py took 0.038 seconds
[2026-02-22T10:53:23.723+0000] {processor.py:161} INFO - Started process (PID=899) to work on /home/airflow/.local/lib/python3.12/site-packages/airflow/example_dags/example_complex.py
[2026-02-22T10:53:23.725+0000] {processor.py:830} INFO - Processing file /home/airflow/.local/lib/python3.12/site-packages/airflow/example_dags/example_complex.py for tasks to queue
[2026-02-22T10:53:23.727+0000] {logging_mixin.py:188} INFO - [2026-02-22T10:53:23.727+0000] {dagbag.py:545} INFO - Filling up the DagBag from /home/airflow/.local/lib/python3.12/site-packages/airflow/example_dags/example_complex.py
[2026-02-22T10:53:23.735+0000] {processor.py:840} INFO - DAG(s) 'example_complex' retrieved from /home/airflow/.local/lib/python3.12/site-packages/airflow/example_dags/example_complex.py
[2026-02-22T10:53:23.755+0000] {logging_mixin.py:188} INFO - [2026-02-22T10:53:23.755+0000] {dag.py:3096} INFO - Sync 1 DAGs
[2026-02-22T10:53:23.770+0000] {logging_mixin.py:188} INFO - [2026-02-22T10:53:23.770+0000] {dag.py:3954} INFO - Setting next_dagrun for example_complex to None, run_after=None
[2026-02-22T10:53:23.791+0000] {processor.py:183} INFO - Processing /home/airflow/.local/lib/python3.12/site-packages/airflow/example_dags/example_complex.py took 0.080 seconds
[2026-02-22T10:53:54.027+0000] {processor.py:161} INFO - Started process (PID=957) to work on /home/airflow/.local/lib/python3.12/site-packages/airflow/example_dags/example_complex.py
[2026-02-22T10:53:54.028+0000] {processor.py:830} INFO - Processing file /home/airflow/.local/lib/python3.12/site-packages/airflow/example_dags/example_complex.py for tasks to queue
[2026-02-22T10:53:54.029+0000] {logging_mixin.py:188} INFO - [2026-02-22T10:53:54.029+0000] {dagbag.py:545} INFO - Filling up the DagBag from /home/airflow/.local/lib/python3.12/site-packages/airflow/example_dags/example_complex.py
[2026-02-22T10:53:54.034+0000] {processor.py:840} INFO - DAG(s) 'example_complex' retrieved from /home/airflow/.local/lib/python3.12/site-packages/airflow/example_dags/example_complex.py
[2026-02-22T10:53:54.050+0000] {logging_mixin.py:188} INFO - [2026-02-22T10:53:54.050+0000] {dag.py:3096} INFO - Sync 1 DAGs
[2026-02-22T10:53:54.060+0000] {logging_mixin.py:188} INFO - [2026-02-22T10:53:54.060+0000] {dag.py:3954} INFO - Setting next_dagrun for example_complex to None, run_after=None
[2026-02-22T10:53:54.070+0000] {processor.py:183} INFO - Processing /home/airflow/.local/lib/python3.12/site-packages/airflow/example_dags/example_complex.py took 0.046 seconds
[2026-02-22T10:54:24.723+0000] {processor.py:161} INFO - Started process (PID=1015) to work on /home/airflow/.local/lib/python3.12/site-packages/airflow/example_dags/example_complex.py
[2026-02-22T10:54:24.724+0000] {processor.py:830} INFO - Processing file /home/airflow/.local/lib/python3.12/site-packages/airflow/example_dags/example_complex.py for tasks to queue
[2026-02-22T10:54:24.725+0000] {logging_mixin.py:188} INFO - [2026-02-22T10:54:24.725+0000] {dagbag.py:545} INFO - Filling up the DagBag from /home/airflow/.local/lib/python3.12/site-packages/airflow/example_dags/example_complex.py
[2026-02-22T10:54:24.730+0000] {processor.py:840} INFO - DAG(s) 'example_complex' retrieved from /home/airflow/.local/lib/python3.12/site-packages/airflow/example_dags/example_complex.py
[2026-02-22T10:54:24.746+0000] {logging_mixin.py:188} INFO - [2026-02-22T10:54:24.746+0000] {dag.py:3096} INFO - Sync 1 DAGs
[2026-02-22T10:54:24.752+0000] {logging_mixin.py:188} INFO - [2026-02-22T10:54:24.752+0000] {dag.py:3954} INFO - Setting next_dagrun for example_complex to None, run_after=None
[2026-02-22T10:54:24.761+0000] {processor.py:183} INFO - Processing /home/airflow/.local/lib/python3.12/site-packages/airflow/example_dags/example_complex.py took 0.040 seconds
[2026-02-22T10:54:55.118+0000] {processor.py:161} INFO - Started process (PID=1073) to work on /home/airflow/.local/lib/python3.12/site-packages/airflow/example_dags/example_complex.py
[2026-02-22T10:54:55.119+0000] {processor.py:830} INFO - Processing file /home/airflow/.local/lib/python3.12/site-packages/airflow/example_dags/example_complex.py for tasks to queue
[2026-02-22T10:54:55.120+0000] {logging_mixin.py:188} INFO - [2026-02-22T10:54:55.120+0000] {dagbag.py:545} INFO - Filling up the DagBag from /home/airflow/.local/lib/python3.12/site-packages/airflow/example_dags/example_complex.py
[2026-02-22T10:54:55.125+0000] {processor.py:840} INFO - DAG(s) 'example_complex' retrieved from /home/airflow/.local/lib/python3.12/site-packages/airflow/example_dags/example_complex.py
[2026-02-22T10:54:55.139+0000] {logging_mixin.py:188} INFO - [2026-02-22T10:54:55.139+0000] {dag.py:3096} INFO - Sync 1 DAGs
[2026-02-22T10:54:55.146+0000] {logging_mixin.py:188} INFO - [2026-02-22T10:54:55.146+0000] {dag.py:3954} INFO - Setting next_dagrun for example_complex to None, run_after=None
[2026-02-22T10:54:55.154+0000] {processor.py:183} INFO - Processing /home/airflow/.local/lib/python3.12/site-packages/airflow/example_dags/example_complex.py took 0.039 seconds
[2026-02-22T10:55:25.484+0000] {processor.py:161} INFO - Started process (PID=1131) to work on /home/airflow/.local/lib/python3.12/site-packages/airflow/example_dags/example_complex.py
[2026-02-22T10:55:25.485+0000] {processor.py:830} INFO - Processing file /home/airflow/.local/lib/python3.12/site-packages/airflow/example_dags/example_complex.py for tasks to queue
[2026-02-22T10:55:25.486+0000] {logging_mixin.py:188} INFO - [2026-02-22T10:55:25.486+0000] {dagbag.py:545} INFO - Filling up the DagBag from /home/airflow/.local/lib/python3.12/site-packages/airflow/example_dags/example_complex.py
[2026-02-22T10:55:25.491+0000] {processor.py:840} INFO - DAG(s) 'example_complex' retrieved from /home/airflow/.local/lib/python3.12/site-packages/airflow/example_dags/example_complex.py
[2026-02-22T10:55:25.504+0000] {logging_mixin.py:188} INFO - [2026-02-22T10:55:25.504+0000] {dag.py:3096} INFO - Sync 1 DAGs
[2026-02-22T10:55:25.510+0000] {logging_mixin.py:188} INFO - [2026-02-22T10:55:25.509+0000] {dag.py:3954} INFO - Setting next_dagrun for example_complex to None, run_after=None
[2026-02-22T10:55:25.519+0000] {processor.py:183} INFO - Processing /home/airflow/.local/lib/python3.12/site-packages/airflow/example_dags/example_complex.py took 0.037 seconds
[2026-02-22T10:55:55.919+0000] {processor.py:161} INFO - Started process (PID=1189) to work on /home/airflow/.local/lib/python3.12/site-packages/airflow/example_dags/example_complex.py
[2026-02-22T10:55:55.919+0000] {processor.py:830} INFO - Processing file /home/airflow/.local/lib/python3.12/site-packages/airflow/example_dags/example_complex.py for tasks to queue
[2026-02-22T10:55:55.920+0000] {logging_mixin.py:188} INFO - [2026-02-22T10:55:55.920+0000] {dagbag.py:545} INFO - Filling up the DagBag from /home/airflow/.local/lib/python3.12/site-packages/airflow/example_dags/example_complex.py
[2026-02-22T10:55:55.925+0000] {processor.py:840} INFO - DAG(s) 'example_complex' retrieved from /home/airflow/.local/lib/python3.12/site-packages/airflow/example_dags/example_complex.py
[2026-02-22T10:55:55.941+0000] {logging_mixin.py:188} INFO - [2026-02-22T10:55:55.940+0000] {dag.py:3096} INFO - Sync 1 DAGs
[2026-02-22T10:55:55.947+0000] {logging_mixin.py:188} INFO - [2026-02-22T10:55:55.947+0000] {dag.py:3954} INFO - Setting next_dagrun for example_complex to None, run_after=None
[2026-02-22T10:55:55.957+0000] {processor.py:183} INFO - Processing /home/airflow/.local/lib/python3.12/site-packages/airflow/example_dags/example_complex.py took 0.042 seconds
[2026-02-22T10:56:26.996+0000] {processor.py:161} INFO - Started process (PID=1247) to work on /home/airflow/.local/lib/python3.12/site-packages/airflow/example_dags/example_complex.py
[2026-02-22T10:56:26.997+0000] {processor.py:830} INFO - Processing file /home/airflow/.local/lib/python3.12/site-packages/airflow/example_dags/example_complex.py for tasks to queue
[2026-02-22T10:56:27.000+0000] {logging_mixin.py:188} INFO - [2026-02-22T10:56:27.000+0000] {dagbag.py:545} INFO - Filling up the DagBag from /home/airflow/.local/lib/python3.12/site-packages/airflow/example_dags/example_complex.py
[2026-02-22T10:56:27.007+0000] {processor.py:840} INFO - DAG(s) 'example_complex' retrieved from /home/airflow/.local/lib/python3.12/site-packages/airflow/example_dags/example_complex.py
[2026-02-22T10:56:27.027+0000] {logging_mixin.py:188} INFO - [2026-02-22T10:56:27.027+0000] {dag.py:3096} INFO - Sync 1 DAGs
[2026-02-22T10:56:27.034+0000] {logging_mixin.py:188} INFO - [2026-02-22T10:56:27.034+0000] {dag.py:3954} INFO - Setting next_dagrun for example_complex to None, run_after=None
[2026-02-22T10:56:27.044+0000] {processor.py:183} INFO - Processing /home/airflow/.local/lib/python3.12/site-packages/airflow/example_dags/example_complex.py took 0.052 seconds
[2026-02-22T10:56:57.360+0000] {processor.py:161} INFO - Started process (PID=1305) to work on /home/airflow/.local/lib/python3.12/site-packages/airflow/example_dags/example_complex.py
[2026-02-22T10:56:57.362+0000] {processor.py:830} INFO - Processing file /home/airflow/.local/lib/python3.12/site-packages/airflow/example_dags/example_complex.py for tasks to queue
[2026-02-22T10:56:57.363+0000] {logging_mixin.py:188} INFO - [2026-02-22T10:56:57.363+0000] {dagbag.py:545} INFO - Filling up the DagBag from /home/airflow/.local/lib/python3.12/site-packages/airflow/example_dags/example_complex.py
[2026-02-22T10:56:57.369+0000] {processor.py:840} INFO - DAG(s) 'example_complex' retrieved from /home/airflow/.local/lib/python3.12/site-packages/airflow/example_dags/example_complex.py
[2026-02-22T10:56:57.384+0000] {logging_mixin.py:188} INFO - [2026-02-22T10:56:57.383+0000] {dag.py:3096} INFO - Sync 1 DAGs
[2026-02-22T10:56:57.390+0000] {logging_mixin.py:188} INFO - [2026-02-22T10:56:57.390+0000] {dag.py:3954} INFO - Setting next_dagrun for example_complex to None, run_after=None
[2026-02-22T10:56:57.402+0000] {processor.py:183} INFO - Processing /home/airflow/.local/lib/python3.12/site-packages/airflow/example_dags/example_complex.py took 0.044 seconds
[2026-02-22T10:57:27.959+0000] {processor.py:161} INFO - Started process (PID=1363) to work on /home/airflow/.local/lib/python3.12/site-packages/airflow/example_dags/example_complex.py
[2026-02-22T10:57:27.961+0000] {processor.py:830} INFO - Processing file /home/airflow/.local/lib/python3.12/site-packages/airflow/example_dags/example_complex.py for tasks to queue
[2026-02-22T10:57:27.962+0000] {logging_mixin.py:188} INFO - [2026-02-22T10:57:27.962+0000] {dagbag.py:545} INFO - Filling up the DagBag from /home/airflow/.local/lib/python3.12/site-packages/airflow/example_dags/example_complex.py
[2026-02-22T10:57:27.968+0000] {processor.py:840} INFO - DAG(s) 'example_complex' retrieved from /home/airflow/.local/lib/python3.12/site-packages/airflow/example_dags/example_complex.py
[2026-02-22T10:57:27.992+0000] {logging_mixin.py:188} INFO - [2026-02-22T10:57:27.991+0000] {dag.py:3096} INFO - Sync 1 DAGs
[2026-02-22T10:57:28.001+0000] {logging_mixin.py:188} INFO - [2026-02-22T10:57:28.001+0000] {dag.py:3954} INFO - Setting next_dagrun for example_complex to None, run_after=None
[2026-02-22T10:57:28.017+0000] {processor.py:183} INFO - Processing /home/airflow/.local/lib/python3.12/site-packages/airflow/example_dags/example_complex.py took 0.064 seconds
[2026-02-22T10:57:58.647+0000] {processor.py:161} INFO - Started process (PID=1421) to work on /home/airflow/.local/lib/python3.12/site-packages/airflow/example_dags/example_complex.py
[2026-02-22T10:57:58.648+0000] {processor.py:830} INFO - Processing file /home/airflow/.local/lib/python3.12/site-packages/airflow/example_dags/example_complex.py for tasks to queue
[2026-02-22T10:57:58.652+0000] {logging_mixin.py:188} INFO - [2026-02-22T10:57:58.651+0000] {dagbag.py:545} INFO - Filling up the DagBag from /home/airflow/.local/lib/python3.12/site-packages/airflow/example_dags/example_complex.py
[2026-02-22T10:57:58.658+0000] {processor.py:840} INFO - DAG(s) 'example_complex' retrieved from /home/airflow/.local/lib/python3.12/site-packages/airflow/example_dags/example_complex.py
[2026-02-22T10:57:58.676+0000] {logging_mixin.py:188} INFO - [2026-02-22T10:57:58.676+0000] {dag.py:3096} INFO - Sync 1 DAGs
[2026-02-22T10:57:58.683+0000] {logging_mixin.py:188} INFO - [2026-02-22T10:57:58.683+0000] {dag.py:3954} INFO - Setting next_dagrun for example_complex to None, run_after=None
[2026-02-22T10:57:58.697+0000] {processor.py:183} INFO - Processing /home/airflow/.local/lib/python3.12/site-packages/airflow/example_dags/example_complex.py took 0.054 seconds
[2026-02-22T10:58:28.876+0000] {processor.py:161} INFO - Started process (PID=1479) to work on /home/airflow/.local/lib/python3.12/site-packages/airflow/example_dags/example_complex.py
[2026-02-22T10:58:28.878+0000] {processor.py:830} INFO - Processing file /home/airflow/.local/lib/python3.12/site-packages/airflow/example_dags/example_complex.py for tasks to queue
[2026-02-22T10:58:28.879+0000] {logging_mixin.py:188} INFO - [2026-02-22T10:58:28.878+0000] {dagbag.py:545} INFO - Filling up the DagBag from /home/airflow/.local/lib/python3.12/site-packages/airflow/example_dags/example_complex.py
[2026-02-22T10:58:28.884+0000] {processor.py:840} INFO - DAG(s) 'example_complex' retrieved from /home/airflow/.local/lib/python3.12/site-packages/airflow/example_dags/example_complex.py
[2026-02-22T10:58:28.899+0000] {logging_mixin.py:188} INFO - [2026-02-22T10:58:28.899+0000] {dag.py:3096} INFO - Sync 1 DAGs
[2026-02-22T10:58:28.905+0000] {logging_mixin.py:188} INFO - [2026-02-22T10:58:28.905+0000] {dag.py:3954} INFO - Setting next_dagrun for example_complex to None, run_after=None
[2026-02-22T10:58:28.918+0000] {processor.py:183} INFO - Processing /home/airflow/.local/lib/python3.12/site-packages/airflow/example_dags/example_complex.py took 0.045 seconds
[2026-02-22T10:58:59.537+0000] {processor.py:161} INFO - Started process (PID=1537) to work on /home/airflow/.local/lib/python3.12/site-packages/airflow/example_dags/example_complex.py
[2026-02-22T10:58:59.539+0000] {processor.py:830} INFO - Processing file /home/airflow/.local/lib/python3.12/site-packages/airflow/example_dags/example_complex.py for tasks to queue
[2026-02-22T10:58:59.540+0000] {logging_mixin.py:188} INFO - [2026-02-22T10:58:59.540+0000] {dagbag.py:545} INFO - Filling up the DagBag from /home/airflow/.local/lib/python3.12/site-packages/airflow/example_dags/example_complex.py
[2026-02-22T10:58:59.550+0000] {processor.py:840} INFO - DAG(s) 'example_complex' retrieved from /home/airflow/.local/lib/python3.12/site-packages/airflow/example_dags/example_complex.py
[2026-02-22T10:58:59.579+0000] {logging_mixin.py:188} INFO - [2026-02-22T10:58:59.579+0000] {dag.py:3096} INFO - Sync 1 DAGs
[2026-02-22T10:58:59.587+0000] {logging_mixin.py:188} INFO - [2026-02-22T10:58:59.586+0000] {dag.py:3954} INFO - Setting next_dagrun for example_complex to None, run_after=None
[2026-02-22T10:58:59.603+0000] {processor.py:183} INFO - Processing /home/airflow/.local/lib/python3.12/site-packages/airflow/example_dags/example_complex.py took 0.071 seconds
[2026-02-22T10:59:30.633+0000] {processor.py:161} INFO - Started process (PID=1595) to work on /home/airflow/.local/lib/python3.12/site-packages/airflow/example_dags/example_complex.py
[2026-02-22T10:59:30.635+0000] {processor.py:830} INFO - Processing file /home/airflow/.local/lib/python3.12/site-packages/airflow/example_dags/example_complex.py for tasks to queue
[2026-02-22T10:59:30.638+0000] {logging_mixin.py:188} INFO - [2026-02-22T10:59:30.638+0000] {dagbag.py:545} INFO - Filling up the DagBag from /home/airflow/.local/lib/python3.12/site-packages/airflow/example_dags/example_complex.py
[2026-02-22T10:59:30.646+0000] {processor.py:840} INFO - DAG(s) 'example_complex' retrieved from /home/airflow/.local/lib/python3.12/site-packages/airflow/example_dags/example_complex.py
[2026-02-22T10:59:30.678+0000] {logging_mixin.py:188} INFO - [2026-02-22T10:59:30.678+0000] {dag.py:3096} INFO - Sync 1 DAGs
[2026-02-22T10:59:30.693+0000] {logging_mixin.py:188} INFO - [2026-02-22T10:59:30.693+0000] {dag.py:3954} INFO - Setting next_dagrun for example_complex to None, run_after=None
[2026-02-22T10:59:30.708+0000] {processor.py:183} INFO - Processing /home/airflow/.local/lib/python3.12/site-packages/airflow/example_dags/example_complex.py took 0.080 seconds
[2026-02-22T11:00:01.465+0000] {processor.py:161} INFO - Started process (PID=1653) to work on /home/airflow/.local/lib/python3.12/site-packages/airflow/example_dags/example_complex.py
[2026-02-22T11:00:01.466+0000] {processor.py:830} INFO - Processing file /home/airflow/.local/lib/python3.12/site-packages/airflow/example_dags/example_complex.py for tasks to queue
[2026-02-22T11:00:01.468+0000] {logging_mixin.py:188} INFO - [2026-02-22T11:00:01.467+0000] {dagbag.py:545} INFO - Filling up the DagBag from /home/airflow/.local/lib/python3.12/site-packages/airflow/example_dags/example_complex.py
[2026-02-22T11:00:01.472+0000] {processor.py:840} INFO - DAG(s) 'example_complex' retrieved from /home/airflow/.local/lib/python3.12/site-packages/airflow/example_dags/example_complex.py
[2026-02-22T11:00:01.494+0000] {logging_mixin.py:188} INFO - [2026-02-22T11:00:01.494+0000] {dag.py:3096} INFO - Sync 1 DAGs
[2026-02-22T11:00:01.500+0000] {logging_mixin.py:188} INFO - [2026-02-22T11:00:01.500+0000] {dag.py:3954} INFO - Setting next_dagrun for example_complex to None, run_after=None
[2026-02-22T11:00:01.514+0000] {processor.py:183} INFO - Processing /home/airflow/.local/lib/python3.12/site-packages/airflow/example_dags/example_complex.py took 0.052 seconds
[2026-02-22T11:00:32.486+0000] {processor.py:161} INFO - Started process (PID=1711) to work on /home/airflow/.local/lib/python3.12/site-packages/airflow/example_dags/example_complex.py
[2026-02-22T11:00:32.487+0000] {processor.py:830} INFO - Processing file /home/airflow/.local/lib/python3.12/site-packages/airflow/example_dags/example_complex.py for tasks to queue
[2026-02-22T11:00:32.489+0000] {logging_mixin.py:188} INFO - [2026-02-22T11:00:32.489+0000] {dagbag.py:545} INFO - Filling up the DagBag from /home/airflow/.local/lib/python3.12/site-packages/airflow/example_dags/example_complex.py
[2026-02-22T11:00:32.496+0000] {processor.py:840} INFO - DAG(s) 'example_complex' retrieved from /home/airflow/.local/lib/python3.12/site-packages/airflow/example_dags/example_complex.py
[2026-02-22T11:00:32.514+0000] {logging_mixin.py:188} INFO - [2026-02-22T11:00:32.514+0000] {dag.py:3096} INFO - Sync 1 DAGs
[2026-02-22T11:00:32.521+0000] {logging_mixin.py:188} INFO - [2026-02-22T11:00:32.521+0000] {dag.py:3954} INFO - Setting next_dagrun for example_complex to None, run_after=None
[2026-02-22T11:00:32.531+0000] {processor.py:183} INFO - Processing /home/airflow/.local/lib/python3.12/site-packages/airflow/example_dags/example_complex.py took 0.050 seconds
[2026-02-22T11:01:03.084+0000] {processor.py:161} INFO - Started process (PID=1769) to work on /home/airflow/.local/lib/python3.12/site-packages/airflow/example_dags/example_complex.py
[2026-02-22T11:01:03.086+0000] {processor.py:830} INFO - Processing file /home/airflow/.local/lib/python3.12/site-packages/airflow/example_dags/example_complex.py for tasks to queue
[2026-02-22T11:01:03.087+0000] {logging_mixin.py:188} INFO - [2026-02-22T11:01:03.087+0000] {dagbag.py:545} INFO - Filling up the DagBag from /home/airflow/.local/lib/python3.12/site-packages/airflow/example_dags/example_complex.py
[2026-02-22T11:01:03.093+0000] {processor.py:840} INFO - DAG(s) 'example_complex' retrieved from /home/airflow/.local/lib/python3.12/site-packages/airflow/example_dags/example_complex.py
[2026-02-22T11:01:03.116+0000] {logging_mixin.py:188} INFO - [2026-02-22T11:01:03.116+0000] {dag.py:3096} INFO - Sync 1 DAGs
[2026-02-22T11:01:03.216+0000] {logging_mixin.py:188} INFO - [2026-02-22T11:01:03.216+0000] {dag.py:3954} INFO - Setting next_dagrun for example_complex to None, run_after=None
[2026-02-22T11:01:03.227+0000] {processor.py:183} INFO - Processing /home/airflow/.local/lib/python3.12/site-packages/airflow/example_dags/example_complex.py took 0.146 seconds
[2026-02-22T11:01:33.474+0000] {processor.py:161} INFO - Started process (PID=1828) to work on /home/airflow/.local/lib/python3.12/site-packages/airflow/example_dags/example_complex.py
[2026-02-22T11:01:33.475+0000] {processor.py:830} INFO - Processing file /home/airflow/.local/lib/python3.12/site-packages/airflow/example_dags/example_complex.py for tasks to queue
[2026-02-22T11:01:33.479+0000] {logging_mixin.py:188} INFO - [2026-02-22T11:01:33.479+0000] {dagbag.py:545} INFO - Filling up the DagBag from /home/airflow/.local/lib/python3.12/site-packages/airflow/example_dags/example_complex.py
[2026-02-22T11:01:33.483+0000] {processor.py:840} INFO - DAG(s) 'example_complex' retrieved from /home/airflow/.local/lib/python3.12/site-packages/airflow/example_dags/example_complex.py
[2026-02-22T11:01:33.500+0000] {logging_mixin.py:188} INFO - [2026-02-22T11:01:33.500+0000] {dag.py:3096} INFO - Sync 1 DAGs
[2026-02-22T11:01:33.509+0000] {logging_mixin.py:188} INFO - [2026-02-22T11:01:33.509+0000] {dag.py:3954} INFO - Setting next_dagrun for example_complex to None, run_after=None
[2026-02-22T11:01:33.649+0000] {processor.py:183} INFO - Processing /home/airflow/.local/lib/python3.12/site-packages/airflow/example_dags/example_complex.py took 0.180 seconds
[2026-02-22T11:02:04.376+0000] {processor.py:161} INFO - Started process (PID=1887) to work on /home/airflow/.local/lib/python3.12/site-packages/airflow/example_dags/example_complex.py
[2026-02-22T11:02:04.376+0000] {processor.py:830} INFO - Processing file /home/airflow/.local/lib/python3.12/site-packages/airflow/example_dags/example_complex.py for tasks to queue
[2026-02-22T11:02:04.378+0000] {logging_mixin.py:188} INFO - [2026-02-22T11:02:04.377+0000] {dagbag.py:545} INFO - Filling up the DagBag from /home/airflow/.local/lib/python3.12/site-packages/airflow/example_dags/example_complex.py
[2026-02-22T11:02:04.383+0000] {processor.py:840} INFO - DAG(s) 'example_complex' retrieved from /home/airflow/.local/lib/python3.12/site-packages/airflow/example_dags/example_complex.py
[2026-02-22T11:02:04.399+0000] {logging_mixin.py:188} INFO - [2026-02-22T11:02:04.399+0000] {dag.py:3096} INFO - Sync 1 DAGs
[2026-02-22T11:02:04.408+0000] {logging_mixin.py:188} INFO - [2026-02-22T11:02:04.408+0000] {dag.py:3954} INFO - Setting next_dagrun for example_complex to None, run_after=None
[2026-02-22T11:02:04.423+0000] {processor.py:183} INFO - Processing /home/airflow/.local/lib/python3.12/site-packages/airflow/example_dags/example_complex.py took 0.051 seconds
[2026-02-22T11:02:35.453+0000] {processor.py:161} INFO - Started process (PID=1946) to work on /home/airflow/.local/lib/python3.12/site-packages/airflow/example_dags/example_complex.py
[2026-02-22T11:02:35.454+0000] {processor.py:830} INFO - Processing file /home/airflow/.local/lib/python3.12/site-packages/airflow/example_dags/example_complex.py for tasks to queue
[2026-02-22T11:02:35.455+0000] {logging_mixin.py:188} INFO - [2026-02-22T11:02:35.455+0000] {dagbag.py:545} INFO - Filling up the DagBag from /home/airflow/.local/lib/python3.12/site-packages/airflow/example_dags/example_complex.py
[2026-02-22T11:02:35.460+0000] {processor.py:840} INFO - DAG(s) 'example_complex' retrieved from /home/airflow/.local/lib/python3.12/site-packages/airflow/example_dags/example_complex.py
[2026-02-22T11:02:35.473+0000] {logging_mixin.py:188} INFO - [2026-02-22T11:02:35.473+0000] {dag.py:3096} INFO - Sync 1 DAGs
[2026-02-22T11:02:35.479+0000] {logging_mixin.py:188} INFO - [2026-02-22T11:02:35.478+0000] {dag.py:3954} INFO - Setting next_dagrun for example_complex to None, run_after=None
[2026-02-22T11:02:35.486+0000] {processor.py:183} INFO - Processing /home/airflow/.local/lib/python3.12/site-packages/airflow/example_dags/example_complex.py took 0.036 seconds
[2026-02-22T11:03:06.091+0000] {processor.py:161} INFO - Started process (PID=2005) to work on /home/airflow/.local/lib/python3.12/site-packages/airflow/example_dags/example_complex.py
[2026-02-22T11:03:06.092+0000] {processor.py:830} INFO - Processing file /home/airflow/.local/lib/python3.12/site-packages/airflow/example_dags/example_complex.py for tasks to queue
[2026-02-22T11:03:06.093+0000] {logging_mixin.py:188} INFO - [2026-02-22T11:03:06.093+0000] {dagbag.py:545} INFO - Filling up the DagBag from /home/airflow/.local/lib/python3.12/site-packages/airflow/example_dags/example_complex.py
[2026-02-22T11:03:06.099+0000] {processor.py:840} INFO - DAG(s) 'example_complex' retrieved from /home/airflow/.local/lib/python3.12/site-packages/airflow/example_dags/example_complex.py
[2026-02-22T11:03:06.117+0000] {logging_mixin.py:188} INFO - [2026-02-22T11:03:06.117+0000] {dag.py:3096} INFO - Sync 1 DAGs
[2026-02-22T11:03:06.125+0000] {logging_mixin.py:188} INFO - [2026-02-22T11:03:06.125+0000] {dag.py:3954} INFO - Setting next_dagrun for example_complex to None, run_after=None
[2026-02-22T11:03:06.136+0000] {processor.py:183} INFO - Processing /home/airflow/.local/lib/python3.12/site-packages/airflow/example_dags/example_complex.py took 0.049 seconds
[2026-02-22T11:03:37.113+0000] {processor.py:161} INFO - Started process (PID=2064) to work on /home/airflow/.local/lib/python3.12/site-packages/airflow/example_dags/example_complex.py
[2026-02-22T11:03:37.113+0000] {processor.py:830} INFO - Processing file /home/airflow/.local/lib/python3.12/site-packages/airflow/example_dags/example_complex.py for tasks to queue
[2026-02-22T11:03:37.115+0000] {logging_mixin.py:188} INFO - [2026-02-22T11:03:37.114+0000] {dagbag.py:545} INFO - Filling up the DagBag from /home/airflow/.local/lib/python3.12/site-packages/airflow/example_dags/example_complex.py
[2026-02-22T11:03:37.120+0000] {processor.py:840} INFO - DAG(s) 'example_complex' retrieved from /home/airflow/.local/lib/python3.12/site-packages/airflow/example_dags/example_complex.py
[2026-02-22T11:03:37.139+0000] {logging_mixin.py:188} INFO - [2026-02-22T11:03:37.139+0000] {dag.py:3096} INFO - Sync 1 DAGs
[2026-02-22T11:03:37.146+0000] {logging_mixin.py:188} INFO - [2026-02-22T11:03:37.146+0000] {dag.py:3954} INFO - Setting next_dagrun for example_complex to None, run_after=None
[2026-02-22T11:03:37.161+0000] {processor.py:183} INFO - Processing /home/airflow/.local/lib/python3.12/site-packages/airflow/example_dags/example_complex.py took 0.052 seconds
[2026-02-22T11:04:20.197+0000] {processor.py:161} INFO - Started process (PID=2130) to work on /home/airflow/.local/lib/python3.12/site-packages/airflow/example_dags/example_complex.py
[2026-02-22T11:04:20.198+0000] {processor.py:830} INFO - Processing file /home/airflow/.local/lib/python3.12/site-packages/airflow/example_dags/example_complex.py for tasks to queue
[2026-02-22T11:04:20.200+0000] {logging_mixin.py:188} INFO - [2026-02-22T11:04:20.200+0000] {dagbag.py:545} INFO - Filling up the DagBag from /home/airflow/.local/lib/python3.12/site-packages/airflow/example_dags/example_complex.py
[2026-02-22T11:04:20.207+0000] {processor.py:840} INFO - DAG(s) 'example_complex' retrieved from /home/airflow/.local/lib/python3.12/site-packages/airflow/example_dags/example_complex.py
[2026-02-22T11:04:20.230+0000] {logging_mixin.py:188} INFO - [2026-02-22T11:04:20.229+0000] {dag.py:3096} INFO - Sync 1 DAGs
[2026-02-22T11:04:20.240+0000] {logging_mixin.py:188} INFO - [2026-02-22T11:04:20.240+0000] {dag.py:3954} INFO - Setting next_dagrun for example_complex to None, run_after=None
[2026-02-22T11:04:20.268+0000] {processor.py:183} INFO - Processing /home/airflow/.local/lib/python3.12/site-packages/airflow/example_dags/example_complex.py took 0.074 seconds
[2026-02-22T16:34:29.215+0000] {processor.py:161} INFO - Started process (PID=85) to work on /home/airflow/.local/lib/python3.12/site-packages/airflow/example_dags/example_complex.py
[2026-02-22T16:34:29.258+0000] {processor.py:830} INFO - Processing file /home/airflow/.local/lib/python3.12/site-packages/airflow/example_dags/example_complex.py for tasks to queue
[2026-02-22T16:34:29.267+0000] {logging_mixin.py:188} INFO - [2026-02-22T16:34:29.266+0000] {dagbag.py:545} INFO - Filling up the DagBag from /home/airflow/.local/lib/python3.12/site-packages/airflow/example_dags/example_complex.py
[2026-02-22T16:34:29.324+0000] {processor.py:840} INFO - DAG(s) 'example_complex' retrieved from /home/airflow/.local/lib/python3.12/site-packages/airflow/example_dags/example_complex.py
[2026-02-22T16:34:29.425+0000] {logging_mixin.py:188} INFO - [2026-02-22T16:34:29.425+0000] {dag.py:3096} INFO - Sync 1 DAGs
[2026-02-22T16:34:29.442+0000] {logging_mixin.py:188} INFO - [2026-02-22T16:34:29.441+0000] {dag.py:3954} INFO - Setting next_dagrun for example_complex to None, run_after=None
[2026-02-22T16:34:29.490+0000] {processor.py:183} INFO - Processing /home/airflow/.local/lib/python3.12/site-packages/airflow/example_dags/example_complex.py took 0.281 seconds
[2026-02-22T16:50:47.284+0000] {processor.py:161} INFO - Started process (PID=138) to work on /home/airflow/.local/lib/python3.12/site-packages/airflow/example_dags/example_complex.py
[2026-02-22T16:50:47.286+0000] {processor.py:830} INFO - Processing file /home/airflow/.local/lib/python3.12/site-packages/airflow/example_dags/example_complex.py for tasks to queue
[2026-02-22T16:50:47.288+0000] {logging_mixin.py:188} INFO - [2026-02-22T16:50:47.288+0000] {dagbag.py:545} INFO - Filling up the DagBag from /home/airflow/.local/lib/python3.12/site-packages/airflow/example_dags/example_complex.py
[2026-02-22T16:50:47.295+0000] {processor.py:840} INFO - DAG(s) 'example_complex' retrieved from /home/airflow/.local/lib/python3.12/site-packages/airflow/example_dags/example_complex.py
[2026-02-22T16:50:47.325+0000] {logging_mixin.py:188} INFO - [2026-02-22T16:50:47.324+0000] {dag.py:3096} INFO - Sync 1 DAGs
[2026-02-22T16:50:47.334+0000] {logging_mixin.py:188} INFO - [2026-02-22T16:50:47.334+0000] {dag.py:3954} INFO - Setting next_dagrun for example_complex to None, run_after=None
[2026-02-22T16:50:47.345+0000] {processor.py:183} INFO - Processing /home/airflow/.local/lib/python3.12/site-packages/airflow/example_dags/example_complex.py took 0.067 seconds
[2026-02-22T16:51:17.447+0000] {processor.py:161} INFO - Started process (PID=197) to work on /home/airflow/.local/lib/python3.12/site-packages/airflow/example_dags/example_complex.py
[2026-02-22T16:51:17.448+0000] {processor.py:830} INFO - Processing file /home/airflow/.local/lib/python3.12/site-packages/airflow/example_dags/example_complex.py for tasks to queue
[2026-02-22T16:51:17.453+0000] {logging_mixin.py:188} INFO - [2026-02-22T16:51:17.453+0000] {dagbag.py:545} INFO - Filling up the DagBag from /home/airflow/.local/lib/python3.12/site-packages/airflow/example_dags/example_complex.py
[2026-02-22T16:51:17.460+0000] {processor.py:840} INFO - DAG(s) 'example_complex' retrieved from /home/airflow/.local/lib/python3.12/site-packages/airflow/example_dags/example_complex.py
[2026-02-22T16:51:17.489+0000] {logging_mixin.py:188} INFO - [2026-02-22T16:51:17.489+0000] {dag.py:3096} INFO - Sync 1 DAGs
[2026-02-22T16:51:17.498+0000] {logging_mixin.py:188} INFO - [2026-02-22T16:51:17.498+0000] {dag.py:3954} INFO - Setting next_dagrun for example_complex to None, run_after=None
[2026-02-22T16:51:17.512+0000] {processor.py:183} INFO - Processing /home/airflow/.local/lib/python3.12/site-packages/airflow/example_dags/example_complex.py took 0.069 seconds
[2026-02-22T16:51:47.652+0000] {processor.py:161} INFO - Started process (PID=256) to work on /home/airflow/.local/lib/python3.12/site-packages/airflow/example_dags/example_complex.py
[2026-02-22T16:51:47.653+0000] {processor.py:830} INFO - Processing file /home/airflow/.local/lib/python3.12/site-packages/airflow/example_dags/example_complex.py for tasks to queue
[2026-02-22T16:51:47.655+0000] {logging_mixin.py:188} INFO - [2026-02-22T16:51:47.654+0000] {dagbag.py:545} INFO - Filling up the DagBag from /home/airflow/.local/lib/python3.12/site-packages/airflow/example_dags/example_complex.py
[2026-02-22T16:51:47.661+0000] {processor.py:840} INFO - DAG(s) 'example_complex' retrieved from /home/airflow/.local/lib/python3.12/site-packages/airflow/example_dags/example_complex.py
[2026-02-22T16:51:47.686+0000] {logging_mixin.py:188} INFO - [2026-02-22T16:51:47.686+0000] {dag.py:3096} INFO - Sync 1 DAGs
[2026-02-22T16:51:47.696+0000] {logging_mixin.py:188} INFO - [2026-02-22T16:51:47.695+0000] {dag.py:3954} INFO - Setting next_dagrun for example_complex to None, run_after=None
[2026-02-22T16:51:47.711+0000] {processor.py:183} INFO - Processing /home/airflow/.local/lib/python3.12/site-packages/airflow/example_dags/example_complex.py took 0.062 seconds
[2026-02-22T16:52:18.100+0000] {processor.py:161} INFO - Started process (PID=315) to work on /home/airflow/.local/lib/python3.12/site-packages/airflow/example_dags/example_complex.py
[2026-02-22T16:52:18.102+0000] {processor.py:830} INFO - Processing file /home/airflow/.local/lib/python3.12/site-packages/airflow/example_dags/example_complex.py for tasks to queue
[2026-02-22T16:52:18.103+0000] {logging_mixin.py:188} INFO - [2026-02-22T16:52:18.103+0000] {dagbag.py:545} INFO - Filling up the DagBag from /home/airflow/.local/lib/python3.12/site-packages/airflow/example_dags/example_complex.py
[2026-02-22T16:52:18.110+0000] {processor.py:840} INFO - DAG(s) 'example_complex' retrieved from /home/airflow/.local/lib/python3.12/site-packages/airflow/example_dags/example_complex.py
[2026-02-22T16:52:18.134+0000] {logging_mixin.py:188} INFO - [2026-02-22T16:52:18.134+0000] {dag.py:3096} INFO - Sync 1 DAGs
[2026-02-22T16:52:18.142+0000] {logging_mixin.py:188} INFO - [2026-02-22T16:52:18.142+0000] {dag.py:3954} INFO - Setting next_dagrun for example_complex to None, run_after=None
[2026-02-22T16:52:18.162+0000] {processor.py:183} INFO - Processing /home/airflow/.local/lib/python3.12/site-packages/airflow/example_dags/example_complex.py took 0.066 seconds
[2026-02-22T16:52:48.290+0000] {processor.py:161} INFO - Started process (PID=374) to work on /home/airflow/.local/lib/python3.12/site-packages/airflow/example_dags/example_complex.py
[2026-02-22T16:52:48.291+0000] {processor.py:830} INFO - Processing file /home/airflow/.local/lib/python3.12/site-packages/airflow/example_dags/example_complex.py for tasks to queue
[2026-02-22T16:52:48.292+0000] {logging_mixin.py:188} INFO - [2026-02-22T16:52:48.292+0000] {dagbag.py:545} INFO - Filling up the DagBag from /home/airflow/.local/lib/python3.12/site-packages/airflow/example_dags/example_complex.py
[2026-02-22T16:52:48.297+0000] {processor.py:840} INFO - DAG(s) 'example_complex' retrieved from /home/airflow/.local/lib/python3.12/site-packages/airflow/example_dags/example_complex.py
[2026-02-22T16:52:48.319+0000] {logging_mixin.py:188} INFO - [2026-02-22T16:52:48.319+0000] {dag.py:3096} INFO - Sync 1 DAGs
[2026-02-22T16:52:48.327+0000] {logging_mixin.py:188} INFO - [2026-02-22T16:52:48.327+0000] {dag.py:3954} INFO - Setting next_dagrun for example_complex to None, run_after=None
[2026-02-22T16:52:48.342+0000] {processor.py:183} INFO - Processing /home/airflow/.local/lib/python3.12/site-packages/airflow/example_dags/example_complex.py took 0.056 seconds
[2026-02-22T16:53:18.551+0000] {processor.py:161} INFO - Started process (PID=433) to work on /home/airflow/.local/lib/python3.12/site-packages/airflow/example_dags/example_complex.py
[2026-02-22T16:53:18.552+0000] {processor.py:830} INFO - Processing file /home/airflow/.local/lib/python3.12/site-packages/airflow/example_dags/example_complex.py for tasks to queue
[2026-02-22T16:53:18.555+0000] {logging_mixin.py:188} INFO - [2026-02-22T16:53:18.553+0000] {dagbag.py:545} INFO - Filling up the DagBag from /home/airflow/.local/lib/python3.12/site-packages/airflow/example_dags/example_complex.py
[2026-02-22T16:53:18.561+0000] {processor.py:840} INFO - DAG(s) 'example_complex' retrieved from /home/airflow/.local/lib/python3.12/site-packages/airflow/example_dags/example_complex.py
[2026-02-22T16:53:18.575+0000] {logging_mixin.py:188} INFO - [2026-02-22T16:53:18.575+0000] {dag.py:3096} INFO - Sync 1 DAGs
[2026-02-22T16:53:18.581+0000] {logging_mixin.py:188} INFO - [2026-02-22T16:53:18.581+0000] {dag.py:3954} INFO - Setting next_dagrun for example_complex to None, run_after=None
[2026-02-22T16:53:18.590+0000] {processor.py:183} INFO - Processing /home/airflow/.local/lib/python3.12/site-packages/airflow/example_dags/example_complex.py took 0.043 seconds
[2026-02-22T16:53:49.180+0000] {processor.py:161} INFO - Started process (PID=492) to work on /home/airflow/.local/lib/python3.12/site-packages/airflow/example_dags/example_complex.py
[2026-02-22T16:53:49.181+0000] {processor.py:830} INFO - Processing file /home/airflow/.local/lib/python3.12/site-packages/airflow/example_dags/example_complex.py for tasks to queue
[2026-02-22T16:53:49.183+0000] {logging_mixin.py:188} INFO - [2026-02-22T16:53:49.183+0000] {dagbag.py:545} INFO - Filling up the DagBag from /home/airflow/.local/lib/python3.12/site-packages/airflow/example_dags/example_complex.py
[2026-02-22T16:53:49.190+0000] {processor.py:840} INFO - DAG(s) 'example_complex' retrieved from /home/airflow/.local/lib/python3.12/site-packages/airflow/example_dags/example_complex.py
[2026-02-22T16:53:49.210+0000] {logging_mixin.py:188} INFO - [2026-02-22T16:53:49.210+0000] {dag.py:3096} INFO - Sync 1 DAGs
[2026-02-22T16:53:49.219+0000] {logging_mixin.py:188} INFO - [2026-02-22T16:53:49.219+0000] {dag.py:3954} INFO - Setting next_dagrun for example_complex to None, run_after=None
[2026-02-22T16:53:49.236+0000] {processor.py:183} INFO - Processing /home/airflow/.local/lib/python3.12/site-packages/airflow/example_dags/example_complex.py took 0.059 seconds
[2026-02-22T16:54:19.449+0000] {processor.py:161} INFO - Started process (PID=551) to work on /home/airflow/.local/lib/python3.12/site-packages/airflow/example_dags/example_complex.py
[2026-02-22T16:54:19.451+0000] {processor.py:830} INFO - Processing file /home/airflow/.local/lib/python3.12/site-packages/airflow/example_dags/example_complex.py for tasks to queue
[2026-02-22T16:54:19.453+0000] {logging_mixin.py:188} INFO - [2026-02-22T16:54:19.453+0000] {dagbag.py:545} INFO - Filling up the DagBag from /home/airflow/.local/lib/python3.12/site-packages/airflow/example_dags/example_complex.py
[2026-02-22T16:54:19.464+0000] {processor.py:840} INFO - DAG(s) 'example_complex' retrieved from /home/airflow/.local/lib/python3.12/site-packages/airflow/example_dags/example_complex.py
[2026-02-22T16:54:19.483+0000] {logging_mixin.py:188} INFO - [2026-02-22T16:54:19.482+0000] {dag.py:3096} INFO - Sync 1 DAGs
[2026-02-22T16:54:19.490+0000] {logging_mixin.py:188} INFO - [2026-02-22T16:54:19.490+0000] {dag.py:3954} INFO - Setting next_dagrun for example_complex to None, run_after=None
[2026-02-22T16:54:19.504+0000] {processor.py:183} INFO - Processing /home/airflow/.local/lib/python3.12/site-packages/airflow/example_dags/example_complex.py took 0.061 seconds
[2026-02-22T16:54:49.580+0000] {processor.py:161} INFO - Started process (PID=610) to work on /home/airflow/.local/lib/python3.12/site-packages/airflow/example_dags/example_complex.py
[2026-02-22T16:54:49.580+0000] {processor.py:830} INFO - Processing file /home/airflow/.local/lib/python3.12/site-packages/airflow/example_dags/example_complex.py for tasks to queue
[2026-02-22T16:54:49.582+0000] {logging_mixin.py:188} INFO - [2026-02-22T16:54:49.581+0000] {dagbag.py:545} INFO - Filling up the DagBag from /home/airflow/.local/lib/python3.12/site-packages/airflow/example_dags/example_complex.py
[2026-02-22T16:54:49.587+0000] {processor.py:840} INFO - DAG(s) 'example_complex' retrieved from /home/airflow/.local/lib/python3.12/site-packages/airflow/example_dags/example_complex.py
[2026-02-22T16:54:49.602+0000] {logging_mixin.py:188} INFO - [2026-02-22T16:54:49.602+0000] {dag.py:3096} INFO - Sync 1 DAGs
[2026-02-22T16:54:49.612+0000] {logging_mixin.py:188} INFO - [2026-02-22T16:54:49.612+0000] {dag.py:3954} INFO - Setting next_dagrun for example_complex to None, run_after=None
[2026-02-22T16:54:49.625+0000] {processor.py:183} INFO - Processing /home/airflow/.local/lib/python3.12/site-packages/airflow/example_dags/example_complex.py took 0.049 seconds
[2026-02-22T16:55:19.729+0000] {processor.py:161} INFO - Started process (PID=669) to work on /home/airflow/.local/lib/python3.12/site-packages/airflow/example_dags/example_complex.py
[2026-02-22T16:55:19.731+0000] {processor.py:830} INFO - Processing file /home/airflow/.local/lib/python3.12/site-packages/airflow/example_dags/example_complex.py for tasks to queue
[2026-02-22T16:55:19.732+0000] {logging_mixin.py:188} INFO - [2026-02-22T16:55:19.732+0000] {dagbag.py:545} INFO - Filling up the DagBag from /home/airflow/.local/lib/python3.12/site-packages/airflow/example_dags/example_complex.py
[2026-02-22T16:55:19.738+0000] {processor.py:840} INFO - DAG(s) 'example_complex' retrieved from /home/airflow/.local/lib/python3.12/site-packages/airflow/example_dags/example_complex.py
[2026-02-22T16:55:19.755+0000] {logging_mixin.py:188} INFO - [2026-02-22T16:55:19.755+0000] {dag.py:3096} INFO - Sync 1 DAGs
[2026-02-22T16:55:19.770+0000] {logging_mixin.py:188} INFO - [2026-02-22T16:55:19.769+0000] {dag.py:3954} INFO - Setting next_dagrun for example_complex to None, run_after=None
[2026-02-22T16:55:19.788+0000] {processor.py:183} INFO - Processing /home/airflow/.local/lib/python3.12/site-packages/airflow/example_dags/example_complex.py took 0.062 seconds
[2026-02-22T16:55:49.906+0000] {processor.py:161} INFO - Started process (PID=728) to work on /home/airflow/.local/lib/python3.12/site-packages/airflow/example_dags/example_complex.py
[2026-02-22T16:55:49.907+0000] {processor.py:830} INFO - Processing file /home/airflow/.local/lib/python3.12/site-packages/airflow/example_dags/example_complex.py for tasks to queue
[2026-02-22T16:55:49.908+0000] {logging_mixin.py:188} INFO - [2026-02-22T16:55:49.908+0000] {dagbag.py:545} INFO - Filling up the DagBag from /home/airflow/.local/lib/python3.12/site-packages/airflow/example_dags/example_complex.py
[2026-02-22T16:55:49.914+0000] {processor.py:840} INFO - DAG(s) 'example_complex' retrieved from /home/airflow/.local/lib/python3.12/site-packages/airflow/example_dags/example_complex.py
[2026-02-22T16:55:49.931+0000] {logging_mixin.py:188} INFO - [2026-02-22T16:55:49.931+0000] {dag.py:3096} INFO - Sync 1 DAGs
[2026-02-22T16:55:49.938+0000] {logging_mixin.py:188} INFO - [2026-02-22T16:55:49.938+0000] {dag.py:3954} INFO - Setting next_dagrun for example_complex to None, run_after=None
[2026-02-22T16:55:49.952+0000] {processor.py:183} INFO - Processing /home/airflow/.local/lib/python3.12/site-packages/airflow/example_dags/example_complex.py took 0.050 seconds
[2026-02-22T16:56:20.125+0000] {processor.py:161} INFO - Started process (PID=787) to work on /home/airflow/.local/lib/python3.12/site-packages/airflow/example_dags/example_complex.py
[2026-02-22T16:56:20.127+0000] {processor.py:830} INFO - Processing file /home/airflow/.local/lib/python3.12/site-packages/airflow/example_dags/example_complex.py for tasks to queue
[2026-02-22T16:56:20.130+0000] {logging_mixin.py:188} INFO - [2026-02-22T16:56:20.130+0000] {dagbag.py:545} INFO - Filling up the DagBag from /home/airflow/.local/lib/python3.12/site-packages/airflow/example_dags/example_complex.py
[2026-02-22T16:56:20.139+0000] {processor.py:840} INFO - DAG(s) 'example_complex' retrieved from /home/airflow/.local/lib/python3.12/site-packages/airflow/example_dags/example_complex.py
[2026-02-22T16:56:20.164+0000] {logging_mixin.py:188} INFO - [2026-02-22T16:56:20.164+0000] {dag.py:3096} INFO - Sync 1 DAGs
[2026-02-22T16:56:20.175+0000] {logging_mixin.py:188} INFO - [2026-02-22T16:56:20.175+0000] {dag.py:3954} INFO - Setting next_dagrun for example_complex to None, run_after=None
[2026-02-22T16:56:20.196+0000] {processor.py:183} INFO - Processing /home/airflow/.local/lib/python3.12/site-packages/airflow/example_dags/example_complex.py took 0.076 seconds
[2026-02-22T16:56:50.366+0000] {processor.py:161} INFO - Started process (PID=846) to work on /home/airflow/.local/lib/python3.12/site-packages/airflow/example_dags/example_complex.py
[2026-02-22T16:56:50.366+0000] {processor.py:830} INFO - Processing file /home/airflow/.local/lib/python3.12/site-packages/airflow/example_dags/example_complex.py for tasks to queue
[2026-02-22T16:56:50.368+0000] {logging_mixin.py:188} INFO - [2026-02-22T16:56:50.367+0000] {dagbag.py:545} INFO - Filling up the DagBag from /home/airflow/.local/lib/python3.12/site-packages/airflow/example_dags/example_complex.py
[2026-02-22T16:56:50.373+0000] {processor.py:840} INFO - DAG(s) 'example_complex' retrieved from /home/airflow/.local/lib/python3.12/site-packages/airflow/example_dags/example_complex.py
[2026-02-22T16:56:50.393+0000] {logging_mixin.py:188} INFO - [2026-02-22T16:56:50.393+0000] {dag.py:3096} INFO - Sync 1 DAGs
[2026-02-22T16:56:50.401+0000] {logging_mixin.py:188} INFO - [2026-02-22T16:56:50.401+0000] {dag.py:3954} INFO - Setting next_dagrun for example_complex to None, run_after=None
[2026-02-22T16:56:50.416+0000] {processor.py:183} INFO - Processing /home/airflow/.local/lib/python3.12/site-packages/airflow/example_dags/example_complex.py took 0.055 seconds
[2026-02-22T16:57:20.478+0000] {processor.py:161} INFO - Started process (PID=905) to work on /home/airflow/.local/lib/python3.12/site-packages/airflow/example_dags/example_complex.py
[2026-02-22T16:57:20.479+0000] {processor.py:830} INFO - Processing file /home/airflow/.local/lib/python3.12/site-packages/airflow/example_dags/example_complex.py for tasks to queue
[2026-02-22T16:57:20.480+0000] {logging_mixin.py:188} INFO - [2026-02-22T16:57:20.480+0000] {dagbag.py:545} INFO - Filling up the DagBag from /home/airflow/.local/lib/python3.12/site-packages/airflow/example_dags/example_complex.py
[2026-02-22T16:57:20.486+0000] {processor.py:840} INFO - DAG(s) 'example_complex' retrieved from /home/airflow/.local/lib/python3.12/site-packages/airflow/example_dags/example_complex.py
[2026-02-22T16:57:20.503+0000] {logging_mixin.py:188} INFO - [2026-02-22T16:57:20.503+0000] {dag.py:3096} INFO - Sync 1 DAGs
[2026-02-22T16:57:20.510+0000] {logging_mixin.py:188} INFO - [2026-02-22T16:57:20.509+0000] {dag.py:3954} INFO - Setting next_dagrun for example_complex to None, run_after=None
[2026-02-22T16:57:20.525+0000] {processor.py:183} INFO - Processing /home/airflow/.local/lib/python3.12/site-packages/airflow/example_dags/example_complex.py took 0.051 seconds
[2026-02-22T16:57:50.789+0000] {processor.py:161} INFO - Started process (PID=964) to work on /home/airflow/.local/lib/python3.12/site-packages/airflow/example_dags/example_complex.py
[2026-02-22T16:57:50.792+0000] {processor.py:830} INFO - Processing file /home/airflow/.local/lib/python3.12/site-packages/airflow/example_dags/example_complex.py for tasks to queue
[2026-02-22T16:57:50.793+0000] {logging_mixin.py:188} INFO - [2026-02-22T16:57:50.793+0000] {dagbag.py:545} INFO - Filling up the DagBag from /home/airflow/.local/lib/python3.12/site-packages/airflow/example_dags/example_complex.py
[2026-02-22T16:57:50.798+0000] {processor.py:840} INFO - DAG(s) 'example_complex' retrieved from /home/airflow/.local/lib/python3.12/site-packages/airflow/example_dags/example_complex.py
[2026-02-22T16:57:50.822+0000] {logging_mixin.py:188} INFO - [2026-02-22T16:57:50.821+0000] {dag.py:3096} INFO - Sync 1 DAGs
[2026-02-22T16:57:50.832+0000] {logging_mixin.py:188} INFO - [2026-02-22T16:57:50.832+0000] {dag.py:3954} INFO - Setting next_dagrun for example_complex to None, run_after=None
[2026-02-22T16:57:50.851+0000] {processor.py:183} INFO - Processing /home/airflow/.local/lib/python3.12/site-packages/airflow/example_dags/example_complex.py took 0.064 seconds
[2026-02-22T16:58:21.335+0000] {processor.py:161} INFO - Started process (PID=1023) to work on /home/airflow/.local/lib/python3.12/site-packages/airflow/example_dags/example_complex.py
[2026-02-22T16:58:21.336+0000] {processor.py:830} INFO - Processing file /home/airflow/.local/lib/python3.12/site-packages/airflow/example_dags/example_complex.py for tasks to queue
[2026-02-22T16:58:21.337+0000] {logging_mixin.py:188} INFO - [2026-02-22T16:58:21.337+0000] {dagbag.py:545} INFO - Filling up the DagBag from /home/airflow/.local/lib/python3.12/site-packages/airflow/example_dags/example_complex.py
[2026-02-22T16:58:21.342+0000] {processor.py:840} INFO - DAG(s) 'example_complex' retrieved from /home/airflow/.local/lib/python3.12/site-packages/airflow/example_dags/example_complex.py
[2026-02-22T16:58:21.366+0000] {logging_mixin.py:188} INFO - [2026-02-22T16:58:21.366+0000] {dag.py:3096} INFO - Sync 1 DAGs
[2026-02-22T16:58:21.383+0000] {logging_mixin.py:188} INFO - [2026-02-22T16:58:21.382+0000] {dag.py:3954} INFO - Setting next_dagrun for example_complex to None, run_after=None
[2026-02-22T16:58:21.403+0000] {processor.py:183} INFO - Processing /home/airflow/.local/lib/python3.12/site-packages/airflow/example_dags/example_complex.py took 0.071 seconds
[2026-02-22T16:58:51.628+0000] {processor.py:161} INFO - Started process (PID=1082) to work on /home/airflow/.local/lib/python3.12/site-packages/airflow/example_dags/example_complex.py
[2026-02-22T16:58:51.628+0000] {processor.py:830} INFO - Processing file /home/airflow/.local/lib/python3.12/site-packages/airflow/example_dags/example_complex.py for tasks to queue
[2026-02-22T16:58:51.629+0000] {logging_mixin.py:188} INFO - [2026-02-22T16:58:51.629+0000] {dagbag.py:545} INFO - Filling up the DagBag from /home/airflow/.local/lib/python3.12/site-packages/airflow/example_dags/example_complex.py
[2026-02-22T16:58:51.634+0000] {processor.py:840} INFO - DAG(s) 'example_complex' retrieved from /home/airflow/.local/lib/python3.12/site-packages/airflow/example_dags/example_complex.py
[2026-02-22T16:58:51.647+0000] {logging_mixin.py:188} INFO - [2026-02-22T16:58:51.647+0000] {dag.py:3096} INFO - Sync 1 DAGs
[2026-02-22T16:58:51.652+0000] {logging_mixin.py:188} INFO - [2026-02-22T16:58:51.652+0000] {dag.py:3954} INFO - Setting next_dagrun for example_complex to None, run_after=None
[2026-02-22T16:58:51.660+0000] {processor.py:183} INFO - Processing /home/airflow/.local/lib/python3.12/site-packages/airflow/example_dags/example_complex.py took 0.035 seconds
[2026-02-22T16:59:22.033+0000] {processor.py:161} INFO - Started process (PID=1141) to work on /home/airflow/.local/lib/python3.12/site-packages/airflow/example_dags/example_complex.py
[2026-02-22T16:59:22.034+0000] {processor.py:830} INFO - Processing file /home/airflow/.local/lib/python3.12/site-packages/airflow/example_dags/example_complex.py for tasks to queue
[2026-02-22T16:59:22.035+0000] {logging_mixin.py:188} INFO - [2026-02-22T16:59:22.035+0000] {dagbag.py:545} INFO - Filling up the DagBag from /home/airflow/.local/lib/python3.12/site-packages/airflow/example_dags/example_complex.py
[2026-02-22T16:59:22.040+0000] {processor.py:840} INFO - DAG(s) 'example_complex' retrieved from /home/airflow/.local/lib/python3.12/site-packages/airflow/example_dags/example_complex.py
[2026-02-22T16:59:22.063+0000] {logging_mixin.py:188} INFO - [2026-02-22T16:59:22.063+0000] {dag.py:3096} INFO - Sync 1 DAGs
[2026-02-22T16:59:22.070+0000] {logging_mixin.py:188} INFO - [2026-02-22T16:59:22.070+0000] {dag.py:3954} INFO - Setting next_dagrun for example_complex to None, run_after=None
[2026-02-22T16:59:22.079+0000] {processor.py:183} INFO - Processing /home/airflow/.local/lib/python3.12/site-packages/airflow/example_dags/example_complex.py took 0.049 seconds
[2026-02-22T16:59:52.237+0000] {processor.py:161} INFO - Started process (PID=1200) to work on /home/airflow/.local/lib/python3.12/site-packages/airflow/example_dags/example_complex.py
[2026-02-22T16:59:52.240+0000] {processor.py:830} INFO - Processing file /home/airflow/.local/lib/python3.12/site-packages/airflow/example_dags/example_complex.py for tasks to queue
[2026-02-22T16:59:52.243+0000] {logging_mixin.py:188} INFO - [2026-02-22T16:59:52.243+0000] {dagbag.py:545} INFO - Filling up the DagBag from /home/airflow/.local/lib/python3.12/site-packages/airflow/example_dags/example_complex.py
[2026-02-22T16:59:52.249+0000] {processor.py:840} INFO - DAG(s) 'example_complex' retrieved from /home/airflow/.local/lib/python3.12/site-packages/airflow/example_dags/example_complex.py
[2026-02-22T16:59:52.264+0000] {logging_mixin.py:188} INFO - [2026-02-22T16:59:52.264+0000] {dag.py:3096} INFO - Sync 1 DAGs
[2026-02-22T16:59:52.270+0000] {logging_mixin.py:188} INFO - [2026-02-22T16:59:52.270+0000] {dag.py:3954} INFO - Setting next_dagrun for example_complex to None, run_after=None
[2026-02-22T16:59:52.285+0000] {processor.py:183} INFO - Processing /home/airflow/.local/lib/python3.12/site-packages/airflow/example_dags/example_complex.py took 0.052 seconds
[2026-02-22T17:00:22.505+0000] {processor.py:161} INFO - Started process (PID=1259) to work on /home/airflow/.local/lib/python3.12/site-packages/airflow/example_dags/example_complex.py
[2026-02-22T17:00:22.507+0000] {processor.py:830} INFO - Processing file /home/airflow/.local/lib/python3.12/site-packages/airflow/example_dags/example_complex.py for tasks to queue
[2026-02-22T17:00:22.508+0000] {logging_mixin.py:188} INFO - [2026-02-22T17:00:22.508+0000] {dagbag.py:545} INFO - Filling up the DagBag from /home/airflow/.local/lib/python3.12/site-packages/airflow/example_dags/example_complex.py
[2026-02-22T17:00:22.515+0000] {processor.py:840} INFO - DAG(s) 'example_complex' retrieved from /home/airflow/.local/lib/python3.12/site-packages/airflow/example_dags/example_complex.py
[2026-02-22T17:00:22.535+0000] {logging_mixin.py:188} INFO - [2026-02-22T17:00:22.535+0000] {dag.py:3096} INFO - Sync 1 DAGs
[2026-02-22T17:00:22.543+0000] {logging_mixin.py:188} INFO - [2026-02-22T17:00:22.542+0000] {dag.py:3954} INFO - Setting next_dagrun for example_complex to None, run_after=None
[2026-02-22T17:00:22.558+0000] {processor.py:183} INFO - Processing /home/airflow/.local/lib/python3.12/site-packages/airflow/example_dags/example_complex.py took 0.056 seconds
[2026-02-22T17:00:53.612+0000] {processor.py:161} INFO - Started process (PID=1318) to work on /home/airflow/.local/lib/python3.12/site-packages/airflow/example_dags/example_complex.py
[2026-02-22T17:00:53.614+0000] {processor.py:830} INFO - Processing file /home/airflow/.local/lib/python3.12/site-packages/airflow/example_dags/example_complex.py for tasks to queue
[2026-02-22T17:00:53.615+0000] {logging_mixin.py:188} INFO - [2026-02-22T17:00:53.615+0000] {dagbag.py:545} INFO - Filling up the DagBag from /home/airflow/.local/lib/python3.12/site-packages/airflow/example_dags/example_complex.py
[2026-02-22T17:00:53.621+0000] {processor.py:840} INFO - DAG(s) 'example_complex' retrieved from /home/airflow/.local/lib/python3.12/site-packages/airflow/example_dags/example_complex.py
[2026-02-22T17:00:53.643+0000] {logging_mixin.py:188} INFO - [2026-02-22T17:00:53.643+0000] {dag.py:3096} INFO - Sync 1 DAGs
[2026-02-22T17:00:53.653+0000] {logging_mixin.py:188} INFO - [2026-02-22T17:00:53.652+0000] {dag.py:3954} INFO - Setting next_dagrun for example_complex to None, run_after=None
[2026-02-22T17:00:53.669+0000] {processor.py:183} INFO - Processing /home/airflow/.local/lib/python3.12/site-packages/airflow/example_dags/example_complex.py took 0.062 seconds
[2026-02-22T17:01:23.735+0000] {processor.py:161} INFO - Started process (PID=1377) to work on /home/airflow/.local/lib/python3.12/site-packages/airflow/example_dags/example_complex.py
[2026-02-22T17:01:23.735+0000] {processor.py:830} INFO - Processing file /home/airflow/.local/lib/python3.12/site-packages/airflow/example_dags/example_complex.py for tasks to queue
[2026-02-22T17:01:23.738+0000] {logging_mixin.py:188} INFO - [2026-02-22T17:01:23.737+0000] {dagbag.py:545} INFO - Filling up the DagBag from /home/airflow/.local/lib/python3.12/site-packages/airflow/example_dags/example_complex.py
[2026-02-22T17:01:23.746+0000] {processor.py:840} INFO - DAG(s) 'example_complex' retrieved from /home/airflow/.local/lib/python3.12/site-packages/airflow/example_dags/example_complex.py
[2026-02-22T17:01:23.765+0000] {logging_mixin.py:188} INFO - [2026-02-22T17:01:23.764+0000] {dag.py:3096} INFO - Sync 1 DAGs
[2026-02-22T17:01:23.772+0000] {logging_mixin.py:188} INFO - [2026-02-22T17:01:23.771+0000] {dag.py:3954} INFO - Setting next_dagrun for example_complex to None, run_after=None
[2026-02-22T17:01:23.791+0000] {processor.py:183} INFO - Processing /home/airflow/.local/lib/python3.12/site-packages/airflow/example_dags/example_complex.py took 0.059 seconds
[2026-02-22T17:01:54.133+0000] {processor.py:161} INFO - Started process (PID=1436) to work on /home/airflow/.local/lib/python3.12/site-packages/airflow/example_dags/example_complex.py
[2026-02-22T17:01:54.134+0000] {processor.py:830} INFO - Processing file /home/airflow/.local/lib/python3.12/site-packages/airflow/example_dags/example_complex.py for tasks to queue
[2026-02-22T17:01:54.135+0000] {logging_mixin.py:188} INFO - [2026-02-22T17:01:54.135+0000] {dagbag.py:545} INFO - Filling up the DagBag from /home/airflow/.local/lib/python3.12/site-packages/airflow/example_dags/example_complex.py
[2026-02-22T17:01:54.142+0000] {processor.py:840} INFO - DAG(s) 'example_complex' retrieved from /home/airflow/.local/lib/python3.12/site-packages/airflow/example_dags/example_complex.py
[2026-02-22T17:01:54.165+0000] {logging_mixin.py:188} INFO - [2026-02-22T17:01:54.164+0000] {dag.py:3096} INFO - Sync 1 DAGs
[2026-02-22T17:01:54.171+0000] {logging_mixin.py:188} INFO - [2026-02-22T17:01:54.171+0000] {dag.py:3954} INFO - Setting next_dagrun for example_complex to None, run_after=None
[2026-02-22T17:01:54.182+0000] {processor.py:183} INFO - Processing /home/airflow/.local/lib/python3.12/site-packages/airflow/example_dags/example_complex.py took 0.053 seconds
[2026-02-22T17:02:24.429+0000] {processor.py:161} INFO - Started process (PID=1495) to work on /home/airflow/.local/lib/python3.12/site-packages/airflow/example_dags/example_complex.py
[2026-02-22T17:02:24.431+0000] {processor.py:830} INFO - Processing file /home/airflow/.local/lib/python3.12/site-packages/airflow/example_dags/example_complex.py for tasks to queue
[2026-02-22T17:02:24.432+0000] {logging_mixin.py:188} INFO - [2026-02-22T17:02:24.432+0000] {dagbag.py:545} INFO - Filling up the DagBag from /home/airflow/.local/lib/python3.12/site-packages/airflow/example_dags/example_complex.py
[2026-02-22T17:02:24.438+0000] {processor.py:840} INFO - DAG(s) 'example_complex' retrieved from /home/airflow/.local/lib/python3.12/site-packages/airflow/example_dags/example_complex.py
[2026-02-22T17:02:24.456+0000] {logging_mixin.py:188} INFO - [2026-02-22T17:02:24.456+0000] {dag.py:3096} INFO - Sync 1 DAGs
[2026-02-22T17:02:24.463+0000] {logging_mixin.py:188} INFO - [2026-02-22T17:02:24.463+0000] {dag.py:3954} INFO - Setting next_dagrun for example_complex to None, run_after=None
[2026-02-22T17:02:24.483+0000] {processor.py:183} INFO - Processing /home/airflow/.local/lib/python3.12/site-packages/airflow/example_dags/example_complex.py took 0.057 seconds
[2026-02-22T17:02:54.680+0000] {processor.py:161} INFO - Started process (PID=1554) to work on /home/airflow/.local/lib/python3.12/site-packages/airflow/example_dags/example_complex.py
[2026-02-22T17:02:54.682+0000] {processor.py:830} INFO - Processing file /home/airflow/.local/lib/python3.12/site-packages/airflow/example_dags/example_complex.py for tasks to queue
[2026-02-22T17:02:54.683+0000] {logging_mixin.py:188} INFO - [2026-02-22T17:02:54.683+0000] {dagbag.py:545} INFO - Filling up the DagBag from /home/airflow/.local/lib/python3.12/site-packages/airflow/example_dags/example_complex.py
[2026-02-22T17:02:54.691+0000] {processor.py:840} INFO - DAG(s) 'example_complex' retrieved from /home/airflow/.local/lib/python3.12/site-packages/airflow/example_dags/example_complex.py
[2026-02-22T17:02:54.708+0000] {logging_mixin.py:188} INFO - [2026-02-22T17:02:54.708+0000] {dag.py:3096} INFO - Sync 1 DAGs
[2026-02-22T17:02:54.718+0000] {logging_mixin.py:188} INFO - [2026-02-22T17:02:54.718+0000] {dag.py:3954} INFO - Setting next_dagrun for example_complex to None, run_after=None
[2026-02-22T17:02:54.728+0000] {processor.py:183} INFO - Processing /home/airflow/.local/lib/python3.12/site-packages/airflow/example_dags/example_complex.py took 0.052 seconds
[2026-02-22T17:03:25.352+0000] {processor.py:161} INFO - Started process (PID=1613) to work on /home/airflow/.local/lib/python3.12/site-packages/airflow/example_dags/example_complex.py
[2026-02-22T17:03:25.354+0000] {processor.py:830} INFO - Processing file /home/airflow/.local/lib/python3.12/site-packages/airflow/example_dags/example_complex.py for tasks to queue
[2026-02-22T17:03:25.355+0000] {logging_mixin.py:188} INFO - [2026-02-22T17:03:25.355+0000] {dagbag.py:545} INFO - Filling up the DagBag from /home/airflow/.local/lib/python3.12/site-packages/airflow/example_dags/example_complex.py
[2026-02-22T17:03:25.363+0000] {processor.py:840} INFO - DAG(s) 'example_complex' retrieved from /home/airflow/.local/lib/python3.12/site-packages/airflow/example_dags/example_complex.py
[2026-02-22T17:03:25.390+0000] {logging_mixin.py:188} INFO - [2026-02-22T17:03:25.389+0000] {dag.py:3096} INFO - Sync 1 DAGs
[2026-02-22T17:03:25.403+0000] {logging_mixin.py:188} INFO - [2026-02-22T17:03:25.403+0000] {dag.py:3954} INFO - Setting next_dagrun for example_complex to None, run_after=None
[2026-02-22T17:03:25.423+0000] {processor.py:183} INFO - Processing /home/airflow/.local/lib/python3.12/site-packages/airflow/example_dags/example_complex.py took 0.076 seconds
[2026-02-22T17:03:56.485+0000] {processor.py:161} INFO - Started process (PID=1672) to work on /home/airflow/.local/lib/python3.12/site-packages/airflow/example_dags/example_complex.py
[2026-02-22T17:03:56.486+0000] {processor.py:830} INFO - Processing file /home/airflow/.local/lib/python3.12/site-packages/airflow/example_dags/example_complex.py for tasks to queue
[2026-02-22T17:03:56.489+0000] {logging_mixin.py:188} INFO - [2026-02-22T17:03:56.489+0000] {dagbag.py:545} INFO - Filling up the DagBag from /home/airflow/.local/lib/python3.12/site-packages/airflow/example_dags/example_complex.py
[2026-02-22T17:03:56.494+0000] {processor.py:840} INFO - DAG(s) 'example_complex' retrieved from /home/airflow/.local/lib/python3.12/site-packages/airflow/example_dags/example_complex.py
[2026-02-22T17:03:56.515+0000] {logging_mixin.py:188} INFO - [2026-02-22T17:03:56.515+0000] {dag.py:3096} INFO - Sync 1 DAGs
[2026-02-22T17:03:56.523+0000] {logging_mixin.py:188} INFO - [2026-02-22T17:03:56.523+0000] {dag.py:3954} INFO - Setting next_dagrun for example_complex to None, run_after=None
[2026-02-22T17:03:56.538+0000] {processor.py:183} INFO - Processing /home/airflow/.local/lib/python3.12/site-packages/airflow/example_dags/example_complex.py took 0.058 seconds
[2026-02-22T17:04:27.472+0000] {processor.py:161} INFO - Started process (PID=1731) to work on /home/airflow/.local/lib/python3.12/site-packages/airflow/example_dags/example_complex.py
[2026-02-22T17:04:27.474+0000] {processor.py:830} INFO - Processing file /home/airflow/.local/lib/python3.12/site-packages/airflow/example_dags/example_complex.py for tasks to queue
[2026-02-22T17:04:27.476+0000] {logging_mixin.py:188} INFO - [2026-02-22T17:04:27.476+0000] {dagbag.py:545} INFO - Filling up the DagBag from /home/airflow/.local/lib/python3.12/site-packages/airflow/example_dags/example_complex.py
[2026-02-22T17:04:27.483+0000] {processor.py:840} INFO - DAG(s) 'example_complex' retrieved from /home/airflow/.local/lib/python3.12/site-packages/airflow/example_dags/example_complex.py
[2026-02-22T17:04:27.508+0000] {logging_mixin.py:188} INFO - [2026-02-22T17:04:27.508+0000] {dag.py:3096} INFO - Sync 1 DAGs
[2026-02-22T17:04:27.520+0000] {logging_mixin.py:188} INFO - [2026-02-22T17:04:27.520+0000] {dag.py:3954} INFO - Setting next_dagrun for example_complex to None, run_after=None
[2026-02-22T17:04:27.539+0000] {processor.py:183} INFO - Processing /home/airflow/.local/lib/python3.12/site-packages/airflow/example_dags/example_complex.py took 0.070 seconds
[2026-02-22T17:04:58.048+0000] {processor.py:161} INFO - Started process (PID=1790) to work on /home/airflow/.local/lib/python3.12/site-packages/airflow/example_dags/example_complex.py
[2026-02-22T17:04:58.049+0000] {processor.py:830} INFO - Processing file /home/airflow/.local/lib/python3.12/site-packages/airflow/example_dags/example_complex.py for tasks to queue
[2026-02-22T17:04:58.050+0000] {logging_mixin.py:188} INFO - [2026-02-22T17:04:58.050+0000] {dagbag.py:545} INFO - Filling up the DagBag from /home/airflow/.local/lib/python3.12/site-packages/airflow/example_dags/example_complex.py
[2026-02-22T17:04:58.056+0000] {processor.py:840} INFO - DAG(s) 'example_complex' retrieved from /home/airflow/.local/lib/python3.12/site-packages/airflow/example_dags/example_complex.py
[2026-02-22T17:04:58.074+0000] {logging_mixin.py:188} INFO - [2026-02-22T17:04:58.073+0000] {dag.py:3096} INFO - Sync 1 DAGs
[2026-02-22T17:04:58.084+0000] {logging_mixin.py:188} INFO - [2026-02-22T17:04:58.084+0000] {dag.py:3954} INFO - Setting next_dagrun for example_complex to None, run_after=None
[2026-02-22T17:04:58.102+0000] {processor.py:183} INFO - Processing /home/airflow/.local/lib/python3.12/site-packages/airflow/example_dags/example_complex.py took 0.057 seconds
[2026-02-22T17:05:28.651+0000] {processor.py:161} INFO - Started process (PID=1849) to work on /home/airflow/.local/lib/python3.12/site-packages/airflow/example_dags/example_complex.py
[2026-02-22T17:05:28.653+0000] {processor.py:830} INFO - Processing file /home/airflow/.local/lib/python3.12/site-packages/airflow/example_dags/example_complex.py for tasks to queue
[2026-02-22T17:05:28.655+0000] {logging_mixin.py:188} INFO - [2026-02-22T17:05:28.655+0000] {dagbag.py:545} INFO - Filling up the DagBag from /home/airflow/.local/lib/python3.12/site-packages/airflow/example_dags/example_complex.py
[2026-02-22T17:05:28.664+0000] {processor.py:840} INFO - DAG(s) 'example_complex' retrieved from /home/airflow/.local/lib/python3.12/site-packages/airflow/example_dags/example_complex.py
[2026-02-22T17:05:28.683+0000] {logging_mixin.py:188} INFO - [2026-02-22T17:05:28.683+0000] {dag.py:3096} INFO - Sync 1 DAGs
[2026-02-22T17:05:28.692+0000] {logging_mixin.py:188} INFO - [2026-02-22T17:05:28.692+0000] {dag.py:3954} INFO - Setting next_dagrun for example_complex to None, run_after=None
[2026-02-22T17:05:28.703+0000] {processor.py:183} INFO - Processing /home/airflow/.local/lib/python3.12/site-packages/airflow/example_dags/example_complex.py took 0.057 seconds
[2026-02-22T17:06:01.303+0000] {processor.py:161} INFO - Started process (PID=1908) to work on /home/airflow/.local/lib/python3.12/site-packages/airflow/example_dags/example_complex.py
[2026-02-22T17:06:01.305+0000] {processor.py:830} INFO - Processing file /home/airflow/.local/lib/python3.12/site-packages/airflow/example_dags/example_complex.py for tasks to queue
[2026-02-22T17:06:01.307+0000] {logging_mixin.py:188} INFO - [2026-02-22T17:06:01.307+0000] {dagbag.py:545} INFO - Filling up the DagBag from /home/airflow/.local/lib/python3.12/site-packages/airflow/example_dags/example_complex.py
[2026-02-22T17:06:01.321+0000] {processor.py:840} INFO - DAG(s) 'example_complex' retrieved from /home/airflow/.local/lib/python3.12/site-packages/airflow/example_dags/example_complex.py
[2026-02-22T17:06:01.373+0000] {logging_mixin.py:188} INFO - [2026-02-22T17:06:01.373+0000] {dag.py:3096} INFO - Sync 1 DAGs
[2026-02-22T17:06:01.408+0000] {logging_mixin.py:188} INFO - [2026-02-22T17:06:01.407+0000] {dag.py:3954} INFO - Setting next_dagrun for example_complex to None, run_after=None
[2026-02-22T17:06:01.467+0000] {processor.py:183} INFO - Processing /home/airflow/.local/lib/python3.12/site-packages/airflow/example_dags/example_complex.py took 0.173 seconds
[2026-02-22T17:06:32.592+0000] {processor.py:161} INFO - Started process (PID=1967) to work on /home/airflow/.local/lib/python3.12/site-packages/airflow/example_dags/example_complex.py
[2026-02-22T17:06:32.594+0000] {processor.py:830} INFO - Processing file /home/airflow/.local/lib/python3.12/site-packages/airflow/example_dags/example_complex.py for tasks to queue
[2026-02-22T17:06:32.597+0000] {logging_mixin.py:188} INFO - [2026-02-22T17:06:32.597+0000] {dagbag.py:545} INFO - Filling up the DagBag from /home/airflow/.local/lib/python3.12/site-packages/airflow/example_dags/example_complex.py
[2026-02-22T17:06:32.613+0000] {processor.py:840} INFO - DAG(s) 'example_complex' retrieved from /home/airflow/.local/lib/python3.12/site-packages/airflow/example_dags/example_complex.py
[2026-02-22T17:06:32.693+0000] {logging_mixin.py:188} INFO - [2026-02-22T17:06:32.692+0000] {dag.py:3096} INFO - Sync 1 DAGs
[2026-02-22T17:06:32.957+0000] {logging_mixin.py:188} INFO - [2026-02-22T17:06:32.957+0000] {dag.py:3954} INFO - Setting next_dagrun for example_complex to None, run_after=None
[2026-02-22T17:06:32.995+0000] {processor.py:183} INFO - Processing /home/airflow/.local/lib/python3.12/site-packages/airflow/example_dags/example_complex.py took 0.412 seconds
[2026-02-22T17:07:03.755+0000] {processor.py:161} INFO - Started process (PID=2032) to work on /home/airflow/.local/lib/python3.12/site-packages/airflow/example_dags/example_complex.py
[2026-02-22T17:07:03.757+0000] {processor.py:830} INFO - Processing file /home/airflow/.local/lib/python3.12/site-packages/airflow/example_dags/example_complex.py for tasks to queue
[2026-02-22T17:07:03.760+0000] {logging_mixin.py:188} INFO - [2026-02-22T17:07:03.760+0000] {dagbag.py:545} INFO - Filling up the DagBag from /home/airflow/.local/lib/python3.12/site-packages/airflow/example_dags/example_complex.py
[2026-02-22T17:07:03.776+0000] {processor.py:840} INFO - DAG(s) 'example_complex' retrieved from /home/airflow/.local/lib/python3.12/site-packages/airflow/example_dags/example_complex.py
[2026-02-22T17:07:03.819+0000] {logging_mixin.py:188} INFO - [2026-02-22T17:07:03.818+0000] {dag.py:3096} INFO - Sync 1 DAGs
[2026-02-22T17:07:04.051+0000] {logging_mixin.py:188} INFO - [2026-02-22T17:07:04.050+0000] {dag.py:3954} INFO - Setting next_dagrun for example_complex to None, run_after=None
[2026-02-22T17:07:04.069+0000] {processor.py:183} INFO - Processing /home/airflow/.local/lib/python3.12/site-packages/airflow/example_dags/example_complex.py took 0.324 seconds
[2026-02-22T17:07:34.258+0000] {processor.py:161} INFO - Started process (PID=2091) to work on /home/airflow/.local/lib/python3.12/site-packages/airflow/example_dags/example_complex.py
[2026-02-22T17:07:34.260+0000] {processor.py:830} INFO - Processing file /home/airflow/.local/lib/python3.12/site-packages/airflow/example_dags/example_complex.py for tasks to queue
[2026-02-22T17:07:34.264+0000] {logging_mixin.py:188} INFO - [2026-02-22T17:07:34.263+0000] {dagbag.py:545} INFO - Filling up the DagBag from /home/airflow/.local/lib/python3.12/site-packages/airflow/example_dags/example_complex.py
[2026-02-22T17:07:34.282+0000] {processor.py:840} INFO - DAG(s) 'example_complex' retrieved from /home/airflow/.local/lib/python3.12/site-packages/airflow/example_dags/example_complex.py
[2026-02-22T17:07:34.319+0000] {logging_mixin.py:188} INFO - [2026-02-22T17:07:34.319+0000] {dag.py:3096} INFO - Sync 1 DAGs
[2026-02-22T17:07:34.334+0000] {logging_mixin.py:188} INFO - [2026-02-22T17:07:34.334+0000] {dag.py:3954} INFO - Setting next_dagrun for example_complex to None, run_after=None
[2026-02-22T17:07:34.363+0000] {processor.py:183} INFO - Processing /home/airflow/.local/lib/python3.12/site-packages/airflow/example_dags/example_complex.py took 0.115 seconds
[2026-02-22T17:08:05.031+0000] {processor.py:161} INFO - Started process (PID=2150) to work on /home/airflow/.local/lib/python3.12/site-packages/airflow/example_dags/example_complex.py
[2026-02-22T17:08:05.032+0000] {processor.py:830} INFO - Processing file /home/airflow/.local/lib/python3.12/site-packages/airflow/example_dags/example_complex.py for tasks to queue
[2026-02-22T17:08:05.034+0000] {logging_mixin.py:188} INFO - [2026-02-22T17:08:05.033+0000] {dagbag.py:545} INFO - Filling up the DagBag from /home/airflow/.local/lib/python3.12/site-packages/airflow/example_dags/example_complex.py
[2026-02-22T17:08:05.040+0000] {processor.py:840} INFO - DAG(s) 'example_complex' retrieved from /home/airflow/.local/lib/python3.12/site-packages/airflow/example_dags/example_complex.py
[2026-02-22T17:08:05.066+0000] {logging_mixin.py:188} INFO - [2026-02-22T17:08:05.066+0000] {dag.py:3096} INFO - Sync 1 DAGs
[2026-02-22T17:08:05.076+0000] {logging_mixin.py:188} INFO - [2026-02-22T17:08:05.075+0000] {dag.py:3954} INFO - Setting next_dagrun for example_complex to None, run_after=None
[2026-02-22T17:08:05.097+0000] {processor.py:183} INFO - Processing /home/airflow/.local/lib/python3.12/site-packages/airflow/example_dags/example_complex.py took 0.070 seconds
[2026-02-22T17:08:35.166+0000] {processor.py:161} INFO - Started process (PID=2209) to work on /home/airflow/.local/lib/python3.12/site-packages/airflow/example_dags/example_complex.py
[2026-02-22T17:08:35.167+0000] {processor.py:830} INFO - Processing file /home/airflow/.local/lib/python3.12/site-packages/airflow/example_dags/example_complex.py for tasks to queue
[2026-02-22T17:08:35.168+0000] {logging_mixin.py:188} INFO - [2026-02-22T17:08:35.168+0000] {dagbag.py:545} INFO - Filling up the DagBag from /home/airflow/.local/lib/python3.12/site-packages/airflow/example_dags/example_complex.py
[2026-02-22T17:08:35.177+0000] {processor.py:840} INFO - DAG(s) 'example_complex' retrieved from /home/airflow/.local/lib/python3.12/site-packages/airflow/example_dags/example_complex.py
[2026-02-22T17:08:35.198+0000] {logging_mixin.py:188} INFO - [2026-02-22T17:08:35.198+0000] {dag.py:3096} INFO - Sync 1 DAGs
[2026-02-22T17:08:35.207+0000] {logging_mixin.py:188} INFO - [2026-02-22T17:08:35.206+0000] {dag.py:3954} INFO - Setting next_dagrun for example_complex to None, run_after=None
[2026-02-22T17:08:35.219+0000] {processor.py:183} INFO - Processing /home/airflow/.local/lib/python3.12/site-packages/airflow/example_dags/example_complex.py took 0.058 seconds
[2026-02-22T17:09:05.311+0000] {processor.py:161} INFO - Started process (PID=2268) to work on /home/airflow/.local/lib/python3.12/site-packages/airflow/example_dags/example_complex.py
[2026-02-22T17:09:05.312+0000] {processor.py:830} INFO - Processing file /home/airflow/.local/lib/python3.12/site-packages/airflow/example_dags/example_complex.py for tasks to queue
[2026-02-22T17:09:05.314+0000] {logging_mixin.py:188} INFO - [2026-02-22T17:09:05.313+0000] {dagbag.py:545} INFO - Filling up the DagBag from /home/airflow/.local/lib/python3.12/site-packages/airflow/example_dags/example_complex.py
[2026-02-22T17:09:05.322+0000] {processor.py:840} INFO - DAG(s) 'example_complex' retrieved from /home/airflow/.local/lib/python3.12/site-packages/airflow/example_dags/example_complex.py
[2026-02-22T17:09:05.349+0000] {logging_mixin.py:188} INFO - [2026-02-22T17:09:05.349+0000] {dag.py:3096} INFO - Sync 1 DAGs
[2026-02-22T17:09:05.359+0000] {logging_mixin.py:188} INFO - [2026-02-22T17:09:05.359+0000] {dag.py:3954} INFO - Setting next_dagrun for example_complex to None, run_after=None
[2026-02-22T17:09:05.385+0000] {processor.py:183} INFO - Processing /home/airflow/.local/lib/python3.12/site-packages/airflow/example_dags/example_complex.py took 0.079 seconds
[2026-02-22T17:09:41.168+0000] {processor.py:161} INFO - Started process (PID=2327) to work on /home/airflow/.local/lib/python3.12/site-packages/airflow/example_dags/example_complex.py
[2026-02-22T17:09:41.169+0000] {processor.py:830} INFO - Processing file /home/airflow/.local/lib/python3.12/site-packages/airflow/example_dags/example_complex.py for tasks to queue
[2026-02-22T17:09:41.171+0000] {logging_mixin.py:188} INFO - [2026-02-22T17:09:41.170+0000] {dagbag.py:545} INFO - Filling up the DagBag from /home/airflow/.local/lib/python3.12/site-packages/airflow/example_dags/example_complex.py
[2026-02-22T17:09:41.180+0000] {processor.py:840} INFO - DAG(s) 'example_complex' retrieved from /home/airflow/.local/lib/python3.12/site-packages/airflow/example_dags/example_complex.py
[2026-02-22T17:09:41.231+0000] {logging_mixin.py:188} INFO - [2026-02-22T17:09:41.231+0000] {dag.py:3096} INFO - Sync 1 DAGs
[2026-02-22T17:09:41.256+0000] {logging_mixin.py:188} INFO - [2026-02-22T17:09:41.256+0000] {dag.py:3954} INFO - Setting next_dagrun for example_complex to None, run_after=None
[2026-02-22T17:09:41.287+0000] {processor.py:183} INFO - Processing /home/airflow/.local/lib/python3.12/site-packages/airflow/example_dags/example_complex.py took 0.127 seconds
[2026-02-22T17:10:11.980+0000] {processor.py:161} INFO - Started process (PID=2384) to work on /home/airflow/.local/lib/python3.12/site-packages/airflow/example_dags/example_complex.py
[2026-02-22T17:10:11.981+0000] {processor.py:830} INFO - Processing file /home/airflow/.local/lib/python3.12/site-packages/airflow/example_dags/example_complex.py for tasks to queue
[2026-02-22T17:10:11.983+0000] {logging_mixin.py:188} INFO - [2026-02-22T17:10:11.982+0000] {dagbag.py:545} INFO - Filling up the DagBag from /home/airflow/.local/lib/python3.12/site-packages/airflow/example_dags/example_complex.py
[2026-02-22T17:10:11.993+0000] {processor.py:840} INFO - DAG(s) 'example_complex' retrieved from /home/airflow/.local/lib/python3.12/site-packages/airflow/example_dags/example_complex.py
[2026-02-22T17:10:12.024+0000] {logging_mixin.py:188} INFO - [2026-02-22T17:10:12.024+0000] {dag.py:3096} INFO - Sync 1 DAGs
[2026-02-22T17:10:12.038+0000] {logging_mixin.py:188} INFO - [2026-02-22T17:10:12.037+0000] {dag.py:3954} INFO - Setting next_dagrun for example_complex to None, run_after=None
[2026-02-22T17:10:12.057+0000] {processor.py:183} INFO - Processing /home/airflow/.local/lib/python3.12/site-packages/airflow/example_dags/example_complex.py took 0.084 seconds
[2026-02-22T17:10:42.358+0000] {processor.py:161} INFO - Started process (PID=2443) to work on /home/airflow/.local/lib/python3.12/site-packages/airflow/example_dags/example_complex.py
[2026-02-22T17:10:42.359+0000] {processor.py:830} INFO - Processing file /home/airflow/.local/lib/python3.12/site-packages/airflow/example_dags/example_complex.py for tasks to queue
[2026-02-22T17:10:42.360+0000] {logging_mixin.py:188} INFO - [2026-02-22T17:10:42.360+0000] {dagbag.py:545} INFO - Filling up the DagBag from /home/airflow/.local/lib/python3.12/site-packages/airflow/example_dags/example_complex.py
[2026-02-22T17:10:42.367+0000] {processor.py:840} INFO - DAG(s) 'example_complex' retrieved from /home/airflow/.local/lib/python3.12/site-packages/airflow/example_dags/example_complex.py
[2026-02-22T17:10:42.387+0000] {logging_mixin.py:188} INFO - [2026-02-22T17:10:42.386+0000] {dag.py:3096} INFO - Sync 1 DAGs
[2026-02-22T17:10:42.395+0000] {logging_mixin.py:188} INFO - [2026-02-22T17:10:42.395+0000] {dag.py:3954} INFO - Setting next_dagrun for example_complex to None, run_after=None
[2026-02-22T17:10:42.410+0000] {processor.py:183} INFO - Processing /home/airflow/.local/lib/python3.12/site-packages/airflow/example_dags/example_complex.py took 0.055 seconds
