[2026-02-22T10:46:12.974+0000] {processor.py:161} INFO - Started process (PID=44) to work on /home/airflow/.local/lib/python3.12/site-packages/airflow/example_dags/tutorial_dag.py
[2026-02-22T10:46:12.977+0000] {processor.py:830} INFO - Processing file /home/airflow/.local/lib/python3.12/site-packages/airflow/example_dags/tutorial_dag.py for tasks to queue
[2026-02-22T10:46:12.985+0000] {logging_mixin.py:188} INFO - [2026-02-22T10:46:12.985+0000] {dagbag.py:545} INFO - Filling up the DagBag from /home/airflow/.local/lib/python3.12/site-packages/airflow/example_dags/tutorial_dag.py
[2026-02-22T10:46:13.026+0000] {processor.py:840} INFO - DAG(s) 'tutorial_dag' retrieved from /home/airflow/.local/lib/python3.12/site-packages/airflow/example_dags/tutorial_dag.py
[2026-02-22T10:46:13.073+0000] {logging_mixin.py:188} INFO - [2026-02-22T10:46:13.072+0000] {dag.py:3096} INFO - Sync 1 DAGs
[2026-02-22T10:46:13.105+0000] {logging_mixin.py:188} INFO - [2026-02-22T10:46:13.104+0000] {dag.py:3954} INFO - Setting next_dagrun for tutorial_dag to None, run_after=None
[2026-02-22T10:46:13.137+0000] {processor.py:183} INFO - Processing /home/airflow/.local/lib/python3.12/site-packages/airflow/example_dags/tutorial_dag.py took 0.180 seconds
[2026-02-22T10:46:43.653+0000] {processor.py:161} INFO - Started process (PID=102) to work on /home/airflow/.local/lib/python3.12/site-packages/airflow/example_dags/tutorial_dag.py
[2026-02-22T10:46:43.657+0000] {processor.py:830} INFO - Processing file /home/airflow/.local/lib/python3.12/site-packages/airflow/example_dags/tutorial_dag.py for tasks to queue
[2026-02-22T10:46:43.663+0000] {logging_mixin.py:188} INFO - [2026-02-22T10:46:43.662+0000] {dagbag.py:545} INFO - Filling up the DagBag from /home/airflow/.local/lib/python3.12/site-packages/airflow/example_dags/tutorial_dag.py
[2026-02-22T10:46:43.682+0000] {processor.py:840} INFO - DAG(s) 'tutorial_dag' retrieved from /home/airflow/.local/lib/python3.12/site-packages/airflow/example_dags/tutorial_dag.py
[2026-02-22T10:46:43.901+0000] {logging_mixin.py:188} INFO - [2026-02-22T10:46:43.901+0000] {dag.py:3096} INFO - Sync 1 DAGs
[2026-02-22T10:46:43.910+0000] {logging_mixin.py:188} INFO - [2026-02-22T10:46:43.910+0000] {dag.py:3954} INFO - Setting next_dagrun for tutorial_dag to None, run_after=None
[2026-02-22T10:46:43.924+0000] {processor.py:183} INFO - Processing /home/airflow/.local/lib/python3.12/site-packages/airflow/example_dags/tutorial_dag.py took 0.289 seconds
[2026-02-22T10:47:14.254+0000] {processor.py:161} INFO - Started process (PID=160) to work on /home/airflow/.local/lib/python3.12/site-packages/airflow/example_dags/tutorial_dag.py
[2026-02-22T10:47:14.255+0000] {processor.py:830} INFO - Processing file /home/airflow/.local/lib/python3.12/site-packages/airflow/example_dags/tutorial_dag.py for tasks to queue
[2026-02-22T10:47:14.259+0000] {logging_mixin.py:188} INFO - [2026-02-22T10:47:14.258+0000] {dagbag.py:545} INFO - Filling up the DagBag from /home/airflow/.local/lib/python3.12/site-packages/airflow/example_dags/tutorial_dag.py
[2026-02-22T10:47:14.269+0000] {processor.py:840} INFO - DAG(s) 'tutorial_dag' retrieved from /home/airflow/.local/lib/python3.12/site-packages/airflow/example_dags/tutorial_dag.py
[2026-02-22T10:47:14.298+0000] {logging_mixin.py:188} INFO - [2026-02-22T10:47:14.298+0000] {dag.py:3096} INFO - Sync 1 DAGs
[2026-02-22T10:47:14.315+0000] {logging_mixin.py:188} INFO - [2026-02-22T10:47:14.314+0000] {dag.py:3954} INFO - Setting next_dagrun for tutorial_dag to None, run_after=None
[2026-02-22T10:47:14.334+0000] {processor.py:183} INFO - Processing /home/airflow/.local/lib/python3.12/site-packages/airflow/example_dags/tutorial_dag.py took 0.088 seconds
[2026-02-22T10:47:44.492+0000] {processor.py:161} INFO - Started process (PID=224) to work on /home/airflow/.local/lib/python3.12/site-packages/airflow/example_dags/tutorial_dag.py
[2026-02-22T10:47:44.493+0000] {processor.py:830} INFO - Processing file /home/airflow/.local/lib/python3.12/site-packages/airflow/example_dags/tutorial_dag.py for tasks to queue
[2026-02-22T10:47:44.496+0000] {logging_mixin.py:188} INFO - [2026-02-22T10:47:44.496+0000] {dagbag.py:545} INFO - Filling up the DagBag from /home/airflow/.local/lib/python3.12/site-packages/airflow/example_dags/tutorial_dag.py
[2026-02-22T10:47:44.508+0000] {processor.py:840} INFO - DAG(s) 'tutorial_dag' retrieved from /home/airflow/.local/lib/python3.12/site-packages/airflow/example_dags/tutorial_dag.py
[2026-02-22T10:47:44.539+0000] {logging_mixin.py:188} INFO - [2026-02-22T10:47:44.538+0000] {dag.py:3096} INFO - Sync 1 DAGs
[2026-02-22T10:47:44.551+0000] {logging_mixin.py:188} INFO - [2026-02-22T10:47:44.550+0000] {dag.py:3954} INFO - Setting next_dagrun for tutorial_dag to None, run_after=None
[2026-02-22T10:47:44.569+0000] {processor.py:183} INFO - Processing /home/airflow/.local/lib/python3.12/site-packages/airflow/example_dags/tutorial_dag.py took 0.089 seconds
[2026-02-22T10:48:14.649+0000] {processor.py:161} INFO - Started process (PID=282) to work on /home/airflow/.local/lib/python3.12/site-packages/airflow/example_dags/tutorial_dag.py
[2026-02-22T10:48:14.650+0000] {processor.py:830} INFO - Processing file /home/airflow/.local/lib/python3.12/site-packages/airflow/example_dags/tutorial_dag.py for tasks to queue
[2026-02-22T10:48:14.653+0000] {logging_mixin.py:188} INFO - [2026-02-22T10:48:14.653+0000] {dagbag.py:545} INFO - Filling up the DagBag from /home/airflow/.local/lib/python3.12/site-packages/airflow/example_dags/tutorial_dag.py
[2026-02-22T10:48:14.661+0000] {processor.py:840} INFO - DAG(s) 'tutorial_dag' retrieved from /home/airflow/.local/lib/python3.12/site-packages/airflow/example_dags/tutorial_dag.py
[2026-02-22T10:48:14.696+0000] {logging_mixin.py:188} INFO - [2026-02-22T10:48:14.696+0000] {dag.py:3096} INFO - Sync 1 DAGs
[2026-02-22T10:48:14.706+0000] {logging_mixin.py:188} INFO - [2026-02-22T10:48:14.706+0000] {dag.py:3954} INFO - Setting next_dagrun for tutorial_dag to None, run_after=None
[2026-02-22T10:48:14.722+0000] {processor.py:183} INFO - Processing /home/airflow/.local/lib/python3.12/site-packages/airflow/example_dags/tutorial_dag.py took 0.089 seconds
[2026-02-22T10:48:44.898+0000] {processor.py:161} INFO - Started process (PID=340) to work on /home/airflow/.local/lib/python3.12/site-packages/airflow/example_dags/tutorial_dag.py
[2026-02-22T10:48:44.900+0000] {processor.py:830} INFO - Processing file /home/airflow/.local/lib/python3.12/site-packages/airflow/example_dags/tutorial_dag.py for tasks to queue
[2026-02-22T10:48:44.903+0000] {logging_mixin.py:188} INFO - [2026-02-22T10:48:44.902+0000] {dagbag.py:545} INFO - Filling up the DagBag from /home/airflow/.local/lib/python3.12/site-packages/airflow/example_dags/tutorial_dag.py
[2026-02-22T10:48:44.916+0000] {processor.py:840} INFO - DAG(s) 'tutorial_dag' retrieved from /home/airflow/.local/lib/python3.12/site-packages/airflow/example_dags/tutorial_dag.py
[2026-02-22T10:48:44.958+0000] {logging_mixin.py:188} INFO - [2026-02-22T10:48:44.958+0000] {dag.py:3096} INFO - Sync 1 DAGs
[2026-02-22T10:48:44.970+0000] {logging_mixin.py:188} INFO - [2026-02-22T10:48:44.970+0000] {dag.py:3954} INFO - Setting next_dagrun for tutorial_dag to None, run_after=None
[2026-02-22T10:48:44.987+0000] {processor.py:183} INFO - Processing /home/airflow/.local/lib/python3.12/site-packages/airflow/example_dags/tutorial_dag.py took 0.107 seconds
[2026-02-22T10:49:15.283+0000] {processor.py:161} INFO - Started process (PID=399) to work on /home/airflow/.local/lib/python3.12/site-packages/airflow/example_dags/tutorial_dag.py
[2026-02-22T10:49:15.285+0000] {processor.py:830} INFO - Processing file /home/airflow/.local/lib/python3.12/site-packages/airflow/example_dags/tutorial_dag.py for tasks to queue
[2026-02-22T10:49:15.290+0000] {logging_mixin.py:188} INFO - [2026-02-22T10:49:15.289+0000] {dagbag.py:545} INFO - Filling up the DagBag from /home/airflow/.local/lib/python3.12/site-packages/airflow/example_dags/tutorial_dag.py
[2026-02-22T10:49:15.302+0000] {processor.py:840} INFO - DAG(s) 'tutorial_dag' retrieved from /home/airflow/.local/lib/python3.12/site-packages/airflow/example_dags/tutorial_dag.py
[2026-02-22T10:49:15.346+0000] {logging_mixin.py:188} INFO - [2026-02-22T10:49:15.346+0000] {dag.py:3096} INFO - Sync 1 DAGs
[2026-02-22T10:49:15.374+0000] {logging_mixin.py:188} INFO - [2026-02-22T10:49:15.374+0000] {dag.py:3954} INFO - Setting next_dagrun for tutorial_dag to None, run_after=None
[2026-02-22T10:49:15.399+0000] {processor.py:183} INFO - Processing /home/airflow/.local/lib/python3.12/site-packages/airflow/example_dags/tutorial_dag.py took 0.136 seconds
[2026-02-22T10:49:45.958+0000] {processor.py:161} INFO - Started process (PID=457) to work on /home/airflow/.local/lib/python3.12/site-packages/airflow/example_dags/tutorial_dag.py
[2026-02-22T10:49:45.961+0000] {processor.py:830} INFO - Processing file /home/airflow/.local/lib/python3.12/site-packages/airflow/example_dags/tutorial_dag.py for tasks to queue
[2026-02-22T10:49:45.968+0000] {logging_mixin.py:188} INFO - [2026-02-22T10:49:45.968+0000] {dagbag.py:545} INFO - Filling up the DagBag from /home/airflow/.local/lib/python3.12/site-packages/airflow/example_dags/tutorial_dag.py
[2026-02-22T10:49:45.980+0000] {processor.py:840} INFO - DAG(s) 'tutorial_dag' retrieved from /home/airflow/.local/lib/python3.12/site-packages/airflow/example_dags/tutorial_dag.py
[2026-02-22T10:49:46.031+0000] {logging_mixin.py:188} INFO - [2026-02-22T10:49:46.031+0000] {dag.py:3096} INFO - Sync 1 DAGs
[2026-02-22T10:49:46.044+0000] {logging_mixin.py:188} INFO - [2026-02-22T10:49:46.044+0000] {dag.py:3954} INFO - Setting next_dagrun for tutorial_dag to None, run_after=None
[2026-02-22T10:49:46.072+0000] {processor.py:183} INFO - Processing /home/airflow/.local/lib/python3.12/site-packages/airflow/example_dags/tutorial_dag.py took 0.126 seconds
[2026-02-22T10:50:16.502+0000] {processor.py:161} INFO - Started process (PID=515) to work on /home/airflow/.local/lib/python3.12/site-packages/airflow/example_dags/tutorial_dag.py
[2026-02-22T10:50:16.504+0000] {processor.py:830} INFO - Processing file /home/airflow/.local/lib/python3.12/site-packages/airflow/example_dags/tutorial_dag.py for tasks to queue
[2026-02-22T10:50:16.508+0000] {logging_mixin.py:188} INFO - [2026-02-22T10:50:16.507+0000] {dagbag.py:545} INFO - Filling up the DagBag from /home/airflow/.local/lib/python3.12/site-packages/airflow/example_dags/tutorial_dag.py
[2026-02-22T10:50:16.525+0000] {processor.py:840} INFO - DAG(s) 'tutorial_dag' retrieved from /home/airflow/.local/lib/python3.12/site-packages/airflow/example_dags/tutorial_dag.py
[2026-02-22T10:50:16.556+0000] {logging_mixin.py:188} INFO - [2026-02-22T10:50:16.556+0000] {dag.py:3096} INFO - Sync 1 DAGs
[2026-02-22T10:50:16.577+0000] {logging_mixin.py:188} INFO - [2026-02-22T10:50:16.577+0000] {dag.py:3954} INFO - Setting next_dagrun for tutorial_dag to None, run_after=None
[2026-02-22T10:50:16.602+0000] {processor.py:183} INFO - Processing /home/airflow/.local/lib/python3.12/site-packages/airflow/example_dags/tutorial_dag.py took 0.119 seconds
[2026-02-22T10:50:46.878+0000] {processor.py:161} INFO - Started process (PID=573) to work on /home/airflow/.local/lib/python3.12/site-packages/airflow/example_dags/tutorial_dag.py
[2026-02-22T10:50:46.880+0000] {processor.py:830} INFO - Processing file /home/airflow/.local/lib/python3.12/site-packages/airflow/example_dags/tutorial_dag.py for tasks to queue
[2026-02-22T10:50:46.883+0000] {logging_mixin.py:188} INFO - [2026-02-22T10:50:46.883+0000] {dagbag.py:545} INFO - Filling up the DagBag from /home/airflow/.local/lib/python3.12/site-packages/airflow/example_dags/tutorial_dag.py
[2026-02-22T10:50:46.894+0000] {processor.py:840} INFO - DAG(s) 'tutorial_dag' retrieved from /home/airflow/.local/lib/python3.12/site-packages/airflow/example_dags/tutorial_dag.py
[2026-02-22T10:50:46.921+0000] {logging_mixin.py:188} INFO - [2026-02-22T10:50:46.921+0000] {dag.py:3096} INFO - Sync 1 DAGs
[2026-02-22T10:50:46.944+0000] {logging_mixin.py:188} INFO - [2026-02-22T10:50:46.944+0000] {dag.py:3954} INFO - Setting next_dagrun for tutorial_dag to None, run_after=None
[2026-02-22T10:50:46.963+0000] {processor.py:183} INFO - Processing /home/airflow/.local/lib/python3.12/site-packages/airflow/example_dags/tutorial_dag.py took 0.103 seconds
[2026-02-22T10:51:17.267+0000] {processor.py:161} INFO - Started process (PID=631) to work on /home/airflow/.local/lib/python3.12/site-packages/airflow/example_dags/tutorial_dag.py
[2026-02-22T10:51:17.269+0000] {processor.py:830} INFO - Processing file /home/airflow/.local/lib/python3.12/site-packages/airflow/example_dags/tutorial_dag.py for tasks to queue
[2026-02-22T10:51:17.273+0000] {logging_mixin.py:188} INFO - [2026-02-22T10:51:17.272+0000] {dagbag.py:545} INFO - Filling up the DagBag from /home/airflow/.local/lib/python3.12/site-packages/airflow/example_dags/tutorial_dag.py
[2026-02-22T10:51:17.282+0000] {processor.py:840} INFO - DAG(s) 'tutorial_dag' retrieved from /home/airflow/.local/lib/python3.12/site-packages/airflow/example_dags/tutorial_dag.py
[2026-02-22T10:51:17.313+0000] {logging_mixin.py:188} INFO - [2026-02-22T10:51:17.313+0000] {dag.py:3096} INFO - Sync 1 DAGs
[2026-02-22T10:51:17.333+0000] {logging_mixin.py:188} INFO - [2026-02-22T10:51:17.333+0000] {dag.py:3954} INFO - Setting next_dagrun for tutorial_dag to None, run_after=None
[2026-02-22T10:51:17.354+0000] {processor.py:183} INFO - Processing /home/airflow/.local/lib/python3.12/site-packages/airflow/example_dags/tutorial_dag.py took 0.105 seconds
[2026-02-22T10:51:47.865+0000] {processor.py:161} INFO - Started process (PID=689) to work on /home/airflow/.local/lib/python3.12/site-packages/airflow/example_dags/tutorial_dag.py
[2026-02-22T10:51:47.867+0000] {processor.py:830} INFO - Processing file /home/airflow/.local/lib/python3.12/site-packages/airflow/example_dags/tutorial_dag.py for tasks to queue
[2026-02-22T10:51:47.872+0000] {logging_mixin.py:188} INFO - [2026-02-22T10:51:47.871+0000] {dagbag.py:545} INFO - Filling up the DagBag from /home/airflow/.local/lib/python3.12/site-packages/airflow/example_dags/tutorial_dag.py
[2026-02-22T10:51:47.887+0000] {processor.py:840} INFO - DAG(s) 'tutorial_dag' retrieved from /home/airflow/.local/lib/python3.12/site-packages/airflow/example_dags/tutorial_dag.py
[2026-02-22T10:51:47.916+0000] {logging_mixin.py:188} INFO - [2026-02-22T10:51:47.916+0000] {dag.py:3096} INFO - Sync 1 DAGs
[2026-02-22T10:51:47.927+0000] {logging_mixin.py:188} INFO - [2026-02-22T10:51:47.927+0000] {dag.py:3954} INFO - Setting next_dagrun for tutorial_dag to None, run_after=None
[2026-02-22T10:51:47.943+0000] {processor.py:183} INFO - Processing /home/airflow/.local/lib/python3.12/site-packages/airflow/example_dags/tutorial_dag.py took 0.091 seconds
[2026-02-22T10:52:18.544+0000] {processor.py:161} INFO - Started process (PID=747) to work on /home/airflow/.local/lib/python3.12/site-packages/airflow/example_dags/tutorial_dag.py
[2026-02-22T10:52:18.546+0000] {processor.py:830} INFO - Processing file /home/airflow/.local/lib/python3.12/site-packages/airflow/example_dags/tutorial_dag.py for tasks to queue
[2026-02-22T10:52:18.554+0000] {logging_mixin.py:188} INFO - [2026-02-22T10:52:18.553+0000] {dagbag.py:545} INFO - Filling up the DagBag from /home/airflow/.local/lib/python3.12/site-packages/airflow/example_dags/tutorial_dag.py
[2026-02-22T10:52:18.567+0000] {processor.py:840} INFO - DAG(s) 'tutorial_dag' retrieved from /home/airflow/.local/lib/python3.12/site-packages/airflow/example_dags/tutorial_dag.py
[2026-02-22T10:52:18.598+0000] {logging_mixin.py:188} INFO - [2026-02-22T10:52:18.598+0000] {dag.py:3096} INFO - Sync 1 DAGs
[2026-02-22T10:52:18.613+0000] {logging_mixin.py:188} INFO - [2026-02-22T10:52:18.613+0000] {dag.py:3954} INFO - Setting next_dagrun for tutorial_dag to None, run_after=None
[2026-02-22T10:52:18.631+0000] {processor.py:183} INFO - Processing /home/airflow/.local/lib/python3.12/site-packages/airflow/example_dags/tutorial_dag.py took 0.100 seconds
[2026-02-22T10:52:49.162+0000] {processor.py:161} INFO - Started process (PID=805) to work on /home/airflow/.local/lib/python3.12/site-packages/airflow/example_dags/tutorial_dag.py
[2026-02-22T10:52:49.167+0000] {processor.py:830} INFO - Processing file /home/airflow/.local/lib/python3.12/site-packages/airflow/example_dags/tutorial_dag.py for tasks to queue
[2026-02-22T10:52:49.172+0000] {logging_mixin.py:188} INFO - [2026-02-22T10:52:49.172+0000] {dagbag.py:545} INFO - Filling up the DagBag from /home/airflow/.local/lib/python3.12/site-packages/airflow/example_dags/tutorial_dag.py
[2026-02-22T10:52:49.185+0000] {processor.py:840} INFO - DAG(s) 'tutorial_dag' retrieved from /home/airflow/.local/lib/python3.12/site-packages/airflow/example_dags/tutorial_dag.py
[2026-02-22T10:52:49.232+0000] {logging_mixin.py:188} INFO - [2026-02-22T10:52:49.232+0000] {dag.py:3096} INFO - Sync 1 DAGs
[2026-02-22T10:52:49.244+0000] {logging_mixin.py:188} INFO - [2026-02-22T10:52:49.244+0000] {dag.py:3954} INFO - Setting next_dagrun for tutorial_dag to None, run_after=None
[2026-02-22T10:52:49.263+0000] {processor.py:183} INFO - Processing /home/airflow/.local/lib/python3.12/site-packages/airflow/example_dags/tutorial_dag.py took 0.120 seconds
[2026-02-22T10:53:19.425+0000] {processor.py:161} INFO - Started process (PID=863) to work on /home/airflow/.local/lib/python3.12/site-packages/airflow/example_dags/tutorial_dag.py
[2026-02-22T10:53:19.426+0000] {processor.py:830} INFO - Processing file /home/airflow/.local/lib/python3.12/site-packages/airflow/example_dags/tutorial_dag.py for tasks to queue
[2026-02-22T10:53:19.429+0000] {logging_mixin.py:188} INFO - [2026-02-22T10:53:19.428+0000] {dagbag.py:545} INFO - Filling up the DagBag from /home/airflow/.local/lib/python3.12/site-packages/airflow/example_dags/tutorial_dag.py
[2026-02-22T10:53:19.437+0000] {processor.py:840} INFO - DAG(s) 'tutorial_dag' retrieved from /home/airflow/.local/lib/python3.12/site-packages/airflow/example_dags/tutorial_dag.py
[2026-02-22T10:53:19.491+0000] {logging_mixin.py:188} INFO - [2026-02-22T10:53:19.490+0000] {dag.py:3096} INFO - Sync 1 DAGs
[2026-02-22T10:53:19.512+0000] {logging_mixin.py:188} INFO - [2026-02-22T10:53:19.512+0000] {dag.py:3954} INFO - Setting next_dagrun for tutorial_dag to None, run_after=None
[2026-02-22T10:53:19.535+0000] {processor.py:183} INFO - Processing /home/airflow/.local/lib/python3.12/site-packages/airflow/example_dags/tutorial_dag.py took 0.121 seconds
[2026-02-22T10:53:49.676+0000] {processor.py:161} INFO - Started process (PID=921) to work on /home/airflow/.local/lib/python3.12/site-packages/airflow/example_dags/tutorial_dag.py
[2026-02-22T10:53:49.678+0000] {processor.py:830} INFO - Processing file /home/airflow/.local/lib/python3.12/site-packages/airflow/example_dags/tutorial_dag.py for tasks to queue
[2026-02-22T10:53:49.688+0000] {logging_mixin.py:188} INFO - [2026-02-22T10:53:49.688+0000] {dagbag.py:545} INFO - Filling up the DagBag from /home/airflow/.local/lib/python3.12/site-packages/airflow/example_dags/tutorial_dag.py
[2026-02-22T10:53:49.711+0000] {processor.py:840} INFO - DAG(s) 'tutorial_dag' retrieved from /home/airflow/.local/lib/python3.12/site-packages/airflow/example_dags/tutorial_dag.py
[2026-02-22T10:53:49.802+0000] {logging_mixin.py:188} INFO - [2026-02-22T10:53:49.800+0000] {dag.py:3096} INFO - Sync 1 DAGs
[2026-02-22T10:53:49.847+0000] {logging_mixin.py:188} INFO - [2026-02-22T10:53:49.846+0000] {dag.py:3954} INFO - Setting next_dagrun for tutorial_dag to None, run_after=None
[2026-02-22T10:53:49.902+0000] {processor.py:183} INFO - Processing /home/airflow/.local/lib/python3.12/site-packages/airflow/example_dags/tutorial_dag.py took 0.242 seconds
[2026-02-22T10:54:20.477+0000] {processor.py:161} INFO - Started process (PID=979) to work on /home/airflow/.local/lib/python3.12/site-packages/airflow/example_dags/tutorial_dag.py
[2026-02-22T10:54:20.479+0000] {processor.py:830} INFO - Processing file /home/airflow/.local/lib/python3.12/site-packages/airflow/example_dags/tutorial_dag.py for tasks to queue
[2026-02-22T10:54:20.485+0000] {logging_mixin.py:188} INFO - [2026-02-22T10:54:20.484+0000] {dagbag.py:545} INFO - Filling up the DagBag from /home/airflow/.local/lib/python3.12/site-packages/airflow/example_dags/tutorial_dag.py
[2026-02-22T10:54:20.496+0000] {processor.py:840} INFO - DAG(s) 'tutorial_dag' retrieved from /home/airflow/.local/lib/python3.12/site-packages/airflow/example_dags/tutorial_dag.py
[2026-02-22T10:54:20.524+0000] {logging_mixin.py:188} INFO - [2026-02-22T10:54:20.524+0000] {dag.py:3096} INFO - Sync 1 DAGs
[2026-02-22T10:54:20.534+0000] {logging_mixin.py:188} INFO - [2026-02-22T10:54:20.534+0000] {dag.py:3954} INFO - Setting next_dagrun for tutorial_dag to None, run_after=None
[2026-02-22T10:54:20.551+0000] {processor.py:183} INFO - Processing /home/airflow/.local/lib/python3.12/site-packages/airflow/example_dags/tutorial_dag.py took 0.086 seconds
[2026-02-22T10:54:50.849+0000] {processor.py:161} INFO - Started process (PID=1037) to work on /home/airflow/.local/lib/python3.12/site-packages/airflow/example_dags/tutorial_dag.py
[2026-02-22T10:54:50.851+0000] {processor.py:830} INFO - Processing file /home/airflow/.local/lib/python3.12/site-packages/airflow/example_dags/tutorial_dag.py for tasks to queue
[2026-02-22T10:54:50.854+0000] {logging_mixin.py:188} INFO - [2026-02-22T10:54:50.854+0000] {dagbag.py:545} INFO - Filling up the DagBag from /home/airflow/.local/lib/python3.12/site-packages/airflow/example_dags/tutorial_dag.py
[2026-02-22T10:54:50.876+0000] {processor.py:840} INFO - DAG(s) 'tutorial_dag' retrieved from /home/airflow/.local/lib/python3.12/site-packages/airflow/example_dags/tutorial_dag.py
[2026-02-22T10:54:50.893+0000] {logging_mixin.py:188} INFO - [2026-02-22T10:54:50.893+0000] {dag.py:3096} INFO - Sync 1 DAGs
[2026-02-22T10:54:50.905+0000] {logging_mixin.py:188} INFO - [2026-02-22T10:54:50.905+0000] {dag.py:3954} INFO - Setting next_dagrun for tutorial_dag to None, run_after=None
[2026-02-22T10:54:50.915+0000] {processor.py:183} INFO - Processing /home/airflow/.local/lib/python3.12/site-packages/airflow/example_dags/tutorial_dag.py took 0.077 seconds
[2026-02-22T10:55:21.233+0000] {processor.py:161} INFO - Started process (PID=1095) to work on /home/airflow/.local/lib/python3.12/site-packages/airflow/example_dags/tutorial_dag.py
[2026-02-22T10:55:21.235+0000] {processor.py:830} INFO - Processing file /home/airflow/.local/lib/python3.12/site-packages/airflow/example_dags/tutorial_dag.py for tasks to queue
[2026-02-22T10:55:21.239+0000] {logging_mixin.py:188} INFO - [2026-02-22T10:55:21.238+0000] {dagbag.py:545} INFO - Filling up the DagBag from /home/airflow/.local/lib/python3.12/site-packages/airflow/example_dags/tutorial_dag.py
[2026-02-22T10:55:21.249+0000] {processor.py:840} INFO - DAG(s) 'tutorial_dag' retrieved from /home/airflow/.local/lib/python3.12/site-packages/airflow/example_dags/tutorial_dag.py
[2026-02-22T10:55:21.272+0000] {logging_mixin.py:188} INFO - [2026-02-22T10:55:21.272+0000] {dag.py:3096} INFO - Sync 1 DAGs
[2026-02-22T10:55:21.285+0000] {logging_mixin.py:188} INFO - [2026-02-22T10:55:21.285+0000] {dag.py:3954} INFO - Setting next_dagrun for tutorial_dag to None, run_after=None
[2026-02-22T10:55:21.297+0000] {processor.py:183} INFO - Processing /home/airflow/.local/lib/python3.12/site-packages/airflow/example_dags/tutorial_dag.py took 0.078 seconds
[2026-02-22T10:55:51.606+0000] {processor.py:161} INFO - Started process (PID=1153) to work on /home/airflow/.local/lib/python3.12/site-packages/airflow/example_dags/tutorial_dag.py
[2026-02-22T10:55:51.608+0000] {processor.py:830} INFO - Processing file /home/airflow/.local/lib/python3.12/site-packages/airflow/example_dags/tutorial_dag.py for tasks to queue
[2026-02-22T10:55:51.615+0000] {logging_mixin.py:188} INFO - [2026-02-22T10:55:51.613+0000] {dagbag.py:545} INFO - Filling up the DagBag from /home/airflow/.local/lib/python3.12/site-packages/airflow/example_dags/tutorial_dag.py
[2026-02-22T10:55:51.641+0000] {processor.py:840} INFO - DAG(s) 'tutorial_dag' retrieved from /home/airflow/.local/lib/python3.12/site-packages/airflow/example_dags/tutorial_dag.py
[2026-02-22T10:55:51.667+0000] {logging_mixin.py:188} INFO - [2026-02-22T10:55:51.666+0000] {dag.py:3096} INFO - Sync 1 DAGs
[2026-02-22T10:55:51.677+0000] {logging_mixin.py:188} INFO - [2026-02-22T10:55:51.677+0000] {dag.py:3954} INFO - Setting next_dagrun for tutorial_dag to None, run_after=None
[2026-02-22T10:55:51.689+0000] {processor.py:183} INFO - Processing /home/airflow/.local/lib/python3.12/site-packages/airflow/example_dags/tutorial_dag.py took 0.094 seconds
[2026-02-22T10:56:22.261+0000] {processor.py:161} INFO - Started process (PID=1211) to work on /home/airflow/.local/lib/python3.12/site-packages/airflow/example_dags/tutorial_dag.py
[2026-02-22T10:56:22.263+0000] {processor.py:830} INFO - Processing file /home/airflow/.local/lib/python3.12/site-packages/airflow/example_dags/tutorial_dag.py for tasks to queue
[2026-02-22T10:56:22.266+0000] {logging_mixin.py:188} INFO - [2026-02-22T10:56:22.266+0000] {dagbag.py:545} INFO - Filling up the DagBag from /home/airflow/.local/lib/python3.12/site-packages/airflow/example_dags/tutorial_dag.py
[2026-02-22T10:56:22.289+0000] {processor.py:840} INFO - DAG(s) 'tutorial_dag' retrieved from /home/airflow/.local/lib/python3.12/site-packages/airflow/example_dags/tutorial_dag.py
[2026-02-22T10:56:22.383+0000] {logging_mixin.py:188} INFO - [2026-02-22T10:56:22.383+0000] {dag.py:3096} INFO - Sync 1 DAGs
[2026-02-22T10:56:22.433+0000] {logging_mixin.py:188} INFO - [2026-02-22T10:56:22.432+0000] {dag.py:3954} INFO - Setting next_dagrun for tutorial_dag to None, run_after=None
[2026-02-22T10:56:22.469+0000] {processor.py:183} INFO - Processing /home/airflow/.local/lib/python3.12/site-packages/airflow/example_dags/tutorial_dag.py took 0.220 seconds
[2026-02-22T10:56:52.765+0000] {processor.py:161} INFO - Started process (PID=1269) to work on /home/airflow/.local/lib/python3.12/site-packages/airflow/example_dags/tutorial_dag.py
[2026-02-22T10:56:52.767+0000] {processor.py:830} INFO - Processing file /home/airflow/.local/lib/python3.12/site-packages/airflow/example_dags/tutorial_dag.py for tasks to queue
[2026-02-22T10:56:52.772+0000] {logging_mixin.py:188} INFO - [2026-02-22T10:56:52.771+0000] {dagbag.py:545} INFO - Filling up the DagBag from /home/airflow/.local/lib/python3.12/site-packages/airflow/example_dags/tutorial_dag.py
[2026-02-22T10:56:52.791+0000] {processor.py:840} INFO - DAG(s) 'tutorial_dag' retrieved from /home/airflow/.local/lib/python3.12/site-packages/airflow/example_dags/tutorial_dag.py
[2026-02-22T10:56:52.836+0000] {logging_mixin.py:188} INFO - [2026-02-22T10:56:52.836+0000] {dag.py:3096} INFO - Sync 1 DAGs
[2026-02-22T10:56:52.855+0000] {logging_mixin.py:188} INFO - [2026-02-22T10:56:52.855+0000] {dag.py:3954} INFO - Setting next_dagrun for tutorial_dag to None, run_after=None
[2026-02-22T10:56:52.872+0000] {processor.py:183} INFO - Processing /home/airflow/.local/lib/python3.12/site-packages/airflow/example_dags/tutorial_dag.py took 0.135 seconds
[2026-02-22T10:57:23.158+0000] {processor.py:161} INFO - Started process (PID=1327) to work on /home/airflow/.local/lib/python3.12/site-packages/airflow/example_dags/tutorial_dag.py
[2026-02-22T10:57:23.160+0000] {processor.py:830} INFO - Processing file /home/airflow/.local/lib/python3.12/site-packages/airflow/example_dags/tutorial_dag.py for tasks to queue
[2026-02-22T10:57:23.165+0000] {logging_mixin.py:188} INFO - [2026-02-22T10:57:23.163+0000] {dagbag.py:545} INFO - Filling up the DagBag from /home/airflow/.local/lib/python3.12/site-packages/airflow/example_dags/tutorial_dag.py
[2026-02-22T10:57:23.183+0000] {processor.py:840} INFO - DAG(s) 'tutorial_dag' retrieved from /home/airflow/.local/lib/python3.12/site-packages/airflow/example_dags/tutorial_dag.py
[2026-02-22T10:57:23.216+0000] {logging_mixin.py:188} INFO - [2026-02-22T10:57:23.216+0000] {dag.py:3096} INFO - Sync 1 DAGs
[2026-02-22T10:57:23.230+0000] {logging_mixin.py:188} INFO - [2026-02-22T10:57:23.230+0000] {dag.py:3954} INFO - Setting next_dagrun for tutorial_dag to None, run_after=None
[2026-02-22T10:57:23.249+0000] {processor.py:183} INFO - Processing /home/airflow/.local/lib/python3.12/site-packages/airflow/example_dags/tutorial_dag.py took 0.104 seconds
[2026-02-22T10:57:53.461+0000] {processor.py:161} INFO - Started process (PID=1385) to work on /home/airflow/.local/lib/python3.12/site-packages/airflow/example_dags/tutorial_dag.py
[2026-02-22T10:57:53.464+0000] {processor.py:830} INFO - Processing file /home/airflow/.local/lib/python3.12/site-packages/airflow/example_dags/tutorial_dag.py for tasks to queue
[2026-02-22T10:57:53.467+0000] {logging_mixin.py:188} INFO - [2026-02-22T10:57:53.466+0000] {dagbag.py:545} INFO - Filling up the DagBag from /home/airflow/.local/lib/python3.12/site-packages/airflow/example_dags/tutorial_dag.py
[2026-02-22T10:57:53.478+0000] {processor.py:840} INFO - DAG(s) 'tutorial_dag' retrieved from /home/airflow/.local/lib/python3.12/site-packages/airflow/example_dags/tutorial_dag.py
[2026-02-22T10:57:53.514+0000] {logging_mixin.py:188} INFO - [2026-02-22T10:57:53.514+0000] {dag.py:3096} INFO - Sync 1 DAGs
[2026-02-22T10:57:53.527+0000] {logging_mixin.py:188} INFO - [2026-02-22T10:57:53.527+0000] {dag.py:3954} INFO - Setting next_dagrun for tutorial_dag to None, run_after=None
[2026-02-22T10:57:53.562+0000] {processor.py:183} INFO - Processing /home/airflow/.local/lib/python3.12/site-packages/airflow/example_dags/tutorial_dag.py took 0.116 seconds
[2026-02-22T10:58:23.815+0000] {processor.py:161} INFO - Started process (PID=1443) to work on /home/airflow/.local/lib/python3.12/site-packages/airflow/example_dags/tutorial_dag.py
[2026-02-22T10:58:23.817+0000] {processor.py:830} INFO - Processing file /home/airflow/.local/lib/python3.12/site-packages/airflow/example_dags/tutorial_dag.py for tasks to queue
[2026-02-22T10:58:23.822+0000] {logging_mixin.py:188} INFO - [2026-02-22T10:58:23.822+0000] {dagbag.py:545} INFO - Filling up the DagBag from /home/airflow/.local/lib/python3.12/site-packages/airflow/example_dags/tutorial_dag.py
[2026-02-22T10:58:23.835+0000] {processor.py:840} INFO - DAG(s) 'tutorial_dag' retrieved from /home/airflow/.local/lib/python3.12/site-packages/airflow/example_dags/tutorial_dag.py
[2026-02-22T10:58:23.871+0000] {logging_mixin.py:188} INFO - [2026-02-22T10:58:23.871+0000] {dag.py:3096} INFO - Sync 1 DAGs
[2026-02-22T10:58:23.884+0000] {logging_mixin.py:188} INFO - [2026-02-22T10:58:23.884+0000] {dag.py:3954} INFO - Setting next_dagrun for tutorial_dag to None, run_after=None
[2026-02-22T10:58:23.903+0000] {processor.py:183} INFO - Processing /home/airflow/.local/lib/python3.12/site-packages/airflow/example_dags/tutorial_dag.py took 0.107 seconds
[2026-02-22T10:58:54.285+0000] {processor.py:161} INFO - Started process (PID=1501) to work on /home/airflow/.local/lib/python3.12/site-packages/airflow/example_dags/tutorial_dag.py
[2026-02-22T10:58:54.291+0000] {processor.py:830} INFO - Processing file /home/airflow/.local/lib/python3.12/site-packages/airflow/example_dags/tutorial_dag.py for tasks to queue
[2026-02-22T10:58:54.299+0000] {logging_mixin.py:188} INFO - [2026-02-22T10:58:54.298+0000] {dagbag.py:545} INFO - Filling up the DagBag from /home/airflow/.local/lib/python3.12/site-packages/airflow/example_dags/tutorial_dag.py
[2026-02-22T10:58:54.312+0000] {processor.py:840} INFO - DAG(s) 'tutorial_dag' retrieved from /home/airflow/.local/lib/python3.12/site-packages/airflow/example_dags/tutorial_dag.py
[2026-02-22T10:58:54.354+0000] {logging_mixin.py:188} INFO - [2026-02-22T10:58:54.354+0000] {dag.py:3096} INFO - Sync 1 DAGs
[2026-02-22T10:58:54.365+0000] {logging_mixin.py:188} INFO - [2026-02-22T10:58:54.365+0000] {dag.py:3954} INFO - Setting next_dagrun for tutorial_dag to None, run_after=None
[2026-02-22T10:58:54.380+0000] {processor.py:183} INFO - Processing /home/airflow/.local/lib/python3.12/site-packages/airflow/example_dags/tutorial_dag.py took 0.109 seconds
[2026-02-22T10:59:24.561+0000] {processor.py:161} INFO - Started process (PID=1559) to work on /home/airflow/.local/lib/python3.12/site-packages/airflow/example_dags/tutorial_dag.py
[2026-02-22T10:59:24.563+0000] {processor.py:830} INFO - Processing file /home/airflow/.local/lib/python3.12/site-packages/airflow/example_dags/tutorial_dag.py for tasks to queue
[2026-02-22T10:59:24.566+0000] {logging_mixin.py:188} INFO - [2026-02-22T10:59:24.565+0000] {dagbag.py:545} INFO - Filling up the DagBag from /home/airflow/.local/lib/python3.12/site-packages/airflow/example_dags/tutorial_dag.py
[2026-02-22T10:59:24.583+0000] {processor.py:840} INFO - DAG(s) 'tutorial_dag' retrieved from /home/airflow/.local/lib/python3.12/site-packages/airflow/example_dags/tutorial_dag.py
[2026-02-22T10:59:24.623+0000] {logging_mixin.py:188} INFO - [2026-02-22T10:59:24.623+0000] {dag.py:3096} INFO - Sync 1 DAGs
[2026-02-22T10:59:24.638+0000] {logging_mixin.py:188} INFO - [2026-02-22T10:59:24.638+0000] {dag.py:3954} INFO - Setting next_dagrun for tutorial_dag to None, run_after=None
[2026-02-22T10:59:24.659+0000] {processor.py:183} INFO - Processing /home/airflow/.local/lib/python3.12/site-packages/airflow/example_dags/tutorial_dag.py took 0.115 seconds
[2026-02-22T10:59:55.061+0000] {processor.py:161} INFO - Started process (PID=1617) to work on /home/airflow/.local/lib/python3.12/site-packages/airflow/example_dags/tutorial_dag.py
[2026-02-22T10:59:55.063+0000] {processor.py:830} INFO - Processing file /home/airflow/.local/lib/python3.12/site-packages/airflow/example_dags/tutorial_dag.py for tasks to queue
[2026-02-22T10:59:55.069+0000] {logging_mixin.py:188} INFO - [2026-02-22T10:59:55.068+0000] {dagbag.py:545} INFO - Filling up the DagBag from /home/airflow/.local/lib/python3.12/site-packages/airflow/example_dags/tutorial_dag.py
[2026-02-22T10:59:55.086+0000] {processor.py:840} INFO - DAG(s) 'tutorial_dag' retrieved from /home/airflow/.local/lib/python3.12/site-packages/airflow/example_dags/tutorial_dag.py
[2026-02-22T10:59:55.136+0000] {logging_mixin.py:188} INFO - [2026-02-22T10:59:55.136+0000] {dag.py:3096} INFO - Sync 1 DAGs
[2026-02-22T10:59:55.149+0000] {logging_mixin.py:188} INFO - [2026-02-22T10:59:55.148+0000] {dag.py:3954} INFO - Setting next_dagrun for tutorial_dag to None, run_after=None
[2026-02-22T10:59:55.174+0000] {processor.py:183} INFO - Processing /home/airflow/.local/lib/python3.12/site-packages/airflow/example_dags/tutorial_dag.py took 0.133 seconds
[2026-02-22T11:00:25.412+0000] {processor.py:161} INFO - Started process (PID=1675) to work on /home/airflow/.local/lib/python3.12/site-packages/airflow/example_dags/tutorial_dag.py
[2026-02-22T11:00:25.414+0000] {processor.py:830} INFO - Processing file /home/airflow/.local/lib/python3.12/site-packages/airflow/example_dags/tutorial_dag.py for tasks to queue
[2026-02-22T11:00:25.417+0000] {logging_mixin.py:188} INFO - [2026-02-22T11:00:25.416+0000] {dagbag.py:545} INFO - Filling up the DagBag from /home/airflow/.local/lib/python3.12/site-packages/airflow/example_dags/tutorial_dag.py
[2026-02-22T11:00:25.438+0000] {processor.py:840} INFO - DAG(s) 'tutorial_dag' retrieved from /home/airflow/.local/lib/python3.12/site-packages/airflow/example_dags/tutorial_dag.py
[2026-02-22T11:00:25.490+0000] {logging_mixin.py:188} INFO - [2026-02-22T11:00:25.490+0000] {dag.py:3096} INFO - Sync 1 DAGs
[2026-02-22T11:00:25.509+0000] {logging_mixin.py:188} INFO - [2026-02-22T11:00:25.508+0000] {dag.py:3954} INFO - Setting next_dagrun for tutorial_dag to None, run_after=None
[2026-02-22T11:00:25.535+0000] {processor.py:183} INFO - Processing /home/airflow/.local/lib/python3.12/site-packages/airflow/example_dags/tutorial_dag.py took 0.135 seconds
[2026-02-22T11:00:55.880+0000] {processor.py:161} INFO - Started process (PID=1733) to work on /home/airflow/.local/lib/python3.12/site-packages/airflow/example_dags/tutorial_dag.py
[2026-02-22T11:00:55.882+0000] {processor.py:830} INFO - Processing file /home/airflow/.local/lib/python3.12/site-packages/airflow/example_dags/tutorial_dag.py for tasks to queue
[2026-02-22T11:00:55.889+0000] {logging_mixin.py:188} INFO - [2026-02-22T11:00:55.889+0000] {dagbag.py:545} INFO - Filling up the DagBag from /home/airflow/.local/lib/python3.12/site-packages/airflow/example_dags/tutorial_dag.py
[2026-02-22T11:00:55.908+0000] {processor.py:840} INFO - DAG(s) 'tutorial_dag' retrieved from /home/airflow/.local/lib/python3.12/site-packages/airflow/example_dags/tutorial_dag.py
[2026-02-22T11:00:55.949+0000] {logging_mixin.py:188} INFO - [2026-02-22T11:00:55.948+0000] {dag.py:3096} INFO - Sync 1 DAGs
[2026-02-22T11:00:55.967+0000] {logging_mixin.py:188} INFO - [2026-02-22T11:00:55.966+0000] {dag.py:3954} INFO - Setting next_dagrun for tutorial_dag to None, run_after=None
[2026-02-22T11:00:55.990+0000] {processor.py:183} INFO - Processing /home/airflow/.local/lib/python3.12/site-packages/airflow/example_dags/tutorial_dag.py took 0.132 seconds
[2026-02-22T11:01:26.180+0000] {processor.py:161} INFO - Started process (PID=1792) to work on /home/airflow/.local/lib/python3.12/site-packages/airflow/example_dags/tutorial_dag.py
[2026-02-22T11:01:26.183+0000] {processor.py:830} INFO - Processing file /home/airflow/.local/lib/python3.12/site-packages/airflow/example_dags/tutorial_dag.py for tasks to queue
[2026-02-22T11:01:26.187+0000] {logging_mixin.py:188} INFO - [2026-02-22T11:01:26.186+0000] {dagbag.py:545} INFO - Filling up the DagBag from /home/airflow/.local/lib/python3.12/site-packages/airflow/example_dags/tutorial_dag.py
[2026-02-22T11:01:26.204+0000] {processor.py:840} INFO - DAG(s) 'tutorial_dag' retrieved from /home/airflow/.local/lib/python3.12/site-packages/airflow/example_dags/tutorial_dag.py
[2026-02-22T11:01:26.240+0000] {logging_mixin.py:188} INFO - [2026-02-22T11:01:26.239+0000] {dag.py:3096} INFO - Sync 1 DAGs
[2026-02-22T11:01:26.254+0000] {logging_mixin.py:188} INFO - [2026-02-22T11:01:26.254+0000] {dag.py:3954} INFO - Setting next_dagrun for tutorial_dag to None, run_after=None
[2026-02-22T11:01:26.272+0000] {processor.py:183} INFO - Processing /home/airflow/.local/lib/python3.12/site-packages/airflow/example_dags/tutorial_dag.py took 0.106 seconds
[2026-02-22T11:01:56.596+0000] {processor.py:161} INFO - Started process (PID=1851) to work on /home/airflow/.local/lib/python3.12/site-packages/airflow/example_dags/tutorial_dag.py
[2026-02-22T11:01:56.598+0000] {processor.py:830} INFO - Processing file /home/airflow/.local/lib/python3.12/site-packages/airflow/example_dags/tutorial_dag.py for tasks to queue
[2026-02-22T11:01:56.602+0000] {logging_mixin.py:188} INFO - [2026-02-22T11:01:56.601+0000] {dagbag.py:545} INFO - Filling up the DagBag from /home/airflow/.local/lib/python3.12/site-packages/airflow/example_dags/tutorial_dag.py
[2026-02-22T11:01:56.614+0000] {processor.py:840} INFO - DAG(s) 'tutorial_dag' retrieved from /home/airflow/.local/lib/python3.12/site-packages/airflow/example_dags/tutorial_dag.py
[2026-02-22T11:01:56.641+0000] {logging_mixin.py:188} INFO - [2026-02-22T11:01:56.640+0000] {dag.py:3096} INFO - Sync 1 DAGs
[2026-02-22T11:01:56.650+0000] {logging_mixin.py:188} INFO - [2026-02-22T11:01:56.650+0000] {dag.py:3954} INFO - Setting next_dagrun for tutorial_dag to None, run_after=None
[2026-02-22T11:01:56.667+0000] {processor.py:183} INFO - Processing /home/airflow/.local/lib/python3.12/site-packages/airflow/example_dags/tutorial_dag.py took 0.089 seconds
[2026-02-22T11:02:27.036+0000] {processor.py:161} INFO - Started process (PID=1910) to work on /home/airflow/.local/lib/python3.12/site-packages/airflow/example_dags/tutorial_dag.py
[2026-02-22T11:02:27.039+0000] {processor.py:830} INFO - Processing file /home/airflow/.local/lib/python3.12/site-packages/airflow/example_dags/tutorial_dag.py for tasks to queue
[2026-02-22T11:02:27.042+0000] {logging_mixin.py:188} INFO - [2026-02-22T11:02:27.042+0000] {dagbag.py:545} INFO - Filling up the DagBag from /home/airflow/.local/lib/python3.12/site-packages/airflow/example_dags/tutorial_dag.py
[2026-02-22T11:02:27.052+0000] {processor.py:840} INFO - DAG(s) 'tutorial_dag' retrieved from /home/airflow/.local/lib/python3.12/site-packages/airflow/example_dags/tutorial_dag.py
[2026-02-22T11:02:27.072+0000] {logging_mixin.py:188} INFO - [2026-02-22T11:02:27.072+0000] {dag.py:3096} INFO - Sync 1 DAGs
[2026-02-22T11:02:27.210+0000] {logging_mixin.py:188} INFO - [2026-02-22T11:02:27.210+0000] {dag.py:3954} INFO - Setting next_dagrun for tutorial_dag to None, run_after=None
[2026-02-22T11:02:27.220+0000] {processor.py:183} INFO - Processing /home/airflow/.local/lib/python3.12/site-packages/airflow/example_dags/tutorial_dag.py took 0.194 seconds
[2026-02-22T11:02:57.447+0000] {processor.py:161} INFO - Started process (PID=1969) to work on /home/airflow/.local/lib/python3.12/site-packages/airflow/example_dags/tutorial_dag.py
[2026-02-22T11:02:57.449+0000] {processor.py:830} INFO - Processing file /home/airflow/.local/lib/python3.12/site-packages/airflow/example_dags/tutorial_dag.py for tasks to queue
[2026-02-22T11:02:57.453+0000] {logging_mixin.py:188} INFO - [2026-02-22T11:02:57.452+0000] {dagbag.py:545} INFO - Filling up the DagBag from /home/airflow/.local/lib/python3.12/site-packages/airflow/example_dags/tutorial_dag.py
[2026-02-22T11:02:57.463+0000] {processor.py:840} INFO - DAG(s) 'tutorial_dag' retrieved from /home/airflow/.local/lib/python3.12/site-packages/airflow/example_dags/tutorial_dag.py
[2026-02-22T11:02:57.492+0000] {logging_mixin.py:188} INFO - [2026-02-22T11:02:57.492+0000] {dag.py:3096} INFO - Sync 1 DAGs
[2026-02-22T11:02:57.510+0000] {logging_mixin.py:188} INFO - [2026-02-22T11:02:57.509+0000] {dag.py:3954} INFO - Setting next_dagrun for tutorial_dag to None, run_after=None
[2026-02-22T11:02:57.530+0000] {processor.py:183} INFO - Processing /home/airflow/.local/lib/python3.12/site-packages/airflow/example_dags/tutorial_dag.py took 0.093 seconds
[2026-02-22T11:03:27.684+0000] {processor.py:161} INFO - Started process (PID=2028) to work on /home/airflow/.local/lib/python3.12/site-packages/airflow/example_dags/tutorial_dag.py
[2026-02-22T11:03:27.687+0000] {processor.py:830} INFO - Processing file /home/airflow/.local/lib/python3.12/site-packages/airflow/example_dags/tutorial_dag.py for tasks to queue
[2026-02-22T11:03:27.719+0000] {logging_mixin.py:188} INFO - [2026-02-22T11:03:27.718+0000] {dagbag.py:545} INFO - Filling up the DagBag from /home/airflow/.local/lib/python3.12/site-packages/airflow/example_dags/tutorial_dag.py
[2026-02-22T11:03:27.750+0000] {processor.py:840} INFO - DAG(s) 'tutorial_dag' retrieved from /home/airflow/.local/lib/python3.12/site-packages/airflow/example_dags/tutorial_dag.py
[2026-02-22T11:03:27.835+0000] {logging_mixin.py:188} INFO - [2026-02-22T11:03:27.834+0000] {dag.py:3096} INFO - Sync 1 DAGs
[2026-02-22T11:03:27.876+0000] {logging_mixin.py:188} INFO - [2026-02-22T11:03:27.875+0000] {dag.py:3954} INFO - Setting next_dagrun for tutorial_dag to None, run_after=None
[2026-02-22T11:03:28.229+0000] {processor.py:183} INFO - Processing /home/airflow/.local/lib/python3.12/site-packages/airflow/example_dags/tutorial_dag.py took 0.572 seconds
[2026-02-22T11:03:59.328+0000] {processor.py:161} INFO - Started process (PID=2087) to work on /home/airflow/.local/lib/python3.12/site-packages/airflow/example_dags/tutorial_dag.py
[2026-02-22T11:03:59.361+0000] {processor.py:830} INFO - Processing file /home/airflow/.local/lib/python3.12/site-packages/airflow/example_dags/tutorial_dag.py for tasks to queue
[2026-02-22T11:03:59.380+0000] {logging_mixin.py:188} INFO - [2026-02-22T11:03:59.378+0000] {dagbag.py:545} INFO - Filling up the DagBag from /home/airflow/.local/lib/python3.12/site-packages/airflow/example_dags/tutorial_dag.py
[2026-02-22T11:03:59.445+0000] {processor.py:840} INFO - DAG(s) 'tutorial_dag' retrieved from /home/airflow/.local/lib/python3.12/site-packages/airflow/example_dags/tutorial_dag.py
[2026-02-22T11:03:59.658+0000] {logging_mixin.py:188} INFO - [2026-02-22T11:03:59.657+0000] {dag.py:3096} INFO - Sync 1 DAGs
[2026-02-22T11:03:59.825+0000] {logging_mixin.py:188} INFO - [2026-02-22T11:03:59.824+0000] {dag.py:3954} INFO - Setting next_dagrun for tutorial_dag to None, run_after=None
[2026-02-22T11:04:00.339+0000] {processor.py:183} INFO - Processing /home/airflow/.local/lib/python3.12/site-packages/airflow/example_dags/tutorial_dag.py took 1.136 seconds
[2026-02-22T16:34:19.164+0000] {processor.py:161} INFO - Started process (PID=43) to work on /home/airflow/.local/lib/python3.12/site-packages/airflow/example_dags/tutorial_dag.py
[2026-02-22T16:34:19.169+0000] {processor.py:830} INFO - Processing file /home/airflow/.local/lib/python3.12/site-packages/airflow/example_dags/tutorial_dag.py for tasks to queue
[2026-02-22T16:34:19.184+0000] {logging_mixin.py:188} INFO - [2026-02-22T16:34:19.183+0000] {dagbag.py:545} INFO - Filling up the DagBag from /home/airflow/.local/lib/python3.12/site-packages/airflow/example_dags/tutorial_dag.py
[2026-02-22T16:34:19.248+0000] {processor.py:840} INFO - DAG(s) 'tutorial_dag' retrieved from /home/airflow/.local/lib/python3.12/site-packages/airflow/example_dags/tutorial_dag.py
[2026-02-22T16:34:19.322+0000] {logging_mixin.py:188} INFO - [2026-02-22T16:34:19.322+0000] {dag.py:3096} INFO - Sync 1 DAGs
[2026-02-22T16:34:19.358+0000] {logging_mixin.py:188} INFO - [2026-02-22T16:34:19.358+0000] {dag.py:3954} INFO - Setting next_dagrun for tutorial_dag to None, run_after=None
[2026-02-22T16:34:19.409+0000] {processor.py:183} INFO - Processing /home/airflow/.local/lib/python3.12/site-packages/airflow/example_dags/tutorial_dag.py took 0.256 seconds
[2026-02-22T16:50:44.189+0000] {processor.py:161} INFO - Started process (PID=102) to work on /home/airflow/.local/lib/python3.12/site-packages/airflow/example_dags/tutorial_dag.py
[2026-02-22T16:50:44.191+0000] {processor.py:830} INFO - Processing file /home/airflow/.local/lib/python3.12/site-packages/airflow/example_dags/tutorial_dag.py for tasks to queue
[2026-02-22T16:50:44.194+0000] {logging_mixin.py:188} INFO - [2026-02-22T16:50:44.194+0000] {dagbag.py:545} INFO - Filling up the DagBag from /home/airflow/.local/lib/python3.12/site-packages/airflow/example_dags/tutorial_dag.py
[2026-02-22T16:50:44.210+0000] {processor.py:840} INFO - DAG(s) 'tutorial_dag' retrieved from /home/airflow/.local/lib/python3.12/site-packages/airflow/example_dags/tutorial_dag.py
[2026-02-22T16:50:44.279+0000] {logging_mixin.py:188} INFO - [2026-02-22T16:50:44.278+0000] {dag.py:3096} INFO - Sync 1 DAGs
[2026-02-22T16:50:44.316+0000] {logging_mixin.py:188} INFO - [2026-02-22T16:50:44.315+0000] {dag.py:3954} INFO - Setting next_dagrun for tutorial_dag to None, run_after=None
[2026-02-22T16:50:44.353+0000] {processor.py:183} INFO - Processing /home/airflow/.local/lib/python3.12/site-packages/airflow/example_dags/tutorial_dag.py took 0.179 seconds
[2026-02-22T16:51:14.733+0000] {processor.py:161} INFO - Started process (PID=161) to work on /home/airflow/.local/lib/python3.12/site-packages/airflow/example_dags/tutorial_dag.py
[2026-02-22T16:51:14.734+0000] {processor.py:830} INFO - Processing file /home/airflow/.local/lib/python3.12/site-packages/airflow/example_dags/tutorial_dag.py for tasks to queue
[2026-02-22T16:51:14.736+0000] {logging_mixin.py:188} INFO - [2026-02-22T16:51:14.736+0000] {dagbag.py:545} INFO - Filling up the DagBag from /home/airflow/.local/lib/python3.12/site-packages/airflow/example_dags/tutorial_dag.py
[2026-02-22T16:51:14.745+0000] {processor.py:840} INFO - DAG(s) 'tutorial_dag' retrieved from /home/airflow/.local/lib/python3.12/site-packages/airflow/example_dags/tutorial_dag.py
[2026-02-22T16:51:14.779+0000] {logging_mixin.py:188} INFO - [2026-02-22T16:51:14.779+0000] {dag.py:3096} INFO - Sync 1 DAGs
[2026-02-22T16:51:14.792+0000] {logging_mixin.py:188} INFO - [2026-02-22T16:51:14.792+0000] {dag.py:3954} INFO - Setting next_dagrun for tutorial_dag to None, run_after=None
[2026-02-22T16:51:14.810+0000] {processor.py:183} INFO - Processing /home/airflow/.local/lib/python3.12/site-packages/airflow/example_dags/tutorial_dag.py took 0.081 seconds
[2026-02-22T16:51:45.043+0000] {processor.py:161} INFO - Started process (PID=220) to work on /home/airflow/.local/lib/python3.12/site-packages/airflow/example_dags/tutorial_dag.py
[2026-02-22T16:51:45.045+0000] {processor.py:830} INFO - Processing file /home/airflow/.local/lib/python3.12/site-packages/airflow/example_dags/tutorial_dag.py for tasks to queue
[2026-02-22T16:51:45.048+0000] {logging_mixin.py:188} INFO - [2026-02-22T16:51:45.048+0000] {dagbag.py:545} INFO - Filling up the DagBag from /home/airflow/.local/lib/python3.12/site-packages/airflow/example_dags/tutorial_dag.py
[2026-02-22T16:51:45.064+0000] {processor.py:840} INFO - DAG(s) 'tutorial_dag' retrieved from /home/airflow/.local/lib/python3.12/site-packages/airflow/example_dags/tutorial_dag.py
[2026-02-22T16:51:45.095+0000] {logging_mixin.py:188} INFO - [2026-02-22T16:51:45.095+0000] {dag.py:3096} INFO - Sync 1 DAGs
[2026-02-22T16:51:45.110+0000] {logging_mixin.py:188} INFO - [2026-02-22T16:51:45.110+0000] {dag.py:3954} INFO - Setting next_dagrun for tutorial_dag to None, run_after=None
[2026-02-22T16:51:45.126+0000] {processor.py:183} INFO - Processing /home/airflow/.local/lib/python3.12/site-packages/airflow/example_dags/tutorial_dag.py took 0.089 seconds
[2026-02-22T16:52:15.404+0000] {processor.py:161} INFO - Started process (PID=279) to work on /home/airflow/.local/lib/python3.12/site-packages/airflow/example_dags/tutorial_dag.py
[2026-02-22T16:52:15.406+0000] {processor.py:830} INFO - Processing file /home/airflow/.local/lib/python3.12/site-packages/airflow/example_dags/tutorial_dag.py for tasks to queue
[2026-02-22T16:52:15.409+0000] {logging_mixin.py:188} INFO - [2026-02-22T16:52:15.408+0000] {dagbag.py:545} INFO - Filling up the DagBag from /home/airflow/.local/lib/python3.12/site-packages/airflow/example_dags/tutorial_dag.py
[2026-02-22T16:52:15.423+0000] {processor.py:840} INFO - DAG(s) 'tutorial_dag' retrieved from /home/airflow/.local/lib/python3.12/site-packages/airflow/example_dags/tutorial_dag.py
[2026-02-22T16:52:15.458+0000] {logging_mixin.py:188} INFO - [2026-02-22T16:52:15.457+0000] {dag.py:3096} INFO - Sync 1 DAGs
[2026-02-22T16:52:15.473+0000] {logging_mixin.py:188} INFO - [2026-02-22T16:52:15.473+0000] {dag.py:3954} INFO - Setting next_dagrun for tutorial_dag to None, run_after=None
[2026-02-22T16:52:15.495+0000] {processor.py:183} INFO - Processing /home/airflow/.local/lib/python3.12/site-packages/airflow/example_dags/tutorial_dag.py took 0.102 seconds
[2026-02-22T16:52:45.909+0000] {processor.py:161} INFO - Started process (PID=338) to work on /home/airflow/.local/lib/python3.12/site-packages/airflow/example_dags/tutorial_dag.py
[2026-02-22T16:52:45.910+0000] {processor.py:830} INFO - Processing file /home/airflow/.local/lib/python3.12/site-packages/airflow/example_dags/tutorial_dag.py for tasks to queue
[2026-02-22T16:52:45.917+0000] {logging_mixin.py:188} INFO - [2026-02-22T16:52:45.917+0000] {dagbag.py:545} INFO - Filling up the DagBag from /home/airflow/.local/lib/python3.12/site-packages/airflow/example_dags/tutorial_dag.py
[2026-02-22T16:52:45.934+0000] {processor.py:840} INFO - DAG(s) 'tutorial_dag' retrieved from /home/airflow/.local/lib/python3.12/site-packages/airflow/example_dags/tutorial_dag.py
[2026-02-22T16:52:45.972+0000] {logging_mixin.py:188} INFO - [2026-02-22T16:52:45.971+0000] {dag.py:3096} INFO - Sync 1 DAGs
[2026-02-22T16:52:45.983+0000] {logging_mixin.py:188} INFO - [2026-02-22T16:52:45.982+0000] {dag.py:3954} INFO - Setting next_dagrun for tutorial_dag to None, run_after=None
[2026-02-22T16:52:45.997+0000] {processor.py:183} INFO - Processing /home/airflow/.local/lib/python3.12/site-packages/airflow/example_dags/tutorial_dag.py took 0.094 seconds
[2026-02-22T16:53:16.214+0000] {processor.py:161} INFO - Started process (PID=397) to work on /home/airflow/.local/lib/python3.12/site-packages/airflow/example_dags/tutorial_dag.py
[2026-02-22T16:53:16.217+0000] {processor.py:830} INFO - Processing file /home/airflow/.local/lib/python3.12/site-packages/airflow/example_dags/tutorial_dag.py for tasks to queue
[2026-02-22T16:53:16.224+0000] {logging_mixin.py:188} INFO - [2026-02-22T16:53:16.224+0000] {dagbag.py:545} INFO - Filling up the DagBag from /home/airflow/.local/lib/python3.12/site-packages/airflow/example_dags/tutorial_dag.py
[2026-02-22T16:53:16.243+0000] {processor.py:840} INFO - DAG(s) 'tutorial_dag' retrieved from /home/airflow/.local/lib/python3.12/site-packages/airflow/example_dags/tutorial_dag.py
[2026-02-22T16:53:16.276+0000] {logging_mixin.py:188} INFO - [2026-02-22T16:53:16.276+0000] {dag.py:3096} INFO - Sync 1 DAGs
[2026-02-22T16:53:16.292+0000] {logging_mixin.py:188} INFO - [2026-02-22T16:53:16.291+0000] {dag.py:3954} INFO - Setting next_dagrun for tutorial_dag to None, run_after=None
[2026-02-22T16:53:16.307+0000] {processor.py:183} INFO - Processing /home/airflow/.local/lib/python3.12/site-packages/airflow/example_dags/tutorial_dag.py took 0.100 seconds
[2026-02-22T16:53:46.658+0000] {processor.py:161} INFO - Started process (PID=456) to work on /home/airflow/.local/lib/python3.12/site-packages/airflow/example_dags/tutorial_dag.py
[2026-02-22T16:53:46.662+0000] {processor.py:830} INFO - Processing file /home/airflow/.local/lib/python3.12/site-packages/airflow/example_dags/tutorial_dag.py for tasks to queue
[2026-02-22T16:53:46.666+0000] {logging_mixin.py:188} INFO - [2026-02-22T16:53:46.665+0000] {dagbag.py:545} INFO - Filling up the DagBag from /home/airflow/.local/lib/python3.12/site-packages/airflow/example_dags/tutorial_dag.py
[2026-02-22T16:53:46.688+0000] {processor.py:840} INFO - DAG(s) 'tutorial_dag' retrieved from /home/airflow/.local/lib/python3.12/site-packages/airflow/example_dags/tutorial_dag.py
[2026-02-22T16:53:46.729+0000] {logging_mixin.py:188} INFO - [2026-02-22T16:53:46.728+0000] {dag.py:3096} INFO - Sync 1 DAGs
[2026-02-22T16:53:46.747+0000] {logging_mixin.py:188} INFO - [2026-02-22T16:53:46.746+0000] {dag.py:3954} INFO - Setting next_dagrun for tutorial_dag to None, run_after=None
[2026-02-22T16:53:46.773+0000] {processor.py:183} INFO - Processing /home/airflow/.local/lib/python3.12/site-packages/airflow/example_dags/tutorial_dag.py took 0.126 seconds
[2026-02-22T16:54:16.963+0000] {processor.py:161} INFO - Started process (PID=515) to work on /home/airflow/.local/lib/python3.12/site-packages/airflow/example_dags/tutorial_dag.py
[2026-02-22T16:54:16.968+0000] {processor.py:830} INFO - Processing file /home/airflow/.local/lib/python3.12/site-packages/airflow/example_dags/tutorial_dag.py for tasks to queue
[2026-02-22T16:54:16.970+0000] {logging_mixin.py:188} INFO - [2026-02-22T16:54:16.970+0000] {dagbag.py:545} INFO - Filling up the DagBag from /home/airflow/.local/lib/python3.12/site-packages/airflow/example_dags/tutorial_dag.py
[2026-02-22T16:54:16.980+0000] {processor.py:840} INFO - DAG(s) 'tutorial_dag' retrieved from /home/airflow/.local/lib/python3.12/site-packages/airflow/example_dags/tutorial_dag.py
[2026-02-22T16:54:17.030+0000] {logging_mixin.py:188} INFO - [2026-02-22T16:54:17.029+0000] {dag.py:3096} INFO - Sync 1 DAGs
[2026-02-22T16:54:17.045+0000] {logging_mixin.py:188} INFO - [2026-02-22T16:54:17.045+0000] {dag.py:3954} INFO - Setting next_dagrun for tutorial_dag to None, run_after=None
[2026-02-22T16:54:17.070+0000] {processor.py:183} INFO - Processing /home/airflow/.local/lib/python3.12/site-packages/airflow/example_dags/tutorial_dag.py took 0.115 seconds
[2026-02-22T16:54:47.181+0000] {processor.py:161} INFO - Started process (PID=574) to work on /home/airflow/.local/lib/python3.12/site-packages/airflow/example_dags/tutorial_dag.py
[2026-02-22T16:54:47.182+0000] {processor.py:830} INFO - Processing file /home/airflow/.local/lib/python3.12/site-packages/airflow/example_dags/tutorial_dag.py for tasks to queue
[2026-02-22T16:54:47.185+0000] {logging_mixin.py:188} INFO - [2026-02-22T16:54:47.185+0000] {dagbag.py:545} INFO - Filling up the DagBag from /home/airflow/.local/lib/python3.12/site-packages/airflow/example_dags/tutorial_dag.py
[2026-02-22T16:54:47.200+0000] {processor.py:840} INFO - DAG(s) 'tutorial_dag' retrieved from /home/airflow/.local/lib/python3.12/site-packages/airflow/example_dags/tutorial_dag.py
[2026-02-22T16:54:47.228+0000] {logging_mixin.py:188} INFO - [2026-02-22T16:54:47.228+0000] {dag.py:3096} INFO - Sync 1 DAGs
[2026-02-22T16:54:47.244+0000] {logging_mixin.py:188} INFO - [2026-02-22T16:54:47.244+0000] {dag.py:3954} INFO - Setting next_dagrun for tutorial_dag to None, run_after=None
[2026-02-22T16:54:47.259+0000] {processor.py:183} INFO - Processing /home/airflow/.local/lib/python3.12/site-packages/airflow/example_dags/tutorial_dag.py took 0.087 seconds
[2026-02-22T16:55:17.306+0000] {processor.py:161} INFO - Started process (PID=633) to work on /home/airflow/.local/lib/python3.12/site-packages/airflow/example_dags/tutorial_dag.py
[2026-02-22T16:55:17.308+0000] {processor.py:830} INFO - Processing file /home/airflow/.local/lib/python3.12/site-packages/airflow/example_dags/tutorial_dag.py for tasks to queue
[2026-02-22T16:55:17.310+0000] {logging_mixin.py:188} INFO - [2026-02-22T16:55:17.310+0000] {dagbag.py:545} INFO - Filling up the DagBag from /home/airflow/.local/lib/python3.12/site-packages/airflow/example_dags/tutorial_dag.py
[2026-02-22T16:55:17.323+0000] {processor.py:840} INFO - DAG(s) 'tutorial_dag' retrieved from /home/airflow/.local/lib/python3.12/site-packages/airflow/example_dags/tutorial_dag.py
[2026-02-22T16:55:17.352+0000] {logging_mixin.py:188} INFO - [2026-02-22T16:55:17.352+0000] {dag.py:3096} INFO - Sync 1 DAGs
[2026-02-22T16:55:17.367+0000] {logging_mixin.py:188} INFO - [2026-02-22T16:55:17.367+0000] {dag.py:3954} INFO - Setting next_dagrun for tutorial_dag to None, run_after=None
[2026-02-22T16:55:17.378+0000] {processor.py:183} INFO - Processing /home/airflow/.local/lib/python3.12/site-packages/airflow/example_dags/tutorial_dag.py took 0.081 seconds
[2026-02-22T16:55:47.529+0000] {processor.py:161} INFO - Started process (PID=692) to work on /home/airflow/.local/lib/python3.12/site-packages/airflow/example_dags/tutorial_dag.py
[2026-02-22T16:55:47.530+0000] {processor.py:830} INFO - Processing file /home/airflow/.local/lib/python3.12/site-packages/airflow/example_dags/tutorial_dag.py for tasks to queue
[2026-02-22T16:55:47.533+0000] {logging_mixin.py:188} INFO - [2026-02-22T16:55:47.533+0000] {dagbag.py:545} INFO - Filling up the DagBag from /home/airflow/.local/lib/python3.12/site-packages/airflow/example_dags/tutorial_dag.py
[2026-02-22T16:55:47.549+0000] {processor.py:840} INFO - DAG(s) 'tutorial_dag' retrieved from /home/airflow/.local/lib/python3.12/site-packages/airflow/example_dags/tutorial_dag.py
[2026-02-22T16:55:47.579+0000] {logging_mixin.py:188} INFO - [2026-02-22T16:55:47.579+0000] {dag.py:3096} INFO - Sync 1 DAGs
[2026-02-22T16:55:47.595+0000] {logging_mixin.py:188} INFO - [2026-02-22T16:55:47.595+0000] {dag.py:3954} INFO - Setting next_dagrun for tutorial_dag to None, run_after=None
[2026-02-22T16:55:47.611+0000] {processor.py:183} INFO - Processing /home/airflow/.local/lib/python3.12/site-packages/airflow/example_dags/tutorial_dag.py took 0.093 seconds
[2026-02-22T16:56:17.707+0000] {processor.py:161} INFO - Started process (PID=751) to work on /home/airflow/.local/lib/python3.12/site-packages/airflow/example_dags/tutorial_dag.py
[2026-02-22T16:56:17.708+0000] {processor.py:830} INFO - Processing file /home/airflow/.local/lib/python3.12/site-packages/airflow/example_dags/tutorial_dag.py for tasks to queue
[2026-02-22T16:56:17.713+0000] {logging_mixin.py:188} INFO - [2026-02-22T16:56:17.713+0000] {dagbag.py:545} INFO - Filling up the DagBag from /home/airflow/.local/lib/python3.12/site-packages/airflow/example_dags/tutorial_dag.py
[2026-02-22T16:56:17.730+0000] {processor.py:840} INFO - DAG(s) 'tutorial_dag' retrieved from /home/airflow/.local/lib/python3.12/site-packages/airflow/example_dags/tutorial_dag.py
[2026-02-22T16:56:17.765+0000] {logging_mixin.py:188} INFO - [2026-02-22T16:56:17.764+0000] {dag.py:3096} INFO - Sync 1 DAGs
[2026-02-22T16:56:17.779+0000] {logging_mixin.py:188} INFO - [2026-02-22T16:56:17.779+0000] {dag.py:3954} INFO - Setting next_dagrun for tutorial_dag to None, run_after=None
[2026-02-22T16:56:17.792+0000] {processor.py:183} INFO - Processing /home/airflow/.local/lib/python3.12/site-packages/airflow/example_dags/tutorial_dag.py took 0.092 seconds
[2026-02-22T16:56:47.934+0000] {processor.py:161} INFO - Started process (PID=810) to work on /home/airflow/.local/lib/python3.12/site-packages/airflow/example_dags/tutorial_dag.py
[2026-02-22T16:56:47.936+0000] {processor.py:830} INFO - Processing file /home/airflow/.local/lib/python3.12/site-packages/airflow/example_dags/tutorial_dag.py for tasks to queue
[2026-02-22T16:56:47.941+0000] {logging_mixin.py:188} INFO - [2026-02-22T16:56:47.939+0000] {dagbag.py:545} INFO - Filling up the DagBag from /home/airflow/.local/lib/python3.12/site-packages/airflow/example_dags/tutorial_dag.py
[2026-02-22T16:56:47.950+0000] {processor.py:840} INFO - DAG(s) 'tutorial_dag' retrieved from /home/airflow/.local/lib/python3.12/site-packages/airflow/example_dags/tutorial_dag.py
[2026-02-22T16:56:47.974+0000] {logging_mixin.py:188} INFO - [2026-02-22T16:56:47.973+0000] {dag.py:3096} INFO - Sync 1 DAGs
[2026-02-22T16:56:47.989+0000] {logging_mixin.py:188} INFO - [2026-02-22T16:56:47.988+0000] {dag.py:3954} INFO - Setting next_dagrun for tutorial_dag to None, run_after=None
[2026-02-22T16:56:48.006+0000] {processor.py:183} INFO - Processing /home/airflow/.local/lib/python3.12/site-packages/airflow/example_dags/tutorial_dag.py took 0.078 seconds
[2026-02-22T16:57:18.098+0000] {processor.py:161} INFO - Started process (PID=869) to work on /home/airflow/.local/lib/python3.12/site-packages/airflow/example_dags/tutorial_dag.py
[2026-02-22T16:57:18.100+0000] {processor.py:830} INFO - Processing file /home/airflow/.local/lib/python3.12/site-packages/airflow/example_dags/tutorial_dag.py for tasks to queue
[2026-02-22T16:57:18.102+0000] {logging_mixin.py:188} INFO - [2026-02-22T16:57:18.102+0000] {dagbag.py:545} INFO - Filling up the DagBag from /home/airflow/.local/lib/python3.12/site-packages/airflow/example_dags/tutorial_dag.py
[2026-02-22T16:57:18.115+0000] {processor.py:840} INFO - DAG(s) 'tutorial_dag' retrieved from /home/airflow/.local/lib/python3.12/site-packages/airflow/example_dags/tutorial_dag.py
[2026-02-22T16:57:18.141+0000] {logging_mixin.py:188} INFO - [2026-02-22T16:57:18.141+0000] {dag.py:3096} INFO - Sync 1 DAGs
[2026-02-22T16:57:18.151+0000] {logging_mixin.py:188} INFO - [2026-02-22T16:57:18.151+0000] {dag.py:3954} INFO - Setting next_dagrun for tutorial_dag to None, run_after=None
[2026-02-22T16:57:18.165+0000] {processor.py:183} INFO - Processing /home/airflow/.local/lib/python3.12/site-packages/airflow/example_dags/tutorial_dag.py took 0.073 seconds
[2026-02-22T16:57:48.215+0000] {processor.py:161} INFO - Started process (PID=928) to work on /home/airflow/.local/lib/python3.12/site-packages/airflow/example_dags/tutorial_dag.py
[2026-02-22T16:57:48.219+0000] {processor.py:830} INFO - Processing file /home/airflow/.local/lib/python3.12/site-packages/airflow/example_dags/tutorial_dag.py for tasks to queue
[2026-02-22T16:57:48.224+0000] {logging_mixin.py:188} INFO - [2026-02-22T16:57:48.224+0000] {dagbag.py:545} INFO - Filling up the DagBag from /home/airflow/.local/lib/python3.12/site-packages/airflow/example_dags/tutorial_dag.py
[2026-02-22T16:57:48.241+0000] {processor.py:840} INFO - DAG(s) 'tutorial_dag' retrieved from /home/airflow/.local/lib/python3.12/site-packages/airflow/example_dags/tutorial_dag.py
[2026-02-22T16:57:48.276+0000] {logging_mixin.py:188} INFO - [2026-02-22T16:57:48.276+0000] {dag.py:3096} INFO - Sync 1 DAGs
[2026-02-22T16:57:48.291+0000] {logging_mixin.py:188} INFO - [2026-02-22T16:57:48.291+0000] {dag.py:3954} INFO - Setting next_dagrun for tutorial_dag to None, run_after=None
[2026-02-22T16:57:48.315+0000] {processor.py:183} INFO - Processing /home/airflow/.local/lib/python3.12/site-packages/airflow/example_dags/tutorial_dag.py took 0.108 seconds
[2026-02-22T16:58:18.544+0000] {processor.py:161} INFO - Started process (PID=987) to work on /home/airflow/.local/lib/python3.12/site-packages/airflow/example_dags/tutorial_dag.py
[2026-02-22T16:58:18.547+0000] {processor.py:830} INFO - Processing file /home/airflow/.local/lib/python3.12/site-packages/airflow/example_dags/tutorial_dag.py for tasks to queue
[2026-02-22T16:58:18.550+0000] {logging_mixin.py:188} INFO - [2026-02-22T16:58:18.550+0000] {dagbag.py:545} INFO - Filling up the DagBag from /home/airflow/.local/lib/python3.12/site-packages/airflow/example_dags/tutorial_dag.py
[2026-02-22T16:58:18.572+0000] {processor.py:840} INFO - DAG(s) 'tutorial_dag' retrieved from /home/airflow/.local/lib/python3.12/site-packages/airflow/example_dags/tutorial_dag.py
[2026-02-22T16:58:18.608+0000] {logging_mixin.py:188} INFO - [2026-02-22T16:58:18.608+0000] {dag.py:3096} INFO - Sync 1 DAGs
[2026-02-22T16:58:18.635+0000] {logging_mixin.py:188} INFO - [2026-02-22T16:58:18.635+0000] {dag.py:3954} INFO - Setting next_dagrun for tutorial_dag to None, run_after=None
[2026-02-22T16:58:18.664+0000] {processor.py:183} INFO - Processing /home/airflow/.local/lib/python3.12/site-packages/airflow/example_dags/tutorial_dag.py took 0.134 seconds
[2026-02-22T16:58:49.158+0000] {processor.py:161} INFO - Started process (PID=1046) to work on /home/airflow/.local/lib/python3.12/site-packages/airflow/example_dags/tutorial_dag.py
[2026-02-22T16:58:49.159+0000] {processor.py:830} INFO - Processing file /home/airflow/.local/lib/python3.12/site-packages/airflow/example_dags/tutorial_dag.py for tasks to queue
[2026-02-22T16:58:49.163+0000] {logging_mixin.py:188} INFO - [2026-02-22T16:58:49.162+0000] {dagbag.py:545} INFO - Filling up the DagBag from /home/airflow/.local/lib/python3.12/site-packages/airflow/example_dags/tutorial_dag.py
[2026-02-22T16:58:49.178+0000] {processor.py:840} INFO - DAG(s) 'tutorial_dag' retrieved from /home/airflow/.local/lib/python3.12/site-packages/airflow/example_dags/tutorial_dag.py
[2026-02-22T16:58:49.210+0000] {logging_mixin.py:188} INFO - [2026-02-22T16:58:49.210+0000] {dag.py:3096} INFO - Sync 1 DAGs
[2026-02-22T16:58:49.225+0000] {logging_mixin.py:188} INFO - [2026-02-22T16:58:49.224+0000] {dag.py:3954} INFO - Setting next_dagrun for tutorial_dag to None, run_after=None
[2026-02-22T16:58:49.242+0000] {processor.py:183} INFO - Processing /home/airflow/.local/lib/python3.12/site-packages/airflow/example_dags/tutorial_dag.py took 0.093 seconds
[2026-02-22T16:59:19.575+0000] {processor.py:161} INFO - Started process (PID=1105) to work on /home/airflow/.local/lib/python3.12/site-packages/airflow/example_dags/tutorial_dag.py
[2026-02-22T16:59:19.582+0000] {processor.py:830} INFO - Processing file /home/airflow/.local/lib/python3.12/site-packages/airflow/example_dags/tutorial_dag.py for tasks to queue
[2026-02-22T16:59:19.586+0000] {logging_mixin.py:188} INFO - [2026-02-22T16:59:19.586+0000] {dagbag.py:545} INFO - Filling up the DagBag from /home/airflow/.local/lib/python3.12/site-packages/airflow/example_dags/tutorial_dag.py
[2026-02-22T16:59:19.600+0000] {processor.py:840} INFO - DAG(s) 'tutorial_dag' retrieved from /home/airflow/.local/lib/python3.12/site-packages/airflow/example_dags/tutorial_dag.py
[2026-02-22T16:59:19.641+0000] {logging_mixin.py:188} INFO - [2026-02-22T16:59:19.641+0000] {dag.py:3096} INFO - Sync 1 DAGs
[2026-02-22T16:59:19.653+0000] {logging_mixin.py:188} INFO - [2026-02-22T16:59:19.653+0000] {dag.py:3954} INFO - Setting next_dagrun for tutorial_dag to None, run_after=None
[2026-02-22T16:59:19.673+0000] {processor.py:183} INFO - Processing /home/airflow/.local/lib/python3.12/site-packages/airflow/example_dags/tutorial_dag.py took 0.107 seconds
[2026-02-22T16:59:49.791+0000] {processor.py:161} INFO - Started process (PID=1164) to work on /home/airflow/.local/lib/python3.12/site-packages/airflow/example_dags/tutorial_dag.py
[2026-02-22T16:59:49.795+0000] {processor.py:830} INFO - Processing file /home/airflow/.local/lib/python3.12/site-packages/airflow/example_dags/tutorial_dag.py for tasks to queue
[2026-02-22T16:59:49.797+0000] {logging_mixin.py:188} INFO - [2026-02-22T16:59:49.797+0000] {dagbag.py:545} INFO - Filling up the DagBag from /home/airflow/.local/lib/python3.12/site-packages/airflow/example_dags/tutorial_dag.py
[2026-02-22T16:59:49.810+0000] {processor.py:840} INFO - DAG(s) 'tutorial_dag' retrieved from /home/airflow/.local/lib/python3.12/site-packages/airflow/example_dags/tutorial_dag.py
[2026-02-22T16:59:49.840+0000] {logging_mixin.py:188} INFO - [2026-02-22T16:59:49.840+0000] {dag.py:3096} INFO - Sync 1 DAGs
[2026-02-22T16:59:49.853+0000] {logging_mixin.py:188} INFO - [2026-02-22T16:59:49.853+0000] {dag.py:3954} INFO - Setting next_dagrun for tutorial_dag to None, run_after=None
[2026-02-22T16:59:49.875+0000] {processor.py:183} INFO - Processing /home/airflow/.local/lib/python3.12/site-packages/airflow/example_dags/tutorial_dag.py took 0.092 seconds
[2026-02-22T17:00:20.005+0000] {processor.py:161} INFO - Started process (PID=1223) to work on /home/airflow/.local/lib/python3.12/site-packages/airflow/example_dags/tutorial_dag.py
[2026-02-22T17:00:20.009+0000] {processor.py:830} INFO - Processing file /home/airflow/.local/lib/python3.12/site-packages/airflow/example_dags/tutorial_dag.py for tasks to queue
[2026-02-22T17:00:20.012+0000] {logging_mixin.py:188} INFO - [2026-02-22T17:00:20.012+0000] {dagbag.py:545} INFO - Filling up the DagBag from /home/airflow/.local/lib/python3.12/site-packages/airflow/example_dags/tutorial_dag.py
[2026-02-22T17:00:20.035+0000] {processor.py:840} INFO - DAG(s) 'tutorial_dag' retrieved from /home/airflow/.local/lib/python3.12/site-packages/airflow/example_dags/tutorial_dag.py
[2026-02-22T17:00:20.077+0000] {logging_mixin.py:188} INFO - [2026-02-22T17:00:20.076+0000] {dag.py:3096} INFO - Sync 1 DAGs
[2026-02-22T17:00:20.096+0000] {logging_mixin.py:188} INFO - [2026-02-22T17:00:20.096+0000] {dag.py:3954} INFO - Setting next_dagrun for tutorial_dag to None, run_after=None
[2026-02-22T17:00:20.121+0000] {processor.py:183} INFO - Processing /home/airflow/.local/lib/python3.12/site-packages/airflow/example_dags/tutorial_dag.py took 0.135 seconds
[2026-02-22T17:00:50.654+0000] {processor.py:161} INFO - Started process (PID=1282) to work on /home/airflow/.local/lib/python3.12/site-packages/airflow/example_dags/tutorial_dag.py
[2026-02-22T17:00:50.655+0000] {processor.py:830} INFO - Processing file /home/airflow/.local/lib/python3.12/site-packages/airflow/example_dags/tutorial_dag.py for tasks to queue
[2026-02-22T17:00:50.662+0000] {logging_mixin.py:188} INFO - [2026-02-22T17:00:50.661+0000] {dagbag.py:545} INFO - Filling up the DagBag from /home/airflow/.local/lib/python3.12/site-packages/airflow/example_dags/tutorial_dag.py
[2026-02-22T17:00:50.675+0000] {processor.py:840} INFO - DAG(s) 'tutorial_dag' retrieved from /home/airflow/.local/lib/python3.12/site-packages/airflow/example_dags/tutorial_dag.py
[2026-02-22T17:00:50.705+0000] {logging_mixin.py:188} INFO - [2026-02-22T17:00:50.704+0000] {dag.py:3096} INFO - Sync 1 DAGs
[2026-02-22T17:00:50.717+0000] {logging_mixin.py:188} INFO - [2026-02-22T17:00:50.717+0000] {dag.py:3954} INFO - Setting next_dagrun for tutorial_dag to None, run_after=None
[2026-02-22T17:00:50.740+0000] {processor.py:183} INFO - Processing /home/airflow/.local/lib/python3.12/site-packages/airflow/example_dags/tutorial_dag.py took 0.098 seconds
[2026-02-22T17:01:20.991+0000] {processor.py:161} INFO - Started process (PID=1341) to work on /home/airflow/.local/lib/python3.12/site-packages/airflow/example_dags/tutorial_dag.py
[2026-02-22T17:01:20.993+0000] {processor.py:830} INFO - Processing file /home/airflow/.local/lib/python3.12/site-packages/airflow/example_dags/tutorial_dag.py for tasks to queue
[2026-02-22T17:01:20.996+0000] {logging_mixin.py:188} INFO - [2026-02-22T17:01:20.995+0000] {dagbag.py:545} INFO - Filling up the DagBag from /home/airflow/.local/lib/python3.12/site-packages/airflow/example_dags/tutorial_dag.py
[2026-02-22T17:01:21.011+0000] {processor.py:840} INFO - DAG(s) 'tutorial_dag' retrieved from /home/airflow/.local/lib/python3.12/site-packages/airflow/example_dags/tutorial_dag.py
[2026-02-22T17:01:21.057+0000] {logging_mixin.py:188} INFO - [2026-02-22T17:01:21.057+0000] {dag.py:3096} INFO - Sync 1 DAGs
[2026-02-22T17:01:21.076+0000] {logging_mixin.py:188} INFO - [2026-02-22T17:01:21.075+0000] {dag.py:3954} INFO - Setting next_dagrun for tutorial_dag to None, run_after=None
[2026-02-22T17:01:21.091+0000] {processor.py:183} INFO - Processing /home/airflow/.local/lib/python3.12/site-packages/airflow/example_dags/tutorial_dag.py took 0.110 seconds
[2026-02-22T17:01:51.610+0000] {processor.py:161} INFO - Started process (PID=1400) to work on /home/airflow/.local/lib/python3.12/site-packages/airflow/example_dags/tutorial_dag.py
[2026-02-22T17:01:51.613+0000] {processor.py:830} INFO - Processing file /home/airflow/.local/lib/python3.12/site-packages/airflow/example_dags/tutorial_dag.py for tasks to queue
[2026-02-22T17:01:51.615+0000] {logging_mixin.py:188} INFO - [2026-02-22T17:01:51.615+0000] {dagbag.py:545} INFO - Filling up the DagBag from /home/airflow/.local/lib/python3.12/site-packages/airflow/example_dags/tutorial_dag.py
[2026-02-22T17:01:51.629+0000] {processor.py:840} INFO - DAG(s) 'tutorial_dag' retrieved from /home/airflow/.local/lib/python3.12/site-packages/airflow/example_dags/tutorial_dag.py
[2026-02-22T17:01:51.660+0000] {logging_mixin.py:188} INFO - [2026-02-22T17:01:51.660+0000] {dag.py:3096} INFO - Sync 1 DAGs
[2026-02-22T17:01:51.673+0000] {logging_mixin.py:188} INFO - [2026-02-22T17:01:51.673+0000] {dag.py:3954} INFO - Setting next_dagrun for tutorial_dag to None, run_after=None
[2026-02-22T17:01:51.693+0000] {processor.py:183} INFO - Processing /home/airflow/.local/lib/python3.12/site-packages/airflow/example_dags/tutorial_dag.py took 0.090 seconds
[2026-02-22T17:02:21.946+0000] {processor.py:161} INFO - Started process (PID=1459) to work on /home/airflow/.local/lib/python3.12/site-packages/airflow/example_dags/tutorial_dag.py
[2026-02-22T17:02:21.947+0000] {processor.py:830} INFO - Processing file /home/airflow/.local/lib/python3.12/site-packages/airflow/example_dags/tutorial_dag.py for tasks to queue
[2026-02-22T17:02:21.949+0000] {logging_mixin.py:188} INFO - [2026-02-22T17:02:21.948+0000] {dagbag.py:545} INFO - Filling up the DagBag from /home/airflow/.local/lib/python3.12/site-packages/airflow/example_dags/tutorial_dag.py
[2026-02-22T17:02:21.962+0000] {processor.py:840} INFO - DAG(s) 'tutorial_dag' retrieved from /home/airflow/.local/lib/python3.12/site-packages/airflow/example_dags/tutorial_dag.py
[2026-02-22T17:02:21.992+0000] {logging_mixin.py:188} INFO - [2026-02-22T17:02:21.992+0000] {dag.py:3096} INFO - Sync 1 DAGs
[2026-02-22T17:02:22.004+0000] {logging_mixin.py:188} INFO - [2026-02-22T17:02:22.004+0000] {dag.py:3954} INFO - Setting next_dagrun for tutorial_dag to None, run_after=None
[2026-02-22T17:02:22.016+0000] {processor.py:183} INFO - Processing /home/airflow/.local/lib/python3.12/site-packages/airflow/example_dags/tutorial_dag.py took 0.075 seconds
[2026-02-22T17:02:52.184+0000] {processor.py:161} INFO - Started process (PID=1518) to work on /home/airflow/.local/lib/python3.12/site-packages/airflow/example_dags/tutorial_dag.py
[2026-02-22T17:02:52.186+0000] {processor.py:830} INFO - Processing file /home/airflow/.local/lib/python3.12/site-packages/airflow/example_dags/tutorial_dag.py for tasks to queue
[2026-02-22T17:02:52.188+0000] {logging_mixin.py:188} INFO - [2026-02-22T17:02:52.188+0000] {dagbag.py:545} INFO - Filling up the DagBag from /home/airflow/.local/lib/python3.12/site-packages/airflow/example_dags/tutorial_dag.py
[2026-02-22T17:02:52.195+0000] {processor.py:840} INFO - DAG(s) 'tutorial_dag' retrieved from /home/airflow/.local/lib/python3.12/site-packages/airflow/example_dags/tutorial_dag.py
[2026-02-22T17:02:52.221+0000] {logging_mixin.py:188} INFO - [2026-02-22T17:02:52.221+0000] {dag.py:3096} INFO - Sync 1 DAGs
[2026-02-22T17:02:52.235+0000] {logging_mixin.py:188} INFO - [2026-02-22T17:02:52.234+0000] {dag.py:3954} INFO - Setting next_dagrun for tutorial_dag to None, run_after=None
[2026-02-22T17:02:52.251+0000] {processor.py:183} INFO - Processing /home/airflow/.local/lib/python3.12/site-packages/airflow/example_dags/tutorial_dag.py took 0.071 seconds
[2026-02-22T17:03:22.408+0000] {processor.py:161} INFO - Started process (PID=1577) to work on /home/airflow/.local/lib/python3.12/site-packages/airflow/example_dags/tutorial_dag.py
[2026-02-22T17:03:22.410+0000] {processor.py:830} INFO - Processing file /home/airflow/.local/lib/python3.12/site-packages/airflow/example_dags/tutorial_dag.py for tasks to queue
[2026-02-22T17:03:22.413+0000] {logging_mixin.py:188} INFO - [2026-02-22T17:03:22.413+0000] {dagbag.py:545} INFO - Filling up the DagBag from /home/airflow/.local/lib/python3.12/site-packages/airflow/example_dags/tutorial_dag.py
[2026-02-22T17:03:22.430+0000] {processor.py:840} INFO - DAG(s) 'tutorial_dag' retrieved from /home/airflow/.local/lib/python3.12/site-packages/airflow/example_dags/tutorial_dag.py
[2026-02-22T17:03:22.458+0000] {logging_mixin.py:188} INFO - [2026-02-22T17:03:22.458+0000] {dag.py:3096} INFO - Sync 1 DAGs
[2026-02-22T17:03:22.469+0000] {logging_mixin.py:188} INFO - [2026-02-22T17:03:22.469+0000] {dag.py:3954} INFO - Setting next_dagrun for tutorial_dag to None, run_after=None
[2026-02-22T17:03:22.486+0000] {processor.py:183} INFO - Processing /home/airflow/.local/lib/python3.12/site-packages/airflow/example_dags/tutorial_dag.py took 0.088 seconds
[2026-02-22T17:03:52.555+0000] {processor.py:161} INFO - Started process (PID=1636) to work on /home/airflow/.local/lib/python3.12/site-packages/airflow/example_dags/tutorial_dag.py
[2026-02-22T17:03:52.557+0000] {processor.py:830} INFO - Processing file /home/airflow/.local/lib/python3.12/site-packages/airflow/example_dags/tutorial_dag.py for tasks to queue
[2026-02-22T17:03:52.561+0000] {logging_mixin.py:188} INFO - [2026-02-22T17:03:52.560+0000] {dagbag.py:545} INFO - Filling up the DagBag from /home/airflow/.local/lib/python3.12/site-packages/airflow/example_dags/tutorial_dag.py
[2026-02-22T17:03:52.572+0000] {processor.py:840} INFO - DAG(s) 'tutorial_dag' retrieved from /home/airflow/.local/lib/python3.12/site-packages/airflow/example_dags/tutorial_dag.py
[2026-02-22T17:03:52.605+0000] {logging_mixin.py:188} INFO - [2026-02-22T17:03:52.605+0000] {dag.py:3096} INFO - Sync 1 DAGs
[2026-02-22T17:03:52.621+0000] {logging_mixin.py:188} INFO - [2026-02-22T17:03:52.621+0000] {dag.py:3954} INFO - Setting next_dagrun for tutorial_dag to None, run_after=None
[2026-02-22T17:03:52.638+0000] {processor.py:183} INFO - Processing /home/airflow/.local/lib/python3.12/site-packages/airflow/example_dags/tutorial_dag.py took 0.091 seconds
[2026-02-22T17:04:22.707+0000] {processor.py:161} INFO - Started process (PID=1695) to work on /home/airflow/.local/lib/python3.12/site-packages/airflow/example_dags/tutorial_dag.py
[2026-02-22T17:04:22.709+0000] {processor.py:830} INFO - Processing file /home/airflow/.local/lib/python3.12/site-packages/airflow/example_dags/tutorial_dag.py for tasks to queue
[2026-02-22T17:04:22.714+0000] {logging_mixin.py:188} INFO - [2026-02-22T17:04:22.713+0000] {dagbag.py:545} INFO - Filling up the DagBag from /home/airflow/.local/lib/python3.12/site-packages/airflow/example_dags/tutorial_dag.py
[2026-02-22T17:04:22.736+0000] {processor.py:840} INFO - DAG(s) 'tutorial_dag' retrieved from /home/airflow/.local/lib/python3.12/site-packages/airflow/example_dags/tutorial_dag.py
[2026-02-22T17:04:22.771+0000] {logging_mixin.py:188} INFO - [2026-02-22T17:04:22.770+0000] {dag.py:3096} INFO - Sync 1 DAGs
[2026-02-22T17:04:22.782+0000] {logging_mixin.py:188} INFO - [2026-02-22T17:04:22.782+0000] {dag.py:3954} INFO - Setting next_dagrun for tutorial_dag to None, run_after=None
[2026-02-22T17:04:22.797+0000] {processor.py:183} INFO - Processing /home/airflow/.local/lib/python3.12/site-packages/airflow/example_dags/tutorial_dag.py took 0.100 seconds
[2026-02-22T17:04:53.313+0000] {processor.py:161} INFO - Started process (PID=1754) to work on /home/airflow/.local/lib/python3.12/site-packages/airflow/example_dags/tutorial_dag.py
[2026-02-22T17:04:53.320+0000] {processor.py:830} INFO - Processing file /home/airflow/.local/lib/python3.12/site-packages/airflow/example_dags/tutorial_dag.py for tasks to queue
[2026-02-22T17:04:53.332+0000] {logging_mixin.py:188} INFO - [2026-02-22T17:04:53.332+0000] {dagbag.py:545} INFO - Filling up the DagBag from /home/airflow/.local/lib/python3.12/site-packages/airflow/example_dags/tutorial_dag.py
[2026-02-22T17:04:53.357+0000] {processor.py:840} INFO - DAG(s) 'tutorial_dag' retrieved from /home/airflow/.local/lib/python3.12/site-packages/airflow/example_dags/tutorial_dag.py
[2026-02-22T17:04:53.392+0000] {logging_mixin.py:188} INFO - [2026-02-22T17:04:53.391+0000] {dag.py:3096} INFO - Sync 1 DAGs
[2026-02-22T17:04:53.417+0000] {logging_mixin.py:188} INFO - [2026-02-22T17:04:53.417+0000] {dag.py:3954} INFO - Setting next_dagrun for tutorial_dag to None, run_after=None
[2026-02-22T17:04:53.443+0000] {processor.py:183} INFO - Processing /home/airflow/.local/lib/python3.12/site-packages/airflow/example_dags/tutorial_dag.py took 0.143 seconds
[2026-02-22T17:05:23.808+0000] {processor.py:161} INFO - Started process (PID=1813) to work on /home/airflow/.local/lib/python3.12/site-packages/airflow/example_dags/tutorial_dag.py
[2026-02-22T17:05:23.809+0000] {processor.py:830} INFO - Processing file /home/airflow/.local/lib/python3.12/site-packages/airflow/example_dags/tutorial_dag.py for tasks to queue
[2026-02-22T17:05:23.812+0000] {logging_mixin.py:188} INFO - [2026-02-22T17:05:23.811+0000] {dagbag.py:545} INFO - Filling up the DagBag from /home/airflow/.local/lib/python3.12/site-packages/airflow/example_dags/tutorial_dag.py
[2026-02-22T17:05:23.818+0000] {processor.py:840} INFO - DAG(s) 'tutorial_dag' retrieved from /home/airflow/.local/lib/python3.12/site-packages/airflow/example_dags/tutorial_dag.py
[2026-02-22T17:05:23.836+0000] {logging_mixin.py:188} INFO - [2026-02-22T17:05:23.836+0000] {dag.py:3096} INFO - Sync 1 DAGs
[2026-02-22T17:05:23.845+0000] {logging_mixin.py:188} INFO - [2026-02-22T17:05:23.844+0000] {dag.py:3954} INFO - Setting next_dagrun for tutorial_dag to None, run_after=None
[2026-02-22T17:05:23.856+0000] {processor.py:183} INFO - Processing /home/airflow/.local/lib/python3.12/site-packages/airflow/example_dags/tutorial_dag.py took 0.055 seconds
[2026-02-22T17:05:54.013+0000] {processor.py:161} INFO - Started process (PID=1872) to work on /home/airflow/.local/lib/python3.12/site-packages/airflow/example_dags/tutorial_dag.py
[2026-02-22T17:05:54.014+0000] {processor.py:830} INFO - Processing file /home/airflow/.local/lib/python3.12/site-packages/airflow/example_dags/tutorial_dag.py for tasks to queue
[2026-02-22T17:05:54.029+0000] {logging_mixin.py:188} INFO - [2026-02-22T17:05:54.029+0000] {dagbag.py:545} INFO - Filling up the DagBag from /home/airflow/.local/lib/python3.12/site-packages/airflow/example_dags/tutorial_dag.py
[2026-02-22T17:05:54.061+0000] {processor.py:840} INFO - DAG(s) 'tutorial_dag' retrieved from /home/airflow/.local/lib/python3.12/site-packages/airflow/example_dags/tutorial_dag.py
[2026-02-22T17:05:54.281+0000] {logging_mixin.py:188} INFO - [2026-02-22T17:05:54.241+0000] {dag.py:3096} INFO - Sync 1 DAGs
[2026-02-22T17:05:54.331+0000] {logging_mixin.py:188} INFO - [2026-02-22T17:05:54.331+0000] {dag.py:3954} INFO - Setting next_dagrun for tutorial_dag to None, run_after=None
[2026-02-22T17:05:54.417+0000] {processor.py:183} INFO - Processing /home/airflow/.local/lib/python3.12/site-packages/airflow/example_dags/tutorial_dag.py took 0.413 seconds
[2026-02-22T17:06:24.754+0000] {processor.py:161} INFO - Started process (PID=1931) to work on /home/airflow/.local/lib/python3.12/site-packages/airflow/example_dags/tutorial_dag.py
[2026-02-22T17:06:24.756+0000] {processor.py:830} INFO - Processing file /home/airflow/.local/lib/python3.12/site-packages/airflow/example_dags/tutorial_dag.py for tasks to queue
[2026-02-22T17:06:24.759+0000] {logging_mixin.py:188} INFO - [2026-02-22T17:06:24.758+0000] {dagbag.py:545} INFO - Filling up the DagBag from /home/airflow/.local/lib/python3.12/site-packages/airflow/example_dags/tutorial_dag.py
[2026-02-22T17:06:24.772+0000] {processor.py:840} INFO - DAG(s) 'tutorial_dag' retrieved from /home/airflow/.local/lib/python3.12/site-packages/airflow/example_dags/tutorial_dag.py
[2026-02-22T17:06:24.834+0000] {logging_mixin.py:188} INFO - [2026-02-22T17:06:24.833+0000] {dag.py:3096} INFO - Sync 1 DAGs
[2026-02-22T17:06:24.866+0000] {logging_mixin.py:188} INFO - [2026-02-22T17:06:24.865+0000] {dag.py:3954} INFO - Setting next_dagrun for tutorial_dag to None, run_after=None
[2026-02-22T17:06:24.910+0000] {processor.py:183} INFO - Processing /home/airflow/.local/lib/python3.12/site-packages/airflow/example_dags/tutorial_dag.py took 0.168 seconds
[2026-02-22T17:06:55.472+0000] {processor.py:161} INFO - Started process (PID=1990) to work on /home/airflow/.local/lib/python3.12/site-packages/airflow/example_dags/tutorial_dag.py
[2026-02-22T17:06:55.476+0000] {processor.py:830} INFO - Processing file /home/airflow/.local/lib/python3.12/site-packages/airflow/example_dags/tutorial_dag.py for tasks to queue
[2026-02-22T17:06:55.480+0000] {logging_mixin.py:188} INFO - [2026-02-22T17:06:55.479+0000] {dagbag.py:545} INFO - Filling up the DagBag from /home/airflow/.local/lib/python3.12/site-packages/airflow/example_dags/tutorial_dag.py
[2026-02-22T17:06:55.489+0000] {processor.py:840} INFO - DAG(s) 'tutorial_dag' retrieved from /home/airflow/.local/lib/python3.12/site-packages/airflow/example_dags/tutorial_dag.py
[2026-02-22T17:06:55.517+0000] {logging_mixin.py:188} INFO - [2026-02-22T17:06:55.517+0000] {dag.py:3096} INFO - Sync 1 DAGs
[2026-02-22T17:06:55.533+0000] {logging_mixin.py:188} INFO - [2026-02-22T17:06:55.533+0000] {dag.py:3954} INFO - Setting next_dagrun for tutorial_dag to None, run_after=None
[2026-02-22T17:06:55.554+0000] {processor.py:183} INFO - Processing /home/airflow/.local/lib/python3.12/site-packages/airflow/example_dags/tutorial_dag.py took 0.092 seconds
[2026-02-22T17:07:25.882+0000] {processor.py:161} INFO - Started process (PID=2047) to work on /home/airflow/.local/lib/python3.12/site-packages/airflow/example_dags/tutorial_dag.py
[2026-02-22T17:07:25.884+0000] {processor.py:830} INFO - Processing file /home/airflow/.local/lib/python3.12/site-packages/airflow/example_dags/tutorial_dag.py for tasks to queue
[2026-02-22T17:07:25.889+0000] {logging_mixin.py:188} INFO - [2026-02-22T17:07:25.889+0000] {dagbag.py:545} INFO - Filling up the DagBag from /home/airflow/.local/lib/python3.12/site-packages/airflow/example_dags/tutorial_dag.py
[2026-02-22T17:07:25.908+0000] {processor.py:840} INFO - DAG(s) 'tutorial_dag' retrieved from /home/airflow/.local/lib/python3.12/site-packages/airflow/example_dags/tutorial_dag.py
[2026-02-22T17:07:26.263+0000] {logging_mixin.py:188} INFO - [2026-02-22T17:07:26.263+0000] {dag.py:3096} INFO - Sync 1 DAGs
[2026-02-22T17:07:26.273+0000] {logging_mixin.py:188} INFO - [2026-02-22T17:07:26.273+0000] {dag.py:3954} INFO - Setting next_dagrun for tutorial_dag to None, run_after=None
[2026-02-22T17:07:26.296+0000] {processor.py:183} INFO - Processing /home/airflow/.local/lib/python3.12/site-packages/airflow/example_dags/tutorial_dag.py took 0.422 seconds
[2026-02-22T17:07:56.347+0000] {processor.py:161} INFO - Started process (PID=2108) to work on /home/airflow/.local/lib/python3.12/site-packages/airflow/example_dags/tutorial_dag.py
[2026-02-22T17:07:56.348+0000] {processor.py:830} INFO - Processing file /home/airflow/.local/lib/python3.12/site-packages/airflow/example_dags/tutorial_dag.py for tasks to queue
[2026-02-22T17:07:56.350+0000] {logging_mixin.py:188} INFO - [2026-02-22T17:07:56.350+0000] {dagbag.py:545} INFO - Filling up the DagBag from /home/airflow/.local/lib/python3.12/site-packages/airflow/example_dags/tutorial_dag.py
[2026-02-22T17:07:56.354+0000] {processor.py:840} INFO - DAG(s) 'tutorial_dag' retrieved from /home/airflow/.local/lib/python3.12/site-packages/airflow/example_dags/tutorial_dag.py
[2026-02-22T17:07:56.375+0000] {logging_mixin.py:188} INFO - [2026-02-22T17:07:56.375+0000] {dag.py:3096} INFO - Sync 1 DAGs
[2026-02-22T17:07:56.385+0000] {logging_mixin.py:188} INFO - [2026-02-22T17:07:56.385+0000] {dag.py:3954} INFO - Setting next_dagrun for tutorial_dag to None, run_after=None
[2026-02-22T17:07:56.399+0000] {processor.py:183} INFO - Processing /home/airflow/.local/lib/python3.12/site-packages/airflow/example_dags/tutorial_dag.py took 0.057 seconds
[2026-02-22T17:08:26.989+0000] {processor.py:161} INFO - Started process (PID=2165) to work on /home/airflow/.local/lib/python3.12/site-packages/airflow/example_dags/tutorial_dag.py
[2026-02-22T17:08:26.992+0000] {processor.py:830} INFO - Processing file /home/airflow/.local/lib/python3.12/site-packages/airflow/example_dags/tutorial_dag.py for tasks to queue
[2026-02-22T17:08:26.995+0000] {logging_mixin.py:188} INFO - [2026-02-22T17:08:26.995+0000] {dagbag.py:545} INFO - Filling up the DagBag from /home/airflow/.local/lib/python3.12/site-packages/airflow/example_dags/tutorial_dag.py
[2026-02-22T17:08:27.006+0000] {processor.py:840} INFO - DAG(s) 'tutorial_dag' retrieved from /home/airflow/.local/lib/python3.12/site-packages/airflow/example_dags/tutorial_dag.py
[2026-02-22T17:08:27.035+0000] {logging_mixin.py:188} INFO - [2026-02-22T17:08:27.035+0000] {dag.py:3096} INFO - Sync 1 DAGs
[2026-02-22T17:08:27.055+0000] {logging_mixin.py:188} INFO - [2026-02-22T17:08:27.055+0000] {dag.py:3954} INFO - Setting next_dagrun for tutorial_dag to None, run_after=None
[2026-02-22T17:08:27.070+0000] {processor.py:183} INFO - Processing /home/airflow/.local/lib/python3.12/site-packages/airflow/example_dags/tutorial_dag.py took 0.088 seconds
[2026-02-22T17:08:57.137+0000] {processor.py:161} INFO - Started process (PID=2224) to work on /home/airflow/.local/lib/python3.12/site-packages/airflow/example_dags/tutorial_dag.py
[2026-02-22T17:08:57.138+0000] {processor.py:830} INFO - Processing file /home/airflow/.local/lib/python3.12/site-packages/airflow/example_dags/tutorial_dag.py for tasks to queue
[2026-02-22T17:08:57.139+0000] {logging_mixin.py:188} INFO - [2026-02-22T17:08:57.139+0000] {dagbag.py:545} INFO - Filling up the DagBag from /home/airflow/.local/lib/python3.12/site-packages/airflow/example_dags/tutorial_dag.py
[2026-02-22T17:08:57.145+0000] {processor.py:840} INFO - DAG(s) 'tutorial_dag' retrieved from /home/airflow/.local/lib/python3.12/site-packages/airflow/example_dags/tutorial_dag.py
[2026-02-22T17:08:57.164+0000] {logging_mixin.py:188} INFO - [2026-02-22T17:08:57.163+0000] {dag.py:3096} INFO - Sync 1 DAGs
[2026-02-22T17:08:57.178+0000] {logging_mixin.py:188} INFO - [2026-02-22T17:08:57.178+0000] {dag.py:3954} INFO - Setting next_dagrun for tutorial_dag to None, run_after=None
[2026-02-22T17:08:57.194+0000] {processor.py:183} INFO - Processing /home/airflow/.local/lib/python3.12/site-packages/airflow/example_dags/tutorial_dag.py took 0.062 seconds
[2026-02-22T17:09:28.097+0000] {processor.py:161} INFO - Started process (PID=2283) to work on /home/airflow/.local/lib/python3.12/site-packages/airflow/example_dags/tutorial_dag.py
[2026-02-22T17:09:28.099+0000] {processor.py:830} INFO - Processing file /home/airflow/.local/lib/python3.12/site-packages/airflow/example_dags/tutorial_dag.py for tasks to queue
[2026-02-22T17:09:28.102+0000] {logging_mixin.py:188} INFO - [2026-02-22T17:09:28.102+0000] {dagbag.py:545} INFO - Filling up the DagBag from /home/airflow/.local/lib/python3.12/site-packages/airflow/example_dags/tutorial_dag.py
[2026-02-22T17:09:28.122+0000] {processor.py:840} INFO - DAG(s) 'tutorial_dag' retrieved from /home/airflow/.local/lib/python3.12/site-packages/airflow/example_dags/tutorial_dag.py
[2026-02-22T17:09:28.216+0000] {logging_mixin.py:188} INFO - [2026-02-22T17:09:28.215+0000] {dag.py:3096} INFO - Sync 1 DAGs
[2026-02-22T17:09:28.259+0000] {logging_mixin.py:188} INFO - [2026-02-22T17:09:28.258+0000] {dag.py:3954} INFO - Setting next_dagrun for tutorial_dag to None, run_after=None
[2026-02-22T17:09:28.295+0000] {processor.py:183} INFO - Processing /home/airflow/.local/lib/python3.12/site-packages/airflow/example_dags/tutorial_dag.py took 0.213 seconds
[2026-02-22T17:09:58.925+0000] {processor.py:161} INFO - Started process (PID=2342) to work on /home/airflow/.local/lib/python3.12/site-packages/airflow/example_dags/tutorial_dag.py
[2026-02-22T17:09:58.928+0000] {processor.py:830} INFO - Processing file /home/airflow/.local/lib/python3.12/site-packages/airflow/example_dags/tutorial_dag.py for tasks to queue
[2026-02-22T17:09:58.934+0000] {logging_mixin.py:188} INFO - [2026-02-22T17:09:58.933+0000] {dagbag.py:545} INFO - Filling up the DagBag from /home/airflow/.local/lib/python3.12/site-packages/airflow/example_dags/tutorial_dag.py
[2026-02-22T17:09:58.956+0000] {processor.py:840} INFO - DAG(s) 'tutorial_dag' retrieved from /home/airflow/.local/lib/python3.12/site-packages/airflow/example_dags/tutorial_dag.py
[2026-02-22T17:09:59.013+0000] {logging_mixin.py:188} INFO - [2026-02-22T17:09:59.013+0000] {dag.py:3096} INFO - Sync 1 DAGs
[2026-02-22T17:09:59.042+0000] {logging_mixin.py:188} INFO - [2026-02-22T17:09:59.042+0000] {dag.py:3954} INFO - Setting next_dagrun for tutorial_dag to None, run_after=None
[2026-02-22T17:09:59.070+0000] {processor.py:183} INFO - Processing /home/airflow/.local/lib/python3.12/site-packages/airflow/example_dags/tutorial_dag.py took 0.157 seconds
[2026-02-22T17:10:29.933+0000] {processor.py:161} INFO - Started process (PID=2401) to work on /home/airflow/.local/lib/python3.12/site-packages/airflow/example_dags/tutorial_dag.py
[2026-02-22T17:10:29.935+0000] {processor.py:830} INFO - Processing file /home/airflow/.local/lib/python3.12/site-packages/airflow/example_dags/tutorial_dag.py for tasks to queue
[2026-02-22T17:10:29.940+0000] {logging_mixin.py:188} INFO - [2026-02-22T17:10:29.939+0000] {dagbag.py:545} INFO - Filling up the DagBag from /home/airflow/.local/lib/python3.12/site-packages/airflow/example_dags/tutorial_dag.py
[2026-02-22T17:10:29.967+0000] {processor.py:840} INFO - DAG(s) 'tutorial_dag' retrieved from /home/airflow/.local/lib/python3.12/site-packages/airflow/example_dags/tutorial_dag.py
[2026-02-22T17:10:30.003+0000] {logging_mixin.py:188} INFO - [2026-02-22T17:10:30.003+0000] {dag.py:3096} INFO - Sync 1 DAGs
[2026-02-22T17:10:30.021+0000] {logging_mixin.py:188} INFO - [2026-02-22T17:10:30.020+0000] {dag.py:3954} INFO - Setting next_dagrun for tutorial_dag to None, run_after=None
[2026-02-22T17:10:30.046+0000] {processor.py:183} INFO - Processing /home/airflow/.local/lib/python3.12/site-packages/airflow/example_dags/tutorial_dag.py took 0.138 seconds
