[2026-02-22T10:46:16.007+0000] {processor.py:161} INFO - Started process (PID=77) to work on /home/airflow/.local/lib/python3.12/site-packages/airflow/example_dags/tutorial.py
[2026-02-22T10:46:16.010+0000] {processor.py:830} INFO - Processing file /home/airflow/.local/lib/python3.12/site-packages/airflow/example_dags/tutorial.py for tasks to queue
[2026-02-22T10:46:16.014+0000] {logging_mixin.py:188} INFO - [2026-02-22T10:46:16.013+0000] {dagbag.py:545} INFO - Filling up the DagBag from /home/airflow/.local/lib/python3.12/site-packages/airflow/example_dags/tutorial.py
[2026-02-22T10:46:16.022+0000] {processor.py:840} INFO - DAG(s) 'tutorial' retrieved from /home/airflow/.local/lib/python3.12/site-packages/airflow/example_dags/tutorial.py
[2026-02-22T10:46:16.053+0000] {logging_mixin.py:188} INFO - [2026-02-22T10:46:16.052+0000] {dag.py:3096} INFO - Sync 1 DAGs
[2026-02-22T10:46:16.104+0000] {logging_mixin.py:188} INFO - [2026-02-22T10:46:16.103+0000] {dag.py:3954} INFO - Setting next_dagrun for tutorial to 2026-02-21 00:00:00+00:00, run_after=2026-02-22 00:00:00+00:00
[2026-02-22T10:46:16.137+0000] {processor.py:183} INFO - Processing /home/airflow/.local/lib/python3.12/site-packages/airflow/example_dags/tutorial.py took 0.143 seconds
[2026-02-22T10:46:46.726+0000] {processor.py:161} INFO - Started process (PID=135) to work on /home/airflow/.local/lib/python3.12/site-packages/airflow/example_dags/tutorial.py
[2026-02-22T10:46:46.728+0000] {processor.py:830} INFO - Processing file /home/airflow/.local/lib/python3.12/site-packages/airflow/example_dags/tutorial.py for tasks to queue
[2026-02-22T10:46:46.729+0000] {logging_mixin.py:188} INFO - [2026-02-22T10:46:46.729+0000] {dagbag.py:545} INFO - Filling up the DagBag from /home/airflow/.local/lib/python3.12/site-packages/airflow/example_dags/tutorial.py
[2026-02-22T10:46:46.735+0000] {processor.py:840} INFO - DAG(s) 'tutorial' retrieved from /home/airflow/.local/lib/python3.12/site-packages/airflow/example_dags/tutorial.py
[2026-02-22T10:46:46.805+0000] {logging_mixin.py:188} INFO - [2026-02-22T10:46:46.805+0000] {dag.py:3096} INFO - Sync 1 DAGs
[2026-02-22T10:46:46.825+0000] {logging_mixin.py:188} INFO - [2026-02-22T10:46:46.824+0000] {dag.py:3954} INFO - Setting next_dagrun for tutorial to 2026-02-21 00:00:00+00:00, run_after=2026-02-22 00:00:00+00:00
[2026-02-22T10:46:46.844+0000] {processor.py:183} INFO - Processing /home/airflow/.local/lib/python3.12/site-packages/airflow/example_dags/tutorial.py took 0.122 seconds
[2026-02-22T10:47:17.366+0000] {processor.py:161} INFO - Started process (PID=193) to work on /home/airflow/.local/lib/python3.12/site-packages/airflow/example_dags/tutorial.py
[2026-02-22T10:47:17.367+0000] {processor.py:830} INFO - Processing file /home/airflow/.local/lib/python3.12/site-packages/airflow/example_dags/tutorial.py for tasks to queue
[2026-02-22T10:47:17.368+0000] {logging_mixin.py:188} INFO - [2026-02-22T10:47:17.368+0000] {dagbag.py:545} INFO - Filling up the DagBag from /home/airflow/.local/lib/python3.12/site-packages/airflow/example_dags/tutorial.py
[2026-02-22T10:47:17.372+0000] {processor.py:840} INFO - DAG(s) 'tutorial' retrieved from /home/airflow/.local/lib/python3.12/site-packages/airflow/example_dags/tutorial.py
[2026-02-22T10:47:17.384+0000] {logging_mixin.py:188} INFO - [2026-02-22T10:47:17.384+0000] {dag.py:3096} INFO - Sync 1 DAGs
[2026-02-22T10:47:17.397+0000] {logging_mixin.py:188} INFO - [2026-02-22T10:47:17.397+0000] {dag.py:3954} INFO - Setting next_dagrun for tutorial to 2026-02-21 00:00:00+00:00, run_after=2026-02-22 00:00:00+00:00
[2026-02-22T10:47:17.410+0000] {processor.py:183} INFO - Processing /home/airflow/.local/lib/python3.12/site-packages/airflow/example_dags/tutorial.py took 0.047 seconds
[2026-02-22T10:47:47.614+0000] {processor.py:161} INFO - Started process (PID=251) to work on /home/airflow/.local/lib/python3.12/site-packages/airflow/example_dags/tutorial.py
[2026-02-22T10:47:47.615+0000] {processor.py:830} INFO - Processing file /home/airflow/.local/lib/python3.12/site-packages/airflow/example_dags/tutorial.py for tasks to queue
[2026-02-22T10:47:47.617+0000] {logging_mixin.py:188} INFO - [2026-02-22T10:47:47.617+0000] {dagbag.py:545} INFO - Filling up the DagBag from /home/airflow/.local/lib/python3.12/site-packages/airflow/example_dags/tutorial.py
[2026-02-22T10:47:47.620+0000] {processor.py:840} INFO - DAG(s) 'tutorial' retrieved from /home/airflow/.local/lib/python3.12/site-packages/airflow/example_dags/tutorial.py
[2026-02-22T10:47:47.630+0000] {logging_mixin.py:188} INFO - [2026-02-22T10:47:47.630+0000] {dag.py:3096} INFO - Sync 1 DAGs
[2026-02-22T10:47:47.643+0000] {logging_mixin.py:188} INFO - [2026-02-22T10:47:47.643+0000] {dag.py:3954} INFO - Setting next_dagrun for tutorial to 2026-02-21 00:00:00+00:00, run_after=2026-02-22 00:00:00+00:00
[2026-02-22T10:47:47.652+0000] {processor.py:183} INFO - Processing /home/airflow/.local/lib/python3.12/site-packages/airflow/example_dags/tutorial.py took 0.041 seconds
[2026-02-22T10:48:17.727+0000] {processor.py:161} INFO - Started process (PID=309) to work on /home/airflow/.local/lib/python3.12/site-packages/airflow/example_dags/tutorial.py
[2026-02-22T10:48:17.728+0000] {processor.py:830} INFO - Processing file /home/airflow/.local/lib/python3.12/site-packages/airflow/example_dags/tutorial.py for tasks to queue
[2026-02-22T10:48:17.729+0000] {logging_mixin.py:188} INFO - [2026-02-22T10:48:17.729+0000] {dagbag.py:545} INFO - Filling up the DagBag from /home/airflow/.local/lib/python3.12/site-packages/airflow/example_dags/tutorial.py
[2026-02-22T10:48:17.732+0000] {processor.py:840} INFO - DAG(s) 'tutorial' retrieved from /home/airflow/.local/lib/python3.12/site-packages/airflow/example_dags/tutorial.py
[2026-02-22T10:48:17.743+0000] {logging_mixin.py:188} INFO - [2026-02-22T10:48:17.743+0000] {dag.py:3096} INFO - Sync 1 DAGs
[2026-02-22T10:48:17.752+0000] {logging_mixin.py:188} INFO - [2026-02-22T10:48:17.752+0000] {dag.py:3954} INFO - Setting next_dagrun for tutorial to 2026-02-21 00:00:00+00:00, run_after=2026-02-22 00:00:00+00:00
[2026-02-22T10:48:17.760+0000] {processor.py:183} INFO - Processing /home/airflow/.local/lib/python3.12/site-packages/airflow/example_dags/tutorial.py took 0.036 seconds
[2026-02-22T10:48:48.033+0000] {processor.py:161} INFO - Started process (PID=367) to work on /home/airflow/.local/lib/python3.12/site-packages/airflow/example_dags/tutorial.py
[2026-02-22T10:48:48.035+0000] {processor.py:830} INFO - Processing file /home/airflow/.local/lib/python3.12/site-packages/airflow/example_dags/tutorial.py for tasks to queue
[2026-02-22T10:48:48.036+0000] {logging_mixin.py:188} INFO - [2026-02-22T10:48:48.036+0000] {dagbag.py:545} INFO - Filling up the DagBag from /home/airflow/.local/lib/python3.12/site-packages/airflow/example_dags/tutorial.py
[2026-02-22T10:48:48.039+0000] {processor.py:840} INFO - DAG(s) 'tutorial' retrieved from /home/airflow/.local/lib/python3.12/site-packages/airflow/example_dags/tutorial.py
[2026-02-22T10:48:48.051+0000] {logging_mixin.py:188} INFO - [2026-02-22T10:48:48.051+0000] {dag.py:3096} INFO - Sync 1 DAGs
[2026-02-22T10:48:48.065+0000] {logging_mixin.py:188} INFO - [2026-02-22T10:48:48.065+0000] {dag.py:3954} INFO - Setting next_dagrun for tutorial to 2026-02-21 00:00:00+00:00, run_after=2026-02-22 00:00:00+00:00
[2026-02-22T10:48:48.078+0000] {processor.py:183} INFO - Processing /home/airflow/.local/lib/python3.12/site-packages/airflow/example_dags/tutorial.py took 0.048 seconds
[2026-02-22T10:49:18.399+0000] {processor.py:161} INFO - Started process (PID=426) to work on /home/airflow/.local/lib/python3.12/site-packages/airflow/example_dags/tutorial.py
[2026-02-22T10:49:18.400+0000] {processor.py:830} INFO - Processing file /home/airflow/.local/lib/python3.12/site-packages/airflow/example_dags/tutorial.py for tasks to queue
[2026-02-22T10:49:18.402+0000] {logging_mixin.py:188} INFO - [2026-02-22T10:49:18.401+0000] {dagbag.py:545} INFO - Filling up the DagBag from /home/airflow/.local/lib/python3.12/site-packages/airflow/example_dags/tutorial.py
[2026-02-22T10:49:18.405+0000] {processor.py:840} INFO - DAG(s) 'tutorial' retrieved from /home/airflow/.local/lib/python3.12/site-packages/airflow/example_dags/tutorial.py
[2026-02-22T10:49:18.416+0000] {logging_mixin.py:188} INFO - [2026-02-22T10:49:18.416+0000] {dag.py:3096} INFO - Sync 1 DAGs
[2026-02-22T10:49:18.428+0000] {logging_mixin.py:188} INFO - [2026-02-22T10:49:18.428+0000] {dag.py:3954} INFO - Setting next_dagrun for tutorial to 2026-02-21 00:00:00+00:00, run_after=2026-02-22 00:00:00+00:00
[2026-02-22T10:49:18.442+0000] {processor.py:183} INFO - Processing /home/airflow/.local/lib/python3.12/site-packages/airflow/example_dags/tutorial.py took 0.046 seconds
[2026-02-22T10:49:49.114+0000] {processor.py:161} INFO - Started process (PID=484) to work on /home/airflow/.local/lib/python3.12/site-packages/airflow/example_dags/tutorial.py
[2026-02-22T10:49:49.115+0000] {processor.py:830} INFO - Processing file /home/airflow/.local/lib/python3.12/site-packages/airflow/example_dags/tutorial.py for tasks to queue
[2026-02-22T10:49:49.116+0000] {logging_mixin.py:188} INFO - [2026-02-22T10:49:49.116+0000] {dagbag.py:545} INFO - Filling up the DagBag from /home/airflow/.local/lib/python3.12/site-packages/airflow/example_dags/tutorial.py
[2026-02-22T10:49:49.119+0000] {processor.py:840} INFO - DAG(s) 'tutorial' retrieved from /home/airflow/.local/lib/python3.12/site-packages/airflow/example_dags/tutorial.py
[2026-02-22T10:49:49.132+0000] {logging_mixin.py:188} INFO - [2026-02-22T10:49:49.132+0000] {dag.py:3096} INFO - Sync 1 DAGs
[2026-02-22T10:49:49.143+0000] {logging_mixin.py:188} INFO - [2026-02-22T10:49:49.143+0000] {dag.py:3954} INFO - Setting next_dagrun for tutorial to 2026-02-21 00:00:00+00:00, run_after=2026-02-22 00:00:00+00:00
[2026-02-22T10:49:49.158+0000] {processor.py:183} INFO - Processing /home/airflow/.local/lib/python3.12/site-packages/airflow/example_dags/tutorial.py took 0.047 seconds
[2026-02-22T10:50:19.528+0000] {processor.py:161} INFO - Started process (PID=542) to work on /home/airflow/.local/lib/python3.12/site-packages/airflow/example_dags/tutorial.py
[2026-02-22T10:50:19.528+0000] {processor.py:830} INFO - Processing file /home/airflow/.local/lib/python3.12/site-packages/airflow/example_dags/tutorial.py for tasks to queue
[2026-02-22T10:50:19.530+0000] {logging_mixin.py:188} INFO - [2026-02-22T10:50:19.530+0000] {dagbag.py:545} INFO - Filling up the DagBag from /home/airflow/.local/lib/python3.12/site-packages/airflow/example_dags/tutorial.py
[2026-02-22T10:50:19.533+0000] {processor.py:840} INFO - DAG(s) 'tutorial' retrieved from /home/airflow/.local/lib/python3.12/site-packages/airflow/example_dags/tutorial.py
[2026-02-22T10:50:19.546+0000] {logging_mixin.py:188} INFO - [2026-02-22T10:50:19.546+0000] {dag.py:3096} INFO - Sync 1 DAGs
[2026-02-22T10:50:19.557+0000] {logging_mixin.py:188} INFO - [2026-02-22T10:50:19.557+0000] {dag.py:3954} INFO - Setting next_dagrun for tutorial to 2026-02-21 00:00:00+00:00, run_after=2026-02-22 00:00:00+00:00
[2026-02-22T10:50:19.567+0000] {processor.py:183} INFO - Processing /home/airflow/.local/lib/python3.12/site-packages/airflow/example_dags/tutorial.py took 0.043 seconds
[2026-02-22T10:50:49.884+0000] {processor.py:161} INFO - Started process (PID=600) to work on /home/airflow/.local/lib/python3.12/site-packages/airflow/example_dags/tutorial.py
[2026-02-22T10:50:49.885+0000] {processor.py:830} INFO - Processing file /home/airflow/.local/lib/python3.12/site-packages/airflow/example_dags/tutorial.py for tasks to queue
[2026-02-22T10:50:49.887+0000] {logging_mixin.py:188} INFO - [2026-02-22T10:50:49.887+0000] {dagbag.py:545} INFO - Filling up the DagBag from /home/airflow/.local/lib/python3.12/site-packages/airflow/example_dags/tutorial.py
[2026-02-22T10:50:49.891+0000] {processor.py:840} INFO - DAG(s) 'tutorial' retrieved from /home/airflow/.local/lib/python3.12/site-packages/airflow/example_dags/tutorial.py
[2026-02-22T10:50:49.902+0000] {logging_mixin.py:188} INFO - [2026-02-22T10:50:49.902+0000] {dag.py:3096} INFO - Sync 1 DAGs
[2026-02-22T10:50:49.915+0000] {logging_mixin.py:188} INFO - [2026-02-22T10:50:49.914+0000] {dag.py:3954} INFO - Setting next_dagrun for tutorial to 2026-02-21 00:00:00+00:00, run_after=2026-02-22 00:00:00+00:00
[2026-02-22T10:50:49.929+0000] {processor.py:183} INFO - Processing /home/airflow/.local/lib/python3.12/site-packages/airflow/example_dags/tutorial.py took 0.049 seconds
[2026-02-22T10:51:20.317+0000] {processor.py:161} INFO - Started process (PID=658) to work on /home/airflow/.local/lib/python3.12/site-packages/airflow/example_dags/tutorial.py
[2026-02-22T10:51:20.318+0000] {processor.py:830} INFO - Processing file /home/airflow/.local/lib/python3.12/site-packages/airflow/example_dags/tutorial.py for tasks to queue
[2026-02-22T10:51:20.320+0000] {logging_mixin.py:188} INFO - [2026-02-22T10:51:20.320+0000] {dagbag.py:545} INFO - Filling up the DagBag from /home/airflow/.local/lib/python3.12/site-packages/airflow/example_dags/tutorial.py
[2026-02-22T10:51:20.326+0000] {processor.py:840} INFO - DAG(s) 'tutorial' retrieved from /home/airflow/.local/lib/python3.12/site-packages/airflow/example_dags/tutorial.py
[2026-02-22T10:51:20.337+0000] {logging_mixin.py:188} INFO - [2026-02-22T10:51:20.337+0000] {dag.py:3096} INFO - Sync 1 DAGs
[2026-02-22T10:51:20.352+0000] {logging_mixin.py:188} INFO - [2026-02-22T10:51:20.351+0000] {dag.py:3954} INFO - Setting next_dagrun for tutorial to 2026-02-21 00:00:00+00:00, run_after=2026-02-22 00:00:00+00:00
[2026-02-22T10:51:20.361+0000] {processor.py:183} INFO - Processing /home/airflow/.local/lib/python3.12/site-packages/airflow/example_dags/tutorial.py took 0.048 seconds
[2026-02-22T10:51:51.358+0000] {processor.py:161} INFO - Started process (PID=716) to work on /home/airflow/.local/lib/python3.12/site-packages/airflow/example_dags/tutorial.py
[2026-02-22T10:51:51.360+0000] {processor.py:830} INFO - Processing file /home/airflow/.local/lib/python3.12/site-packages/airflow/example_dags/tutorial.py for tasks to queue
[2026-02-22T10:51:51.361+0000] {logging_mixin.py:188} INFO - [2026-02-22T10:51:51.361+0000] {dagbag.py:545} INFO - Filling up the DagBag from /home/airflow/.local/lib/python3.12/site-packages/airflow/example_dags/tutorial.py
[2026-02-22T10:51:51.366+0000] {processor.py:840} INFO - DAG(s) 'tutorial' retrieved from /home/airflow/.local/lib/python3.12/site-packages/airflow/example_dags/tutorial.py
[2026-02-22T10:51:51.379+0000] {logging_mixin.py:188} INFO - [2026-02-22T10:51:51.379+0000] {dag.py:3096} INFO - Sync 1 DAGs
[2026-02-22T10:51:51.393+0000] {logging_mixin.py:188} INFO - [2026-02-22T10:51:51.393+0000] {dag.py:3954} INFO - Setting next_dagrun for tutorial to 2026-02-21 00:00:00+00:00, run_after=2026-02-22 00:00:00+00:00
[2026-02-22T10:51:51.405+0000] {processor.py:183} INFO - Processing /home/airflow/.local/lib/python3.12/site-packages/airflow/example_dags/tutorial.py took 0.052 seconds
[2026-02-22T10:52:22.032+0000] {processor.py:161} INFO - Started process (PID=774) to work on /home/airflow/.local/lib/python3.12/site-packages/airflow/example_dags/tutorial.py
[2026-02-22T10:52:22.033+0000] {processor.py:830} INFO - Processing file /home/airflow/.local/lib/python3.12/site-packages/airflow/example_dags/tutorial.py for tasks to queue
[2026-02-22T10:52:22.035+0000] {logging_mixin.py:188} INFO - [2026-02-22T10:52:22.035+0000] {dagbag.py:545} INFO - Filling up the DagBag from /home/airflow/.local/lib/python3.12/site-packages/airflow/example_dags/tutorial.py
[2026-02-22T10:52:22.041+0000] {processor.py:840} INFO - DAG(s) 'tutorial' retrieved from /home/airflow/.local/lib/python3.12/site-packages/airflow/example_dags/tutorial.py
[2026-02-22T10:52:22.053+0000] {logging_mixin.py:188} INFO - [2026-02-22T10:52:22.053+0000] {dag.py:3096} INFO - Sync 1 DAGs
[2026-02-22T10:52:22.065+0000] {logging_mixin.py:188} INFO - [2026-02-22T10:52:22.065+0000] {dag.py:3954} INFO - Setting next_dagrun for tutorial to 2026-02-21 00:00:00+00:00, run_after=2026-02-22 00:00:00+00:00
[2026-02-22T10:52:22.073+0000] {processor.py:183} INFO - Processing /home/airflow/.local/lib/python3.12/site-packages/airflow/example_dags/tutorial.py took 0.044 seconds
[2026-02-22T10:52:52.423+0000] {processor.py:161} INFO - Started process (PID=832) to work on /home/airflow/.local/lib/python3.12/site-packages/airflow/example_dags/tutorial.py
[2026-02-22T10:52:52.425+0000] {processor.py:830} INFO - Processing file /home/airflow/.local/lib/python3.12/site-packages/airflow/example_dags/tutorial.py for tasks to queue
[2026-02-22T10:52:52.425+0000] {logging_mixin.py:188} INFO - [2026-02-22T10:52:52.425+0000] {dagbag.py:545} INFO - Filling up the DagBag from /home/airflow/.local/lib/python3.12/site-packages/airflow/example_dags/tutorial.py
[2026-02-22T10:52:52.430+0000] {processor.py:840} INFO - DAG(s) 'tutorial' retrieved from /home/airflow/.local/lib/python3.12/site-packages/airflow/example_dags/tutorial.py
[2026-02-22T10:52:52.445+0000] {logging_mixin.py:188} INFO - [2026-02-22T10:52:52.445+0000] {dag.py:3096} INFO - Sync 1 DAGs
[2026-02-22T10:52:52.457+0000] {logging_mixin.py:188} INFO - [2026-02-22T10:52:52.457+0000] {dag.py:3954} INFO - Setting next_dagrun for tutorial to 2026-02-21 00:00:00+00:00, run_after=2026-02-22 00:00:00+00:00
[2026-02-22T10:52:52.468+0000] {processor.py:183} INFO - Processing /home/airflow/.local/lib/python3.12/site-packages/airflow/example_dags/tutorial.py took 0.049 seconds
[2026-02-22T10:53:23.337+0000] {processor.py:161} INFO - Started process (PID=890) to work on /home/airflow/.local/lib/python3.12/site-packages/airflow/example_dags/tutorial.py
[2026-02-22T10:53:23.338+0000] {processor.py:830} INFO - Processing file /home/airflow/.local/lib/python3.12/site-packages/airflow/example_dags/tutorial.py for tasks to queue
[2026-02-22T10:53:23.339+0000] {logging_mixin.py:188} INFO - [2026-02-22T10:53:23.339+0000] {dagbag.py:545} INFO - Filling up the DagBag from /home/airflow/.local/lib/python3.12/site-packages/airflow/example_dags/tutorial.py
[2026-02-22T10:53:23.344+0000] {processor.py:840} INFO - DAG(s) 'tutorial' retrieved from /home/airflow/.local/lib/python3.12/site-packages/airflow/example_dags/tutorial.py
[2026-02-22T10:53:23.358+0000] {logging_mixin.py:188} INFO - [2026-02-22T10:53:23.358+0000] {dag.py:3096} INFO - Sync 1 DAGs
[2026-02-22T10:53:23.373+0000] {logging_mixin.py:188} INFO - [2026-02-22T10:53:23.373+0000] {dag.py:3954} INFO - Setting next_dagrun for tutorial to 2026-02-21 00:00:00+00:00, run_after=2026-02-22 00:00:00+00:00
[2026-02-22T10:53:23.385+0000] {processor.py:183} INFO - Processing /home/airflow/.local/lib/python3.12/site-packages/airflow/example_dags/tutorial.py took 0.053 seconds
[2026-02-22T10:53:53.571+0000] {processor.py:161} INFO - Started process (PID=948) to work on /home/airflow/.local/lib/python3.12/site-packages/airflow/example_dags/tutorial.py
[2026-02-22T10:53:53.572+0000] {processor.py:830} INFO - Processing file /home/airflow/.local/lib/python3.12/site-packages/airflow/example_dags/tutorial.py for tasks to queue
[2026-02-22T10:53:53.573+0000] {logging_mixin.py:188} INFO - [2026-02-22T10:53:53.573+0000] {dagbag.py:545} INFO - Filling up the DagBag from /home/airflow/.local/lib/python3.12/site-packages/airflow/example_dags/tutorial.py
[2026-02-22T10:53:53.579+0000] {processor.py:840} INFO - DAG(s) 'tutorial' retrieved from /home/airflow/.local/lib/python3.12/site-packages/airflow/example_dags/tutorial.py
[2026-02-22T10:53:53.601+0000] {logging_mixin.py:188} INFO - [2026-02-22T10:53:53.600+0000] {dag.py:3096} INFO - Sync 1 DAGs
[2026-02-22T10:53:53.632+0000] {logging_mixin.py:188} INFO - [2026-02-22T10:53:53.632+0000] {dag.py:3954} INFO - Setting next_dagrun for tutorial to 2026-02-21 00:00:00+00:00, run_after=2026-02-22 00:00:00+00:00
[2026-02-22T10:53:53.653+0000] {processor.py:183} INFO - Processing /home/airflow/.local/lib/python3.12/site-packages/airflow/example_dags/tutorial.py took 0.088 seconds
[2026-02-22T10:54:24.471+0000] {processor.py:161} INFO - Started process (PID=1006) to work on /home/airflow/.local/lib/python3.12/site-packages/airflow/example_dags/tutorial.py
[2026-02-22T10:54:24.471+0000] {processor.py:830} INFO - Processing file /home/airflow/.local/lib/python3.12/site-packages/airflow/example_dags/tutorial.py for tasks to queue
[2026-02-22T10:54:24.473+0000] {logging_mixin.py:188} INFO - [2026-02-22T10:54:24.473+0000] {dagbag.py:545} INFO - Filling up the DagBag from /home/airflow/.local/lib/python3.12/site-packages/airflow/example_dags/tutorial.py
[2026-02-22T10:54:24.479+0000] {processor.py:840} INFO - DAG(s) 'tutorial' retrieved from /home/airflow/.local/lib/python3.12/site-packages/airflow/example_dags/tutorial.py
[2026-02-22T10:54:24.489+0000] {logging_mixin.py:188} INFO - [2026-02-22T10:54:24.489+0000] {dag.py:3096} INFO - Sync 1 DAGs
[2026-02-22T10:54:24.499+0000] {logging_mixin.py:188} INFO - [2026-02-22T10:54:24.499+0000] {dag.py:3954} INFO - Setting next_dagrun for tutorial to 2026-02-21 00:00:00+00:00, run_after=2026-02-22 00:00:00+00:00
[2026-02-22T10:54:24.509+0000] {processor.py:183} INFO - Processing /home/airflow/.local/lib/python3.12/site-packages/airflow/example_dags/tutorial.py took 0.041 seconds
[2026-02-22T10:54:54.851+0000] {processor.py:161} INFO - Started process (PID=1064) to work on /home/airflow/.local/lib/python3.12/site-packages/airflow/example_dags/tutorial.py
[2026-02-22T10:54:54.852+0000] {processor.py:830} INFO - Processing file /home/airflow/.local/lib/python3.12/site-packages/airflow/example_dags/tutorial.py for tasks to queue
[2026-02-22T10:54:54.853+0000] {logging_mixin.py:188} INFO - [2026-02-22T10:54:54.853+0000] {dagbag.py:545} INFO - Filling up the DagBag from /home/airflow/.local/lib/python3.12/site-packages/airflow/example_dags/tutorial.py
[2026-02-22T10:54:54.856+0000] {processor.py:840} INFO - DAG(s) 'tutorial' retrieved from /home/airflow/.local/lib/python3.12/site-packages/airflow/example_dags/tutorial.py
[2026-02-22T10:54:54.865+0000] {logging_mixin.py:188} INFO - [2026-02-22T10:54:54.865+0000] {dag.py:3096} INFO - Sync 1 DAGs
[2026-02-22T10:54:54.875+0000] {logging_mixin.py:188} INFO - [2026-02-22T10:54:54.875+0000] {dag.py:3954} INFO - Setting next_dagrun for tutorial to 2026-02-21 00:00:00+00:00, run_after=2026-02-22 00:00:00+00:00
[2026-02-22T10:54:54.884+0000] {processor.py:183} INFO - Processing /home/airflow/.local/lib/python3.12/site-packages/airflow/example_dags/tutorial.py took 0.036 seconds
[2026-02-22T10:55:25.231+0000] {processor.py:161} INFO - Started process (PID=1122) to work on /home/airflow/.local/lib/python3.12/site-packages/airflow/example_dags/tutorial.py
[2026-02-22T10:55:25.231+0000] {processor.py:830} INFO - Processing file /home/airflow/.local/lib/python3.12/site-packages/airflow/example_dags/tutorial.py for tasks to queue
[2026-02-22T10:55:25.233+0000] {logging_mixin.py:188} INFO - [2026-02-22T10:55:25.233+0000] {dagbag.py:545} INFO - Filling up the DagBag from /home/airflow/.local/lib/python3.12/site-packages/airflow/example_dags/tutorial.py
[2026-02-22T10:55:25.238+0000] {processor.py:840} INFO - DAG(s) 'tutorial' retrieved from /home/airflow/.local/lib/python3.12/site-packages/airflow/example_dags/tutorial.py
[2026-02-22T10:55:25.251+0000] {logging_mixin.py:188} INFO - [2026-02-22T10:55:25.251+0000] {dag.py:3096} INFO - Sync 1 DAGs
[2026-02-22T10:55:25.263+0000] {logging_mixin.py:188} INFO - [2026-02-22T10:55:25.263+0000] {dag.py:3954} INFO - Setting next_dagrun for tutorial to 2026-02-21 00:00:00+00:00, run_after=2026-02-22 00:00:00+00:00
[2026-02-22T10:55:25.271+0000] {processor.py:183} INFO - Processing /home/airflow/.local/lib/python3.12/site-packages/airflow/example_dags/tutorial.py took 0.043 seconds
[2026-02-22T10:55:55.672+0000] {processor.py:161} INFO - Started process (PID=1180) to work on /home/airflow/.local/lib/python3.12/site-packages/airflow/example_dags/tutorial.py
[2026-02-22T10:55:55.673+0000] {processor.py:830} INFO - Processing file /home/airflow/.local/lib/python3.12/site-packages/airflow/example_dags/tutorial.py for tasks to queue
[2026-02-22T10:55:55.675+0000] {logging_mixin.py:188} INFO - [2026-02-22T10:55:55.675+0000] {dagbag.py:545} INFO - Filling up the DagBag from /home/airflow/.local/lib/python3.12/site-packages/airflow/example_dags/tutorial.py
[2026-02-22T10:55:55.680+0000] {processor.py:840} INFO - DAG(s) 'tutorial' retrieved from /home/airflow/.local/lib/python3.12/site-packages/airflow/example_dags/tutorial.py
[2026-02-22T10:55:55.691+0000] {logging_mixin.py:188} INFO - [2026-02-22T10:55:55.690+0000] {dag.py:3096} INFO - Sync 1 DAGs
[2026-02-22T10:55:55.702+0000] {logging_mixin.py:188} INFO - [2026-02-22T10:55:55.702+0000] {dag.py:3954} INFO - Setting next_dagrun for tutorial to 2026-02-21 00:00:00+00:00, run_after=2026-02-22 00:00:00+00:00
[2026-02-22T10:55:55.711+0000] {processor.py:183} INFO - Processing /home/airflow/.local/lib/python3.12/site-packages/airflow/example_dags/tutorial.py took 0.042 seconds
[2026-02-22T10:56:26.596+0000] {processor.py:161} INFO - Started process (PID=1238) to work on /home/airflow/.local/lib/python3.12/site-packages/airflow/example_dags/tutorial.py
[2026-02-22T10:56:26.598+0000] {processor.py:830} INFO - Processing file /home/airflow/.local/lib/python3.12/site-packages/airflow/example_dags/tutorial.py for tasks to queue
[2026-02-22T10:56:26.601+0000] {logging_mixin.py:188} INFO - [2026-02-22T10:56:26.601+0000] {dagbag.py:545} INFO - Filling up the DagBag from /home/airflow/.local/lib/python3.12/site-packages/airflow/example_dags/tutorial.py
[2026-02-22T10:56:26.608+0000] {processor.py:840} INFO - DAG(s) 'tutorial' retrieved from /home/airflow/.local/lib/python3.12/site-packages/airflow/example_dags/tutorial.py
[2026-02-22T10:56:26.627+0000] {logging_mixin.py:188} INFO - [2026-02-22T10:56:26.626+0000] {dag.py:3096} INFO - Sync 1 DAGs
[2026-02-22T10:56:26.644+0000] {logging_mixin.py:188} INFO - [2026-02-22T10:56:26.643+0000] {dag.py:3954} INFO - Setting next_dagrun for tutorial to 2026-02-21 00:00:00+00:00, run_after=2026-02-22 00:00:00+00:00
[2026-02-22T10:56:26.658+0000] {processor.py:183} INFO - Processing /home/airflow/.local/lib/python3.12/site-packages/airflow/example_dags/tutorial.py took 0.066 seconds
[2026-02-22T10:56:57.036+0000] {processor.py:161} INFO - Started process (PID=1296) to work on /home/airflow/.local/lib/python3.12/site-packages/airflow/example_dags/tutorial.py
[2026-02-22T10:56:57.037+0000] {processor.py:830} INFO - Processing file /home/airflow/.local/lib/python3.12/site-packages/airflow/example_dags/tutorial.py for tasks to queue
[2026-02-22T10:56:57.038+0000] {logging_mixin.py:188} INFO - [2026-02-22T10:56:57.038+0000] {dagbag.py:545} INFO - Filling up the DagBag from /home/airflow/.local/lib/python3.12/site-packages/airflow/example_dags/tutorial.py
[2026-02-22T10:56:57.042+0000] {processor.py:840} INFO - DAG(s) 'tutorial' retrieved from /home/airflow/.local/lib/python3.12/site-packages/airflow/example_dags/tutorial.py
[2026-02-22T10:56:57.060+0000] {logging_mixin.py:188} INFO - [2026-02-22T10:56:57.060+0000] {dag.py:3096} INFO - Sync 1 DAGs
[2026-02-22T10:56:57.076+0000] {logging_mixin.py:188} INFO - [2026-02-22T10:56:57.075+0000] {dag.py:3954} INFO - Setting next_dagrun for tutorial to 2026-02-21 00:00:00+00:00, run_after=2026-02-22 00:00:00+00:00
[2026-02-22T10:56:57.088+0000] {processor.py:183} INFO - Processing /home/airflow/.local/lib/python3.12/site-packages/airflow/example_dags/tutorial.py took 0.056 seconds
[2026-02-22T10:57:27.559+0000] {processor.py:161} INFO - Started process (PID=1354) to work on /home/airflow/.local/lib/python3.12/site-packages/airflow/example_dags/tutorial.py
[2026-02-22T10:57:27.561+0000] {processor.py:830} INFO - Processing file /home/airflow/.local/lib/python3.12/site-packages/airflow/example_dags/tutorial.py for tasks to queue
[2026-02-22T10:57:27.563+0000] {logging_mixin.py:188} INFO - [2026-02-22T10:57:27.563+0000] {dagbag.py:545} INFO - Filling up the DagBag from /home/airflow/.local/lib/python3.12/site-packages/airflow/example_dags/tutorial.py
[2026-02-22T10:57:27.570+0000] {processor.py:840} INFO - DAG(s) 'tutorial' retrieved from /home/airflow/.local/lib/python3.12/site-packages/airflow/example_dags/tutorial.py
[2026-02-22T10:57:27.591+0000] {logging_mixin.py:188} INFO - [2026-02-22T10:57:27.591+0000] {dag.py:3096} INFO - Sync 1 DAGs
[2026-02-22T10:57:27.613+0000] {logging_mixin.py:188} INFO - [2026-02-22T10:57:27.612+0000] {dag.py:3954} INFO - Setting next_dagrun for tutorial to 2026-02-21 00:00:00+00:00, run_after=2026-02-22 00:00:00+00:00
[2026-02-22T10:57:27.628+0000] {processor.py:183} INFO - Processing /home/airflow/.local/lib/python3.12/site-packages/airflow/example_dags/tutorial.py took 0.077 seconds
[2026-02-22T10:57:58.165+0000] {processor.py:161} INFO - Started process (PID=1412) to work on /home/airflow/.local/lib/python3.12/site-packages/airflow/example_dags/tutorial.py
[2026-02-22T10:57:58.166+0000] {processor.py:830} INFO - Processing file /home/airflow/.local/lib/python3.12/site-packages/airflow/example_dags/tutorial.py for tasks to queue
[2026-02-22T10:57:58.167+0000] {logging_mixin.py:188} INFO - [2026-02-22T10:57:58.167+0000] {dagbag.py:545} INFO - Filling up the DagBag from /home/airflow/.local/lib/python3.12/site-packages/airflow/example_dags/tutorial.py
[2026-02-22T10:57:58.171+0000] {processor.py:840} INFO - DAG(s) 'tutorial' retrieved from /home/airflow/.local/lib/python3.12/site-packages/airflow/example_dags/tutorial.py
[2026-02-22T10:57:58.190+0000] {logging_mixin.py:188} INFO - [2026-02-22T10:57:58.189+0000] {dag.py:3096} INFO - Sync 1 DAGs
[2026-02-22T10:57:58.210+0000] {logging_mixin.py:188} INFO - [2026-02-22T10:57:58.210+0000] {dag.py:3954} INFO - Setting next_dagrun for tutorial to 2026-02-21 00:00:00+00:00, run_after=2026-02-22 00:00:00+00:00
[2026-02-22T10:57:58.233+0000] {processor.py:183} INFO - Processing /home/airflow/.local/lib/python3.12/site-packages/airflow/example_dags/tutorial.py took 0.073 seconds
[2026-02-22T10:58:28.570+0000] {processor.py:161} INFO - Started process (PID=1470) to work on /home/airflow/.local/lib/python3.12/site-packages/airflow/example_dags/tutorial.py
[2026-02-22T10:58:28.571+0000] {processor.py:830} INFO - Processing file /home/airflow/.local/lib/python3.12/site-packages/airflow/example_dags/tutorial.py for tasks to queue
[2026-02-22T10:58:28.572+0000] {logging_mixin.py:188} INFO - [2026-02-22T10:58:28.572+0000] {dagbag.py:545} INFO - Filling up the DagBag from /home/airflow/.local/lib/python3.12/site-packages/airflow/example_dags/tutorial.py
[2026-02-22T10:58:28.576+0000] {processor.py:840} INFO - DAG(s) 'tutorial' retrieved from /home/airflow/.local/lib/python3.12/site-packages/airflow/example_dags/tutorial.py
[2026-02-22T10:58:28.587+0000] {logging_mixin.py:188} INFO - [2026-02-22T10:58:28.587+0000] {dag.py:3096} INFO - Sync 1 DAGs
[2026-02-22T10:58:28.598+0000] {logging_mixin.py:188} INFO - [2026-02-22T10:58:28.598+0000] {dag.py:3954} INFO - Setting next_dagrun for tutorial to 2026-02-21 00:00:00+00:00, run_after=2026-02-22 00:00:00+00:00
[2026-02-22T10:58:28.607+0000] {processor.py:183} INFO - Processing /home/airflow/.local/lib/python3.12/site-packages/airflow/example_dags/tutorial.py took 0.040 seconds
[2026-02-22T10:58:59.111+0000] {processor.py:161} INFO - Started process (PID=1528) to work on /home/airflow/.local/lib/python3.12/site-packages/airflow/example_dags/tutorial.py
[2026-02-22T10:58:59.112+0000] {processor.py:830} INFO - Processing file /home/airflow/.local/lib/python3.12/site-packages/airflow/example_dags/tutorial.py for tasks to queue
[2026-02-22T10:58:59.114+0000] {logging_mixin.py:188} INFO - [2026-02-22T10:58:59.114+0000] {dagbag.py:545} INFO - Filling up the DagBag from /home/airflow/.local/lib/python3.12/site-packages/airflow/example_dags/tutorial.py
[2026-02-22T10:58:59.120+0000] {processor.py:840} INFO - DAG(s) 'tutorial' retrieved from /home/airflow/.local/lib/python3.12/site-packages/airflow/example_dags/tutorial.py
[2026-02-22T10:58:59.139+0000] {logging_mixin.py:188} INFO - [2026-02-22T10:58:59.139+0000] {dag.py:3096} INFO - Sync 1 DAGs
[2026-02-22T10:58:59.170+0000] {logging_mixin.py:188} INFO - [2026-02-22T10:58:59.167+0000] {dag.py:3954} INFO - Setting next_dagrun for tutorial to 2026-02-21 00:00:00+00:00, run_after=2026-02-22 00:00:00+00:00
[2026-02-22T10:58:59.186+0000] {processor.py:183} INFO - Processing /home/airflow/.local/lib/python3.12/site-packages/airflow/example_dags/tutorial.py took 0.082 seconds
[2026-02-22T10:59:30.057+0000] {processor.py:161} INFO - Started process (PID=1586) to work on /home/airflow/.local/lib/python3.12/site-packages/airflow/example_dags/tutorial.py
[2026-02-22T10:59:30.057+0000] {processor.py:830} INFO - Processing file /home/airflow/.local/lib/python3.12/site-packages/airflow/example_dags/tutorial.py for tasks to queue
[2026-02-22T10:59:30.059+0000] {logging_mixin.py:188} INFO - [2026-02-22T10:59:30.058+0000] {dagbag.py:545} INFO - Filling up the DagBag from /home/airflow/.local/lib/python3.12/site-packages/airflow/example_dags/tutorial.py
[2026-02-22T10:59:30.071+0000] {processor.py:840} INFO - DAG(s) 'tutorial' retrieved from /home/airflow/.local/lib/python3.12/site-packages/airflow/example_dags/tutorial.py
[2026-02-22T10:59:30.117+0000] {logging_mixin.py:188} INFO - [2026-02-22T10:59:30.117+0000] {dag.py:3096} INFO - Sync 1 DAGs
[2026-02-22T10:59:30.159+0000] {logging_mixin.py:188} INFO - [2026-02-22T10:59:30.159+0000] {dag.py:3954} INFO - Setting next_dagrun for tutorial to 2026-02-21 00:00:00+00:00, run_after=2026-02-22 00:00:00+00:00
[2026-02-22T10:59:30.181+0000] {processor.py:183} INFO - Processing /home/airflow/.local/lib/python3.12/site-packages/airflow/example_dags/tutorial.py took 0.133 seconds
[2026-02-22T11:00:01.037+0000] {processor.py:161} INFO - Started process (PID=1644) to work on /home/airflow/.local/lib/python3.12/site-packages/airflow/example_dags/tutorial.py
[2026-02-22T11:00:01.038+0000] {processor.py:830} INFO - Processing file /home/airflow/.local/lib/python3.12/site-packages/airflow/example_dags/tutorial.py for tasks to queue
[2026-02-22T11:00:01.040+0000] {logging_mixin.py:188} INFO - [2026-02-22T11:00:01.040+0000] {dagbag.py:545} INFO - Filling up the DagBag from /home/airflow/.local/lib/python3.12/site-packages/airflow/example_dags/tutorial.py
[2026-02-22T11:00:01.046+0000] {processor.py:840} INFO - DAG(s) 'tutorial' retrieved from /home/airflow/.local/lib/python3.12/site-packages/airflow/example_dags/tutorial.py
[2026-02-22T11:00:01.065+0000] {logging_mixin.py:188} INFO - [2026-02-22T11:00:01.065+0000] {dag.py:3096} INFO - Sync 1 DAGs
[2026-02-22T11:00:01.078+0000] {logging_mixin.py:188} INFO - [2026-02-22T11:00:01.078+0000] {dag.py:3954} INFO - Setting next_dagrun for tutorial to 2026-02-21 00:00:00+00:00, run_after=2026-02-22 00:00:00+00:00
[2026-02-22T11:00:01.243+0000] {processor.py:183} INFO - Processing /home/airflow/.local/lib/python3.12/site-packages/airflow/example_dags/tutorial.py took 0.211 seconds
[2026-02-22T11:00:31.760+0000] {processor.py:161} INFO - Started process (PID=1702) to work on /home/airflow/.local/lib/python3.12/site-packages/airflow/example_dags/tutorial.py
[2026-02-22T11:00:31.762+0000] {processor.py:830} INFO - Processing file /home/airflow/.local/lib/python3.12/site-packages/airflow/example_dags/tutorial.py for tasks to queue
[2026-02-22T11:00:31.764+0000] {logging_mixin.py:188} INFO - [2026-02-22T11:00:31.764+0000] {dagbag.py:545} INFO - Filling up the DagBag from /home/airflow/.local/lib/python3.12/site-packages/airflow/example_dags/tutorial.py
[2026-02-22T11:00:31.768+0000] {processor.py:840} INFO - DAG(s) 'tutorial' retrieved from /home/airflow/.local/lib/python3.12/site-packages/airflow/example_dags/tutorial.py
[2026-02-22T11:00:31.788+0000] {logging_mixin.py:188} INFO - [2026-02-22T11:00:31.788+0000] {dag.py:3096} INFO - Sync 1 DAGs
[2026-02-22T11:00:31.807+0000] {logging_mixin.py:188} INFO - [2026-02-22T11:00:31.807+0000] {dag.py:3954} INFO - Setting next_dagrun for tutorial to 2026-02-21 00:00:00+00:00, run_after=2026-02-22 00:00:00+00:00
[2026-02-22T11:00:31.824+0000] {processor.py:183} INFO - Processing /home/airflow/.local/lib/python3.12/site-packages/airflow/example_dags/tutorial.py took 0.073 seconds
[2026-02-22T11:01:02.323+0000] {processor.py:161} INFO - Started process (PID=1760) to work on /home/airflow/.local/lib/python3.12/site-packages/airflow/example_dags/tutorial.py
[2026-02-22T11:01:02.323+0000] {processor.py:830} INFO - Processing file /home/airflow/.local/lib/python3.12/site-packages/airflow/example_dags/tutorial.py for tasks to queue
[2026-02-22T11:01:02.325+0000] {logging_mixin.py:188} INFO - [2026-02-22T11:01:02.324+0000] {dagbag.py:545} INFO - Filling up the DagBag from /home/airflow/.local/lib/python3.12/site-packages/airflow/example_dags/tutorial.py
[2026-02-22T11:01:02.328+0000] {processor.py:840} INFO - DAG(s) 'tutorial' retrieved from /home/airflow/.local/lib/python3.12/site-packages/airflow/example_dags/tutorial.py
[2026-02-22T11:01:02.345+0000] {logging_mixin.py:188} INFO - [2026-02-22T11:01:02.345+0000] {dag.py:3096} INFO - Sync 1 DAGs
[2026-02-22T11:01:02.361+0000] {logging_mixin.py:188} INFO - [2026-02-22T11:01:02.361+0000] {dag.py:3954} INFO - Setting next_dagrun for tutorial to 2026-02-21 00:00:00+00:00, run_after=2026-02-22 00:00:00+00:00
[2026-02-22T11:01:02.375+0000] {processor.py:183} INFO - Processing /home/airflow/.local/lib/python3.12/site-packages/airflow/example_dags/tutorial.py took 0.057 seconds
[2026-02-22T11:01:32.610+0000] {processor.py:161} INFO - Started process (PID=1818) to work on /home/airflow/.local/lib/python3.12/site-packages/airflow/example_dags/tutorial.py
[2026-02-22T11:01:32.614+0000] {processor.py:830} INFO - Processing file /home/airflow/.local/lib/python3.12/site-packages/airflow/example_dags/tutorial.py for tasks to queue
[2026-02-22T11:01:32.616+0000] {logging_mixin.py:188} INFO - [2026-02-22T11:01:32.616+0000] {dagbag.py:545} INFO - Filling up the DagBag from /home/airflow/.local/lib/python3.12/site-packages/airflow/example_dags/tutorial.py
[2026-02-22T11:01:32.620+0000] {processor.py:840} INFO - DAG(s) 'tutorial' retrieved from /home/airflow/.local/lib/python3.12/site-packages/airflow/example_dags/tutorial.py
[2026-02-22T11:01:32.634+0000] {logging_mixin.py:188} INFO - [2026-02-22T11:01:32.633+0000] {dag.py:3096} INFO - Sync 1 DAGs
[2026-02-22T11:01:32.651+0000] {logging_mixin.py:188} INFO - [2026-02-22T11:01:32.650+0000] {dag.py:3954} INFO - Setting next_dagrun for tutorial to 2026-02-21 00:00:00+00:00, run_after=2026-02-22 00:00:00+00:00
[2026-02-22T11:01:32.661+0000] {processor.py:183} INFO - Processing /home/airflow/.local/lib/python3.12/site-packages/airflow/example_dags/tutorial.py took 0.055 seconds
[2026-02-22T11:02:03.902+0000] {processor.py:161} INFO - Started process (PID=1878) to work on /home/airflow/.local/lib/python3.12/site-packages/airflow/example_dags/tutorial.py
[2026-02-22T11:02:03.903+0000] {processor.py:830} INFO - Processing file /home/airflow/.local/lib/python3.12/site-packages/airflow/example_dags/tutorial.py for tasks to queue
[2026-02-22T11:02:03.904+0000] {logging_mixin.py:188} INFO - [2026-02-22T11:02:03.904+0000] {dagbag.py:545} INFO - Filling up the DagBag from /home/airflow/.local/lib/python3.12/site-packages/airflow/example_dags/tutorial.py
[2026-02-22T11:02:03.910+0000] {processor.py:840} INFO - DAG(s) 'tutorial' retrieved from /home/airflow/.local/lib/python3.12/site-packages/airflow/example_dags/tutorial.py
[2026-02-22T11:02:03.925+0000] {logging_mixin.py:188} INFO - [2026-02-22T11:02:03.925+0000] {dag.py:3096} INFO - Sync 1 DAGs
[2026-02-22T11:02:03.943+0000] {logging_mixin.py:188} INFO - [2026-02-22T11:02:03.942+0000] {dag.py:3954} INFO - Setting next_dagrun for tutorial to 2026-02-21 00:00:00+00:00, run_after=2026-02-22 00:00:00+00:00
[2026-02-22T11:02:03.959+0000] {processor.py:183} INFO - Processing /home/airflow/.local/lib/python3.12/site-packages/airflow/example_dags/tutorial.py took 0.063 seconds
[2026-02-22T11:02:33.984+0000] {processor.py:161} INFO - Started process (PID=1936) to work on /home/airflow/.local/lib/python3.12/site-packages/airflow/example_dags/tutorial.py
[2026-02-22T11:02:33.985+0000] {processor.py:830} INFO - Processing file /home/airflow/.local/lib/python3.12/site-packages/airflow/example_dags/tutorial.py for tasks to queue
[2026-02-22T11:02:33.987+0000] {logging_mixin.py:188} INFO - [2026-02-22T11:02:33.987+0000] {dagbag.py:545} INFO - Filling up the DagBag from /home/airflow/.local/lib/python3.12/site-packages/airflow/example_dags/tutorial.py
[2026-02-22T11:02:33.993+0000] {processor.py:840} INFO - DAG(s) 'tutorial' retrieved from /home/airflow/.local/lib/python3.12/site-packages/airflow/example_dags/tutorial.py
[2026-02-22T11:02:34.005+0000] {logging_mixin.py:188} INFO - [2026-02-22T11:02:34.005+0000] {dag.py:3096} INFO - Sync 1 DAGs
[2026-02-22T11:02:34.020+0000] {logging_mixin.py:188} INFO - [2026-02-22T11:02:34.020+0000] {dag.py:3954} INFO - Setting next_dagrun for tutorial to 2026-02-21 00:00:00+00:00, run_after=2026-02-22 00:00:00+00:00
[2026-02-22T11:02:34.034+0000] {processor.py:183} INFO - Processing /home/airflow/.local/lib/python3.12/site-packages/airflow/example_dags/tutorial.py took 0.055 seconds
[2026-02-22T11:03:04.576+0000] {processor.py:161} INFO - Started process (PID=1995) to work on /home/airflow/.local/lib/python3.12/site-packages/airflow/example_dags/tutorial.py
[2026-02-22T11:03:04.577+0000] {processor.py:830} INFO - Processing file /home/airflow/.local/lib/python3.12/site-packages/airflow/example_dags/tutorial.py for tasks to queue
[2026-02-22T11:03:04.579+0000] {logging_mixin.py:188} INFO - [2026-02-22T11:03:04.579+0000] {dagbag.py:545} INFO - Filling up the DagBag from /home/airflow/.local/lib/python3.12/site-packages/airflow/example_dags/tutorial.py
[2026-02-22T11:03:04.583+0000] {processor.py:840} INFO - DAG(s) 'tutorial' retrieved from /home/airflow/.local/lib/python3.12/site-packages/airflow/example_dags/tutorial.py
[2026-02-22T11:03:04.605+0000] {logging_mixin.py:188} INFO - [2026-02-22T11:03:04.605+0000] {dag.py:3096} INFO - Sync 1 DAGs
[2026-02-22T11:03:04.617+0000] {logging_mixin.py:188} INFO - [2026-02-22T11:03:04.617+0000] {dag.py:3954} INFO - Setting next_dagrun for tutorial to 2026-02-21 00:00:00+00:00, run_after=2026-02-22 00:00:00+00:00
[2026-02-22T11:03:04.625+0000] {processor.py:183} INFO - Processing /home/airflow/.local/lib/python3.12/site-packages/airflow/example_dags/tutorial.py took 0.055 seconds
[2026-02-22T11:03:35.561+0000] {processor.py:161} INFO - Started process (PID=2054) to work on /home/airflow/.local/lib/python3.12/site-packages/airflow/example_dags/tutorial.py
[2026-02-22T11:03:35.563+0000] {processor.py:830} INFO - Processing file /home/airflow/.local/lib/python3.12/site-packages/airflow/example_dags/tutorial.py for tasks to queue
[2026-02-22T11:03:35.564+0000] {logging_mixin.py:188} INFO - [2026-02-22T11:03:35.564+0000] {dagbag.py:545} INFO - Filling up the DagBag from /home/airflow/.local/lib/python3.12/site-packages/airflow/example_dags/tutorial.py
[2026-02-22T11:03:35.568+0000] {processor.py:840} INFO - DAG(s) 'tutorial' retrieved from /home/airflow/.local/lib/python3.12/site-packages/airflow/example_dags/tutorial.py
[2026-02-22T11:03:35.579+0000] {logging_mixin.py:188} INFO - [2026-02-22T11:03:35.579+0000] {dag.py:3096} INFO - Sync 1 DAGs
[2026-02-22T11:03:35.593+0000] {logging_mixin.py:188} INFO - [2026-02-22T11:03:35.593+0000] {dag.py:3954} INFO - Setting next_dagrun for tutorial to 2026-02-21 00:00:00+00:00, run_after=2026-02-22 00:00:00+00:00
[2026-02-22T11:03:35.601+0000] {processor.py:183} INFO - Processing /home/airflow/.local/lib/python3.12/site-packages/airflow/example_dags/tutorial.py took 0.048 seconds
[2026-02-22T11:04:19.547+0000] {processor.py:161} INFO - Started process (PID=2121) to work on /home/airflow/.local/lib/python3.12/site-packages/airflow/example_dags/tutorial.py
[2026-02-22T11:04:19.548+0000] {processor.py:830} INFO - Processing file /home/airflow/.local/lib/python3.12/site-packages/airflow/example_dags/tutorial.py for tasks to queue
[2026-02-22T11:04:19.550+0000] {logging_mixin.py:188} INFO - [2026-02-22T11:04:19.550+0000] {dagbag.py:545} INFO - Filling up the DagBag from /home/airflow/.local/lib/python3.12/site-packages/airflow/example_dags/tutorial.py
[2026-02-22T11:04:19.557+0000] {processor.py:840} INFO - DAG(s) 'tutorial' retrieved from /home/airflow/.local/lib/python3.12/site-packages/airflow/example_dags/tutorial.py
[2026-02-22T11:04:19.589+0000] {logging_mixin.py:188} INFO - [2026-02-22T11:04:19.589+0000] {dag.py:3096} INFO - Sync 1 DAGs
[2026-02-22T11:04:19.618+0000] {logging_mixin.py:188} INFO - [2026-02-22T11:04:19.618+0000] {dag.py:3954} INFO - Setting next_dagrun for tutorial to 2026-02-21 00:00:00+00:00, run_after=2026-02-22 00:00:00+00:00
[2026-02-22T11:04:19.640+0000] {processor.py:183} INFO - Processing /home/airflow/.local/lib/python3.12/site-packages/airflow/example_dags/tutorial.py took 0.100 seconds
[2026-02-22T16:34:25.246+0000] {processor.py:161} INFO - Started process (PID=76) to work on /home/airflow/.local/lib/python3.12/site-packages/airflow/example_dags/tutorial.py
[2026-02-22T16:34:25.248+0000] {processor.py:830} INFO - Processing file /home/airflow/.local/lib/python3.12/site-packages/airflow/example_dags/tutorial.py for tasks to queue
[2026-02-22T16:34:25.254+0000] {logging_mixin.py:188} INFO - [2026-02-22T16:34:25.252+0000] {dagbag.py:545} INFO - Filling up the DagBag from /home/airflow/.local/lib/python3.12/site-packages/airflow/example_dags/tutorial.py
[2026-02-22T16:34:25.263+0000] {processor.py:840} INFO - DAG(s) 'tutorial' retrieved from /home/airflow/.local/lib/python3.12/site-packages/airflow/example_dags/tutorial.py
[2026-02-22T16:34:25.301+0000] {logging_mixin.py:188} INFO - [2026-02-22T16:34:25.301+0000] {dag.py:3096} INFO - Sync 1 DAGs
[2026-02-22T16:34:25.330+0000] {logging_mixin.py:188} INFO - [2026-02-22T16:34:25.329+0000] {dag.py:3954} INFO - Setting next_dagrun for tutorial to 2026-02-21 00:00:00+00:00, run_after=2026-02-22 00:00:00+00:00
[2026-02-22T16:34:25.349+0000] {processor.py:183} INFO - Processing /home/airflow/.local/lib/python3.12/site-packages/airflow/example_dags/tutorial.py took 0.110 seconds
[2026-02-22T16:50:46.868+0000] {processor.py:161} INFO - Started process (PID=129) to work on /home/airflow/.local/lib/python3.12/site-packages/airflow/example_dags/tutorial.py
[2026-02-22T16:50:46.870+0000] {processor.py:830} INFO - Processing file /home/airflow/.local/lib/python3.12/site-packages/airflow/example_dags/tutorial.py for tasks to queue
[2026-02-22T16:50:46.872+0000] {logging_mixin.py:188} INFO - [2026-02-22T16:50:46.872+0000] {dagbag.py:545} INFO - Filling up the DagBag from /home/airflow/.local/lib/python3.12/site-packages/airflow/example_dags/tutorial.py
[2026-02-22T16:50:46.877+0000] {processor.py:840} INFO - DAG(s) 'tutorial' retrieved from /home/airflow/.local/lib/python3.12/site-packages/airflow/example_dags/tutorial.py
[2026-02-22T16:50:46.898+0000] {logging_mixin.py:188} INFO - [2026-02-22T16:50:46.897+0000] {dag.py:3096} INFO - Sync 1 DAGs
[2026-02-22T16:50:46.918+0000] {logging_mixin.py:188} INFO - [2026-02-22T16:50:46.918+0000] {dag.py:3954} INFO - Setting next_dagrun for tutorial to 2026-02-21 00:00:00+00:00, run_after=2026-02-22 00:00:00+00:00
[2026-02-22T16:50:46.936+0000] {processor.py:183} INFO - Processing /home/airflow/.local/lib/python3.12/site-packages/airflow/example_dags/tutorial.py took 0.072 seconds
[2026-02-22T16:51:17.003+0000] {processor.py:161} INFO - Started process (PID=188) to work on /home/airflow/.local/lib/python3.12/site-packages/airflow/example_dags/tutorial.py
[2026-02-22T16:51:17.005+0000] {processor.py:830} INFO - Processing file /home/airflow/.local/lib/python3.12/site-packages/airflow/example_dags/tutorial.py for tasks to queue
[2026-02-22T16:51:17.007+0000] {logging_mixin.py:188} INFO - [2026-02-22T16:51:17.007+0000] {dagbag.py:545} INFO - Filling up the DagBag from /home/airflow/.local/lib/python3.12/site-packages/airflow/example_dags/tutorial.py
[2026-02-22T16:51:17.016+0000] {processor.py:840} INFO - DAG(s) 'tutorial' retrieved from /home/airflow/.local/lib/python3.12/site-packages/airflow/example_dags/tutorial.py
[2026-02-22T16:51:17.039+0000] {logging_mixin.py:188} INFO - [2026-02-22T16:51:17.039+0000] {dag.py:3096} INFO - Sync 1 DAGs
[2026-02-22T16:51:17.054+0000] {logging_mixin.py:188} INFO - [2026-02-22T16:51:17.054+0000] {dag.py:3954} INFO - Setting next_dagrun for tutorial to 2026-02-21 00:00:00+00:00, run_after=2026-02-22 00:00:00+00:00
[2026-02-22T16:51:17.067+0000] {processor.py:183} INFO - Processing /home/airflow/.local/lib/python3.12/site-packages/airflow/example_dags/tutorial.py took 0.069 seconds
[2026-02-22T16:51:47.284+0000] {processor.py:161} INFO - Started process (PID=247) to work on /home/airflow/.local/lib/python3.12/site-packages/airflow/example_dags/tutorial.py
[2026-02-22T16:51:47.285+0000] {processor.py:830} INFO - Processing file /home/airflow/.local/lib/python3.12/site-packages/airflow/example_dags/tutorial.py for tasks to queue
[2026-02-22T16:51:47.287+0000] {logging_mixin.py:188} INFO - [2026-02-22T16:51:47.287+0000] {dagbag.py:545} INFO - Filling up the DagBag from /home/airflow/.local/lib/python3.12/site-packages/airflow/example_dags/tutorial.py
[2026-02-22T16:51:47.292+0000] {processor.py:840} INFO - DAG(s) 'tutorial' retrieved from /home/airflow/.local/lib/python3.12/site-packages/airflow/example_dags/tutorial.py
[2026-02-22T16:51:47.305+0000] {logging_mixin.py:188} INFO - [2026-02-22T16:51:47.305+0000] {dag.py:3096} INFO - Sync 1 DAGs
[2026-02-22T16:51:47.319+0000] {logging_mixin.py:188} INFO - [2026-02-22T16:51:47.319+0000] {dag.py:3954} INFO - Setting next_dagrun for tutorial to 2026-02-21 00:00:00+00:00, run_after=2026-02-22 00:00:00+00:00
[2026-02-22T16:51:47.338+0000] {processor.py:183} INFO - Processing /home/airflow/.local/lib/python3.12/site-packages/airflow/example_dags/tutorial.py took 0.058 seconds
[2026-02-22T16:52:17.694+0000] {processor.py:161} INFO - Started process (PID=306) to work on /home/airflow/.local/lib/python3.12/site-packages/airflow/example_dags/tutorial.py
[2026-02-22T16:52:17.695+0000] {processor.py:830} INFO - Processing file /home/airflow/.local/lib/python3.12/site-packages/airflow/example_dags/tutorial.py for tasks to queue
[2026-02-22T16:52:17.696+0000] {logging_mixin.py:188} INFO - [2026-02-22T16:52:17.696+0000] {dagbag.py:545} INFO - Filling up the DagBag from /home/airflow/.local/lib/python3.12/site-packages/airflow/example_dags/tutorial.py
[2026-02-22T16:52:17.700+0000] {processor.py:840} INFO - DAG(s) 'tutorial' retrieved from /home/airflow/.local/lib/python3.12/site-packages/airflow/example_dags/tutorial.py
[2026-02-22T16:52:17.712+0000] {logging_mixin.py:188} INFO - [2026-02-22T16:52:17.712+0000] {dag.py:3096} INFO - Sync 1 DAGs
[2026-02-22T16:52:17.728+0000] {logging_mixin.py:188} INFO - [2026-02-22T16:52:17.728+0000] {dag.py:3954} INFO - Setting next_dagrun for tutorial to 2026-02-21 00:00:00+00:00, run_after=2026-02-22 00:00:00+00:00
[2026-02-22T16:52:17.741+0000] {processor.py:183} INFO - Processing /home/airflow/.local/lib/python3.12/site-packages/airflow/example_dags/tutorial.py took 0.051 seconds
[2026-02-22T16:52:47.983+0000] {processor.py:161} INFO - Started process (PID=365) to work on /home/airflow/.local/lib/python3.12/site-packages/airflow/example_dags/tutorial.py
[2026-02-22T16:52:47.983+0000] {processor.py:830} INFO - Processing file /home/airflow/.local/lib/python3.12/site-packages/airflow/example_dags/tutorial.py for tasks to queue
[2026-02-22T16:52:47.985+0000] {logging_mixin.py:188} INFO - [2026-02-22T16:52:47.985+0000] {dagbag.py:545} INFO - Filling up the DagBag from /home/airflow/.local/lib/python3.12/site-packages/airflow/example_dags/tutorial.py
[2026-02-22T16:52:47.989+0000] {processor.py:840} INFO - DAG(s) 'tutorial' retrieved from /home/airflow/.local/lib/python3.12/site-packages/airflow/example_dags/tutorial.py
[2026-02-22T16:52:48.005+0000] {logging_mixin.py:188} INFO - [2026-02-22T16:52:48.004+0000] {dag.py:3096} INFO - Sync 1 DAGs
[2026-02-22T16:52:48.017+0000] {logging_mixin.py:188} INFO - [2026-02-22T16:52:48.017+0000] {dag.py:3954} INFO - Setting next_dagrun for tutorial to 2026-02-21 00:00:00+00:00, run_after=2026-02-22 00:00:00+00:00
[2026-02-22T16:52:48.030+0000] {processor.py:183} INFO - Processing /home/airflow/.local/lib/python3.12/site-packages/airflow/example_dags/tutorial.py took 0.051 seconds
[2026-02-22T16:53:18.236+0000] {processor.py:161} INFO - Started process (PID=424) to work on /home/airflow/.local/lib/python3.12/site-packages/airflow/example_dags/tutorial.py
[2026-02-22T16:53:18.236+0000] {processor.py:830} INFO - Processing file /home/airflow/.local/lib/python3.12/site-packages/airflow/example_dags/tutorial.py for tasks to queue
[2026-02-22T16:53:18.237+0000] {logging_mixin.py:188} INFO - [2026-02-22T16:53:18.237+0000] {dagbag.py:545} INFO - Filling up the DagBag from /home/airflow/.local/lib/python3.12/site-packages/airflow/example_dags/tutorial.py
[2026-02-22T16:53:18.241+0000] {processor.py:840} INFO - DAG(s) 'tutorial' retrieved from /home/airflow/.local/lib/python3.12/site-packages/airflow/example_dags/tutorial.py
[2026-02-22T16:53:18.251+0000] {logging_mixin.py:188} INFO - [2026-02-22T16:53:18.251+0000] {dag.py:3096} INFO - Sync 1 DAGs
[2026-02-22T16:53:18.263+0000] {logging_mixin.py:188} INFO - [2026-02-22T16:53:18.263+0000] {dag.py:3954} INFO - Setting next_dagrun for tutorial to 2026-02-21 00:00:00+00:00, run_after=2026-02-22 00:00:00+00:00
[2026-02-22T16:53:18.284+0000] {processor.py:183} INFO - Processing /home/airflow/.local/lib/python3.12/site-packages/airflow/example_dags/tutorial.py took 0.052 seconds
[2026-02-22T16:53:48.879+0000] {processor.py:161} INFO - Started process (PID=483) to work on /home/airflow/.local/lib/python3.12/site-packages/airflow/example_dags/tutorial.py
[2026-02-22T16:53:48.879+0000] {processor.py:830} INFO - Processing file /home/airflow/.local/lib/python3.12/site-packages/airflow/example_dags/tutorial.py for tasks to queue
[2026-02-22T16:53:48.880+0000] {logging_mixin.py:188} INFO - [2026-02-22T16:53:48.880+0000] {dagbag.py:545} INFO - Filling up the DagBag from /home/airflow/.local/lib/python3.12/site-packages/airflow/example_dags/tutorial.py
[2026-02-22T16:53:48.884+0000] {processor.py:840} INFO - DAG(s) 'tutorial' retrieved from /home/airflow/.local/lib/python3.12/site-packages/airflow/example_dags/tutorial.py
[2026-02-22T16:53:48.894+0000] {logging_mixin.py:188} INFO - [2026-02-22T16:53:48.894+0000] {dag.py:3096} INFO - Sync 1 DAGs
[2026-02-22T16:53:48.906+0000] {logging_mixin.py:188} INFO - [2026-02-22T16:53:48.906+0000] {dag.py:3954} INFO - Setting next_dagrun for tutorial to 2026-02-21 00:00:00+00:00, run_after=2026-02-22 00:00:00+00:00
[2026-02-22T16:53:48.920+0000] {processor.py:183} INFO - Processing /home/airflow/.local/lib/python3.12/site-packages/airflow/example_dags/tutorial.py took 0.045 seconds
[2026-02-22T16:54:19.033+0000] {processor.py:161} INFO - Started process (PID=542) to work on /home/airflow/.local/lib/python3.12/site-packages/airflow/example_dags/tutorial.py
[2026-02-22T16:54:19.034+0000] {processor.py:830} INFO - Processing file /home/airflow/.local/lib/python3.12/site-packages/airflow/example_dags/tutorial.py for tasks to queue
[2026-02-22T16:54:19.035+0000] {logging_mixin.py:188} INFO - [2026-02-22T16:54:19.035+0000] {dagbag.py:545} INFO - Filling up the DagBag from /home/airflow/.local/lib/python3.12/site-packages/airflow/example_dags/tutorial.py
[2026-02-22T16:54:19.039+0000] {processor.py:840} INFO - DAG(s) 'tutorial' retrieved from /home/airflow/.local/lib/python3.12/site-packages/airflow/example_dags/tutorial.py
[2026-02-22T16:54:19.054+0000] {logging_mixin.py:188} INFO - [2026-02-22T16:54:19.054+0000] {dag.py:3096} INFO - Sync 1 DAGs
[2026-02-22T16:54:19.071+0000] {logging_mixin.py:188} INFO - [2026-02-22T16:54:19.071+0000] {dag.py:3954} INFO - Setting next_dagrun for tutorial to 2026-02-21 00:00:00+00:00, run_after=2026-02-22 00:00:00+00:00
[2026-02-22T16:54:19.090+0000] {processor.py:183} INFO - Processing /home/airflow/.local/lib/python3.12/site-packages/airflow/example_dags/tutorial.py took 0.060 seconds
[2026-02-22T16:54:49.256+0000] {processor.py:161} INFO - Started process (PID=601) to work on /home/airflow/.local/lib/python3.12/site-packages/airflow/example_dags/tutorial.py
[2026-02-22T16:54:49.256+0000] {processor.py:830} INFO - Processing file /home/airflow/.local/lib/python3.12/site-packages/airflow/example_dags/tutorial.py for tasks to queue
[2026-02-22T16:54:49.258+0000] {logging_mixin.py:188} INFO - [2026-02-22T16:54:49.258+0000] {dagbag.py:545} INFO - Filling up the DagBag from /home/airflow/.local/lib/python3.12/site-packages/airflow/example_dags/tutorial.py
[2026-02-22T16:54:49.261+0000] {processor.py:840} INFO - DAG(s) 'tutorial' retrieved from /home/airflow/.local/lib/python3.12/site-packages/airflow/example_dags/tutorial.py
[2026-02-22T16:54:49.271+0000] {logging_mixin.py:188} INFO - [2026-02-22T16:54:49.271+0000] {dag.py:3096} INFO - Sync 1 DAGs
[2026-02-22T16:54:49.286+0000] {logging_mixin.py:188} INFO - [2026-02-22T16:54:49.286+0000] {dag.py:3954} INFO - Setting next_dagrun for tutorial to 2026-02-21 00:00:00+00:00, run_after=2026-02-22 00:00:00+00:00
[2026-02-22T16:54:49.300+0000] {processor.py:183} INFO - Processing /home/airflow/.local/lib/python3.12/site-packages/airflow/example_dags/tutorial.py took 0.048 seconds
[2026-02-22T16:55:19.389+0000] {processor.py:161} INFO - Started process (PID=660) to work on /home/airflow/.local/lib/python3.12/site-packages/airflow/example_dags/tutorial.py
[2026-02-22T16:55:19.391+0000] {processor.py:830} INFO - Processing file /home/airflow/.local/lib/python3.12/site-packages/airflow/example_dags/tutorial.py for tasks to queue
[2026-02-22T16:55:19.392+0000] {logging_mixin.py:188} INFO - [2026-02-22T16:55:19.392+0000] {dagbag.py:545} INFO - Filling up the DagBag from /home/airflow/.local/lib/python3.12/site-packages/airflow/example_dags/tutorial.py
[2026-02-22T16:55:19.396+0000] {processor.py:840} INFO - DAG(s) 'tutorial' retrieved from /home/airflow/.local/lib/python3.12/site-packages/airflow/example_dags/tutorial.py
[2026-02-22T16:55:19.412+0000] {logging_mixin.py:188} INFO - [2026-02-22T16:55:19.412+0000] {dag.py:3096} INFO - Sync 1 DAGs
[2026-02-22T16:55:19.428+0000] {logging_mixin.py:188} INFO - [2026-02-22T16:55:19.428+0000] {dag.py:3954} INFO - Setting next_dagrun for tutorial to 2026-02-21 00:00:00+00:00, run_after=2026-02-22 00:00:00+00:00
[2026-02-22T16:55:19.448+0000] {processor.py:183} INFO - Processing /home/airflow/.local/lib/python3.12/site-packages/airflow/example_dags/tutorial.py took 0.061 seconds
[2026-02-22T16:55:49.582+0000] {processor.py:161} INFO - Started process (PID=719) to work on /home/airflow/.local/lib/python3.12/site-packages/airflow/example_dags/tutorial.py
[2026-02-22T16:55:49.583+0000] {processor.py:830} INFO - Processing file /home/airflow/.local/lib/python3.12/site-packages/airflow/example_dags/tutorial.py for tasks to queue
[2026-02-22T16:55:49.584+0000] {logging_mixin.py:188} INFO - [2026-02-22T16:55:49.583+0000] {dagbag.py:545} INFO - Filling up the DagBag from /home/airflow/.local/lib/python3.12/site-packages/airflow/example_dags/tutorial.py
[2026-02-22T16:55:49.587+0000] {processor.py:840} INFO - DAG(s) 'tutorial' retrieved from /home/airflow/.local/lib/python3.12/site-packages/airflow/example_dags/tutorial.py
[2026-02-22T16:55:49.596+0000] {logging_mixin.py:188} INFO - [2026-02-22T16:55:49.596+0000] {dag.py:3096} INFO - Sync 1 DAGs
[2026-02-22T16:55:49.605+0000] {logging_mixin.py:188} INFO - [2026-02-22T16:55:49.605+0000] {dag.py:3954} INFO - Setting next_dagrun for tutorial to 2026-02-21 00:00:00+00:00, run_after=2026-02-22 00:00:00+00:00
[2026-02-22T16:55:49.613+0000] {processor.py:183} INFO - Processing /home/airflow/.local/lib/python3.12/site-packages/airflow/example_dags/tutorial.py took 0.035 seconds
[2026-02-22T16:56:19.791+0000] {processor.py:161} INFO - Started process (PID=778) to work on /home/airflow/.local/lib/python3.12/site-packages/airflow/example_dags/tutorial.py
[2026-02-22T16:56:19.792+0000] {processor.py:830} INFO - Processing file /home/airflow/.local/lib/python3.12/site-packages/airflow/example_dags/tutorial.py for tasks to queue
[2026-02-22T16:56:19.793+0000] {logging_mixin.py:188} INFO - [2026-02-22T16:56:19.793+0000] {dagbag.py:545} INFO - Filling up the DagBag from /home/airflow/.local/lib/python3.12/site-packages/airflow/example_dags/tutorial.py
[2026-02-22T16:56:19.797+0000] {processor.py:840} INFO - DAG(s) 'tutorial' retrieved from /home/airflow/.local/lib/python3.12/site-packages/airflow/example_dags/tutorial.py
[2026-02-22T16:56:19.812+0000] {logging_mixin.py:188} INFO - [2026-02-22T16:56:19.812+0000] {dag.py:3096} INFO - Sync 1 DAGs
[2026-02-22T16:56:19.829+0000] {logging_mixin.py:188} INFO - [2026-02-22T16:56:19.829+0000] {dag.py:3954} INFO - Setting next_dagrun for tutorial to 2026-02-21 00:00:00+00:00, run_after=2026-02-22 00:00:00+00:00
[2026-02-22T16:56:19.843+0000] {processor.py:183} INFO - Processing /home/airflow/.local/lib/python3.12/site-packages/airflow/example_dags/tutorial.py took 0.056 seconds
[2026-02-22T16:56:49.979+0000] {processor.py:161} INFO - Started process (PID=837) to work on /home/airflow/.local/lib/python3.12/site-packages/airflow/example_dags/tutorial.py
[2026-02-22T16:56:49.981+0000] {processor.py:830} INFO - Processing file /home/airflow/.local/lib/python3.12/site-packages/airflow/example_dags/tutorial.py for tasks to queue
[2026-02-22T16:56:49.983+0000] {logging_mixin.py:188} INFO - [2026-02-22T16:56:49.983+0000] {dagbag.py:545} INFO - Filling up the DagBag from /home/airflow/.local/lib/python3.12/site-packages/airflow/example_dags/tutorial.py
[2026-02-22T16:56:49.986+0000] {processor.py:840} INFO - DAG(s) 'tutorial' retrieved from /home/airflow/.local/lib/python3.12/site-packages/airflow/example_dags/tutorial.py
[2026-02-22T16:56:49.999+0000] {logging_mixin.py:188} INFO - [2026-02-22T16:56:49.999+0000] {dag.py:3096} INFO - Sync 1 DAGs
[2026-02-22T16:56:50.014+0000] {logging_mixin.py:188} INFO - [2026-02-22T16:56:50.014+0000] {dag.py:3954} INFO - Setting next_dagrun for tutorial to 2026-02-21 00:00:00+00:00, run_after=2026-02-22 00:00:00+00:00
[2026-02-22T16:56:50.028+0000] {processor.py:183} INFO - Processing /home/airflow/.local/lib/python3.12/site-packages/airflow/example_dags/tutorial.py took 0.052 seconds
[2026-02-22T16:57:20.153+0000] {processor.py:161} INFO - Started process (PID=896) to work on /home/airflow/.local/lib/python3.12/site-packages/airflow/example_dags/tutorial.py
[2026-02-22T16:57:20.154+0000] {processor.py:830} INFO - Processing file /home/airflow/.local/lib/python3.12/site-packages/airflow/example_dags/tutorial.py for tasks to queue
[2026-02-22T16:57:20.155+0000] {logging_mixin.py:188} INFO - [2026-02-22T16:57:20.155+0000] {dagbag.py:545} INFO - Filling up the DagBag from /home/airflow/.local/lib/python3.12/site-packages/airflow/example_dags/tutorial.py
[2026-02-22T16:57:20.159+0000] {processor.py:840} INFO - DAG(s) 'tutorial' retrieved from /home/airflow/.local/lib/python3.12/site-packages/airflow/example_dags/tutorial.py
[2026-02-22T16:57:20.175+0000] {logging_mixin.py:188} INFO - [2026-02-22T16:57:20.175+0000] {dag.py:3096} INFO - Sync 1 DAGs
[2026-02-22T16:57:20.192+0000] {logging_mixin.py:188} INFO - [2026-02-22T16:57:20.192+0000] {dag.py:3954} INFO - Setting next_dagrun for tutorial to 2026-02-21 00:00:00+00:00, run_after=2026-02-22 00:00:00+00:00
[2026-02-22T16:57:20.210+0000] {processor.py:183} INFO - Processing /home/airflow/.local/lib/python3.12/site-packages/airflow/example_dags/tutorial.py took 0.060 seconds
[2026-02-22T16:57:50.454+0000] {processor.py:161} INFO - Started process (PID=955) to work on /home/airflow/.local/lib/python3.12/site-packages/airflow/example_dags/tutorial.py
[2026-02-22T16:57:50.455+0000] {processor.py:830} INFO - Processing file /home/airflow/.local/lib/python3.12/site-packages/airflow/example_dags/tutorial.py for tasks to queue
[2026-02-22T16:57:50.457+0000] {logging_mixin.py:188} INFO - [2026-02-22T16:57:50.457+0000] {dagbag.py:545} INFO - Filling up the DagBag from /home/airflow/.local/lib/python3.12/site-packages/airflow/example_dags/tutorial.py
[2026-02-22T16:57:50.460+0000] {processor.py:840} INFO - DAG(s) 'tutorial' retrieved from /home/airflow/.local/lib/python3.12/site-packages/airflow/example_dags/tutorial.py
[2026-02-22T16:57:50.474+0000] {logging_mixin.py:188} INFO - [2026-02-22T16:57:50.474+0000] {dag.py:3096} INFO - Sync 1 DAGs
[2026-02-22T16:57:50.490+0000] {logging_mixin.py:188} INFO - [2026-02-22T16:57:50.490+0000] {dag.py:3954} INFO - Setting next_dagrun for tutorial to 2026-02-21 00:00:00+00:00, run_after=2026-02-22 00:00:00+00:00
[2026-02-22T16:57:50.504+0000] {processor.py:183} INFO - Processing /home/airflow/.local/lib/python3.12/site-packages/airflow/example_dags/tutorial.py took 0.054 seconds
[2026-02-22T16:58:20.949+0000] {processor.py:161} INFO - Started process (PID=1014) to work on /home/airflow/.local/lib/python3.12/site-packages/airflow/example_dags/tutorial.py
[2026-02-22T16:58:20.950+0000] {processor.py:830} INFO - Processing file /home/airflow/.local/lib/python3.12/site-packages/airflow/example_dags/tutorial.py for tasks to queue
[2026-02-22T16:58:20.953+0000] {logging_mixin.py:188} INFO - [2026-02-22T16:58:20.952+0000] {dagbag.py:545} INFO - Filling up the DagBag from /home/airflow/.local/lib/python3.12/site-packages/airflow/example_dags/tutorial.py
[2026-02-22T16:58:20.956+0000] {processor.py:840} INFO - DAG(s) 'tutorial' retrieved from /home/airflow/.local/lib/python3.12/site-packages/airflow/example_dags/tutorial.py
[2026-02-22T16:58:20.974+0000] {logging_mixin.py:188} INFO - [2026-02-22T16:58:20.974+0000] {dag.py:3096} INFO - Sync 1 DAGs
[2026-02-22T16:58:20.988+0000] {logging_mixin.py:188} INFO - [2026-02-22T16:58:20.988+0000] {dag.py:3954} INFO - Setting next_dagrun for tutorial to 2026-02-21 00:00:00+00:00, run_after=2026-02-22 00:00:00+00:00
[2026-02-22T16:58:21.003+0000] {processor.py:183} INFO - Processing /home/airflow/.local/lib/python3.12/site-packages/airflow/example_dags/tutorial.py took 0.058 seconds
[2026-02-22T16:58:51.264+0000] {processor.py:161} INFO - Started process (PID=1073) to work on /home/airflow/.local/lib/python3.12/site-packages/airflow/example_dags/tutorial.py
[2026-02-22T16:58:51.266+0000] {processor.py:830} INFO - Processing file /home/airflow/.local/lib/python3.12/site-packages/airflow/example_dags/tutorial.py for tasks to queue
[2026-02-22T16:58:51.267+0000] {logging_mixin.py:188} INFO - [2026-02-22T16:58:51.267+0000] {dagbag.py:545} INFO - Filling up the DagBag from /home/airflow/.local/lib/python3.12/site-packages/airflow/example_dags/tutorial.py
[2026-02-22T16:58:51.273+0000] {processor.py:840} INFO - DAG(s) 'tutorial' retrieved from /home/airflow/.local/lib/python3.12/site-packages/airflow/example_dags/tutorial.py
[2026-02-22T16:58:51.289+0000] {logging_mixin.py:188} INFO - [2026-02-22T16:58:51.289+0000] {dag.py:3096} INFO - Sync 1 DAGs
[2026-02-22T16:58:51.302+0000] {logging_mixin.py:188} INFO - [2026-02-22T16:58:51.302+0000] {dag.py:3954} INFO - Setting next_dagrun for tutorial to 2026-02-21 00:00:00+00:00, run_after=2026-02-22 00:00:00+00:00
[2026-02-22T16:58:51.318+0000] {processor.py:183} INFO - Processing /home/airflow/.local/lib/python3.12/site-packages/airflow/example_dags/tutorial.py took 0.056 seconds
[2026-02-22T16:59:21.716+0000] {processor.py:161} INFO - Started process (PID=1132) to work on /home/airflow/.local/lib/python3.12/site-packages/airflow/example_dags/tutorial.py
[2026-02-22T16:59:21.716+0000] {processor.py:830} INFO - Processing file /home/airflow/.local/lib/python3.12/site-packages/airflow/example_dags/tutorial.py for tasks to queue
[2026-02-22T16:59:21.717+0000] {logging_mixin.py:188} INFO - [2026-02-22T16:59:21.717+0000] {dagbag.py:545} INFO - Filling up the DagBag from /home/airflow/.local/lib/python3.12/site-packages/airflow/example_dags/tutorial.py
[2026-02-22T16:59:21.720+0000] {processor.py:840} INFO - DAG(s) 'tutorial' retrieved from /home/airflow/.local/lib/python3.12/site-packages/airflow/example_dags/tutorial.py
[2026-02-22T16:59:21.729+0000] {logging_mixin.py:188} INFO - [2026-02-22T16:59:21.729+0000] {dag.py:3096} INFO - Sync 1 DAGs
[2026-02-22T16:59:21.739+0000] {logging_mixin.py:188} INFO - [2026-02-22T16:59:21.738+0000] {dag.py:3954} INFO - Setting next_dagrun for tutorial to 2026-02-21 00:00:00+00:00, run_after=2026-02-22 00:00:00+00:00
[2026-02-22T16:59:21.747+0000] {processor.py:183} INFO - Processing /home/airflow/.local/lib/python3.12/site-packages/airflow/example_dags/tutorial.py took 0.034 seconds
[2026-02-22T16:59:51.918+0000] {processor.py:161} INFO - Started process (PID=1191) to work on /home/airflow/.local/lib/python3.12/site-packages/airflow/example_dags/tutorial.py
[2026-02-22T16:59:51.919+0000] {processor.py:830} INFO - Processing file /home/airflow/.local/lib/python3.12/site-packages/airflow/example_dags/tutorial.py for tasks to queue
[2026-02-22T16:59:51.920+0000] {logging_mixin.py:188} INFO - [2026-02-22T16:59:51.920+0000] {dagbag.py:545} INFO - Filling up the DagBag from /home/airflow/.local/lib/python3.12/site-packages/airflow/example_dags/tutorial.py
[2026-02-22T16:59:51.924+0000] {processor.py:840} INFO - DAG(s) 'tutorial' retrieved from /home/airflow/.local/lib/python3.12/site-packages/airflow/example_dags/tutorial.py
[2026-02-22T16:59:51.938+0000] {logging_mixin.py:188} INFO - [2026-02-22T16:59:51.938+0000] {dag.py:3096} INFO - Sync 1 DAGs
[2026-02-22T16:59:51.954+0000] {logging_mixin.py:188} INFO - [2026-02-22T16:59:51.953+0000] {dag.py:3954} INFO - Setting next_dagrun for tutorial to 2026-02-21 00:00:00+00:00, run_after=2026-02-22 00:00:00+00:00
[2026-02-22T16:59:51.966+0000] {processor.py:183} INFO - Processing /home/airflow/.local/lib/python3.12/site-packages/airflow/example_dags/tutorial.py took 0.051 seconds
[2026-02-22T17:00:22.100+0000] {processor.py:161} INFO - Started process (PID=1250) to work on /home/airflow/.local/lib/python3.12/site-packages/airflow/example_dags/tutorial.py
[2026-02-22T17:00:22.101+0000] {processor.py:830} INFO - Processing file /home/airflow/.local/lib/python3.12/site-packages/airflow/example_dags/tutorial.py for tasks to queue
[2026-02-22T17:00:22.102+0000] {logging_mixin.py:188} INFO - [2026-02-22T17:00:22.102+0000] {dagbag.py:545} INFO - Filling up the DagBag from /home/airflow/.local/lib/python3.12/site-packages/airflow/example_dags/tutorial.py
[2026-02-22T17:00:22.106+0000] {processor.py:840} INFO - DAG(s) 'tutorial' retrieved from /home/airflow/.local/lib/python3.12/site-packages/airflow/example_dags/tutorial.py
[2026-02-22T17:00:22.122+0000] {logging_mixin.py:188} INFO - [2026-02-22T17:00:22.122+0000] {dag.py:3096} INFO - Sync 1 DAGs
[2026-02-22T17:00:22.136+0000] {logging_mixin.py:188} INFO - [2026-02-22T17:00:22.136+0000] {dag.py:3954} INFO - Setting next_dagrun for tutorial to 2026-02-21 00:00:00+00:00, run_after=2026-02-22 00:00:00+00:00
[2026-02-22T17:00:22.147+0000] {processor.py:183} INFO - Processing /home/airflow/.local/lib/python3.12/site-packages/airflow/example_dags/tutorial.py took 0.050 seconds
[2026-02-22T17:00:53.109+0000] {processor.py:161} INFO - Started process (PID=1309) to work on /home/airflow/.local/lib/python3.12/site-packages/airflow/example_dags/tutorial.py
[2026-02-22T17:00:53.115+0000] {processor.py:830} INFO - Processing file /home/airflow/.local/lib/python3.12/site-packages/airflow/example_dags/tutorial.py for tasks to queue
[2026-02-22T17:00:53.116+0000] {logging_mixin.py:188} INFO - [2026-02-22T17:00:53.116+0000] {dagbag.py:545} INFO - Filling up the DagBag from /home/airflow/.local/lib/python3.12/site-packages/airflow/example_dags/tutorial.py
[2026-02-22T17:00:53.121+0000] {processor.py:840} INFO - DAG(s) 'tutorial' retrieved from /home/airflow/.local/lib/python3.12/site-packages/airflow/example_dags/tutorial.py
[2026-02-22T17:00:53.147+0000] {logging_mixin.py:188} INFO - [2026-02-22T17:00:53.146+0000] {dag.py:3096} INFO - Sync 1 DAGs
[2026-02-22T17:00:53.162+0000] {logging_mixin.py:188} INFO - [2026-02-22T17:00:53.162+0000] {dag.py:3954} INFO - Setting next_dagrun for tutorial to 2026-02-21 00:00:00+00:00, run_after=2026-02-22 00:00:00+00:00
[2026-02-22T17:00:53.181+0000] {processor.py:183} INFO - Processing /home/airflow/.local/lib/python3.12/site-packages/airflow/example_dags/tutorial.py took 0.082 seconds
[2026-02-22T17:01:23.408+0000] {processor.py:161} INFO - Started process (PID=1368) to work on /home/airflow/.local/lib/python3.12/site-packages/airflow/example_dags/tutorial.py
[2026-02-22T17:01:23.409+0000] {processor.py:830} INFO - Processing file /home/airflow/.local/lib/python3.12/site-packages/airflow/example_dags/tutorial.py for tasks to queue
[2026-02-22T17:01:23.411+0000] {logging_mixin.py:188} INFO - [2026-02-22T17:01:23.411+0000] {dagbag.py:545} INFO - Filling up the DagBag from /home/airflow/.local/lib/python3.12/site-packages/airflow/example_dags/tutorial.py
[2026-02-22T17:01:23.415+0000] {processor.py:840} INFO - DAG(s) 'tutorial' retrieved from /home/airflow/.local/lib/python3.12/site-packages/airflow/example_dags/tutorial.py
[2026-02-22T17:01:23.430+0000] {logging_mixin.py:188} INFO - [2026-02-22T17:01:23.430+0000] {dag.py:3096} INFO - Sync 1 DAGs
[2026-02-22T17:01:23.443+0000] {logging_mixin.py:188} INFO - [2026-02-22T17:01:23.443+0000] {dag.py:3954} INFO - Setting next_dagrun for tutorial to 2026-02-21 00:00:00+00:00, run_after=2026-02-22 00:00:00+00:00
[2026-02-22T17:01:23.458+0000] {processor.py:183} INFO - Processing /home/airflow/.local/lib/python3.12/site-packages/airflow/example_dags/tutorial.py took 0.054 seconds
[2026-02-22T17:01:53.742+0000] {processor.py:161} INFO - Started process (PID=1427) to work on /home/airflow/.local/lib/python3.12/site-packages/airflow/example_dags/tutorial.py
[2026-02-22T17:01:53.743+0000] {processor.py:830} INFO - Processing file /home/airflow/.local/lib/python3.12/site-packages/airflow/example_dags/tutorial.py for tasks to queue
[2026-02-22T17:01:53.745+0000] {logging_mixin.py:188} INFO - [2026-02-22T17:01:53.744+0000] {dagbag.py:545} INFO - Filling up the DagBag from /home/airflow/.local/lib/python3.12/site-packages/airflow/example_dags/tutorial.py
[2026-02-22T17:01:53.749+0000] {processor.py:840} INFO - DAG(s) 'tutorial' retrieved from /home/airflow/.local/lib/python3.12/site-packages/airflow/example_dags/tutorial.py
[2026-02-22T17:01:53.764+0000] {logging_mixin.py:188} INFO - [2026-02-22T17:01:53.763+0000] {dag.py:3096} INFO - Sync 1 DAGs
[2026-02-22T17:01:53.779+0000] {logging_mixin.py:188} INFO - [2026-02-22T17:01:53.779+0000] {dag.py:3954} INFO - Setting next_dagrun for tutorial to 2026-02-21 00:00:00+00:00, run_after=2026-02-22 00:00:00+00:00
[2026-02-22T17:01:53.792+0000] {processor.py:183} INFO - Processing /home/airflow/.local/lib/python3.12/site-packages/airflow/example_dags/tutorial.py took 0.055 seconds
[2026-02-22T17:02:23.887+0000] {processor.py:161} INFO - Started process (PID=1485) to work on /home/airflow/.local/lib/python3.12/site-packages/airflow/example_dags/tutorial.py
[2026-02-22T17:02:23.888+0000] {processor.py:830} INFO - Processing file /home/airflow/.local/lib/python3.12/site-packages/airflow/example_dags/tutorial.py for tasks to queue
[2026-02-22T17:02:23.890+0000] {logging_mixin.py:188} INFO - [2026-02-22T17:02:23.889+0000] {dagbag.py:545} INFO - Filling up the DagBag from /home/airflow/.local/lib/python3.12/site-packages/airflow/example_dags/tutorial.py
[2026-02-22T17:02:23.893+0000] {processor.py:840} INFO - DAG(s) 'tutorial' retrieved from /home/airflow/.local/lib/python3.12/site-packages/airflow/example_dags/tutorial.py
[2026-02-22T17:02:23.907+0000] {logging_mixin.py:188} INFO - [2026-02-22T17:02:23.907+0000] {dag.py:3096} INFO - Sync 1 DAGs
[2026-02-22T17:02:23.920+0000] {logging_mixin.py:188} INFO - [2026-02-22T17:02:23.920+0000] {dag.py:3954} INFO - Setting next_dagrun for tutorial to 2026-02-21 00:00:00+00:00, run_after=2026-02-22 00:00:00+00:00
[2026-02-22T17:02:23.929+0000] {processor.py:183} INFO - Processing /home/airflow/.local/lib/python3.12/site-packages/airflow/example_dags/tutorial.py took 0.046 seconds
[2026-02-22T17:02:54.182+0000] {processor.py:161} INFO - Started process (PID=1544) to work on /home/airflow/.local/lib/python3.12/site-packages/airflow/example_dags/tutorial.py
[2026-02-22T17:02:54.182+0000] {processor.py:830} INFO - Processing file /home/airflow/.local/lib/python3.12/site-packages/airflow/example_dags/tutorial.py for tasks to queue
[2026-02-22T17:02:54.183+0000] {logging_mixin.py:188} INFO - [2026-02-22T17:02:54.183+0000] {dagbag.py:545} INFO - Filling up the DagBag from /home/airflow/.local/lib/python3.12/site-packages/airflow/example_dags/tutorial.py
[2026-02-22T17:02:54.186+0000] {processor.py:840} INFO - DAG(s) 'tutorial' retrieved from /home/airflow/.local/lib/python3.12/site-packages/airflow/example_dags/tutorial.py
[2026-02-22T17:02:54.196+0000] {logging_mixin.py:188} INFO - [2026-02-22T17:02:54.196+0000] {dag.py:3096} INFO - Sync 1 DAGs
[2026-02-22T17:02:54.208+0000] {logging_mixin.py:188} INFO - [2026-02-22T17:02:54.208+0000] {dag.py:3954} INFO - Setting next_dagrun for tutorial to 2026-02-21 00:00:00+00:00, run_after=2026-02-22 00:00:00+00:00
[2026-02-22T17:02:54.219+0000] {processor.py:183} INFO - Processing /home/airflow/.local/lib/python3.12/site-packages/airflow/example_dags/tutorial.py took 0.040 seconds
[2026-02-22T17:03:24.648+0000] {processor.py:161} INFO - Started process (PID=1603) to work on /home/airflow/.local/lib/python3.12/site-packages/airflow/example_dags/tutorial.py
[2026-02-22T17:03:24.649+0000] {processor.py:830} INFO - Processing file /home/airflow/.local/lib/python3.12/site-packages/airflow/example_dags/tutorial.py for tasks to queue
[2026-02-22T17:03:24.651+0000] {logging_mixin.py:188} INFO - [2026-02-22T17:03:24.651+0000] {dagbag.py:545} INFO - Filling up the DagBag from /home/airflow/.local/lib/python3.12/site-packages/airflow/example_dags/tutorial.py
[2026-02-22T17:03:24.657+0000] {processor.py:840} INFO - DAG(s) 'tutorial' retrieved from /home/airflow/.local/lib/python3.12/site-packages/airflow/example_dags/tutorial.py
[2026-02-22T17:03:24.676+0000] {logging_mixin.py:188} INFO - [2026-02-22T17:03:24.676+0000] {dag.py:3096} INFO - Sync 1 DAGs
[2026-02-22T17:03:24.696+0000] {logging_mixin.py:188} INFO - [2026-02-22T17:03:24.696+0000] {dag.py:3954} INFO - Setting next_dagrun for tutorial to 2026-02-21 00:00:00+00:00, run_after=2026-02-22 00:00:00+00:00
[2026-02-22T17:03:24.714+0000] {processor.py:183} INFO - Processing /home/airflow/.local/lib/python3.12/site-packages/airflow/example_dags/tutorial.py took 0.070 seconds
[2026-02-22T17:03:55.720+0000] {processor.py:161} INFO - Started process (PID=1662) to work on /home/airflow/.local/lib/python3.12/site-packages/airflow/example_dags/tutorial.py
[2026-02-22T17:03:55.722+0000] {processor.py:830} INFO - Processing file /home/airflow/.local/lib/python3.12/site-packages/airflow/example_dags/tutorial.py for tasks to queue
[2026-02-22T17:03:55.724+0000] {logging_mixin.py:188} INFO - [2026-02-22T17:03:55.724+0000] {dagbag.py:545} INFO - Filling up the DagBag from /home/airflow/.local/lib/python3.12/site-packages/airflow/example_dags/tutorial.py
[2026-02-22T17:03:55.728+0000] {processor.py:840} INFO - DAG(s) 'tutorial' retrieved from /home/airflow/.local/lib/python3.12/site-packages/airflow/example_dags/tutorial.py
[2026-02-22T17:03:55.743+0000] {logging_mixin.py:188} INFO - [2026-02-22T17:03:55.743+0000] {dag.py:3096} INFO - Sync 1 DAGs
[2026-02-22T17:03:55.759+0000] {logging_mixin.py:188} INFO - [2026-02-22T17:03:55.759+0000] {dag.py:3954} INFO - Setting next_dagrun for tutorial to 2026-02-21 00:00:00+00:00, run_after=2026-02-22 00:00:00+00:00
[2026-02-22T17:03:55.777+0000] {processor.py:183} INFO - Processing /home/airflow/.local/lib/python3.12/site-packages/airflow/example_dags/tutorial.py took 0.061 seconds
[2026-02-22T17:04:26.947+0000] {processor.py:161} INFO - Started process (PID=1722) to work on /home/airflow/.local/lib/python3.12/site-packages/airflow/example_dags/tutorial.py
[2026-02-22T17:04:26.948+0000] {processor.py:830} INFO - Processing file /home/airflow/.local/lib/python3.12/site-packages/airflow/example_dags/tutorial.py for tasks to queue
[2026-02-22T17:04:26.949+0000] {logging_mixin.py:188} INFO - [2026-02-22T17:04:26.949+0000] {dagbag.py:545} INFO - Filling up the DagBag from /home/airflow/.local/lib/python3.12/site-packages/airflow/example_dags/tutorial.py
[2026-02-22T17:04:26.954+0000] {processor.py:840} INFO - DAG(s) 'tutorial' retrieved from /home/airflow/.local/lib/python3.12/site-packages/airflow/example_dags/tutorial.py
[2026-02-22T17:04:26.966+0000] {logging_mixin.py:188} INFO - [2026-02-22T17:04:26.966+0000] {dag.py:3096} INFO - Sync 1 DAGs
[2026-02-22T17:04:26.982+0000] {logging_mixin.py:188} INFO - [2026-02-22T17:04:26.982+0000] {dag.py:3954} INFO - Setting next_dagrun for tutorial to 2026-02-21 00:00:00+00:00, run_after=2026-02-22 00:00:00+00:00
[2026-02-22T17:04:26.995+0000] {processor.py:183} INFO - Processing /home/airflow/.local/lib/python3.12/site-packages/airflow/example_dags/tutorial.py took 0.051 seconds
[2026-02-22T17:04:57.560+0000] {processor.py:161} INFO - Started process (PID=1781) to work on /home/airflow/.local/lib/python3.12/site-packages/airflow/example_dags/tutorial.py
[2026-02-22T17:04:57.562+0000] {processor.py:830} INFO - Processing file /home/airflow/.local/lib/python3.12/site-packages/airflow/example_dags/tutorial.py for tasks to queue
[2026-02-22T17:04:57.564+0000] {logging_mixin.py:188} INFO - [2026-02-22T17:04:57.564+0000] {dagbag.py:545} INFO - Filling up the DagBag from /home/airflow/.local/lib/python3.12/site-packages/airflow/example_dags/tutorial.py
[2026-02-22T17:04:57.570+0000] {processor.py:840} INFO - DAG(s) 'tutorial' retrieved from /home/airflow/.local/lib/python3.12/site-packages/airflow/example_dags/tutorial.py
[2026-02-22T17:04:57.587+0000] {logging_mixin.py:188} INFO - [2026-02-22T17:04:57.587+0000] {dag.py:3096} INFO - Sync 1 DAGs
[2026-02-22T17:04:57.607+0000] {logging_mixin.py:188} INFO - [2026-02-22T17:04:57.607+0000] {dag.py:3954} INFO - Setting next_dagrun for tutorial to 2026-02-21 00:00:00+00:00, run_after=2026-02-22 00:00:00+00:00
[2026-02-22T17:04:57.630+0000] {processor.py:183} INFO - Processing /home/airflow/.local/lib/python3.12/site-packages/airflow/example_dags/tutorial.py took 0.076 seconds
[2026-02-22T17:05:28.050+0000] {processor.py:161} INFO - Started process (PID=1840) to work on /home/airflow/.local/lib/python3.12/site-packages/airflow/example_dags/tutorial.py
[2026-02-22T17:05:28.051+0000] {processor.py:830} INFO - Processing file /home/airflow/.local/lib/python3.12/site-packages/airflow/example_dags/tutorial.py for tasks to queue
[2026-02-22T17:05:28.052+0000] {logging_mixin.py:188} INFO - [2026-02-22T17:05:28.052+0000] {dagbag.py:545} INFO - Filling up the DagBag from /home/airflow/.local/lib/python3.12/site-packages/airflow/example_dags/tutorial.py
[2026-02-22T17:05:28.055+0000] {processor.py:840} INFO - DAG(s) 'tutorial' retrieved from /home/airflow/.local/lib/python3.12/site-packages/airflow/example_dags/tutorial.py
[2026-02-22T17:05:28.066+0000] {logging_mixin.py:188} INFO - [2026-02-22T17:05:28.066+0000] {dag.py:3096} INFO - Sync 1 DAGs
[2026-02-22T17:05:28.080+0000] {logging_mixin.py:188} INFO - [2026-02-22T17:05:28.080+0000] {dag.py:3954} INFO - Setting next_dagrun for tutorial to 2026-02-21 00:00:00+00:00, run_after=2026-02-22 00:00:00+00:00
[2026-02-22T17:05:28.095+0000] {processor.py:183} INFO - Processing /home/airflow/.local/lib/python3.12/site-packages/airflow/example_dags/tutorial.py took 0.049 seconds
[2026-02-22T17:05:59.715+0000] {processor.py:161} INFO - Started process (PID=1899) to work on /home/airflow/.local/lib/python3.12/site-packages/airflow/example_dags/tutorial.py
[2026-02-22T17:05:59.718+0000] {processor.py:830} INFO - Processing file /home/airflow/.local/lib/python3.12/site-packages/airflow/example_dags/tutorial.py for tasks to queue
[2026-02-22T17:05:59.720+0000] {logging_mixin.py:188} INFO - [2026-02-22T17:05:59.720+0000] {dagbag.py:545} INFO - Filling up the DagBag from /home/airflow/.local/lib/python3.12/site-packages/airflow/example_dags/tutorial.py
[2026-02-22T17:05:59.727+0000] {processor.py:840} INFO - DAG(s) 'tutorial' retrieved from /home/airflow/.local/lib/python3.12/site-packages/airflow/example_dags/tutorial.py
[2026-02-22T17:05:59.754+0000] {logging_mixin.py:188} INFO - [2026-02-22T17:05:59.753+0000] {dag.py:3096} INFO - Sync 1 DAGs
[2026-02-22T17:05:59.785+0000] {logging_mixin.py:188} INFO - [2026-02-22T17:05:59.785+0000] {dag.py:3954} INFO - Setting next_dagrun for tutorial to 2026-02-21 00:00:00+00:00, run_after=2026-02-22 00:00:00+00:00
[2026-02-22T17:06:00.006+0000] {processor.py:183} INFO - Processing /home/airflow/.local/lib/python3.12/site-packages/airflow/example_dags/tutorial.py took 0.298 seconds
[2026-02-22T17:06:30.509+0000] {processor.py:161} INFO - Started process (PID=1958) to work on /home/airflow/.local/lib/python3.12/site-packages/airflow/example_dags/tutorial.py
[2026-02-22T17:06:30.510+0000] {processor.py:830} INFO - Processing file /home/airflow/.local/lib/python3.12/site-packages/airflow/example_dags/tutorial.py for tasks to queue
[2026-02-22T17:06:30.512+0000] {logging_mixin.py:188} INFO - [2026-02-22T17:06:30.511+0000] {dagbag.py:545} INFO - Filling up the DagBag from /home/airflow/.local/lib/python3.12/site-packages/airflow/example_dags/tutorial.py
[2026-02-22T17:06:30.517+0000] {processor.py:840} INFO - DAG(s) 'tutorial' retrieved from /home/airflow/.local/lib/python3.12/site-packages/airflow/example_dags/tutorial.py
[2026-02-22T17:06:30.541+0000] {logging_mixin.py:188} INFO - [2026-02-22T17:06:30.541+0000] {dag.py:3096} INFO - Sync 1 DAGs
[2026-02-22T17:06:30.562+0000] {logging_mixin.py:188} INFO - [2026-02-22T17:06:30.562+0000] {dag.py:3954} INFO - Setting next_dagrun for tutorial to 2026-02-21 00:00:00+00:00, run_after=2026-02-22 00:00:00+00:00
[2026-02-22T17:06:30.580+0000] {processor.py:183} INFO - Processing /home/airflow/.local/lib/python3.12/site-packages/airflow/example_dags/tutorial.py took 0.079 seconds
[2026-02-22T17:07:00.699+0000] {processor.py:161} INFO - Started process (PID=2016) to work on /home/airflow/.local/lib/python3.12/site-packages/airflow/example_dags/tutorial.py
[2026-02-22T17:07:00.700+0000] {processor.py:830} INFO - Processing file /home/airflow/.local/lib/python3.12/site-packages/airflow/example_dags/tutorial.py for tasks to queue
[2026-02-22T17:07:00.703+0000] {logging_mixin.py:188} INFO - [2026-02-22T17:07:00.702+0000] {dagbag.py:545} INFO - Filling up the DagBag from /home/airflow/.local/lib/python3.12/site-packages/airflow/example_dags/tutorial.py
[2026-02-22T17:07:00.710+0000] {processor.py:840} INFO - DAG(s) 'tutorial' retrieved from /home/airflow/.local/lib/python3.12/site-packages/airflow/example_dags/tutorial.py
[2026-02-22T17:07:00.737+0000] {logging_mixin.py:188} INFO - [2026-02-22T17:07:00.736+0000] {dag.py:3096} INFO - Sync 1 DAGs
[2026-02-22T17:07:00.772+0000] {logging_mixin.py:188} INFO - [2026-02-22T17:07:00.772+0000] {dag.py:3954} INFO - Setting next_dagrun for tutorial to 2026-02-21 00:00:00+00:00, run_after=2026-02-22 00:00:00+00:00
[2026-02-22T17:07:00.801+0000] {processor.py:183} INFO - Processing /home/airflow/.local/lib/python3.12/site-packages/airflow/example_dags/tutorial.py took 0.110 seconds
[2026-02-22T17:07:31.173+0000] {processor.py:161} INFO - Started process (PID=2075) to work on /home/airflow/.local/lib/python3.12/site-packages/airflow/example_dags/tutorial.py
[2026-02-22T17:07:31.174+0000] {processor.py:830} INFO - Processing file /home/airflow/.local/lib/python3.12/site-packages/airflow/example_dags/tutorial.py for tasks to queue
[2026-02-22T17:07:31.178+0000] {logging_mixin.py:188} INFO - [2026-02-22T17:07:31.177+0000] {dagbag.py:545} INFO - Filling up the DagBag from /home/airflow/.local/lib/python3.12/site-packages/airflow/example_dags/tutorial.py
[2026-02-22T17:07:31.186+0000] {processor.py:840} INFO - DAG(s) 'tutorial' retrieved from /home/airflow/.local/lib/python3.12/site-packages/airflow/example_dags/tutorial.py
[2026-02-22T17:07:31.207+0000] {logging_mixin.py:188} INFO - [2026-02-22T17:07:31.206+0000] {dag.py:3096} INFO - Sync 1 DAGs
[2026-02-22T17:07:31.232+0000] {logging_mixin.py:188} INFO - [2026-02-22T17:07:31.232+0000] {dag.py:3954} INFO - Setting next_dagrun for tutorial to 2026-02-21 00:00:00+00:00, run_after=2026-02-22 00:00:00+00:00
[2026-02-22T17:07:31.250+0000] {processor.py:183} INFO - Processing /home/airflow/.local/lib/python3.12/site-packages/airflow/example_dags/tutorial.py took 0.084 seconds
[2026-02-22T17:08:01.503+0000] {processor.py:161} INFO - Started process (PID=2134) to work on /home/airflow/.local/lib/python3.12/site-packages/airflow/example_dags/tutorial.py
[2026-02-22T17:08:01.504+0000] {processor.py:830} INFO - Processing file /home/airflow/.local/lib/python3.12/site-packages/airflow/example_dags/tutorial.py for tasks to queue
[2026-02-22T17:08:01.507+0000] {logging_mixin.py:188} INFO - [2026-02-22T17:08:01.506+0000] {dagbag.py:545} INFO - Filling up the DagBag from /home/airflow/.local/lib/python3.12/site-packages/airflow/example_dags/tutorial.py
[2026-02-22T17:08:01.515+0000] {processor.py:840} INFO - DAG(s) 'tutorial' retrieved from /home/airflow/.local/lib/python3.12/site-packages/airflow/example_dags/tutorial.py
[2026-02-22T17:08:01.533+0000] {logging_mixin.py:188} INFO - [2026-02-22T17:08:01.532+0000] {dag.py:3096} INFO - Sync 1 DAGs
[2026-02-22T17:08:01.550+0000] {logging_mixin.py:188} INFO - [2026-02-22T17:08:01.549+0000] {dag.py:3954} INFO - Setting next_dagrun for tutorial to 2026-02-21 00:00:00+00:00, run_after=2026-02-22 00:00:00+00:00
[2026-02-22T17:08:01.563+0000] {processor.py:183} INFO - Processing /home/airflow/.local/lib/python3.12/site-packages/airflow/example_dags/tutorial.py took 0.066 seconds
[2026-02-22T17:08:31.667+0000] {processor.py:161} INFO - Started process (PID=2193) to work on /home/airflow/.local/lib/python3.12/site-packages/airflow/example_dags/tutorial.py
[2026-02-22T17:08:31.668+0000] {processor.py:830} INFO - Processing file /home/airflow/.local/lib/python3.12/site-packages/airflow/example_dags/tutorial.py for tasks to queue
[2026-02-22T17:08:31.670+0000] {logging_mixin.py:188} INFO - [2026-02-22T17:08:31.670+0000] {dagbag.py:545} INFO - Filling up the DagBag from /home/airflow/.local/lib/python3.12/site-packages/airflow/example_dags/tutorial.py
[2026-02-22T17:08:31.674+0000] {processor.py:840} INFO - DAG(s) 'tutorial' retrieved from /home/airflow/.local/lib/python3.12/site-packages/airflow/example_dags/tutorial.py
[2026-02-22T17:08:31.691+0000] {logging_mixin.py:188} INFO - [2026-02-22T17:08:31.690+0000] {dag.py:3096} INFO - Sync 1 DAGs
[2026-02-22T17:08:31.710+0000] {logging_mixin.py:188} INFO - [2026-02-22T17:08:31.710+0000] {dag.py:3954} INFO - Setting next_dagrun for tutorial to 2026-02-21 00:00:00+00:00, run_after=2026-02-22 00:00:00+00:00
[2026-02-22T17:08:31.726+0000] {processor.py:183} INFO - Processing /home/airflow/.local/lib/python3.12/site-packages/airflow/example_dags/tutorial.py took 0.064 seconds
[2026-02-22T17:09:01.789+0000] {processor.py:161} INFO - Started process (PID=2252) to work on /home/airflow/.local/lib/python3.12/site-packages/airflow/example_dags/tutorial.py
[2026-02-22T17:09:01.790+0000] {processor.py:830} INFO - Processing file /home/airflow/.local/lib/python3.12/site-packages/airflow/example_dags/tutorial.py for tasks to queue
[2026-02-22T17:09:01.793+0000] {logging_mixin.py:188} INFO - [2026-02-22T17:09:01.792+0000] {dagbag.py:545} INFO - Filling up the DagBag from /home/airflow/.local/lib/python3.12/site-packages/airflow/example_dags/tutorial.py
[2026-02-22T17:09:01.799+0000] {processor.py:840} INFO - DAG(s) 'tutorial' retrieved from /home/airflow/.local/lib/python3.12/site-packages/airflow/example_dags/tutorial.py
[2026-02-22T17:09:01.819+0000] {logging_mixin.py:188} INFO - [2026-02-22T17:09:01.818+0000] {dag.py:3096} INFO - Sync 1 DAGs
[2026-02-22T17:09:01.835+0000] {logging_mixin.py:188} INFO - [2026-02-22T17:09:01.835+0000] {dag.py:3954} INFO - Setting next_dagrun for tutorial to 2026-02-21 00:00:00+00:00, run_after=2026-02-22 00:00:00+00:00
[2026-02-22T17:09:01.849+0000] {processor.py:183} INFO - Processing /home/airflow/.local/lib/python3.12/site-packages/airflow/example_dags/tutorial.py took 0.065 seconds
[2026-02-22T17:09:39.740+0000] {processor.py:161} INFO - Started process (PID=2316) to work on /home/airflow/.local/lib/python3.12/site-packages/airflow/example_dags/tutorial.py
[2026-02-22T17:09:39.744+0000] {processor.py:830} INFO - Processing file /home/airflow/.local/lib/python3.12/site-packages/airflow/example_dags/tutorial.py for tasks to queue
[2026-02-22T17:09:39.747+0000] {logging_mixin.py:188} INFO - [2026-02-22T17:09:39.747+0000] {dagbag.py:545} INFO - Filling up the DagBag from /home/airflow/.local/lib/python3.12/site-packages/airflow/example_dags/tutorial.py
[2026-02-22T17:09:39.760+0000] {processor.py:840} INFO - DAG(s) 'tutorial' retrieved from /home/airflow/.local/lib/python3.12/site-packages/airflow/example_dags/tutorial.py
[2026-02-22T17:09:39.804+0000] {logging_mixin.py:188} INFO - [2026-02-22T17:09:39.803+0000] {dag.py:3096} INFO - Sync 1 DAGs
[2026-02-22T17:09:39.845+0000] {logging_mixin.py:188} INFO - [2026-02-22T17:09:39.845+0000] {dag.py:3954} INFO - Setting next_dagrun for tutorial to 2026-02-21 00:00:00+00:00, run_after=2026-02-22 00:00:00+00:00
[2026-02-22T17:09:39.880+0000] {processor.py:183} INFO - Processing /home/airflow/.local/lib/python3.12/site-packages/airflow/example_dags/tutorial.py took 0.150 seconds
[2026-02-22T17:10:10.524+0000] {processor.py:161} INFO - Started process (PID=2375) to work on /home/airflow/.local/lib/python3.12/site-packages/airflow/example_dags/tutorial.py
[2026-02-22T17:10:10.529+0000] {processor.py:830} INFO - Processing file /home/airflow/.local/lib/python3.12/site-packages/airflow/example_dags/tutorial.py for tasks to queue
[2026-02-22T17:10:10.533+0000] {logging_mixin.py:188} INFO - [2026-02-22T17:10:10.533+0000] {dagbag.py:545} INFO - Filling up the DagBag from /home/airflow/.local/lib/python3.12/site-packages/airflow/example_dags/tutorial.py
[2026-02-22T17:10:10.544+0000] {processor.py:840} INFO - DAG(s) 'tutorial' retrieved from /home/airflow/.local/lib/python3.12/site-packages/airflow/example_dags/tutorial.py
[2026-02-22T17:10:10.577+0000] {logging_mixin.py:188} INFO - [2026-02-22T17:10:10.576+0000] {dag.py:3096} INFO - Sync 1 DAGs
[2026-02-22T17:10:10.598+0000] {logging_mixin.py:188} INFO - [2026-02-22T17:10:10.598+0000] {dag.py:3954} INFO - Setting next_dagrun for tutorial to 2026-02-21 00:00:00+00:00, run_after=2026-02-22 00:00:00+00:00
[2026-02-22T17:10:10.627+0000] {processor.py:183} INFO - Processing /home/airflow/.local/lib/python3.12/site-packages/airflow/example_dags/tutorial.py took 0.110 seconds
[2026-02-22T17:10:41.591+0000] {processor.py:161} INFO - Started process (PID=2434) to work on /home/airflow/.local/lib/python3.12/site-packages/airflow/example_dags/tutorial.py
[2026-02-22T17:10:41.592+0000] {processor.py:830} INFO - Processing file /home/airflow/.local/lib/python3.12/site-packages/airflow/example_dags/tutorial.py for tasks to queue
[2026-02-22T17:10:41.595+0000] {logging_mixin.py:188} INFO - [2026-02-22T17:10:41.595+0000] {dagbag.py:545} INFO - Filling up the DagBag from /home/airflow/.local/lib/python3.12/site-packages/airflow/example_dags/tutorial.py
[2026-02-22T17:10:41.599+0000] {processor.py:840} INFO - DAG(s) 'tutorial' retrieved from /home/airflow/.local/lib/python3.12/site-packages/airflow/example_dags/tutorial.py
[2026-02-22T17:10:41.612+0000] {logging_mixin.py:188} INFO - [2026-02-22T17:10:41.612+0000] {dag.py:3096} INFO - Sync 1 DAGs
[2026-02-22T17:10:41.627+0000] {logging_mixin.py:188} INFO - [2026-02-22T17:10:41.627+0000] {dag.py:3954} INFO - Setting next_dagrun for tutorial to 2026-02-21 00:00:00+00:00, run_after=2026-02-22 00:00:00+00:00
[2026-02-22T17:10:41.646+0000] {processor.py:183} INFO - Processing /home/airflow/.local/lib/python3.12/site-packages/airflow/example_dags/tutorial.py took 0.059 seconds
